2021-04-26 00:02:45 INFO     All arguments used for this run
    Namespace(arch='custom', batch_size=170, data='/home/dataset/ILSVRC/Data/CLS-LOC', dist_backend='nccl', dist_url='tcp://224.66.41.62:23456', epochs=90, evaluate=False, gpu=None, img=256, jitter_val=[], keep_logs=True, lr=0.1, momentum=0.9, multiprocessing_distributed=False, normalize=True, pretrained=False, print_freq=500, rank=-1, resume='', seed=None, start_epoch=0, weight_decay=0.0005, workers=4, world_size=-1)
    
2021-04-26 00:02:45 INFO     => using custom model
2021-04-26 00:02:47 INFO     Model Config: ** Changed to kernel size of 5 **
    VGG(
  (features): Sequential(
    (0): Conv2d(3, 64, kernel_size=(5, 5), stride=(1, 1), padding=(1, 1))
    (1): ReLU(inplace=True)
    (2): MaxPool2d(kernel_size=2, stride=2, padding=0, dilation=1, ceil_mode=False)
    (3): Conv2d(64, 128, kernel_size=(5, 5), stride=(1, 1), padding=(1, 1))
    (4): ReLU(inplace=True)
    (5): MaxPool2d(kernel_size=2, stride=2, padding=0, dilation=1, ceil_mode=False)
    (6): Conv2d(128, 256, kernel_size=(5, 5), stride=(1, 1), padding=(1, 1))
    (7): ReLU(inplace=True)
    (8): Conv2d(256, 256, kernel_size=(5, 5), stride=(1, 1), padding=(1, 1))
    (9): ReLU(inplace=True)
    (10): MaxPool2d(kernel_size=2, stride=2, padding=0, dilation=1, ceil_mode=False)
    (11): Conv2d(256, 512, kernel_size=(5, 5), stride=(1, 1), padding=(1, 1))
    (12): ReLU(inplace=True)
    (13): Conv2d(512, 512, kernel_size=(5, 5), stride=(1, 1), padding=(1, 1))
    (14): ReLU(inplace=True)
    (15): MaxPool2d(kernel_size=2, stride=2, padding=0, dilation=1, ceil_mode=False)
    (16): Conv2d(512, 512, kernel_size=(5, 5), stride=(1, 1), padding=(1, 1))
    (17): ReLU(inplace=True)
    (18): Conv2d(512, 512, kernel_size=(5, 5), stride=(1, 1), padding=(1, 1))
    (19): ReLU(inplace=True)
    (20): MaxPool2d(kernel_size=2, stride=2, padding=0, dilation=1, ceil_mode=False)
  )
  (avgpool): AdaptiveAvgPool2d(output_size=(7, 7))
  (classifier): Sequential(
    (0): Linear(in_features=25088, out_features=4096, bias=True)
    (1): ReLU(inplace=True)
    (2): Dropout(p=0.5, inplace=False)
    (3): Linear(in_features=4096, out_features=4096, bias=True)
    (4): ReLU(inplace=True)
    (5): Dropout(p=0.5, inplace=False)
    (6): Linear(in_features=4096, out_features=1000, bias=True)
  )
)
    
2021-04-26 00:03:13 INFO     Epoch: [0][   0/7537]	Time 17.451 (17.451)	Data  2.701 ( 2.701)	Loss 6.9165e+00 (6.9165e+00)	Acc@1   0.00 (  0.00)	Acc@5   1.18 (  1.18)
2021-04-26 00:13:06 INFO     Epoch: [0][ 500/7537]	Time  1.180 ( 1.217)	Data  0.000 ( 0.006)	Loss 6.9163e+00 (6.9074e+00)	Acc@1   0.00 (  0.10)	Acc@5   0.00 (  0.55)
2021-04-26 00:22:56 INFO     Epoch: [0][1000/7537]	Time  1.179 ( 1.199)	Data  0.000 ( 0.004)	Loss 6.9028e+00 (6.9077e+00)	Acc@1   0.00 (  0.11)	Acc@5   0.00 (  0.52)
2021-04-26 00:32:47 INFO     Epoch: [0][1500/7537]	Time  1.182 ( 1.193)	Data  0.000 ( 0.003)	Loss 6.9144e+00 (6.9078e+00)	Acc@1   0.00 (  0.11)	Acc@5   0.00 (  0.51)
2021-04-26 00:42:38 INFO     Epoch: [0][2000/7537]	Time  1.180 ( 1.190)	Data  0.000 ( 0.003)	Loss 6.9107e+00 (6.9078e+00)	Acc@1   0.59 (  0.11)	Acc@5   0.59 (  0.51)
2021-04-26 00:52:28 INFO     Epoch: [0][2500/7537]	Time  1.179 ( 1.188)	Data  0.000 ( 0.003)	Loss 6.9046e+00 (6.9077e+00)	Acc@1   0.00 (  0.10)	Acc@5   1.76 (  0.50)
2021-04-26 01:02:19 INFO     Epoch: [0][3000/7537]	Time  1.181 ( 1.187)	Data  0.000 ( 0.003)	Loss 6.9100e+00 (6.9077e+00)	Acc@1   0.00 (  0.10)	Acc@5   0.00 (  0.49)
2021-04-26 01:12:09 INFO     Epoch: [0][3500/7537]	Time  1.180 ( 1.186)	Data  0.000 ( 0.003)	Loss 6.9071e+00 (6.9077e+00)	Acc@1   0.00 (  0.10)	Acc@5   0.59 (  0.49)
2021-04-26 01:22:00 INFO     Epoch: [0][4000/7537]	Time  1.180 ( 1.186)	Data  0.000 ( 0.002)	Loss 6.9065e+00 (6.9078e+00)	Acc@1   0.00 (  0.10)	Acc@5   0.00 (  0.49)
2021-04-26 01:31:51 INFO     Epoch: [0][4500/7537]	Time  1.182 ( 1.185)	Data  0.000 ( 0.002)	Loss 6.9148e+00 (6.9077e+00)	Acc@1   0.00 (  0.10)	Acc@5   0.00 (  0.49)
2021-04-26 01:41:41 INFO     Epoch: [0][5000/7537]	Time  1.182 ( 1.185)	Data  0.000 ( 0.002)	Loss 6.9148e+00 (6.9077e+00)	Acc@1   0.00 (  0.10)	Acc@5   0.00 (  0.49)
2021-04-26 01:51:32 INFO     Epoch: [0][5500/7537]	Time  1.180 ( 1.185)	Data  0.000 ( 0.002)	Loss 6.9157e+00 (6.9077e+00)	Acc@1   0.00 (  0.10)	Acc@5   0.59 (  0.49)
2021-04-26 02:01:23 INFO     Epoch: [0][6000/7537]	Time  1.181 ( 1.184)	Data  0.000 ( 0.002)	Loss 6.9081e+00 (6.9077e+00)	Acc@1   1.18 (  0.10)	Acc@5   2.35 (  0.49)
2021-04-26 02:11:14 INFO     Epoch: [0][6500/7537]	Time  1.181 ( 1.184)	Data  0.000 ( 0.002)	Loss 6.9094e+00 (6.9077e+00)	Acc@1   0.59 (  0.10)	Acc@5   1.18 (  0.49)
2021-04-26 02:21:04 INFO     Epoch: [0][7000/7537]	Time  1.181 ( 1.184)	Data  0.000 ( 0.002)	Loss 6.9038e+00 (6.9077e+00)	Acc@1   0.00 (  0.10)	Acc@5   0.00 (  0.49)
2021-04-26 02:30:55 INFO     Epoch: [0][7500/7537]	Time  1.179 ( 1.184)	Data  0.000 ( 0.002)	Loss 6.9107e+00 (6.9077e+00)	Acc@1   0.00 (  0.10)	Acc@5   0.00 (  0.49)
/opt/conda/lib/python3.7/site-packages/PIL/TiffImagePlugin.py:793: UserWarning: Corrupt EXIF data.  Expecting to read 4 bytes but only got 0. 
  warnings.warn(str(msg))
2021-04-26 02:31:45 INFO     Test: [  0/295]	Time  3.375 ( 3.375)	Loss 6.9096e+00 (6.9096e+00)	Acc@1   0.00 (  0.00)	Acc@5   0.00 (  0.00)
2021-04-26 02:35:20 INFO      * Acc@1 0.100 Acc@5 0.500
2021-04-26 02:35:29 INFO     Epoch: [1][   0/7537]	Time  3.369 ( 3.369)	Data  2.960 ( 2.960)	Loss 6.9105e+00 (6.9105e+00)	Acc@1   0.00 (  0.00)	Acc@5   1.18 (  1.18)
2021-04-26 02:45:20 INFO     Epoch: [1][ 500/7537]	Time  1.181 ( 1.186)	Data  0.000 ( 0.008)	Loss 6.9109e+00 (6.9074e+00)	Acc@1   0.00 (  0.09)	Acc@5   1.76 (  0.48)
2021-04-26 02:55:10 INFO     Epoch: [1][1000/7537]	Time  1.184 ( 1.184)	Data  0.000 ( 0.005)	Loss 6.9089e+00 (6.9073e+00)	Acc@1   0.00 (  0.09)	Acc@5   0.59 (  0.50)
2021-04-26 03:05:01 INFO     Epoch: [1][1500/7537]	Time  1.180 ( 1.183)	Data  0.000 ( 0.004)	Loss 6.9077e+00 (6.9075e+00)	Acc@1   0.00 (  0.10)	Acc@5   0.00 (  0.50)
2021-04-26 03:14:52 INFO     Epoch: [1][2000/7537]	Time  1.181 ( 1.182)	Data  0.000 ( 0.003)	Loss 6.9134e+00 (6.9075e+00)	Acc@1   0.00 (  0.10)	Acc@5   0.59 (  0.50)
2021-04-26 03:24:42 INFO     Epoch: [1][2500/7537]	Time  1.181 ( 1.182)	Data  0.000 ( 0.003)	Loss 6.9100e+00 (6.9076e+00)	Acc@1   0.00 (  0.10)	Acc@5   0.00 (  0.50)
2021-04-26 03:34:33 INFO     Epoch: [1][3000/7537]	Time  1.181 ( 1.182)	Data  0.000 ( 0.003)	Loss 6.9060e+00 (6.9076e+00)	Acc@1   0.00 (  0.10)	Acc@5   0.00 (  0.49)
2021-04-26 03:44:24 INFO     Epoch: [1][3500/7537]	Time  1.181 ( 1.182)	Data  0.000 ( 0.003)	Loss 6.9060e+00 (6.9076e+00)	Acc@1   0.00 (  0.10)	Acc@5   0.59 (  0.50)
2021-04-26 03:54:15 INFO     Epoch: [1][4000/7537]	Time  1.180 ( 1.182)	Data  0.000 ( 0.003)	Loss 6.9065e+00 (6.9076e+00)	Acc@1   0.59 (  0.10)	Acc@5   0.59 (  0.49)
2021-04-26 04:04:05 INFO     Epoch: [1][4500/7537]	Time  1.181 ( 1.182)	Data  0.000 ( 0.003)	Loss 6.9096e+00 (6.9076e+00)	Acc@1   0.59 (  0.10)	Acc@5   0.59 (  0.49)
2021-04-26 04:13:56 INFO     Epoch: [1][5000/7537]	Time  1.181 ( 1.182)	Data  0.000 ( 0.003)	Loss 6.8998e+00 (6.9076e+00)	Acc@1   0.00 (  0.10)	Acc@5   0.00 (  0.50)
2021-04-26 04:23:47 INFO     Epoch: [1][5500/7537]	Time  1.183 ( 1.182)	Data  0.000 ( 0.003)	Loss 6.9089e+00 (6.9076e+00)	Acc@1   0.00 (  0.10)	Acc@5   0.00 (  0.50)
2021-04-26 04:33:38 INFO     Epoch: [1][6000/7537]	Time  1.180 ( 1.182)	Data  0.000 ( 0.003)	Loss 6.9086e+00 (6.9076e+00)	Acc@1   0.00 (  0.10)	Acc@5   0.00 (  0.50)
2021-04-26 04:43:28 INFO     Epoch: [1][6500/7537]	Time  1.181 ( 1.182)	Data  0.000 ( 0.002)	Loss 6.9028e+00 (6.9076e+00)	Acc@1   0.00 (  0.10)	Acc@5   0.00 (  0.50)
2021-04-26 04:53:19 INFO     Epoch: [1][7000/7537]	Time  1.180 ( 1.182)	Data  0.000 ( 0.002)	Loss 6.9059e+00 (6.9076e+00)	Acc@1   0.00 (  0.10)	Acc@5   0.59 (  0.50)
2021-04-26 05:03:10 INFO     Epoch: [1][7500/7537]	Time  1.180 ( 1.182)	Data  0.000 ( 0.002)	Loss 6.9025e+00 (6.9076e+00)	Acc@1   0.59 (  0.10)	Acc@5   1.18 (  0.50)
/opt/conda/lib/python3.7/site-packages/PIL/TiffImagePlugin.py:793: UserWarning: Corrupt EXIF data.  Expecting to read 4 bytes but only got 0. 
  warnings.warn(str(msg))
2021-04-26 05:03:54 INFO     Test: [  0/295]	Time  3.227 ( 3.227)	Loss 6.9099e+00 (6.9099e+00)	Acc@1   0.00 (  0.00)	Acc@5   0.00 (  0.00)
2021-04-26 05:07:21 INFO      * Acc@1 0.100 Acc@5 0.500
2021-04-26 05:07:31 INFO     Epoch: [2][   0/7537]	Time  2.845 ( 2.845)	Data  2.534 ( 2.534)	Loss 6.9033e+00 (6.9033e+00)	Acc@1   0.00 (  0.00)	Acc@5   0.59 (  0.59)
2021-04-26 05:17:22 INFO     Epoch: [2][ 500/7537]	Time  1.180 ( 1.185)	Data  0.000 ( 0.007)	Loss 6.9018e+00 (6.9074e+00)	Acc@1   0.00 (  0.11)	Acc@5   0.59 (  0.47)
2021-04-26 05:27:13 INFO     Epoch: [2][1000/7537]	Time  1.180 ( 1.183)	Data  0.000 ( 0.005)	Loss 6.9082e+00 (6.9074e+00)	Acc@1   0.00 (  0.10)	Acc@5   0.59 (  0.46)
2021-04-26 05:37:03 INFO     Epoch: [2][1500/7537]	Time  1.180 ( 1.183)	Data  0.000 ( 0.004)	Loss 6.9098e+00 (6.9074e+00)	Acc@1   0.00 (  0.10)	Acc@5   0.59 (  0.47)
2021-04-26 05:46:54 INFO     Epoch: [2][2000/7537]	Time  1.180 ( 1.182)	Data  0.000 ( 0.003)	Loss 6.8968e+00 (6.9076e+00)	Acc@1   0.59 (  0.10)	Acc@5   1.18 (  0.48)
2021-04-26 05:56:45 INFO     Epoch: [2][2500/7537]	Time  1.180 ( 1.182)	Data  0.000 ( 0.003)	Loss 6.9041e+00 (6.9075e+00)	Acc@1   0.00 (  0.09)	Acc@5   1.18 (  0.47)
2021-04-26 06:06:35 INFO     Epoch: [2][3000/7537]	Time  1.181 ( 1.182)	Data  0.000 ( 0.003)	Loss 6.9127e+00 (6.9076e+00)	Acc@1   0.00 (  0.09)	Acc@5   0.00 (  0.47)
2021-04-26 06:16:26 INFO     Epoch: [2][3500/7537]	Time  1.180 ( 1.182)	Data  0.000 ( 0.003)	Loss 6.9123e+00 (6.9076e+00)	Acc@1   0.00 (  0.10)	Acc@5   0.00 (  0.47)
2021-04-26 06:26:17 INFO     Epoch: [2][4000/7537]	Time  1.179 ( 1.182)	Data  0.000 ( 0.003)	Loss 6.9053e+00 (6.9076e+00)	Acc@1   0.00 (  0.10)	Acc@5   0.00 (  0.47)
2021-04-26 06:36:07 INFO     Epoch: [2][4500/7537]	Time  1.181 ( 1.182)	Data  0.000 ( 0.003)	Loss 6.9136e+00 (6.9076e+00)	Acc@1   0.00 (  0.10)	Acc@5   0.00 (  0.48)
2021-04-26 06:45:58 INFO     Epoch: [2][5000/7537]	Time  1.178 ( 1.182)	Data  0.000 ( 0.003)	Loss 6.9029e+00 (6.9076e+00)	Acc@1   0.00 (  0.10)	Acc@5   0.59 (  0.47)
2021-04-26 06:55:49 INFO     Epoch: [2][5500/7537]	Time  1.180 ( 1.182)	Data  0.000 ( 0.002)	Loss 6.9049e+00 (6.9076e+00)	Acc@1   0.00 (  0.10)	Acc@5   0.00 (  0.48)
2021-04-26 07:05:39 INFO     Epoch: [2][6000/7537]	Time  1.181 ( 1.182)	Data  0.000 ( 0.002)	Loss 6.9086e+00 (6.9077e+00)	Acc@1   0.00 (  0.10)	Acc@5   0.00 (  0.48)
2021-04-26 07:15:30 INFO     Epoch: [2][6500/7537]	Time  1.181 ( 1.182)	Data  0.000 ( 0.002)	Loss 6.9056e+00 (6.9077e+00)	Acc@1   0.00 (  0.10)	Acc@5   0.00 (  0.48)
2021-04-26 07:25:21 INFO     Epoch: [2][7000/7537]	Time  1.181 ( 1.182)	Data  0.000 ( 0.002)	Loss 6.9117e+00 (6.9077e+00)	Acc@1   0.00 (  0.10)	Acc@5   0.00 (  0.48)
2021-04-26 07:35:11 INFO     Epoch: [2][7500/7537]	Time  1.180 ( 1.182)	Data  0.000 ( 0.002)	Loss 6.9116e+00 (6.9076e+00)	Acc@1   0.00 (  0.10)	Acc@5   1.76 (  0.48)
/opt/conda/lib/python3.7/site-packages/PIL/TiffImagePlugin.py:793: UserWarning: Corrupt EXIF data.  Expecting to read 4 bytes but only got 0. 
  warnings.warn(str(msg))
2021-04-26 07:35:56 INFO     Test: [  0/295]	Time  3.051 ( 3.051)	Loss 6.9070e+00 (6.9070e+00)	Acc@1   0.00 (  0.00)	Acc@5   0.59 (  0.59)
2021-04-26 07:39:23 INFO      * Acc@1 0.100 Acc@5 0.500
2021-04-26 07:39:33 INFO     Epoch: [3][   0/7537]	Time  2.691 ( 2.691)	Data  2.378 ( 2.378)	Loss 6.9116e+00 (6.9116e+00)	Acc@1   0.00 (  0.00)	Acc@5   0.00 (  0.00)
2021-04-26 07:49:24 INFO     Epoch: [3][ 500/7537]	Time  1.179 ( 1.184)	Data  0.000 ( 0.007)	Loss 6.9084e+00 (6.9077e+00)	Acc@1   0.00 (  0.11)	Acc@5   0.00 (  0.48)
2021-04-26 07:59:14 INFO     Epoch: [3][1000/7537]	Time  1.183 ( 1.183)	Data  0.000 ( 0.004)	Loss 6.9048e+00 (6.9075e+00)	Acc@1   0.00 (  0.11)	Acc@5   0.59 (  0.48)
2021-04-26 08:09:05 INFO     Epoch: [3][1500/7537]	Time  1.179 ( 1.182)	Data  0.000 ( 0.004)	Loss 6.9068e+00 (6.9075e+00)	Acc@1   0.00 (  0.11)	Acc@5   0.59 (  0.49)
2021-04-26 08:18:56 INFO     Epoch: [3][2000/7537]	Time  1.181 ( 1.182)	Data  0.000 ( 0.003)	Loss 6.9028e+00 (6.9075e+00)	Acc@1   0.00 (  0.11)	Acc@5   0.59 (  0.49)
2021-04-26 08:28:46 INFO     Epoch: [3][2500/7537]	Time  1.181 ( 1.182)	Data  0.000 ( 0.003)	Loss 6.9065e+00 (6.9076e+00)	Acc@1   0.00 (  0.11)	Acc@5   0.00 (  0.49)
2021-04-26 08:38:37 INFO     Epoch: [3][3000/7537]	Time  1.181 ( 1.182)	Data  0.000 ( 0.003)	Loss 6.9038e+00 (6.9076e+00)	Acc@1   0.00 (  0.10)	Acc@5   0.00 (  0.48)
2021-04-26 08:48:28 INFO     Epoch: [3][3500/7537]	Time  1.181 ( 1.182)	Data  0.000 ( 0.003)	Loss 6.9108e+00 (6.9076e+00)	Acc@1   0.00 (  0.10)	Acc@5   0.00 (  0.48)
2021-04-26 08:58:18 INFO     Epoch: [3][4000/7537]	Time  1.181 ( 1.182)	Data  0.000 ( 0.003)	Loss 6.9084e+00 (6.9076e+00)	Acc@1   0.00 (  0.10)	Acc@5   0.00 (  0.48)
2021-04-26 09:08:09 INFO     Epoch: [3][4500/7537]	Time  1.180 ( 1.182)	Data  0.000 ( 0.003)	Loss 6.9065e+00 (6.9076e+00)	Acc@1   0.00 (  0.10)	Acc@5   0.00 (  0.49)
2021-04-26 09:18:00 INFO     Epoch: [3][5000/7537]	Time  1.181 ( 1.182)	Data  0.000 ( 0.002)	Loss 6.9112e+00 (6.9076e+00)	Acc@1   0.00 (  0.10)	Acc@5   0.00 (  0.49)
2021-04-26 09:27:50 INFO     Epoch: [3][5500/7537]	Time  1.181 ( 1.182)	Data  0.000 ( 0.002)	Loss 6.9033e+00 (6.9076e+00)	Acc@1   0.59 (  0.10)	Acc@5   1.76 (  0.49)
2021-04-26 09:37:41 INFO     Epoch: [3][6000/7537]	Time  1.181 ( 1.182)	Data  0.000 ( 0.002)	Loss 6.9017e+00 (6.9076e+00)	Acc@1   0.00 (  0.10)	Acc@5   0.00 (  0.49)
2021-04-26 09:47:32 INFO     Epoch: [3][6500/7537]	Time  1.182 ( 1.182)	Data  0.000 ( 0.002)	Loss 6.9089e+00 (6.9076e+00)	Acc@1   0.59 (  0.10)	Acc@5   1.18 (  0.49)
2021-04-26 09:57:22 INFO     Epoch: [3][7000/7537]	Time  1.180 ( 1.182)	Data  0.000 ( 0.002)	Loss 6.9081e+00 (6.9077e+00)	Acc@1   0.00 (  0.10)	Acc@5   1.18 (  0.49)
2021-04-26 10:07:13 INFO     Epoch: [3][7500/7537]	Time  1.180 ( 1.181)	Data  0.000 ( 0.002)	Loss 6.9067e+00 (6.9077e+00)	Acc@1   0.00 (  0.10)	Acc@5   0.59 (  0.49)
/opt/conda/lib/python3.7/site-packages/PIL/TiffImagePlugin.py:793: UserWarning: Corrupt EXIF data.  Expecting to read 4 bytes but only got 0. 
  warnings.warn(str(msg))
2021-04-26 10:07:57 INFO     Test: [  0/295]	Time  3.153 ( 3.153)	Loss 6.9096e+00 (6.9096e+00)	Acc@1   0.59 (  0.59)	Acc@5   0.59 (  0.59)
2021-04-26 10:11:25 INFO      * Acc@1 0.100 Acc@5 0.500
2021-04-26 10:11:36 INFO     Epoch: [4][   0/7537]	Time  2.837 ( 2.837)	Data  2.527 ( 2.527)	Loss 6.9084e+00 (6.9084e+00)	Acc@1   0.00 (  0.00)	Acc@5   0.59 (  0.59)
2021-04-26 10:21:27 INFO     Epoch: [4][ 500/7537]	Time  1.180 ( 1.185)	Data  0.000 ( 0.007)	Loss 6.9073e+00 (6.9076e+00)	Acc@1   0.00 (  0.10)	Acc@5   1.76 (  0.49)
2021-04-26 10:31:17 INFO     Epoch: [4][1000/7537]	Time  1.181 ( 1.183)	Data  0.000 ( 0.005)	Loss 6.9100e+00 (6.9075e+00)	Acc@1   0.59 (  0.10)	Acc@5   0.59 (  0.47)
2021-04-26 10:41:08 INFO     Epoch: [4][1500/7537]	Time  1.181 ( 1.183)	Data  0.000 ( 0.004)	Loss 6.9046e+00 (6.9075e+00)	Acc@1   0.00 (  0.11)	Acc@5   0.59 (  0.49)
2021-04-26 10:50:59 INFO     Epoch: [4][2000/7537]	Time  1.180 ( 1.182)	Data  0.000 ( 0.003)	Loss 6.9112e+00 (6.9076e+00)	Acc@1   0.00 (  0.10)	Acc@5   0.00 (  0.49)
2021-04-26 11:00:49 INFO     Epoch: [4][2500/7537]	Time  1.180 ( 1.182)	Data  0.000 ( 0.003)	Loss 6.9081e+00 (6.9076e+00)	Acc@1   0.00 (  0.10)	Acc@5   0.00 (  0.49)
2021-04-26 11:10:40 INFO     Epoch: [4][3000/7537]	Time  1.181 ( 1.182)	Data  0.000 ( 0.003)	Loss 6.9065e+00 (6.9076e+00)	Acc@1   0.00 (  0.10)	Acc@5   0.59 (  0.49)
2021-04-26 11:20:31 INFO     Epoch: [4][3500/7537]	Time  1.180 ( 1.182)	Data  0.000 ( 0.003)	Loss 6.9122e+00 (6.9076e+00)	Acc@1   0.00 (  0.10)	Acc@5   0.59 (  0.49)
2021-04-26 11:30:21 INFO     Epoch: [4][4000/7537]	Time  1.181 ( 1.182)	Data  0.000 ( 0.003)	Loss 6.9039e+00 (6.9076e+00)	Acc@1   0.00 (  0.10)	Acc@5   1.18 (  0.50)
2021-04-26 11:40:12 INFO     Epoch: [4][4500/7537]	Time  1.203 ( 1.182)	Data  0.000 ( 0.003)	Loss 6.9148e+00 (6.9076e+00)	Acc@1   0.59 (  0.11)	Acc@5   0.59 (  0.51)
2021-04-26 11:50:03 INFO     Epoch: [4][5000/7537]	Time  1.181 ( 1.182)	Data  0.000 ( 0.003)	Loss 6.9012e+00 (6.9076e+00)	Acc@1   0.00 (  0.10)	Acc@5   0.00 (  0.51)
2021-04-26 11:59:54 INFO     Epoch: [4][5500/7537]	Time  1.180 ( 1.182)	Data  0.000 ( 0.002)	Loss 6.9139e+00 (6.9076e+00)	Acc@1   0.00 (  0.10)	Acc@5   0.59 (  0.51)
2021-04-26 12:09:44 INFO     Epoch: [4][6000/7537]	Time  1.181 ( 1.182)	Data  0.000 ( 0.002)	Loss 6.9063e+00 (6.9076e+00)	Acc@1   0.00 (  0.10)	Acc@5   0.00 (  0.51)
2021-04-26 12:19:35 INFO     Epoch: [4][6500/7537]	Time  1.181 ( 1.182)	Data  0.000 ( 0.002)	Loss 6.9025e+00 (6.9076e+00)	Acc@1   0.00 (  0.10)	Acc@5   0.00 (  0.50)
2021-04-26 12:29:25 INFO     Epoch: [4][7000/7537]	Time  1.181 ( 1.182)	Data  0.000 ( 0.002)	Loss 6.9075e+00 (6.9076e+00)	Acc@1   0.00 (  0.10)	Acc@5   0.00 (  0.50)
2021-04-26 12:39:16 INFO     Epoch: [4][7500/7537]	Time  1.181 ( 1.182)	Data  0.000 ( 0.002)	Loss 6.9081e+00 (6.9076e+00)	Acc@1   0.00 (  0.10)	Acc@5   0.00 (  0.50)
/opt/conda/lib/python3.7/site-packages/PIL/TiffImagePlugin.py:793: UserWarning: Corrupt EXIF data.  Expecting to read 4 bytes but only got 0. 
  warnings.warn(str(msg))
2021-04-26 12:40:01 INFO     Test: [  0/295]	Time  2.887 ( 2.887)	Loss 6.9067e+00 (6.9067e+00)	Acc@1   0.00 (  0.00)	Acc@5   0.00 (  0.00)
2021-04-26 12:43:29 INFO      * Acc@1 0.100 Acc@5 0.500
2021-04-26 12:43:39 INFO     Epoch: [5][   0/7537]	Time  2.950 ( 2.950)	Data  2.643 ( 2.643)	Loss 6.9047e+00 (6.9047e+00)	Acc@1   0.00 (  0.00)	Acc@5   0.59 (  0.59)
2021-04-26 12:53:30 INFO     Epoch: [5][ 500/7537]	Time  1.181 ( 1.185)	Data  0.000 ( 0.007)	Loss 6.9066e+00 (6.9072e+00)	Acc@1   0.59 (  0.12)	Acc@5   0.59 (  0.53)
2021-04-26 13:03:21 INFO     Epoch: [5][1000/7537]	Time  1.180 ( 1.183)	Data  0.000 ( 0.005)	Loss 6.9043e+00 (6.9074e+00)	Acc@1   0.00 (  0.11)	Acc@5   0.59 (  0.53)
2021-04-26 13:13:11 INFO     Epoch: [5][1500/7537]	Time  1.176 ( 1.183)	Data  0.000 ( 0.004)	Loss 6.9065e+00 (6.9074e+00)	Acc@1   0.00 (  0.11)	Acc@5   0.00 (  0.52)
2021-04-26 13:23:02 INFO     Epoch: [5][2000/7537]	Time  1.181 ( 1.182)	Data  0.000 ( 0.003)	Loss 6.9116e+00 (6.9075e+00)	Acc@1   0.00 (  0.11)	Acc@5   0.59 (  0.51)
2021-04-26 13:32:53 INFO     Epoch: [5][2500/7537]	Time  1.178 ( 1.182)	Data  0.000 ( 0.003)	Loss 6.9064e+00 (6.9075e+00)	Acc@1   0.00 (  0.10)	Acc@5   0.59 (  0.50)
2021-04-26 13:42:44 INFO     Epoch: [5][3000/7537]	Time  1.181 ( 1.182)	Data  0.000 ( 0.003)	Loss 6.9119e+00 (6.9075e+00)	Acc@1   0.59 (  0.11)	Acc@5   0.59 (  0.50)
2021-04-26 13:52:34 INFO     Epoch: [5][3500/7537]	Time  1.179 ( 1.182)	Data  0.000 ( 0.003)	Loss 6.9008e+00 (6.9076e+00)	Acc@1   0.00 (  0.10)	Acc@5   0.00 (  0.50)
2021-04-26 14:02:25 INFO     Epoch: [5][4000/7537]	Time  1.179 ( 1.182)	Data  0.000 ( 0.003)	Loss 6.9030e+00 (6.9076e+00)	Acc@1   0.59 (  0.10)	Acc@5   0.59 (  0.49)
2021-04-26 14:12:16 INFO     Epoch: [5][4500/7537]	Time  1.180 ( 1.182)	Data  0.000 ( 0.003)	Loss 6.9164e+00 (6.9076e+00)	Acc@1   0.00 (  0.10)	Acc@5   0.00 (  0.49)
2021-04-26 14:22:07 INFO     Epoch: [5][5000/7537]	Time  1.198 ( 1.182)	Data  0.000 ( 0.003)	Loss 6.9116e+00 (6.9076e+00)	Acc@1   0.00 (  0.10)	Acc@5   0.00 (  0.50)
/opt/conda/lib/python3.7/site-packages/PIL/TiffImagePlugin.py:793: UserWarning: Corrupt EXIF data.  Expecting to read 4 bytes but only got 0. 
  warnings.warn(str(msg))
