2021-03-29 03:21:01 INFO     
Trying without np random and sigmoid

Gradient Parameters
{'batch_size': 50, 'learn_rate_init': 0.0002, 'reg_lambda': 0.1, 'num_epochs': 25, 'L2': True, 'anneal': True, 'early_stop': 0}

Preprocess Parameters
{'threshold': False, 'normalize': True, 'augment_data': False}

Model Parameters
{'input_dim': 784, 'hidden_1_dim': 128, 'hidden_2_dim': 128, 'output_dim': 10, 'hiddent_1_fnc': ReLU, 'hiddent_2_fnc': ReLU, 'output_fnc': Softmax}

2021-03-29 03:21:02 INFO     Performing normalization
2021-03-29 03:21:02 INFO     Loss 1.8076911354629408 at epoch 0 iteration 250
2021-03-29 03:21:03 INFO     Loss 1.032017285405075 at epoch 0 iteration 500
2021-03-29 03:21:04 INFO     Loss 0.9562651058720418 at epoch 0 iteration 750
2021-03-29 03:21:04 INFO     Loss 0.6937555344360777 at epoch 0 iteration 1000
2021-03-29 03:21:14 INFO     
            Epoch 0
            Avg Loss: 1.122432265294034
            Train acc: 87.79333333333334
            Test acc: 88.34
            
2021-03-29 03:21:15 INFO     Loss 0.71621190902872 at epoch 1 iteration 250
2021-03-29 03:21:15 INFO     Loss 0.576795361555301 at epoch 1 iteration 500
2021-03-29 03:21:16 INFO     Loss 0.5183534354318019 at epoch 1 iteration 750
2021-03-29 03:21:17 INFO     Loss 0.6800091847278621 at epoch 1 iteration 1000
2021-03-29 03:21:25 INFO     
            Epoch 1
            Avg Loss: 0.6228424726859212
            Train acc: 89.76
            Test acc: 90.35
            
2021-03-29 03:21:26 INFO     Loss 0.6153594820865478 at epoch 2 iteration 250
2021-03-29 03:21:26 INFO     Loss 0.5024276648626104 at epoch 2 iteration 500
2021-03-29 03:21:27 INFO     Loss 0.5812495871881656 at epoch 2 iteration 750
2021-03-29 03:21:27 INFO     Loss 0.7389458045110768 at epoch 2 iteration 1000
2021-03-29 03:21:36 INFO     
            Epoch 2
            Avg Loss: 0.6094956346621001
            Train acc: 90.85333333333334
            Test acc: 91.55
            
2021-03-29 03:21:37 INFO     Loss 0.48854046249052746 at epoch 3 iteration 250
2021-03-29 03:21:37 INFO     Loss 0.7448134005881901 at epoch 3 iteration 500
2021-03-29 03:21:38 INFO     Loss 0.5803426357167036 at epoch 3 iteration 750
2021-03-29 03:21:38 INFO     Loss 0.5800497181191921 at epoch 3 iteration 1000
2021-03-29 03:21:47 INFO     
            Epoch 3
            Avg Loss: 0.5984365542286534
            Train acc: 91.46333333333334
            Test acc: 91.87
            
2021-03-29 03:21:47 INFO     Loss 0.39509696803152816 at epoch 4 iteration 250
2021-03-29 03:21:48 INFO     Loss 0.461543944190642 at epoch 4 iteration 500
2021-03-29 03:21:48 INFO     Loss 0.5593106114102635 at epoch 4 iteration 750
2021-03-29 03:21:49 INFO     Loss 0.4672111224020232 at epoch 4 iteration 1000
2021-03-29 03:21:57 INFO     
            Epoch 4
            Avg Loss: 0.4707906615086142
            Train acc: 91.925
            Test acc: 92.37
            
2021-03-29 03:21:58 INFO     Loss 0.5777516039047395 at epoch 5 iteration 250
2021-03-29 03:21:58 INFO     Loss 0.7760659174525452 at epoch 5 iteration 500
2021-03-29 03:21:59 INFO     Loss 0.47612449739124607 at epoch 5 iteration 750
2021-03-29 03:21:59 INFO     Loss 0.7943516485432488 at epoch 5 iteration 1000
2021-03-29 03:22:08 INFO     
            Epoch 5
            Avg Loss: 0.6560734168229448
            Train acc: 91.96166666666667
            Test acc: 92.38
            
2021-03-29 03:22:08 INFO     Loss 0.7236766265033178 at epoch 6 iteration 250
2021-03-29 03:22:09 INFO     Loss 0.5293116614199024 at epoch 6 iteration 500
2021-03-29 03:22:09 INFO     Loss 0.6634265455197046 at epoch 6 iteration 750
2021-03-29 03:22:10 INFO     Loss 0.5897199316342869 at epoch 6 iteration 1000
2021-03-29 03:22:18 INFO     
            Epoch 6
            Avg Loss: 0.6265336912693029
            Train acc: 91.99833333333333
            Test acc: 92.43
            
2021-03-29 03:22:19 INFO     Loss 0.7129612647899762 at epoch 7 iteration 250
2021-03-29 03:22:19 INFO     Loss 0.7514345053256976 at epoch 7 iteration 500
2021-03-29 03:22:20 INFO     Loss 0.5608865105844589 at epoch 7 iteration 750
2021-03-29 03:22:20 INFO     Loss 0.43259985672514767 at epoch 7 iteration 1000
2021-03-29 03:22:28 INFO     
            Epoch 7
            Avg Loss: 0.6144705343563202
            Train acc: 92.015
            Test acc: 92.51
            
2021-03-29 03:22:29 INFO     Loss 0.5719640016586238 at epoch 8 iteration 250
2021-03-29 03:22:30 INFO     Loss 0.6406489934547338 at epoch 8 iteration 500
2021-03-29 03:22:30 INFO     Loss 0.5232648488254742 at epoch 8 iteration 750
2021-03-29 03:22:30 INFO     Loss 0.7765963459583674 at epoch 8 iteration 1000
2021-03-29 03:22:38 INFO     
            Epoch 8
            Avg Loss: 0.6281185474742997
            Train acc: 92.05833333333334
            Test acc: 92.51
            
2021-03-29 03:22:39 INFO     Loss 0.5247204805613392 at epoch 9 iteration 250
2021-03-29 03:22:40 INFO     Loss 0.510354868847888 at epoch 9 iteration 500
2021-03-29 03:22:40 INFO     Loss 0.5710169884498032 at epoch 9 iteration 750
2021-03-29 03:22:41 INFO     Loss 0.645426688186986 at epoch 9 iteration 1000
2021-03-29 03:22:49 INFO     
            Epoch 9
            Avg Loss: 0.5628797565115041
            Train acc: 92.095
            Test acc: 92.5
            
2021-03-29 03:22:50 INFO     Loss 0.6993957370654539 at epoch 10 iteration 250
2021-03-29 03:22:50 INFO     Loss 0.5749897409804535 at epoch 10 iteration 500
2021-03-29 03:22:51 INFO     Loss 0.5754101213065298 at epoch 10 iteration 750
2021-03-29 03:22:51 INFO     Loss 0.6641782741806544 at epoch 10 iteration 1000
2021-03-29 03:23:00 INFO     
            Epoch 10
            Avg Loss: 0.6284934683832729
            Train acc: 92.11
            Test acc: 92.5
            
2021-03-29 03:23:00 INFO     Loss 0.7351005113964729 at epoch 11 iteration 250
2021-03-29 03:23:01 INFO     Loss 0.4853199435646805 at epoch 11 iteration 500
2021-03-29 03:23:01 INFO     Loss 0.537047705049364 at epoch 11 iteration 750
2021-03-29 03:23:02 INFO     Loss 0.46077975489931006 at epoch 11 iteration 1000
2021-03-29 03:23:10 INFO     
            Epoch 11
            Avg Loss: 0.5545619787274569
            Train acc: 92.15
            Test acc: 92.5
            
2021-03-29 03:23:11 INFO     Loss 0.5222305768669544 at epoch 12 iteration 250
2021-03-29 03:23:11 INFO     Loss 0.5802676755872764 at epoch 12 iteration 500
2021-03-29 03:23:12 INFO     Loss 0.4245042850403813 at epoch 12 iteration 750
2021-03-29 03:23:12 INFO     Loss 0.5161584805768411 at epoch 12 iteration 1000
2021-03-29 03:23:20 INFO     
            Epoch 12
            Avg Loss: 0.5107902545178633
            Train acc: 92.14
            Test acc: 92.54
            
2021-03-29 03:23:21 INFO     Loss 0.6000832036062768 at epoch 13 iteration 250
2021-03-29 03:23:21 INFO     Loss 0.6405879094466731 at epoch 13 iteration 500
2021-03-29 03:23:22 INFO     Loss 0.5761155776848382 at epoch 13 iteration 750
2021-03-29 03:23:22 INFO     Loss 0.5921550596727001 at epoch 13 iteration 1000
2021-03-29 03:23:31 INFO     
            Epoch 13
            Avg Loss: 0.6022354376026221
            Train acc: 92.16333333333333
            Test acc: 92.49
            
2021-03-29 03:23:31 INFO     Loss 0.5430307485292215 at epoch 14 iteration 250
2021-03-29 03:23:32 INFO     Loss 0.6114040055820469 at epoch 14 iteration 500
2021-03-29 03:23:32 INFO     Loss 0.4773754962449533 at epoch 14 iteration 750
2021-03-29 03:23:33 INFO     Loss 0.6303963386114696 at epoch 14 iteration 1000
2021-03-29 03:23:41 INFO     
            Epoch 14
            Avg Loss: 0.5655516472419228
            Train acc: 92.17666666666666
            Test acc: 92.53
            
2021-03-29 03:23:41 INFO     Loss 0.5564535511837342 at epoch 15 iteration 250
2021-03-29 03:23:42 INFO     Loss 0.42631312102045876 at epoch 15 iteration 500
2021-03-29 03:23:42 INFO     Loss 0.593767728074384 at epoch 15 iteration 750
2021-03-29 03:23:43 INFO     Loss 0.5122405496423085 at epoch 15 iteration 1000
2021-03-29 03:23:51 INFO     
            Epoch 15
            Avg Loss: 0.5221937374802214
            Train acc: 92.18333333333334
            Test acc: 92.54
            
2021-03-29 03:23:52 INFO     Loss 0.6044434376211225 at epoch 16 iteration 250
2021-03-29 03:23:52 INFO     Loss 0.571738200711508 at epoch 16 iteration 500
2021-03-29 03:23:53 INFO     Loss 0.49505039905728726 at epoch 16 iteration 750
2021-03-29 03:23:53 INFO     Loss 0.5745759794592421 at epoch 16 iteration 1000
2021-03-29 03:24:01 INFO     
            Epoch 16
            Avg Loss: 0.5614520042122899
            Train acc: 92.18833333333333
            Test acc: 92.54
            
2021-03-29 03:24:02 INFO     Loss 0.44896702887568873 at epoch 17 iteration 250
2021-03-29 03:24:03 INFO     Loss 0.43249868341446196 at epoch 17 iteration 500
2021-03-29 03:24:03 INFO     Loss 0.35271140609887836 at epoch 17 iteration 750
2021-03-29 03:24:04 INFO     Loss 0.4871889183538076 at epoch 17 iteration 1000
2021-03-29 03:24:12 INFO     
            Epoch 17
            Avg Loss: 0.4303415091857092
            Train acc: 92.19166666666666
            Test acc: 92.55
            
2021-03-29 03:24:13 INFO     Loss 0.5523541794641404 at epoch 18 iteration 250
2021-03-29 03:24:13 INFO     Loss 0.5314384406266011 at epoch 18 iteration 500
2021-03-29 03:24:14 INFO     Loss 0.5579368650399078 at epoch 18 iteration 750
2021-03-29 03:24:14 INFO     Loss 0.5303630865900953 at epoch 18 iteration 1000
2021-03-29 03:24:22 INFO     
            Epoch 18
            Avg Loss: 0.5430231429301862
            Train acc: 92.19833333333334
            Test acc: 92.55
            
2021-03-29 03:24:23 INFO     Loss 0.6472575581999054 at epoch 19 iteration 250
2021-03-29 03:24:24 INFO     Loss 0.4272716119178361 at epoch 19 iteration 500
2021-03-29 03:24:24 INFO     Loss 0.5320777768138213 at epoch 19 iteration 750
2021-03-29 03:24:25 INFO     Loss 0.40363236627134796 at epoch 19 iteration 1000
2021-03-29 03:24:35 INFO     
            Epoch 19
            Avg Loss: 0.5025598283007277
            Train acc: 92.2
            Test acc: 92.54
            
2021-03-29 03:24:36 INFO     Loss 0.637079033953354 at epoch 20 iteration 250
2021-03-29 03:24:37 INFO     Loss 0.6115924308543064 at epoch 20 iteration 500
2021-03-29 03:24:37 INFO     Loss 0.5649886388673291 at epoch 20 iteration 750
2021-03-29 03:24:38 INFO     Loss 0.5944878241051348 at epoch 20 iteration 1000
2021-03-29 03:24:47 INFO     
            Epoch 20
            Avg Loss: 0.6020369819450311
            Train acc: 92.20333333333333
            Test acc: 92.55
            
2021-03-29 03:24:48 INFO     Loss 0.5339151880383249 at epoch 21 iteration 250
2021-03-29 03:24:49 INFO     Loss 0.41961820624722135 at epoch 21 iteration 500
2021-03-29 03:24:49 INFO     Loss 0.6050478827690227 at epoch 21 iteration 750
2021-03-29 03:24:50 INFO     Loss 0.516413522765228 at epoch 21 iteration 1000
2021-03-29 03:25:00 INFO     
            Epoch 21
            Avg Loss: 0.5187486999549492
            Train acc: 92.20666666666666
            Test acc: 92.55
            
2021-03-29 03:25:01 INFO     Loss 0.5384927447433031 at epoch 22 iteration 250
2021-03-29 03:25:02 INFO     Loss 0.4724944501874218 at epoch 22 iteration 500
2021-03-29 03:25:02 INFO     Loss 0.48712454265636673 at epoch 22 iteration 750
2021-03-29 03:25:03 INFO     Loss 0.6660205742641836 at epoch 22 iteration 1000
2021-03-29 03:25:13 INFO     
            Epoch 22
            Avg Loss: 0.5410330779628187
            Train acc: 92.20666666666666
            Test acc: 92.55
            
2021-03-29 03:25:14 INFO     Loss 0.41076662414095744 at epoch 23 iteration 250
2021-03-29 03:25:15 INFO     Loss 0.506898510681805 at epoch 23 iteration 500
2021-03-29 03:25:15 INFO     Loss 0.5093328314761013 at epoch 23 iteration 750
2021-03-29 03:25:16 INFO     Loss 0.6344344195015765 at epoch 23 iteration 1000
2021-03-29 03:25:26 INFO     
            Epoch 23
            Avg Loss: 0.5153580964501101
            Train acc: 92.20666666666666
            Test acc: 92.55
            
2021-03-29 03:25:26 INFO     Loss 0.4986080819992947 at epoch 24 iteration 250
2021-03-29 03:25:27 INFO     Loss 0.5858732618102032 at epoch 24 iteration 500
2021-03-29 03:25:27 INFO     Loss 0.5293343637821005 at epoch 24 iteration 750
2021-03-29 03:25:28 INFO     Loss 0.5177178419023714 at epoch 24 iteration 1000
2021-03-29 03:25:36 INFO     
            Epoch 24
            Avg Loss: 0.5328833873734924
            Train acc: 92.205
            Test acc: 92.56
            
2021-03-29 03:25:38 INFO     Final test accuracy 92.56
2021-03-29 03:25:38 INFO     Making and Saving plots
