2021-03-21 22:10:53 INFO     
        Testing early stop

        Gradient Parameters
        {'batch_size': 10, 'learn_rate_init': 0.0002, 'reg_lambda': 0.1, 'num_epochs': 20, 'L2': True, 'anneal': True, 'early_stop': 0}

        Preprocess Parameters
        {'threshold': False, 'normalize': True, 'augment_data': {'rotate': False, 'shift': False, 'zoom': False, 'shear': False, 'all': False}}

        Model Parameters
        {'input_dim': 784, 'hidden_1_dim': 256, 'hidden_2_dim': 128, 'output_dim': 10, 'hiddent_1_fnc': ReLU, 'hiddent_2_fnc': ReLU, 'output_fnc': Softmax}

        Train size
        10000
        
2021-03-21 22:10:53 INFO     Generator to Numpy Start
2021-03-21 22:10:53 INFO     Generator to Numpy End
2021-03-21 22:10:55 INFO     Loss 3.86042995339057 at epoch 0 iteration 500
2021-03-21 22:10:57 INFO     Loss 3.511545651531497 at epoch 0 iteration 1000
2021-03-21 22:10:59 INFO     
            Epoch 0
            Avg Loss: 3.6859878024610335
            Train acc: 71.45
            Test acc: 70.53
            
2021-03-21 22:11:01 INFO     Loss 3.182364432907062 at epoch 1 iteration 500
2021-03-21 22:11:03 INFO     Loss 2.890666459500688 at epoch 1 iteration 1000
2021-03-21 22:11:05 INFO     
            Epoch 1
            Avg Loss: 3.0365154462038753
            Train acc: 80.14
            Test acc: 79.25
            
2021-03-21 22:11:07 INFO     Loss 2.8596660162989114 at epoch 2 iteration 500
2021-03-21 22:11:08 INFO     Loss 2.465013008633742 at epoch 2 iteration 1000
2021-03-21 22:11:11 INFO     
            Epoch 2
            Avg Loss: 2.6623395124663265
            Train acc: 84.89
            Test acc: 83.97
            
2021-03-21 22:11:12 INFO     Loss 2.3562451881252544 at epoch 3 iteration 500
2021-03-21 22:11:14 INFO     Loss 2.3544967910306163 at epoch 3 iteration 1000
2021-03-21 22:11:16 INFO     
            Epoch 3
            Avg Loss: 2.3553709895779353
            Train acc: 86.71
            Test acc: 85.98
            
2021-03-21 22:11:18 INFO     Loss 2.162697838045266 at epoch 4 iteration 500
2021-03-21 22:11:20 INFO     Loss 2.1495632353422596 at epoch 4 iteration 1000
2021-03-21 22:11:22 INFO     
            Epoch 4
            Avg Loss: 2.156130536693763
            Train acc: 86.97
            Test acc: 86.34
            
2021-03-21 22:11:24 INFO     Loss 2.5770349241002513 at epoch 5 iteration 500
2021-03-21 22:11:25 INFO     Loss 2.515560829479528 at epoch 5 iteration 1000
2021-03-21 22:11:28 INFO     
            Epoch 5
            Avg Loss: 2.5462978767898896
            Train acc: 87.17
            Test acc: 86.52
            
2021-03-21 22:11:29 INFO     Loss 2.4733646067953425 at epoch 6 iteration 500
2021-03-21 22:11:31 INFO     Loss 2.1306535096625896 at epoch 6 iteration 1000
2021-03-21 22:11:33 INFO     
            Epoch 6
            Avg Loss: 2.302009058228966
            Train acc: 87.29
            Test acc: 86.64
            
2021-03-21 22:11:35 INFO     Loss 2.4253130764591337 at epoch 7 iteration 500
2021-03-21 22:11:37 INFO     Loss 2.574635531726645 at epoch 7 iteration 1000
2021-03-21 22:11:39 INFO     
            Epoch 7
            Avg Loss: 2.4999743040928895
            Train acc: 87.39
            Test acc: 86.82
            
2021-03-21 22:11:41 INFO     Loss 2.092830477757012 at epoch 8 iteration 500
2021-03-21 22:11:42 INFO     Loss 2.6282265765299493 at epoch 8 iteration 1000
2021-03-21 22:11:45 INFO     
            Epoch 8
            Avg Loss: 2.3605285271434804
            Train acc: 87.5
            Test acc: 87.0
            
2021-03-21 22:11:46 INFO     Loss 2.3985880079004267 at epoch 9 iteration 500
2021-03-21 22:11:48 INFO     Loss 2.1332489481930326 at epoch 9 iteration 1000
2021-03-21 22:11:50 INFO     
            Epoch 9
            Avg Loss: 2.2659184780467294
            Train acc: 87.52
            Test acc: 87.09
            
2021-03-21 22:11:52 INFO     Loss 2.4443774530047415 at epoch 10 iteration 500
2021-03-21 22:11:54 INFO     Loss 2.8026226309282936 at epoch 10 iteration 1000
2021-03-21 22:11:56 INFO     
            Epoch 10
            Avg Loss: 2.6235000419665173
            Train acc: 87.53
            Test acc: 87.09
            
2021-03-21 22:11:58 INFO     Loss 2.268772038496665 at epoch 11 iteration 500
2021-03-21 22:11:59 INFO     Loss 2.141731879223465 at epoch 11 iteration 1000
2021-03-21 22:12:02 INFO     
            Epoch 11
            Avg Loss: 2.205251958860065
            Train acc: 87.56
            Test acc: 87.09
            
2021-03-21 22:12:03 INFO     Loss 2.454546504918463 at epoch 12 iteration 500
2021-03-21 22:12:05 INFO     Loss 2.3439177197102743 at epoch 12 iteration 1000
2021-03-21 22:12:07 INFO     
            Epoch 12
            Avg Loss: 2.399232112314369
            Train acc: 87.59
            Test acc: 87.09
            
2021-03-21 22:12:09 INFO     Loss 2.9719784905637887 at epoch 13 iteration 500
2021-03-21 22:12:11 INFO     Loss 2.2812613944473763 at epoch 13 iteration 1000
2021-03-21 22:12:13 INFO     
            Epoch 13
            Avg Loss: 2.6266199425055827
            Train acc: 87.6
            Test acc: 87.09
            
2021-03-21 22:12:15 INFO     Loss 2.3943792644713264 at epoch 14 iteration 500
2021-03-21 22:12:16 INFO     Loss 2.789060519253301 at epoch 14 iteration 1000
2021-03-21 22:12:19 INFO     
            Epoch 14
            Avg Loss: 2.5917198918623137
            Train acc: 87.62
            Test acc: 87.1
            
2021-03-21 22:12:21 INFO     Loss 2.4228412257449765 at epoch 15 iteration 500
2021-03-21 22:12:22 INFO     Loss 2.2597603304627425 at epoch 15 iteration 1000
2021-03-21 22:12:25 INFO     
            Epoch 15
            Avg Loss: 2.3413007781038595
            Train acc: 87.63
            Test acc: 87.13
            
2021-03-21 22:12:27 INFO     Loss 2.5081255080724247 at epoch 16 iteration 500
2021-03-21 22:12:28 INFO     Loss 2.6089977030893357 at epoch 16 iteration 1000
2021-03-21 22:12:31 INFO     
            Epoch 16
            Avg Loss: 2.55856160558088
            Train acc: 87.62
            Test acc: 87.13
            
2021-03-21 22:12:33 INFO     Loss 2.1246519594633075 at epoch 17 iteration 500
2021-03-21 22:12:34 INFO     Loss 2.691053781469246 at epoch 17 iteration 1000
2021-03-21 22:12:37 INFO     
            Epoch 17
            Avg Loss: 2.407852870466277
            Train acc: 87.62
            Test acc: 87.13
            
2021-03-21 22:12:38 INFO     Loss 2.45311808599733 at epoch 18 iteration 500
2021-03-21 22:12:40 INFO     Loss 2.4603506691027306 at epoch 18 iteration 1000
2021-03-21 22:12:43 INFO     
            Epoch 18
            Avg Loss: 2.4567343775500303
            Train acc: 87.62
            Test acc: 87.13
            
2021-03-21 22:12:44 INFO     Loss 2.804786962003673 at epoch 19 iteration 500
2021-03-21 22:12:46 INFO     Loss 2.7677873332983784 at epoch 19 iteration 1000
2021-03-21 22:12:49 INFO     
            Epoch 19
            Avg Loss: 2.786287147651026
            Train acc: 87.61
            Test acc: 87.13
            
2021-03-21 22:12:50 INFO     Final test accuracy 87.13
2021-03-21 22:12:50 INFO     Making and Saving plots
2021-03-21 22:12:51 INFO     
        Testing early stop

        Gradient Parameters
        {'batch_size': 10, 'learn_rate_init': 0.0002, 'reg_lambda': 0.1, 'num_epochs': 20, 'L2': True, 'anneal': True, 'early_stop': 0}

        Preprocess Parameters
        {'threshold': False, 'normalize': True, 'augment_data': {'rotate': False, 'shift': False, 'zoom': False, 'shear': False, 'all': False}}

        Model Parameters
        {'input_dim': 784, 'hidden_1_dim': 256, 'hidden_2_dim': 128, 'output_dim': 10, 'hiddent_1_fnc': ReLU, 'hiddent_2_fnc': ReLU, 'output_fnc': Softmax}

        Train size
        20000
        
2021-03-21 22:12:51 INFO     Generator to Numpy Start
2021-03-21 22:12:51 INFO     Generator to Numpy End
2021-03-21 22:12:53 INFO     Loss 3.7910735275545093 at epoch 0 iteration 500
2021-03-21 22:12:55 INFO     Loss 3.412915408039314 at epoch 0 iteration 1000
2021-03-21 22:12:57 INFO     Loss 3.432112158125296 at epoch 0 iteration 1500
2021-03-21 22:12:58 INFO     Loss 2.9568407878362444 at epoch 0 iteration 2000
2021-03-21 22:13:02 INFO     
            Epoch 0
            Avg Loss: 3.398235470388841
            Train acc: 79.93
            Test acc: 81.21
            
2021-03-21 22:13:04 INFO     Loss 2.9922056667958437 at epoch 1 iteration 500
2021-03-21 22:13:06 INFO     Loss 2.161795490065338 at epoch 1 iteration 1000
2021-03-21 22:13:08 INFO     Loss 2.38868672701761 at epoch 1 iteration 1500
2021-03-21 22:13:09 INFO     Loss 2.1920033236758534 at epoch 1 iteration 2000
2021-03-21 22:13:13 INFO     
            Epoch 1
            Avg Loss: 2.4336728018886613
            Train acc: 86.12
            Test acc: 86.8
            
2021-03-21 22:13:15 INFO     Loss 2.247347516149254 at epoch 2 iteration 500
2021-03-21 22:13:17 INFO     Loss 2.1971040534756905 at epoch 2 iteration 1000
2021-03-21 22:13:19 INFO     Loss 2.4412065800086196 at epoch 2 iteration 1500
2021-03-21 22:13:20 INFO     Loss 2.376379756363226 at epoch 2 iteration 2000
2021-03-21 22:13:24 INFO     
            Epoch 2
            Avg Loss: 2.3155094764991975
            Train acc: 88.01
            Test acc: 88.36
            
2021-03-21 22:13:26 INFO     Loss 2.1422952322536495 at epoch 3 iteration 500
2021-03-21 22:13:28 INFO     Loss 1.863653382215966 at epoch 3 iteration 1000
2021-03-21 22:13:30 INFO     Loss 2.835692923002836 at epoch 3 iteration 1500
2021-03-21 22:13:31 INFO     Loss 2.547895643893397 at epoch 3 iteration 2000
2021-03-21 22:13:35 INFO     
            Epoch 3
            Avg Loss: 2.3473842953414623
            Train acc: 89.055
            Test acc: 89.35
            
2021-03-21 22:13:37 INFO     Loss 2.1807019825317684 at epoch 4 iteration 500
2021-03-21 22:13:39 INFO     Loss 1.940694452868068 at epoch 4 iteration 1000
2021-03-21 22:13:41 INFO     Loss 2.0083161365272524 at epoch 4 iteration 1500
2021-03-21 22:13:42 INFO     Loss 1.9743345719744256 at epoch 4 iteration 2000
2021-03-21 22:13:46 INFO     
            Epoch 4
            Avg Loss: 2.0260117859753786
            Train acc: 89.07
            Test acc: 89.3
            
2021-03-21 22:13:48 INFO     Loss 2.4040377317458748 at epoch 5 iteration 500
2021-03-21 22:13:50 INFO     Loss 1.8236688107554142 at epoch 5 iteration 1000
2021-03-21 22:13:51 INFO     Loss 2.0816677178988887 at epoch 5 iteration 1500
2021-03-21 22:13:53 INFO     Loss 2.2071298106237136 at epoch 5 iteration 2000
2021-03-21 22:13:57 INFO     
            Epoch 5
            Avg Loss: 2.129126017755973
            Train acc: 89.1
            Test acc: 89.33
            
2021-03-21 22:13:59 INFO     Loss 1.9871842435330054 at epoch 6 iteration 500
2021-03-21 22:14:01 INFO     Loss 2.346514222369586 at epoch 6 iteration 1000
2021-03-21 22:14:02 INFO     Loss 1.8477843778977516 at epoch 6 iteration 1500
2021-03-21 22:14:04 INFO     Loss 2.130794168861863 at epoch 6 iteration 2000
2021-03-21 22:14:08 INFO     
            Epoch 6
            Avg Loss: 2.0780692531655514
            Train acc: 89.22
            Test acc: 89.4
            
2021-03-21 22:14:10 INFO     Loss 2.1588716649061914 at epoch 7 iteration 500
2021-03-21 22:14:11 INFO     Loss 1.9050636284992337 at epoch 7 iteration 1000
2021-03-21 22:14:13 INFO     Loss 1.8683251720136178 at epoch 7 iteration 1500
2021-03-21 22:14:15 INFO     Loss 2.0597889439091643 at epoch 7 iteration 2000
2021-03-21 22:14:19 INFO     
            Epoch 7
            Avg Loss: 1.9980123523320519
            Train acc: 89.285
            Test acc: 89.53
            
2021-03-21 22:14:21 INFO     Loss 2.1508017959363204 at epoch 8 iteration 500
2021-03-21 22:14:22 INFO     Loss 1.8472534270314929 at epoch 8 iteration 1000
2021-03-21 22:14:24 INFO     Loss 1.9707760893971582 at epoch 8 iteration 1500
2021-03-21 22:14:26 INFO     Loss 1.7351078831209237 at epoch 8 iteration 2000
2021-03-21 22:14:30 INFO     
            Epoch 8
            Avg Loss: 1.9259847988714736
            Train acc: 89.38
            Test acc: 89.5
            
2021-03-21 22:14:31 INFO     Loss 1.8646412312166303 at epoch 9 iteration 500
2021-03-21 22:14:33 INFO     Loss 1.8845973112207233 at epoch 9 iteration 1000
2021-03-21 22:14:35 INFO     Loss 2.833434332683016 at epoch 9 iteration 1500
2021-03-21 22:14:36 INFO     Loss 2.098429637109789 at epoch 9 iteration 2000
2021-03-21 22:14:40 INFO     
            Epoch 9
            Avg Loss: 2.1702756280575395
            Train acc: 89.33
            Test acc: 89.57
            
2021-03-21 22:14:42 INFO     Loss 1.9899654042224855 at epoch 10 iteration 500
2021-03-21 22:14:44 INFO     Loss 1.9362419235918154 at epoch 10 iteration 1000
2021-03-21 22:14:46 INFO     Loss 2.0455595644680766 at epoch 10 iteration 1500
2021-03-21 22:14:48 INFO     Loss 1.773533106488375 at epoch 10 iteration 2000
2021-03-21 22:14:52 INFO     
            Epoch 10
            Avg Loss: 1.9363249996926881
            Train acc: 89.34
            Test acc: 89.58
            
2021-03-21 22:14:54 INFO     Loss 2.1232207848420495 at epoch 11 iteration 500
2021-03-21 22:14:55 INFO     Loss 1.8860278911994035 at epoch 11 iteration 1000
2021-03-21 22:14:57 INFO     Loss 1.7906121263451813 at epoch 11 iteration 1500
2021-03-21 22:14:59 INFO     Loss 2.3398006539171656 at epoch 11 iteration 2000
2021-03-21 22:15:03 INFO     
            Epoch 11
            Avg Loss: 2.03491536407595
            Train acc: 89.34
            Test acc: 89.59
            
2021-03-21 22:15:05 INFO     Loss 1.9009921891727157 at epoch 12 iteration 500
2021-03-21 22:15:07 INFO     Loss 1.9078818974324059 at epoch 12 iteration 1000
2021-03-21 22:15:09 INFO     Loss 2.4056949117413744 at epoch 12 iteration 1500
2021-03-21 22:15:10 INFO     Loss 2.1494096079845675 at epoch 12 iteration 2000
2021-03-21 22:15:15 INFO     
            Epoch 12
            Avg Loss: 2.0909946515827658
            Train acc: 89.355
            Test acc: 89.57
            
2021-03-21 22:15:17 INFO     Loss 2.4685647186388353 at epoch 13 iteration 500
2021-03-21 22:15:18 INFO     Loss 2.067686967737065 at epoch 13 iteration 1000
2021-03-21 22:15:20 INFO     Loss 2.8605926969567874 at epoch 13 iteration 1500
2021-03-21 22:15:22 INFO     Loss 2.1224146242568307 at epoch 13 iteration 2000
2021-03-21 22:15:26 INFO     
            Epoch 13
            Avg Loss: 2.3798147518973796
            Train acc: 89.37
            Test acc: 89.58
            
2021-03-21 22:15:28 INFO     Loss 1.8815640535927711 at epoch 14 iteration 500
2021-03-21 22:15:30 INFO     Loss 2.010130294537489 at epoch 14 iteration 1000
2021-03-21 22:15:32 INFO     Loss 2.1284946533994122 at epoch 14 iteration 1500
2021-03-21 22:15:33 INFO     Loss 1.9609645762877257 at epoch 14 iteration 2000
2021-03-21 22:15:38 INFO     
            Epoch 14
            Avg Loss: 1.9952883944543496
            Train acc: 89.385
            Test acc: 89.6
            
2021-03-21 22:15:40 INFO     Loss 2.738853183045035 at epoch 15 iteration 500
2021-03-21 22:15:41 INFO     Loss 2.0082134861872087 at epoch 15 iteration 1000
2021-03-21 22:15:43 INFO     Loss 2.4221167960507857 at epoch 15 iteration 1500
2021-03-21 22:15:45 INFO     Loss 2.086580017704688 at epoch 15 iteration 2000
2021-03-21 22:15:49 INFO     
            Epoch 15
            Avg Loss: 2.3139408707469293
            Train acc: 89.4
            Test acc: 89.61
            
2021-03-21 22:15:51 INFO     Loss 1.7964566976555738 at epoch 16 iteration 500
2021-03-21 22:15:53 INFO     Loss 2.207833736657771 at epoch 16 iteration 1000
2021-03-21 22:15:55 INFO     Loss 1.9908906007274645 at epoch 16 iteration 1500
2021-03-21 22:15:57 INFO     Loss 2.2031766209376262 at epoch 16 iteration 2000
2021-03-21 22:16:01 INFO     
            Epoch 16
            Avg Loss: 2.049589413994609
            Train acc: 89.41
            Test acc: 89.61
            
2021-03-21 22:16:03 INFO     Loss 1.881766475396125 at epoch 17 iteration 500
2021-03-21 22:16:05 INFO     Loss 2.0151777782890354 at epoch 17 iteration 1000
2021-03-21 22:16:06 INFO     Loss 1.8022313756353006 at epoch 17 iteration 1500
2021-03-21 22:16:08 INFO     Loss 1.912067091110669 at epoch 17 iteration 2000
2021-03-21 22:16:13 INFO     
            Epoch 17
            Avg Loss: 1.9028106801077824
            Train acc: 89.41
            Test acc: 89.61
            
2021-03-21 22:16:15 INFO     Loss 1.9694186121078527 at epoch 18 iteration 500
2021-03-21 22:16:16 INFO     Loss 1.9526857973699827 at epoch 18 iteration 1000
2021-03-21 22:16:18 INFO     Loss 2.072880660945846 at epoch 18 iteration 1500
2021-03-21 22:16:20 INFO     Loss 1.9458358681499122 at epoch 18 iteration 2000
2021-03-21 22:16:25 INFO     
            Epoch 18
            Avg Loss: 1.9852052346433986
            Train acc: 89.41
            Test acc: 89.61
            
2021-03-21 22:16:26 INFO     Loss 1.9062118271689235 at epoch 19 iteration 500
2021-03-21 22:16:28 INFO     Loss 1.9901984141158746 at epoch 19 iteration 1000
2021-03-21 22:16:30 INFO     Loss 2.0980459499220916 at epoch 19 iteration 1500
2021-03-21 22:16:32 INFO     Loss 1.9998714034161968 at epoch 19 iteration 2000
2021-03-21 22:16:36 INFO     
            Epoch 19
            Avg Loss: 1.9985818986557717
            Train acc: 89.41
            Test acc: 89.61
            
2021-03-21 22:16:38 INFO     Final test accuracy 89.61
2021-03-21 22:16:38 INFO     Making and Saving plots
2021-03-21 22:16:39 INFO     
        Testing early stop

        Gradient Parameters
        {'batch_size': 10, 'learn_rate_init': 0.0002, 'reg_lambda': 0.1, 'num_epochs': 20, 'L2': True, 'anneal': True, 'early_stop': 0}

        Preprocess Parameters
        {'threshold': False, 'normalize': True, 'augment_data': {'rotate': False, 'shift': False, 'zoom': False, 'shear': False, 'all': False}}

        Model Parameters
        {'input_dim': 784, 'hidden_1_dim': 256, 'hidden_2_dim': 128, 'output_dim': 10, 'hiddent_1_fnc': ReLU, 'hiddent_2_fnc': ReLU, 'output_fnc': Softmax}

        Train size
        30000
        
2021-03-21 22:16:40 INFO     Generator to Numpy Start
2021-03-21 22:16:40 INFO     Generator to Numpy End
2021-03-21 22:16:42 INFO     Loss 4.000094364424737 at epoch 0 iteration 500
2021-03-21 22:16:43 INFO     Loss 3.3859826583741945 at epoch 0 iteration 1000
2021-03-21 22:16:45 INFO     Loss 3.20726037258082 at epoch 0 iteration 1500
2021-03-21 22:16:47 INFO     Loss 3.2984581364343715 at epoch 0 iteration 2000
2021-03-21 22:16:49 INFO     Loss 2.4639267382806382 at epoch 0 iteration 2500
2021-03-21 22:16:50 INFO     Loss 2.674879708931797 at epoch 0 iteration 3000
2021-03-21 22:16:56 INFO     
            Epoch 0
            Avg Loss: 3.171766996504427
            Train acc: 82.83666666666667
            Test acc: 83.3
            
2021-03-21 22:16:58 INFO     Loss 3.052443044881173 at epoch 1 iteration 500
2021-03-21 22:17:00 INFO     Loss 2.2929191109161753 at epoch 1 iteration 1000
2021-03-21 22:17:01 INFO     Loss 2.2741624429833673 at epoch 1 iteration 1500
2021-03-21 22:17:03 INFO     Loss 2.801821655510588 at epoch 1 iteration 2000
2021-03-21 22:17:05 INFO     Loss 2.4170022276815097 at epoch 1 iteration 2500
2021-03-21 22:17:07 INFO     Loss 2.271194701305713 at epoch 1 iteration 3000
2021-03-21 22:17:13 INFO     
            Epoch 1
            Avg Loss: 2.518257197213088
            Train acc: 87.35
            Test acc: 87.62
            
2021-03-21 22:17:14 INFO     Loss 2.142466244381493 at epoch 2 iteration 500
2021-03-21 22:17:16 INFO     Loss 2.511171317009973 at epoch 2 iteration 1000
2021-03-21 22:17:18 INFO     Loss 2.3289352718066776 at epoch 2 iteration 1500
2021-03-21 22:17:20 INFO     Loss 2.0725041796642265 at epoch 2 iteration 2000
2021-03-21 22:17:21 INFO     Loss 2.1350826311860702 at epoch 2 iteration 2500
2021-03-21 22:17:23 INFO     Loss 1.8758363712346253 at epoch 2 iteration 3000
2021-03-21 22:17:29 INFO     
            Epoch 2
            Avg Loss: 2.177666002547178
            Train acc: 89.03666666666666
            Test acc: 89.09
            
2021-03-21 22:17:31 INFO     Loss 1.8516295830956915 at epoch 3 iteration 500
2021-03-21 22:17:33 INFO     Loss 1.7762599009028126 at epoch 3 iteration 1000
2021-03-21 22:17:34 INFO     Loss 2.0899910683709293 at epoch 3 iteration 1500
2021-03-21 22:17:36 INFO     Loss 1.9626729809443664 at epoch 3 iteration 2000
2021-03-21 22:17:38 INFO     Loss 2.3145217120816977 at epoch 3 iteration 2500
2021-03-21 22:17:40 INFO     Loss 1.9071622042642056 at epoch 3 iteration 3000
2021-03-21 22:17:46 INFO     
            Epoch 3
            Avg Loss: 1.9837062416099505
            Train acc: 89.73666666666666
            Test acc: 89.98
            
2021-03-21 22:17:47 INFO     Loss 1.6555885497346168 at epoch 4 iteration 500
2021-03-21 22:17:49 INFO     Loss 1.760113626097368 at epoch 4 iteration 1000
2021-03-21 22:17:51 INFO     Loss 2.1317454496811266 at epoch 4 iteration 1500
2021-03-21 22:17:53 INFO     Loss 1.7778976705693954 at epoch 4 iteration 2000
2021-03-21 22:17:54 INFO     Loss 1.9076549021078109 at epoch 4 iteration 2500
2021-03-21 22:17:56 INFO     Loss 2.0215322251251675 at epoch 4 iteration 3000
2021-03-21 22:18:02 INFO     
            Epoch 4
            Avg Loss: 1.875755403885914
            Train acc: 89.80666666666667
            Test acc: 90.11
            
2021-03-21 22:18:04 INFO     Loss 2.4749446585706134 at epoch 5 iteration 500
2021-03-21 22:18:05 INFO     Loss 1.896137860325289 at epoch 5 iteration 1000
2021-03-21 22:18:07 INFO     Loss 1.8111849844026595 at epoch 5 iteration 1500
2021-03-21 22:18:09 INFO     Loss 1.9375572988887164 at epoch 5 iteration 2000
2021-03-21 22:18:11 INFO     Loss 1.9664101909453358 at epoch 5 iteration 2500
2021-03-21 22:18:13 INFO     Loss 1.907831901497297 at epoch 5 iteration 3000
2021-03-21 22:18:18 INFO     
            Epoch 5
            Avg Loss: 1.999011149104985
            Train acc: 89.87666666666667
            Test acc: 90.23
            
2021-03-21 22:18:20 INFO     Loss 1.6129677155288904 at epoch 6 iteration 500
2021-03-21 22:18:22 INFO     Loss 1.7455423692240153 at epoch 6 iteration 1000
2021-03-21 22:18:24 INFO     Loss 1.8307956351483032 at epoch 6 iteration 1500
2021-03-21 22:18:25 INFO     Loss 1.8524415120041764 at epoch 6 iteration 2000
2021-03-21 22:18:27 INFO     Loss 1.8042971550338984 at epoch 6 iteration 2500
2021-03-21 22:18:29 INFO     Loss 1.7933932153957413 at epoch 6 iteration 3000
2021-03-21 22:18:35 INFO     
            Epoch 6
            Avg Loss: 1.7732396003891708
            Train acc: 89.95333333333333
            Test acc: 90.29
            
2021-03-21 22:18:37 INFO     Loss 1.668829693844751 at epoch 7 iteration 500
2021-03-21 22:18:39 INFO     Loss 1.8274687842826083 at epoch 7 iteration 1000
2021-03-21 22:18:40 INFO     Loss 1.720833967208645 at epoch 7 iteration 1500
2021-03-21 22:18:42 INFO     Loss 1.9844208053880117 at epoch 7 iteration 2000
2021-03-21 22:18:44 INFO     Loss 1.5819528830356053 at epoch 7 iteration 2500
2021-03-21 22:18:46 INFO     Loss 1.698524225338648 at epoch 7 iteration 3000
2021-03-21 22:18:51 INFO     
            Epoch 7
            Avg Loss: 1.7470050598497116
            Train acc: 89.96666666666667
            Test acc: 90.35
            
2021-03-21 22:18:53 INFO     Loss 1.9125288597362315 at epoch 8 iteration 500
2021-03-21 22:18:55 INFO     Loss 2.047946495236953 at epoch 8 iteration 1000
2021-03-21 22:18:57 INFO     Loss 1.6997190232171837 at epoch 8 iteration 1500
2021-03-21 22:18:59 INFO     Loss 1.7507901836826343 at epoch 8 iteration 2000
2021-03-21 22:19:00 INFO     Loss 1.8074234815200754 at epoch 8 iteration 2500
2021-03-21 22:19:02 INFO     Loss 1.6218816294276834 at epoch 8 iteration 3000
2021-03-21 22:19:08 INFO     
            Epoch 8
            Avg Loss: 1.8067149454701268
            Train acc: 90.02333333333333
            Test acc: 90.43
            
2021-03-21 22:19:10 INFO     Loss 1.7224939961213783 at epoch 9 iteration 500
2021-03-21 22:19:11 INFO     Loss 1.944861825353501 at epoch 9 iteration 1000
2021-03-21 22:19:13 INFO     Loss 1.8259709308655179 at epoch 9 iteration 1500
2021-03-21 22:19:15 INFO     Loss 1.6055162746945884 at epoch 9 iteration 2000
2021-03-21 22:19:16 INFO     Loss 1.690464897272122 at epoch 9 iteration 2500
2021-03-21 22:19:18 INFO     Loss 2.1849452612718303 at epoch 9 iteration 3000
2021-03-21 22:19:23 INFO     
            Epoch 9
            Avg Loss: 1.8290421975964897
            Train acc: 90.09666666666666
            Test acc: 90.44
            
2021-03-21 22:19:25 INFO     Loss 1.6034526406339342 at epoch 10 iteration 500
2021-03-21 22:19:27 INFO     Loss 1.9657044982838963 at epoch 10 iteration 1000
2021-03-21 22:19:28 INFO     Loss 1.7073138442482023 at epoch 10 iteration 1500
2021-03-21 22:19:30 INFO     Loss 1.7861620106049931 at epoch 10 iteration 2000
2021-03-21 22:19:32 INFO     Loss 1.852374095328453 at epoch 10 iteration 2500
2021-03-21 22:19:34 INFO     Loss 1.952713395809769 at epoch 10 iteration 3000
2021-03-21 22:19:39 INFO     
            Epoch 10
            Avg Loss: 1.8112867474848748
            Train acc: 90.1
            Test acc: 90.44
            
2021-03-21 22:19:41 INFO     Loss 1.6381014155125826 at epoch 11 iteration 500
2021-03-21 22:19:42 INFO     Loss 1.6762224985906546 at epoch 11 iteration 1000
2021-03-21 22:19:44 INFO     Loss 2.0449427347409994 at epoch 11 iteration 1500
2021-03-21 22:19:46 INFO     Loss 1.6937197255855168 at epoch 11 iteration 2000
2021-03-21 22:19:48 INFO     Loss 1.5650304883571005 at epoch 11 iteration 2500
2021-03-21 22:19:49 INFO     Loss 1.7744348124450426 at epoch 11 iteration 3000
2021-03-21 22:19:55 INFO     
            Epoch 11
            Avg Loss: 1.732075279205316
            Train acc: 90.1
            Test acc: 90.43
            
2021-03-21 22:19:56 INFO     Loss 1.5302664054908899 at epoch 12 iteration 500
2021-03-21 22:19:58 INFO     Loss 1.848873809358528 at epoch 12 iteration 1000
2021-03-21 22:20:00 INFO     Loss 1.8266063027958248 at epoch 12 iteration 1500
2021-03-21 22:20:02 INFO     Loss 2.620894562949756 at epoch 12 iteration 2000
2021-03-21 22:20:04 INFO     Loss 1.9058209076834913 at epoch 12 iteration 2500
2021-03-21 22:20:05 INFO     Loss 1.7037576656155373 at epoch 12 iteration 3000
2021-03-21 22:20:11 INFO     
            Epoch 12
            Avg Loss: 1.906036608982338
            Train acc: 90.10333333333334
            Test acc: 90.45
            
2021-03-21 22:20:13 INFO     Loss 1.8327651710489097 at epoch 13 iteration 500
2021-03-21 22:20:15 INFO     Loss 1.914319313117731 at epoch 13 iteration 1000
2021-03-21 22:20:16 INFO     Loss 2.0006033607453797 at epoch 13 iteration 1500
2021-03-21 22:20:18 INFO     Loss 1.5622160333105723 at epoch 13 iteration 2000
2021-03-21 22:20:20 INFO     Loss 1.9974719350811492 at epoch 13 iteration 2500
2021-03-21 22:20:22 INFO     Loss 1.5747188943830102 at epoch 13 iteration 3000
2021-03-21 22:20:28 INFO     
            Epoch 13
            Avg Loss: 1.8136824512811252
            Train acc: 90.10333333333334
            Test acc: 90.47
            
2021-03-21 22:20:29 INFO     Loss 1.6211310138092683 at epoch 14 iteration 500
2021-03-21 22:20:31 INFO     Loss 1.949129271537241 at epoch 14 iteration 1000
2021-03-21 22:20:33 INFO     Loss 1.6958449099110489 at epoch 14 iteration 1500
2021-03-21 22:20:35 INFO     Loss 2.090380646943627 at epoch 14 iteration 2000
2021-03-21 22:20:36 INFO     Loss 1.6879334748875696 at epoch 14 iteration 2500
2021-03-21 22:20:38 INFO     Loss 2.038275882179766 at epoch 14 iteration 3000
2021-03-21 22:20:44 INFO     
            Epoch 14
            Avg Loss: 1.8471158665447536
            Train acc: 90.11
            Test acc: 90.48
            
2021-03-21 22:20:46 INFO     Loss 1.705432028055881 at epoch 15 iteration 500
2021-03-21 22:20:47 INFO     Loss 2.2778635219387247 at epoch 15 iteration 1000
2021-03-21 22:20:49 INFO     Loss 1.6343606481376893 at epoch 15 iteration 1500
2021-03-21 22:20:51 INFO     Loss 1.6133610403149974 at epoch 15 iteration 2000
2021-03-21 22:20:53 INFO     Loss 1.5822904089456251 at epoch 15 iteration 2500
2021-03-21 22:20:54 INFO     Loss 1.7167671726458285 at epoch 15 iteration 3000
2021-03-21 22:21:00 INFO     
            Epoch 15
            Avg Loss: 1.7550124700064575
            Train acc: 90.11
            Test acc: 90.49
            
2021-03-21 22:21:02 INFO     Loss 1.701992231266933 at epoch 16 iteration 500
2021-03-21 22:21:03 INFO     Loss 1.6327639960589224 at epoch 16 iteration 1000
2021-03-21 22:21:05 INFO     Loss 2.020499107960016 at epoch 16 iteration 1500
2021-03-21 22:21:07 INFO     Loss 1.7838222941516788 at epoch 16 iteration 2000
2021-03-21 22:21:09 INFO     Loss 1.9489565805492566 at epoch 16 iteration 2500
2021-03-21 22:21:10 INFO     Loss 1.7926007095455407 at epoch 16 iteration 3000
2021-03-21 22:21:16 INFO     
            Epoch 16
            Avg Loss: 1.8134391532553913
            Train acc: 90.11
            Test acc: 90.49
            
2021-03-21 22:21:18 INFO     Loss 1.5819139218485079 at epoch 17 iteration 500
2021-03-21 22:21:19 INFO     Loss 1.9941229102989564 at epoch 17 iteration 1000
2021-03-21 22:21:21 INFO     Loss 1.6610534862802888 at epoch 17 iteration 1500
2021-03-21 22:21:23 INFO     Loss 1.6386485947682314 at epoch 17 iteration 2000
2021-03-21 22:21:24 INFO     Loss 1.6055576689097066 at epoch 17 iteration 2500
2021-03-21 22:21:26 INFO     Loss 1.7547967811081133 at epoch 17 iteration 3000
2021-03-21 22:21:32 INFO     
            Epoch 17
            Avg Loss: 1.7060155605356344
            Train acc: 90.11
            Test acc: 90.49
            
2021-03-21 22:21:33 INFO     Loss 1.8820254360586497 at epoch 18 iteration 500
2021-03-21 22:21:35 INFO     Loss 1.9743985407601743 at epoch 18 iteration 1000
2021-03-21 22:21:37 INFO     Loss 2.690832483549197 at epoch 18 iteration 1500
2021-03-21 22:21:39 INFO     Loss 1.9312129516834287 at epoch 18 iteration 2000
2021-03-21 22:21:40 INFO     Loss 1.965801165993433 at epoch 18 iteration 2500
2021-03-21 22:21:42 INFO     Loss 1.8079940511205264 at epoch 18 iteration 3000
2021-03-21 22:21:48 INFO     
            Epoch 18
            Avg Loss: 2.0420441048609015
            Train acc: 90.11
            Test acc: 90.49
            
2021-03-21 22:21:50 INFO     Loss 2.239615311446675 at epoch 19 iteration 500
2021-03-21 22:21:51 INFO     Loss 1.5720785369086334 at epoch 19 iteration 1000
2021-03-21 22:21:53 INFO     Loss 1.694566760166589 at epoch 19 iteration 1500
2021-03-21 22:21:55 INFO     Loss 2.1525483037844486 at epoch 19 iteration 2000
2021-03-21 22:21:56 INFO     Loss 1.7111762416844851 at epoch 19 iteration 2500
2021-03-21 22:21:58 INFO     Loss 1.6936884473861114 at epoch 19 iteration 3000
2021-03-21 22:22:04 INFO     
            Epoch 19
            Avg Loss: 1.8439456002294905
            Train acc: 90.11
            Test acc: 90.49
            
2021-03-21 22:22:05 INFO     Final test accuracy 90.49
2021-03-21 22:22:06 INFO     Making and Saving plots
2021-03-21 22:22:07 INFO     
        Testing early stop

        Gradient Parameters
        {'batch_size': 10, 'learn_rate_init': 0.0002, 'reg_lambda': 0.1, 'num_epochs': 20, 'L2': True, 'anneal': True, 'early_stop': 0}

        Preprocess Parameters
        {'threshold': False, 'normalize': True, 'augment_data': {'rotate': False, 'shift': False, 'zoom': False, 'shear': False, 'all': False}}

        Model Parameters
        {'input_dim': 784, 'hidden_1_dim': 256, 'hidden_2_dim': 128, 'output_dim': 10, 'hiddent_1_fnc': ReLU, 'hiddent_2_fnc': ReLU, 'output_fnc': Softmax}

        Train size
        40000
        
2021-03-21 22:22:07 INFO     Generator to Numpy Start
2021-03-21 22:22:07 INFO     Generator to Numpy End
2021-03-21 22:22:09 INFO     Loss 3.709410996424073 at epoch 0 iteration 500
2021-03-21 22:22:11 INFO     Loss 3.6011214926283426 at epoch 0 iteration 1000
2021-03-21 22:22:13 INFO     Loss 3.293495644961027 at epoch 0 iteration 1500
2021-03-21 22:22:14 INFO     Loss 2.8825093691414687 at epoch 0 iteration 2000
2021-03-21 22:22:16 INFO     Loss 2.724929056875873 at epoch 0 iteration 2500
2021-03-21 22:22:18 INFO     Loss 2.8176301239311785 at epoch 0 iteration 3000
2021-03-21 22:22:19 INFO     Loss 2.6660237838942775 at epoch 0 iteration 3500
2021-03-21 22:22:21 INFO     Loss 2.4636180564538956 at epoch 0 iteration 4000
2021-03-21 22:22:28 INFO     
            Epoch 0
            Avg Loss: 3.0198423155387673
            Train acc: 85.2825
            Test acc: 85.83
            
2021-03-21 22:22:30 INFO     Loss 3.1171072040600194 at epoch 1 iteration 500
2021-03-21 22:22:32 INFO     Loss 2.579954528750754 at epoch 1 iteration 1000
2021-03-21 22:22:34 INFO     Loss 2.499283711080443 at epoch 1 iteration 1500
2021-03-21 22:22:35 INFO     Loss 2.5672106623189155 at epoch 1 iteration 2000
2021-03-21 22:22:37 INFO     Loss 2.04172450659104 at epoch 1 iteration 2500
2021-03-21 22:22:39 INFO     Loss 2.206323988784864 at epoch 1 iteration 3000
2021-03-21 22:22:41 INFO     Loss 1.8886775747657467 at epoch 1 iteration 3500
2021-03-21 22:22:42 INFO     Loss 1.986317232417227 at epoch 1 iteration 4000
2021-03-21 22:22:49 INFO     
            Epoch 1
            Avg Loss: 2.3608249260961265
            Train acc: 88.7775
            Test acc: 89.37
            
2021-03-21 22:22:51 INFO     Loss 2.020610909289528 at epoch 2 iteration 500
2021-03-21 22:22:53 INFO     Loss 2.300083441986839 at epoch 2 iteration 1000
2021-03-21 22:22:54 INFO     Loss 1.7919089831475354 at epoch 2 iteration 1500
2021-03-21 22:22:56 INFO     Loss 1.789132216248377 at epoch 2 iteration 2000
2021-03-21 22:22:58 INFO     Loss 1.9166001741973901 at epoch 2 iteration 2500
2021-03-21 22:22:59 INFO     Loss 1.6731039778150327 at epoch 2 iteration 3000
2021-03-21 22:23:01 INFO     Loss 2.255387348361772 at epoch 2 iteration 3500
2021-03-21 22:23:03 INFO     Loss 1.862161466892137 at epoch 2 iteration 4000
2021-03-21 22:23:09 INFO     
            Epoch 2
            Avg Loss: 1.9511235647423262
            Train acc: 90.04
            Test acc: 90.29
            
2021-03-21 22:23:11 INFO     Loss 2.226173439325123 at epoch 3 iteration 500
2021-03-21 22:23:12 INFO     Loss 1.7407002699891945 at epoch 3 iteration 1000
2021-03-21 22:23:14 INFO     Loss 2.1465609750849146 at epoch 3 iteration 1500
2021-03-21 22:23:16 INFO     Loss 2.0162285975911582 at epoch 3 iteration 2000
2021-03-21 22:23:18 INFO     Loss 1.6999196243475645 at epoch 3 iteration 2500
2021-03-21 22:23:19 INFO     Loss 1.6210038015300758 at epoch 3 iteration 3000
2021-03-21 22:23:21 INFO     Loss 1.7551285468680238 at epoch 3 iteration 3500
2021-03-21 22:23:23 INFO     Loss 1.5991510987753967 at epoch 3 iteration 4000
2021-03-21 22:23:29 INFO     
            Epoch 3
            Avg Loss: 1.8506082941889317
            Train acc: 90.5275
            Test acc: 90.84
            
2021-03-21 22:23:31 INFO     Loss 1.7012978066850584 at epoch 4 iteration 500
2021-03-21 22:23:32 INFO     Loss 2.2005208861775793 at epoch 4 iteration 1000
2021-03-21 22:23:34 INFO     Loss 1.4994366707145392 at epoch 4 iteration 1500
2021-03-21 22:23:36 INFO     Loss 1.7311461595127409 at epoch 4 iteration 2000
2021-03-21 22:23:38 INFO     Loss 1.4513432430950903 at epoch 4 iteration 2500
2021-03-21 22:23:39 INFO     Loss 1.5151741365569074 at epoch 4 iteration 3000
2021-03-21 22:23:41 INFO     Loss 1.974250097261807 at epoch 4 iteration 3500
2021-03-21 22:23:43 INFO     Loss 1.812369369601833 at epoch 4 iteration 4000
2021-03-21 22:23:50 INFO     
            Epoch 4
            Avg Loss: 1.7356922962006944
            Train acc: 90.615
            Test acc: 91.03
            
2021-03-21 22:23:52 INFO     Loss 1.529089876281721 at epoch 5 iteration 500
2021-03-21 22:23:53 INFO     Loss 1.6121615611820734 at epoch 5 iteration 1000
2021-03-21 22:23:55 INFO     Loss 1.802620827532504 at epoch 5 iteration 1500
2021-03-21 22:23:57 INFO     Loss 1.7352428964979403 at epoch 5 iteration 2000
2021-03-21 22:23:59 INFO     Loss 1.6952629731124405 at epoch 5 iteration 2500
2021-03-21 22:24:00 INFO     Loss 1.7967088411330217 at epoch 5 iteration 3000
2021-03-21 22:24:02 INFO     Loss 1.4836741823560482 at epoch 5 iteration 3500
2021-03-21 22:24:04 INFO     Loss 1.716366455284199 at epoch 5 iteration 4000
2021-03-21 22:24:11 INFO     
            Epoch 5
            Avg Loss: 1.6713909516724934
            Train acc: 90.67
            Test acc: 91.09
            
2021-03-21 22:24:13 INFO     Loss 1.6026979985432221 at epoch 6 iteration 500
2021-03-21 22:24:15 INFO     Loss 1.9014788212529383 at epoch 6 iteration 1000
2021-03-21 22:24:17 INFO     Loss 1.7149769871919371 at epoch 6 iteration 1500
2021-03-21 22:24:18 INFO     Loss 1.6128302745430791 at epoch 6 iteration 2000
2021-03-21 22:24:20 INFO     Loss 1.5974087396746262 at epoch 6 iteration 2500
2021-03-21 22:24:22 INFO     Loss 1.8603657098259134 at epoch 6 iteration 3000
2021-03-21 22:24:24 INFO     Loss 2.334029986007388 at epoch 6 iteration 3500
2021-03-21 22:24:25 INFO     Loss 1.9503871554849046 at epoch 6 iteration 4000
2021-03-21 22:24:32 INFO     
            Epoch 6
            Avg Loss: 1.8217719590655008
            Train acc: 90.7575
            Test acc: 91.15
            
2021-03-21 22:24:34 INFO     Loss 1.7745761342774131 at epoch 7 iteration 500
2021-03-21 22:24:36 INFO     Loss 1.5173650533462821 at epoch 7 iteration 1000
2021-03-21 22:24:38 INFO     Loss 1.4510895943804758 at epoch 7 iteration 1500
2021-03-21 22:24:39 INFO     Loss 1.948662664531799 at epoch 7 iteration 2000
2021-03-21 22:24:41 INFO     Loss 1.5794258778457888 at epoch 7 iteration 2500
2021-03-21 22:24:43 INFO     Loss 1.5673054183308148 at epoch 7 iteration 3000
2021-03-21 22:24:44 INFO     Loss 1.6277848804923853 at epoch 7 iteration 3500
2021-03-21 22:24:46 INFO     Loss 1.539760775756727 at epoch 7 iteration 4000
2021-03-21 22:24:53 INFO     
            Epoch 7
            Avg Loss: 1.6257462998702108
            Train acc: 90.7475
            Test acc: 91.12
            
2021-03-21 22:24:55 INFO     Loss 1.5613938029102716 at epoch 8 iteration 500
2021-03-21 22:24:57 INFO     Loss 1.9132864620768566 at epoch 8 iteration 1000
2021-03-21 22:24:59 INFO     Loss 1.6082039942993167 at epoch 8 iteration 1500
2021-03-21 22:25:00 INFO     Loss 1.7205578005214108 at epoch 8 iteration 2000
2021-03-21 22:25:02 INFO     Loss 1.5429606659847241 at epoch 8 iteration 2500
2021-03-21 22:25:04 INFO     Loss 1.716450779389922 at epoch 8 iteration 3000
2021-03-21 22:25:06 INFO     Loss 1.613911668109158 at epoch 8 iteration 3500
2021-03-21 22:25:07 INFO     Loss 1.5014582247413168 at epoch 8 iteration 4000
2021-03-21 22:25:14 INFO     
            Epoch 8
            Avg Loss: 1.647277924754122
            Train acc: 90.82
            Test acc: 91.22
            
2021-03-21 22:25:16 INFO     Loss 1.880269275826092 at epoch 9 iteration 500
2021-03-21 22:25:18 INFO     Loss 1.5601727979353694 at epoch 9 iteration 1000
2021-03-21 22:25:20 INFO     Loss 2.035515294909655 at epoch 9 iteration 1500
2021-03-21 22:25:22 INFO     Loss 1.8853910912511553 at epoch 9 iteration 2000
2021-03-21 22:25:23 INFO     Loss 1.3557012958568455 at epoch 9 iteration 2500
2021-03-21 22:25:25 INFO     Loss 1.3745682144483138 at epoch 9 iteration 3000
2021-03-21 22:25:27 INFO     Loss 1.5894789912825633 at epoch 9 iteration 3500
2021-03-21 22:25:29 INFO     Loss 1.3707727897186548 at epoch 9 iteration 4000
2021-03-21 22:25:36 INFO     
            Epoch 9
            Avg Loss: 1.6314837189035811
            Train acc: 90.845
            Test acc: 91.19
            
2021-03-21 22:25:38 INFO     Loss 1.5568773823540363 at epoch 10 iteration 500
2021-03-21 22:25:39 INFO     Loss 1.5506308084650624 at epoch 10 iteration 1000
2021-03-21 22:25:41 INFO     Loss 1.9323639410823412 at epoch 10 iteration 1500
2021-03-21 22:25:43 INFO     Loss 1.495261344833675 at epoch 10 iteration 2000
2021-03-21 22:25:45 INFO     Loss 1.627275078954321 at epoch 10 iteration 2500
2021-03-21 22:25:46 INFO     Loss 1.4053230877408591 at epoch 10 iteration 3000
2021-03-21 22:25:48 INFO     Loss 1.6983845877964747 at epoch 10 iteration 3500
2021-03-21 22:25:50 INFO     Loss 1.5357892858223112 at epoch 10 iteration 4000
2021-03-21 22:25:57 INFO     
            Epoch 10
            Avg Loss: 1.600238189631135
            Train acc: 90.8425
            Test acc: 91.21
            
2021-03-21 22:25:59 INFO     Loss 1.6641684780057535 at epoch 11 iteration 500
2021-03-21 22:26:01 INFO     Loss 1.6753845298898948 at epoch 11 iteration 1000
2021-03-21 22:26:02 INFO     Loss 1.4607972702610734 at epoch 11 iteration 1500
2021-03-21 22:26:04 INFO     Loss 1.646441133190923 at epoch 11 iteration 2000
2021-03-21 22:26:06 INFO     Loss 1.5705932851838336 at epoch 11 iteration 2500
2021-03-21 22:26:08 INFO     Loss 2.020620134360818 at epoch 11 iteration 3000
2021-03-21 22:26:10 INFO     Loss 1.6139821297008208 at epoch 11 iteration 3500
2021-03-21 22:26:11 INFO     Loss 1.5177284542595937 at epoch 11 iteration 4000
2021-03-21 22:26:18 INFO     
            Epoch 11
            Avg Loss: 1.646214426856589
            Train acc: 90.84
            Test acc: 91.21
            
2021-03-21 22:26:20 INFO     Loss 1.599041402194179 at epoch 12 iteration 500
2021-03-21 22:26:22 INFO     Loss 1.445222927490538 at epoch 12 iteration 1000
2021-03-21 22:26:24 INFO     Loss 1.5912899597210328 at epoch 12 iteration 1500
2021-03-21 22:26:25 INFO     Loss 1.5199632619952221 at epoch 12 iteration 2000
2021-03-21 22:26:27 INFO     Loss 1.6721230819969155 at epoch 12 iteration 2500
2021-03-21 22:26:29 INFO     Loss 1.4323611103024936 at epoch 12 iteration 3000
2021-03-21 22:26:30 INFO     Loss 1.9245665137949535 at epoch 12 iteration 3500
2021-03-21 22:26:32 INFO     Loss 1.793844981365373 at epoch 12 iteration 4000
2021-03-21 22:26:39 INFO     
            Epoch 12
            Avg Loss: 1.6223016548575886
            Train acc: 90.8525
            Test acc: 91.21
            
2021-03-21 22:26:40 INFO     Loss 1.517935216902966 at epoch 13 iteration 500
2021-03-21 22:26:42 INFO     Loss 1.392910794620354 at epoch 13 iteration 1000
2021-03-21 22:26:44 INFO     Loss 1.4685422852303585 at epoch 13 iteration 1500
2021-03-21 22:26:46 INFO     Loss 1.6060895920292795 at epoch 13 iteration 2000
2021-03-21 22:26:47 INFO     Loss 1.6441959073913595 at epoch 13 iteration 2500
2021-03-21 22:26:49 INFO     Loss 1.5834189018119442 at epoch 13 iteration 3000
2021-03-21 22:26:51 INFO     Loss 1.9796892669272765 at epoch 13 iteration 3500
2021-03-21 22:26:52 INFO     Loss 1.7552199214685402 at epoch 13 iteration 4000
2021-03-21 22:26:59 INFO     
            Epoch 13
            Avg Loss: 1.61850023579776
            Train acc: 90.865
            Test acc: 91.23
            
2021-03-21 22:27:01 INFO     Loss 1.3598187173128933 at epoch 14 iteration 500
2021-03-21 22:27:02 INFO     Loss 1.8649044431066226 at epoch 14 iteration 1000
2021-03-21 22:27:04 INFO     Loss 1.5144283204949964 at epoch 14 iteration 1500
2021-03-21 22:27:06 INFO     Loss 1.5459156479363907 at epoch 14 iteration 2000
2021-03-21 22:27:07 INFO     Loss 1.6188659466577808 at epoch 14 iteration 2500
2021-03-21 22:27:09 INFO     Loss 1.6046215207254653 at epoch 14 iteration 3000
2021-03-21 22:27:11 INFO     Loss 1.657193190098775 at epoch 14 iteration 3500
2021-03-21 22:27:12 INFO     Loss 2.1321785959202333 at epoch 14 iteration 4000
2021-03-21 22:27:19 INFO     
            Epoch 14
            Avg Loss: 1.6622407977816447
            Train acc: 90.865
            Test acc: 91.25
            
2021-03-21 22:27:21 INFO     Loss 1.7458784715661304 at epoch 15 iteration 500
2021-03-21 22:27:22 INFO     Loss 1.6486019337385593 at epoch 15 iteration 1000
2021-03-21 22:27:24 INFO     Loss 2.187540786335575 at epoch 15 iteration 1500
2021-03-21 22:27:26 INFO     Loss 1.510593014886175 at epoch 15 iteration 2000
2021-03-21 22:27:28 INFO     Loss 1.451799928258063 at epoch 15 iteration 2500
2021-03-21 22:27:29 INFO     Loss 1.9043943251817528 at epoch 15 iteration 3000
2021-03-21 22:27:31 INFO     Loss 1.768413339967824 at epoch 15 iteration 3500
2021-03-21 22:27:33 INFO     Loss 1.6440882746875982 at epoch 15 iteration 4000
2021-03-21 22:27:39 INFO     
            Epoch 15
            Avg Loss: 1.7326637593277099
            Train acc: 90.8725
            Test acc: 91.25
            
2021-03-21 22:27:41 INFO     Loss 1.6886379423722062 at epoch 16 iteration 500
2021-03-21 22:27:42 INFO     Loss 1.8168945950222786 at epoch 16 iteration 1000
2021-03-21 22:27:44 INFO     Loss 1.5981423470152276 at epoch 16 iteration 1500
2021-03-21 22:27:46 INFO     Loss 1.371431372297327 at epoch 16 iteration 2000
2021-03-21 22:27:48 INFO     Loss 1.691567227382263 at epoch 16 iteration 2500
2021-03-21 22:27:49 INFO     Loss 1.4766437887531403 at epoch 16 iteration 3000
2021-03-21 22:27:51 INFO     Loss 1.381667210333509 at epoch 16 iteration 3500
2021-03-21 22:27:53 INFO     Loss 1.3364942545829788 at epoch 16 iteration 4000
2021-03-21 22:27:59 INFO     
            Epoch 16
            Avg Loss: 1.5451848422198664
            Train acc: 90.8725
            Test acc: 91.25
            
2021-03-21 22:28:01 INFO     Loss 1.4480605836308518 at epoch 17 iteration 500
2021-03-21 22:28:03 INFO     Loss 1.7927150073345193 at epoch 17 iteration 1000
2021-03-21 22:28:04 INFO     Loss 1.583775593360835 at epoch 17 iteration 1500
2021-03-21 22:28:06 INFO     Loss 1.5548391298802857 at epoch 17 iteration 2000
2021-03-21 22:28:08 INFO     Loss 1.4953273614695652 at epoch 17 iteration 2500
2021-03-21 22:28:09 INFO     Loss 1.631439197481968 at epoch 17 iteration 3000
2021-03-21 22:28:11 INFO     Loss 1.4218585174933676 at epoch 17 iteration 3500
2021-03-21 22:28:13 INFO     Loss 1.8875678278153183 at epoch 17 iteration 4000
2021-03-21 22:28:19 INFO     
            Epoch 17
            Avg Loss: 1.6019479023083387
            Train acc: 90.87
            Test acc: 91.25
            
2021-03-21 22:28:21 INFO     Loss 1.5637082523783876 at epoch 18 iteration 500
2021-03-21 22:28:23 INFO     Loss 1.4450365156392357 at epoch 18 iteration 1000
2021-03-21 22:28:24 INFO     Loss 1.8838482331516073 at epoch 18 iteration 1500
2021-03-21 22:28:26 INFO     Loss 1.7593712402697321 at epoch 18 iteration 2000
2021-03-21 22:28:28 INFO     Loss 1.8873132738307163 at epoch 18 iteration 2500
2021-03-21 22:28:30 INFO     Loss 1.3694427095447044 at epoch 18 iteration 3000
2021-03-21 22:28:31 INFO     Loss 1.5537971750451431 at epoch 18 iteration 3500
2021-03-21 22:28:33 INFO     Loss 1.3800259732014315 at epoch 18 iteration 4000
2021-03-21 22:28:39 INFO     
            Epoch 18
            Avg Loss: 1.60531792163262
            Train acc: 90.87
            Test acc: 91.25
            
2021-03-21 22:28:41 INFO     Loss 1.712791980006953 at epoch 19 iteration 500
2021-03-21 22:28:43 INFO     Loss 1.5161202234839175 at epoch 19 iteration 1000
2021-03-21 22:28:45 INFO     Loss 1.6893170105674926 at epoch 19 iteration 1500
2021-03-21 22:28:46 INFO     Loss 2.025577241796188 at epoch 19 iteration 2000
2021-03-21 22:28:48 INFO     Loss 1.5105084916230005 at epoch 19 iteration 2500
2021-03-21 22:28:50 INFO     Loss 1.5565204367494425 at epoch 19 iteration 3000
2021-03-21 22:28:51 INFO     Loss 1.5874485838562116 at epoch 19 iteration 3500
2021-03-21 22:28:53 INFO     Loss 1.830817038905381 at epoch 19 iteration 4000
2021-03-21 22:29:00 INFO     
            Epoch 19
            Avg Loss: 1.6786376258735733
            Train acc: 90.87
            Test acc: 91.25
            
2021-03-21 22:29:01 INFO     Final test accuracy 91.25
2021-03-21 22:29:01 INFO     Making and Saving plots
