2021-03-29 10:29:15 INFO     
Trying without np random and sigmoid

Gradient Parameters
{'batch_size': 10, 'learn_rate_init': 0.0002, 'reg_lambda': 0.1, 'num_epochs': 15, 'L2': False, 'anneal': True, 'early_stop': 0}

Preprocess Parameters
{'threshold': False, 'normalize': True, 'augment_data': False}

Model Parameters
{'input_dim': 784, 'hidden_1_dim': 128, 'hidden_2_dim': 128, 'output_dim': 10, 'hiddent_1_fnc': Signmoid, 'hiddent_2_fnc': Signmoid, 'output_fnc': Softmax}

2021-03-29 10:29:15 INFO     Performing normalization
2021-03-29 10:29:16 INFO     Loss 2.311836066306929 at epoch 0 iteration 250
2021-03-29 10:29:16 INFO     Loss 2.281244085451179 at epoch 0 iteration 500
2021-03-29 10:29:17 INFO     Loss 2.342999870212297 at epoch 0 iteration 750
2021-03-29 10:29:17 INFO     Loss 2.30408192425968 at epoch 0 iteration 1000
2021-03-29 10:29:18 INFO     Loss 2.3202914705476423 at epoch 0 iteration 1250
2021-03-29 10:29:18 INFO     Loss 2.2836723836691113 at epoch 0 iteration 1500
2021-03-29 10:29:19 INFO     Loss 2.295821298102314 at epoch 0 iteration 1750
2021-03-29 10:29:19 INFO     Loss 2.284711029905488 at epoch 0 iteration 2000
2021-03-29 10:29:20 INFO     Loss 2.2807743117338988 at epoch 0 iteration 2250
2021-03-29 10:29:20 INFO     Loss 2.216447175902858 at epoch 0 iteration 2500
2021-03-29 10:29:21 INFO     Loss 2.274516228079667 at epoch 0 iteration 2750
2021-03-29 10:29:21 INFO     Loss 2.2782521302722447 at epoch 0 iteration 3000
2021-03-29 10:29:22 INFO     Loss 2.23481127636245 at epoch 0 iteration 3250
2021-03-29 10:29:22 INFO     Loss 2.291201663399159 at epoch 0 iteration 3500
2021-03-29 10:29:23 INFO     Loss 2.2932752525970095 at epoch 0 iteration 3750
2021-03-29 10:29:23 INFO     Loss 2.2889611180993863 at epoch 0 iteration 4000
2021-03-29 10:29:24 INFO     Loss 2.281930545183783 at epoch 0 iteration 4250
2021-03-29 10:29:24 INFO     Loss 2.261444215949805 at epoch 0 iteration 4500
2021-03-29 10:29:25 INFO     Loss 2.293908195605546 at epoch 0 iteration 4750
2021-03-29 10:29:25 INFO     Loss 2.244537202624747 at epoch 0 iteration 5000
2021-03-29 10:29:26 INFO     Loss 2.2628679662706754 at epoch 0 iteration 5250
2021-03-29 10:29:26 INFO     Loss 2.2670262616140593 at epoch 0 iteration 5500
2021-03-29 10:29:27 INFO     Loss 2.2462439432902674 at epoch 0 iteration 5750
2021-03-29 10:29:27 INFO     Loss 2.2643475170909255 at epoch 0 iteration 6000
2021-03-29 10:29:35 INFO     
            Epoch 0
            Avg Loss: 2.2793834638554635
            Train acc: 20.133333333333333
            Test acc: 20.43
            
2021-03-29 10:29:36 INFO     Loss 2.2212305374845793 at epoch 1 iteration 250
2021-03-29 10:29:37 INFO     Loss 2.271810814190623 at epoch 1 iteration 500
2021-03-29 10:29:37 INFO     Loss 2.2486290706887813 at epoch 1 iteration 750
2021-03-29 10:29:38 INFO     Loss 2.2779801792399885 at epoch 1 iteration 1000
2021-03-29 10:29:38 INFO     Loss 2.2286521575989435 at epoch 1 iteration 1250
2021-03-29 10:29:39 INFO     Loss 2.2114460492660597 at epoch 1 iteration 1500
2021-03-29 10:29:39 INFO     Loss 2.238189980778144 at epoch 1 iteration 1750
2021-03-29 10:29:40 INFO     Loss 2.28949405781191 at epoch 1 iteration 2000
2021-03-29 10:29:40 INFO     Loss 2.2332450087195634 at epoch 1 iteration 2250
2021-03-29 10:29:40 INFO     Loss 2.2550600652303467 at epoch 1 iteration 2500
2021-03-29 10:29:41 INFO     Loss 2.2221917196238126 at epoch 1 iteration 2750
2021-03-29 10:29:41 INFO     Loss 2.2115531138783084 at epoch 1 iteration 3000
2021-03-29 10:29:42 INFO     Loss 2.164467776241196 at epoch 1 iteration 3250
2021-03-29 10:29:42 INFO     Loss 2.2384194171056158 at epoch 1 iteration 3500
2021-03-29 10:29:43 INFO     Loss 2.1589081566901966 at epoch 1 iteration 3750
2021-03-29 10:29:43 INFO     Loss 2.21327459644856 at epoch 1 iteration 4000
2021-03-29 10:29:44 INFO     Loss 2.2229960361154557 at epoch 1 iteration 4250
2021-03-29 10:29:44 INFO     Loss 2.245147208859412 at epoch 1 iteration 4500
2021-03-29 10:29:45 INFO     Loss 2.296040944086815 at epoch 1 iteration 4750
2021-03-29 10:29:45 INFO     Loss 2.250590509772366 at epoch 1 iteration 5000
2021-03-29 10:29:46 INFO     Loss 2.1388883454348377 at epoch 1 iteration 5250
2021-03-29 10:29:46 INFO     Loss 2.1739519735480672 at epoch 1 iteration 5500
2021-03-29 10:29:47 INFO     Loss 2.151007657219802 at epoch 1 iteration 5750
2021-03-29 10:29:47 INFO     Loss 2.2173273828054136 at epoch 1 iteration 6000
2021-03-29 10:29:56 INFO     
            Epoch 1
            Avg Loss: 2.2241876149516164
            Train acc: 43.38
            Test acc: 45.63
            
2021-03-29 10:29:56 INFO     Loss 2.1833794015272825 at epoch 2 iteration 250
2021-03-29 10:29:57 INFO     Loss 2.184642756430603 at epoch 2 iteration 500
2021-03-29 10:29:57 INFO     Loss 2.183451481362726 at epoch 2 iteration 750
2021-03-29 10:29:58 INFO     Loss 2.1646910932189667 at epoch 2 iteration 1000
2021-03-29 10:29:58 INFO     Loss 2.194879564226676 at epoch 2 iteration 1250
2021-03-29 10:29:59 INFO     Loss 2.14177032696765 at epoch 2 iteration 1500
2021-03-29 10:29:59 INFO     Loss 2.145071227534624 at epoch 2 iteration 1750
2021-03-29 10:30:00 INFO     Loss 2.2112006217472504 at epoch 2 iteration 2000
2021-03-29 10:30:00 INFO     Loss 2.2270233481537076 at epoch 2 iteration 2250
2021-03-29 10:30:01 INFO     Loss 2.1911579756985304 at epoch 2 iteration 2500
2021-03-29 10:30:01 INFO     Loss 2.1617028515279335 at epoch 2 iteration 2750
2021-03-29 10:30:01 INFO     Loss 2.2038734226187193 at epoch 2 iteration 3000
2021-03-29 10:30:02 INFO     Loss 2.1786944290367045 at epoch 2 iteration 3250
2021-03-29 10:30:02 INFO     Loss 2.1760848903610803 at epoch 2 iteration 3500
2021-03-29 10:30:03 INFO     Loss 2.074493361702737 at epoch 2 iteration 3750
2021-03-29 10:30:03 INFO     Loss 2.151510778790983 at epoch 2 iteration 4000
2021-03-29 10:30:04 INFO     Loss 2.1886622307115267 at epoch 2 iteration 4250
2021-03-29 10:30:04 INFO     Loss 2.1703620409036772 at epoch 2 iteration 4500
2021-03-29 10:30:05 INFO     Loss 2.1501283204896118 at epoch 2 iteration 4750
2021-03-29 10:30:05 INFO     Loss 2.1220289693487233 at epoch 2 iteration 5000
2021-03-29 10:30:06 INFO     Loss 2.12694004136555 at epoch 2 iteration 5250
2021-03-29 10:30:06 INFO     Loss 2.070156995936813 at epoch 2 iteration 5500
2021-03-29 10:30:07 INFO     Loss 2.161589291886942 at epoch 2 iteration 5750
2021-03-29 10:30:07 INFO     Loss 2.05990002470007 at epoch 2 iteration 6000
2021-03-29 10:30:16 INFO     
            Epoch 2
            Avg Loss: 2.1593081435937123
            Train acc: 46.67666666666667
            Test acc: 47.87
            
2021-03-29 10:30:16 INFO     Loss 2.101289653205638 at epoch 3 iteration 250
2021-03-29 10:30:17 INFO     Loss 2.2392197974105215 at epoch 3 iteration 500
2021-03-29 10:30:17 INFO     Loss 2.116655353611358 at epoch 3 iteration 750
2021-03-29 10:30:18 INFO     Loss 2.086904272883479 at epoch 3 iteration 1000
2021-03-29 10:30:18 INFO     Loss 2.1392227426962402 at epoch 3 iteration 1250
2021-03-29 10:30:19 INFO     Loss 2.2242504427014373 at epoch 3 iteration 1500
2021-03-29 10:30:19 INFO     Loss 2.134724938975237 at epoch 3 iteration 1750
2021-03-29 10:30:20 INFO     Loss 2.0997526144315346 at epoch 3 iteration 2000
2021-03-29 10:30:20 INFO     Loss 2.1943071777334544 at epoch 3 iteration 2250
2021-03-29 10:30:21 INFO     Loss 2.1618932397716017 at epoch 3 iteration 2500
2021-03-29 10:30:21 INFO     Loss 2.1590875853695204 at epoch 3 iteration 2750
2021-03-29 10:30:22 INFO     Loss 2.183512687103913 at epoch 3 iteration 3000
2021-03-29 10:30:22 INFO     Loss 2.137853800436936 at epoch 3 iteration 3250
2021-03-29 10:30:23 INFO     Loss 2.097913181831922 at epoch 3 iteration 3500
2021-03-29 10:30:23 INFO     Loss 2.082860107311817 at epoch 3 iteration 3750
2021-03-29 10:30:24 INFO     Loss 2.114840670833596 at epoch 3 iteration 4000
2021-03-29 10:30:24 INFO     Loss 2.0744839384303275 at epoch 3 iteration 4250
2021-03-29 10:30:25 INFO     Loss 2.1759117630528824 at epoch 3 iteration 4500
2021-03-29 10:30:25 INFO     Loss 2.1299993828504116 at epoch 3 iteration 4750
2021-03-29 10:30:26 INFO     Loss 2.0343743210514815 at epoch 3 iteration 5000
2021-03-29 10:30:27 INFO     Loss 2.094615390053603 at epoch 3 iteration 5250
2021-03-29 10:30:27 INFO     Loss 2.094507708065052 at epoch 3 iteration 5500
2021-03-29 10:30:28 INFO     Loss 2.1069044646414357 at epoch 3 iteration 5750
2021-03-29 10:30:28 INFO     Loss 2.0821573533470854 at epoch 3 iteration 6000
2021-03-29 10:30:37 INFO     
            Epoch 3
            Avg Loss: 2.127801774491687
            Train acc: 35.64833333333333
            Test acc: 36.36
            
2021-03-29 10:30:37 INFO     Loss 2.0323934755137865 at epoch 4 iteration 250
2021-03-29 10:30:38 INFO     Loss 2.1574360968482753 at epoch 4 iteration 500
2021-03-29 10:30:38 INFO     Loss 2.073096838555315 at epoch 4 iteration 750
2021-03-29 10:30:39 INFO     Loss 2.1005010750844666 at epoch 4 iteration 1000
2021-03-29 10:30:39 INFO     Loss 2.0529093410831183 at epoch 4 iteration 1250
2021-03-29 10:30:40 INFO     Loss 2.084493109996824 at epoch 4 iteration 1500
2021-03-29 10:30:41 INFO     Loss 2.1337606610056308 at epoch 4 iteration 1750
2021-03-29 10:30:41 INFO     Loss 2.11845237867967 at epoch 4 iteration 2000
2021-03-29 10:30:42 INFO     Loss 2.01159293171249 at epoch 4 iteration 2250
2021-03-29 10:30:42 INFO     Loss 2.168442000765249 at epoch 4 iteration 2500
2021-03-29 10:30:43 INFO     Loss 2.097815309249243 at epoch 4 iteration 2750
2021-03-29 10:30:43 INFO     Loss 2.1204702747717645 at epoch 4 iteration 3000
2021-03-29 10:30:44 INFO     Loss 2.15148572363147 at epoch 4 iteration 3250
2021-03-29 10:30:44 INFO     Loss 2.0881859938970666 at epoch 4 iteration 3500
2021-03-29 10:30:45 INFO     Loss 2.0957129009338877 at epoch 4 iteration 3750
2021-03-29 10:30:45 INFO     Loss 2.1002341821023975 at epoch 4 iteration 4000
2021-03-29 10:30:46 INFO     Loss 2.056091296083058 at epoch 4 iteration 4250
2021-03-29 10:30:46 INFO     Loss 2.0240399279798424 at epoch 4 iteration 4500
2021-03-29 10:30:47 INFO     Loss 1.9881630368062462 at epoch 4 iteration 4750
2021-03-29 10:30:48 INFO     Loss 2.0037066699415784 at epoch 4 iteration 5000
2021-03-29 10:30:48 INFO     Loss 2.069038658319179 at epoch 4 iteration 5250
2021-03-29 10:30:49 INFO     Loss 2.2104246839035104 at epoch 4 iteration 5500
2021-03-29 10:30:49 INFO     Loss 2.122488712513074 at epoch 4 iteration 5750
2021-03-29 10:30:50 INFO     Loss 2.141016909395729 at epoch 4 iteration 6000
2021-03-29 10:30:58 INFO     
            Epoch 4
            Avg Loss: 2.091748007865537
            Train acc: 36.99166666666667
            Test acc: 37.3
            
2021-03-29 10:30:59 INFO     Loss 2.0878041203920072 at epoch 5 iteration 250
2021-03-29 10:30:59 INFO     Loss 2.0120715306755597 at epoch 5 iteration 500
2021-03-29 10:31:00 INFO     Loss 2.0637730317156002 at epoch 5 iteration 750
2021-03-29 10:31:00 INFO     Loss 2.159820896659518 at epoch 5 iteration 1000
2021-03-29 10:31:01 INFO     Loss 2.1442131076476616 at epoch 5 iteration 1250
2021-03-29 10:31:01 INFO     Loss 2.0150606117632264 at epoch 5 iteration 1500
2021-03-29 10:31:02 INFO     Loss 2.1225679983398353 at epoch 5 iteration 1750
2021-03-29 10:31:02 INFO     Loss 2.06400572905206 at epoch 5 iteration 2000
2021-03-29 10:31:03 INFO     Loss 2.1545320548302462 at epoch 5 iteration 2250
2021-03-29 10:31:03 INFO     Loss 2.1246672178145007 at epoch 5 iteration 2500
2021-03-29 10:31:04 INFO     Loss 2.1321550608897977 at epoch 5 iteration 2750
2021-03-29 10:31:04 INFO     Loss 2.1449015512841347 at epoch 5 iteration 3000
2021-03-29 10:31:05 INFO     Loss 2.107252499290684 at epoch 5 iteration 3250
2021-03-29 10:31:05 INFO     Loss 2.137556935266074 at epoch 5 iteration 3500
2021-03-29 10:31:06 INFO     Loss 2.1083646003596264 at epoch 5 iteration 3750
2021-03-29 10:31:06 INFO     Loss 2.110417072600876 at epoch 5 iteration 4000
2021-03-29 10:31:07 INFO     Loss 2.0042176024477554 at epoch 5 iteration 4250
2021-03-29 10:31:07 INFO     Loss 2.1230907374630212 at epoch 5 iteration 4500
2021-03-29 10:31:08 INFO     Loss 2.0914029000152334 at epoch 5 iteration 4750
2021-03-29 10:31:08 INFO     Loss 2.085815358090867 at epoch 5 iteration 5000
2021-03-29 10:31:09 INFO     Loss 2.1747732058302645 at epoch 5 iteration 5250
2021-03-29 10:31:09 INFO     Loss 2.1446732484615123 at epoch 5 iteration 5500
2021-03-29 10:31:10 INFO     Loss 2.172059150748346 at epoch 5 iteration 5750
2021-03-29 10:31:10 INFO     Loss 2.0368777281567167 at epoch 5 iteration 6000
2021-03-29 10:31:19 INFO     
            Epoch 5
            Avg Loss: 2.105086414574797
            Train acc: 37.78
            Test acc: 38.0
            
2021-03-29 10:31:20 INFO     Loss 2.1178808321366875 at epoch 6 iteration 250
2021-03-29 10:31:20 INFO     Loss 2.1666477689598875 at epoch 6 iteration 500
2021-03-29 10:31:21 INFO     Loss 2.1352469446038933 at epoch 6 iteration 750
2021-03-29 10:31:21 INFO     Loss 2.0666465458088163 at epoch 6 iteration 1000
2021-03-29 10:31:22 INFO     Loss 2.060733063540717 at epoch 6 iteration 1250
2021-03-29 10:31:22 INFO     Loss 2.0574903928906525 at epoch 6 iteration 1500
2021-03-29 10:31:23 INFO     Loss 1.977391152808274 at epoch 6 iteration 1750
2021-03-29 10:31:23 INFO     Loss 2.0475748747956506 at epoch 6 iteration 2000
2021-03-29 10:31:24 INFO     Loss 2.128657532290936 at epoch 6 iteration 2250
2021-03-29 10:31:24 INFO     Loss 2.117268247505361 at epoch 6 iteration 2500
2021-03-29 10:31:25 INFO     Loss 1.8217950713944995 at epoch 6 iteration 2750
2021-03-29 10:31:25 INFO     Loss 2.020089038613299 at epoch 6 iteration 3000
2021-03-29 10:31:26 INFO     Loss 2.1480120299213668 at epoch 6 iteration 3250
2021-03-29 10:31:26 INFO     Loss 1.979493441553597 at epoch 6 iteration 3500
2021-03-29 10:31:27 INFO     Loss 2.075700382591369 at epoch 6 iteration 3750
2021-03-29 10:31:28 INFO     Loss 2.0246342576715683 at epoch 6 iteration 4000
2021-03-29 10:31:28 INFO     Loss 2.030226114173716 at epoch 6 iteration 4250
2021-03-29 10:31:29 INFO     Loss 1.989935805124185 at epoch 6 iteration 4500
2021-03-29 10:31:29 INFO     Loss 1.9538113465139846 at epoch 6 iteration 4750
2021-03-29 10:31:30 INFO     Loss 2.0137858624104807 at epoch 6 iteration 5000
2021-03-29 10:31:30 INFO     Loss 2.032429835846328 at epoch 6 iteration 5250
2021-03-29 10:31:31 INFO     Loss 1.8813522740589208 at epoch 6 iteration 5500
2021-03-29 10:31:31 INFO     Loss 2.0461921374535543 at epoch 6 iteration 5750
2021-03-29 10:31:32 INFO     Loss 2.0701723020596474 at epoch 6 iteration 6000
2021-03-29 10:31:41 INFO     
            Epoch 6
            Avg Loss: 2.040131968946975
            Train acc: 38.465
            Test acc: 38.92
            
2021-03-29 10:31:42 INFO     Loss 2.178824574703156 at epoch 7 iteration 250
2021-03-29 10:31:42 INFO     Loss 2.1290832395239923 at epoch 7 iteration 500
2021-03-29 10:31:43 INFO     Loss 2.043753231972815 at epoch 7 iteration 750
2021-03-29 10:31:43 INFO     Loss 2.074908804495626 at epoch 7 iteration 1000
2021-03-29 10:31:44 INFO     Loss 1.983290233730818 at epoch 7 iteration 1250
2021-03-29 10:31:44 INFO     Loss 2.0678934974927237 at epoch 7 iteration 1500
2021-03-29 10:31:45 INFO     Loss 1.9967551176044247 at epoch 7 iteration 1750
2021-03-29 10:31:45 INFO     Loss 2.002151039769851 at epoch 7 iteration 2000
2021-03-29 10:31:46 INFO     Loss 2.0101219359867635 at epoch 7 iteration 2250
2021-03-29 10:31:46 INFO     Loss 2.0264107822257205 at epoch 7 iteration 2500
2021-03-29 10:31:47 INFO     Loss 2.0797965937495753 at epoch 7 iteration 2750
2021-03-29 10:31:47 INFO     Loss 1.974846105287174 at epoch 7 iteration 3000
2021-03-29 10:31:48 INFO     Loss 1.9577169512053467 at epoch 7 iteration 3250
2021-03-29 10:31:48 INFO     Loss 2.020153117853637 at epoch 7 iteration 3500
2021-03-29 10:31:49 INFO     Loss 1.971267125884991 at epoch 7 iteration 3750
2021-03-29 10:31:49 INFO     Loss 2.1021244291369774 at epoch 7 iteration 4000
2021-03-29 10:31:50 INFO     Loss 1.8809178827150657 at epoch 7 iteration 4250
2021-03-29 10:31:51 INFO     Loss 2.0121154350690014 at epoch 7 iteration 4500
2021-03-29 10:31:51 INFO     Loss 1.9824214605515182 at epoch 7 iteration 4750
2021-03-29 10:31:52 INFO     Loss 2.0415352303895435 at epoch 7 iteration 5000
2021-03-29 10:31:52 INFO     Loss 2.071130649620701 at epoch 7 iteration 5250
2021-03-29 10:31:53 INFO     Loss 1.9007040457053526 at epoch 7 iteration 5500
2021-03-29 10:31:53 INFO     Loss 2.0738886393624094 at epoch 7 iteration 5750
2021-03-29 10:31:54 INFO     Loss 2.068246270489699 at epoch 7 iteration 6000
2021-03-29 10:32:02 INFO     
            Epoch 7
            Avg Loss: 2.027085683105287
            Train acc: 38.42
            Test acc: 38.35
            
2021-03-29 10:32:03 INFO     Loss 2.0154089612052286 at epoch 8 iteration 250
2021-03-29 10:32:03 INFO     Loss 2.1037561220564056 at epoch 8 iteration 500
2021-03-29 10:32:04 INFO     Loss 2.1244000407544017 at epoch 8 iteration 750
2021-03-29 10:32:05 INFO     Loss 2.0244270046110664 at epoch 8 iteration 1000
2021-03-29 10:32:05 INFO     Loss 2.106969195747673 at epoch 8 iteration 1250
2021-03-29 10:32:06 INFO     Loss 1.9946682823179747 at epoch 8 iteration 1500
2021-03-29 10:32:06 INFO     Loss 2.005642125020817 at epoch 8 iteration 1750
2021-03-29 10:32:07 INFO     Loss 1.8914884055224097 at epoch 8 iteration 2000
2021-03-29 10:32:07 INFO     Loss 2.109610212688676 at epoch 8 iteration 2250
2021-03-29 10:32:08 INFO     Loss 1.974983546045988 at epoch 8 iteration 2500
2021-03-29 10:32:08 INFO     Loss 2.0693045711523927 at epoch 8 iteration 2750
2021-03-29 10:32:09 INFO     Loss 1.9578549700599837 at epoch 8 iteration 3000
2021-03-29 10:32:09 INFO     Loss 1.964900193775466 at epoch 8 iteration 3250
2021-03-29 10:32:10 INFO     Loss 2.046470041923033 at epoch 8 iteration 3500
2021-03-29 10:32:10 INFO     Loss 1.8928808783145645 at epoch 8 iteration 3750
2021-03-29 10:32:11 INFO     Loss 2.0087907333822113 at epoch 8 iteration 4000
2021-03-29 10:32:11 INFO     Loss 1.9502018297771835 at epoch 8 iteration 4250
2021-03-29 10:32:12 INFO     Loss 2.023775640184699 at epoch 8 iteration 4500
2021-03-29 10:32:12 INFO     Loss 2.0555438134047166 at epoch 8 iteration 4750
2021-03-29 10:32:13 INFO     Loss 2.050249371840683 at epoch 8 iteration 5000
2021-03-29 10:32:13 INFO     Loss 2.111993274088629 at epoch 8 iteration 5250
2021-03-29 10:32:13 INFO     Loss 2.0815218249978584 at epoch 8 iteration 5500
2021-03-29 10:32:14 INFO     Loss 2.0786739343045997 at epoch 8 iteration 5750
2021-03-29 10:32:14 INFO     Loss 1.9243647302408882 at epoch 8 iteration 6000
2021-03-29 10:32:23 INFO     
            Epoch 8
            Avg Loss: 2.023661654309065
            Train acc: 38.51
            Test acc: 38.54
            
2021-03-29 10:32:24 INFO     Loss 2.1115761390249514 at epoch 9 iteration 250
2021-03-29 10:32:25 INFO     Loss 2.0481311837024294 at epoch 9 iteration 500
2021-03-29 10:32:25 INFO     Loss 2.158535130418151 at epoch 9 iteration 750
2021-03-29 10:32:26 INFO     Loss 2.0618398320029523 at epoch 9 iteration 1000
2021-03-29 10:32:26 INFO     Loss 2.1170327309302475 at epoch 9 iteration 1250
2021-03-29 10:32:27 INFO     Loss 2.031453486375614 at epoch 9 iteration 1500
2021-03-29 10:32:27 INFO     Loss 1.8859509857850103 at epoch 9 iteration 1750
2021-03-29 10:32:28 INFO     Loss 1.8312879159626494 at epoch 9 iteration 2000
2021-03-29 10:32:28 INFO     Loss 2.0049543360762856 at epoch 9 iteration 2250
2021-03-29 10:32:29 INFO     Loss 2.116949484142111 at epoch 9 iteration 2500
2021-03-29 10:32:30 INFO     Loss 1.9008222845580922 at epoch 9 iteration 2750
2021-03-29 10:32:30 INFO     Loss 2.0112054997188133 at epoch 9 iteration 3000
2021-03-29 10:32:31 INFO     Loss 2.033876008103712 at epoch 9 iteration 3250
2021-03-29 10:32:31 INFO     Loss 1.9994708432510102 at epoch 9 iteration 3500
2021-03-29 10:32:32 INFO     Loss 1.9640205842435372 at epoch 9 iteration 3750
2021-03-29 10:32:32 INFO     Loss 2.1792073282064077 at epoch 9 iteration 4000
2021-03-29 10:32:33 INFO     Loss 2.111671338902469 at epoch 9 iteration 4250
2021-03-29 10:32:33 INFO     Loss 2.0067307332001803 at epoch 9 iteration 4500
2021-03-29 10:32:34 INFO     Loss 2.029086161379487 at epoch 9 iteration 4750
2021-03-29 10:32:34 INFO     Loss 1.978874429013084 at epoch 9 iteration 5000
2021-03-29 10:32:35 INFO     Loss 2.019970732272074 at epoch 9 iteration 5250
2021-03-29 10:32:35 INFO     Loss 2.070353827086208 at epoch 9 iteration 5500
2021-03-29 10:32:36 INFO     Loss 2.0587136405325563 at epoch 9 iteration 5750
2021-03-29 10:32:36 INFO     Loss 2.1312033989186197 at epoch 9 iteration 6000
2021-03-29 10:32:45 INFO     
            Epoch 9
            Avg Loss: 2.035954918075277
            Train acc: 38.653333333333336
            Test acc: 38.68
            
2021-03-29 10:32:46 INFO     Loss 2.135078352879068 at epoch 10 iteration 250
2021-03-29 10:32:46 INFO     Loss 2.0613313573417478 at epoch 10 iteration 500
2021-03-29 10:32:47 INFO     Loss 2.0398641344204544 at epoch 10 iteration 750
2021-03-29 10:32:47 INFO     Loss 2.1374029831499275 at epoch 10 iteration 1000
2021-03-29 10:32:48 INFO     Loss 2.087082256724075 at epoch 10 iteration 1250
2021-03-29 10:32:48 INFO     Loss 1.838933198115096 at epoch 10 iteration 1500
2021-03-29 10:32:49 INFO     Loss 1.949410991181096 at epoch 10 iteration 1750
2021-03-29 10:32:49 INFO     Loss 2.0320502536997673 at epoch 10 iteration 2000
2021-03-29 10:32:50 INFO     Loss 1.942725098936067 at epoch 10 iteration 2250
2021-03-29 10:32:51 INFO     Loss 2.01818845781858 at epoch 10 iteration 2500
2021-03-29 10:32:51 INFO     Loss 1.9973853231039393 at epoch 10 iteration 2750
2021-03-29 10:32:52 INFO     Loss 2.019806657534657 at epoch 10 iteration 3000
2021-03-29 10:32:52 INFO     Loss 1.9952590209170808 at epoch 10 iteration 3250
2021-03-29 10:32:53 INFO     Loss 2.095033911060447 at epoch 10 iteration 3500
2021-03-29 10:32:53 INFO     Loss 2.0811332060159735 at epoch 10 iteration 3750
2021-03-29 10:32:54 INFO     Loss 1.9873963369731946 at epoch 10 iteration 4000
2021-03-29 10:32:54 INFO     Loss 1.9006942082303362 at epoch 10 iteration 4250
2021-03-29 10:32:55 INFO     Loss 2.108532670764871 at epoch 10 iteration 4500
2021-03-29 10:32:55 INFO     Loss 2.001809801463044 at epoch 10 iteration 4750
2021-03-29 10:32:56 INFO     Loss 1.9189879883148704 at epoch 10 iteration 5000
2021-03-29 10:32:56 INFO     Loss 2.0907540291258258 at epoch 10 iteration 5250
2021-03-29 10:32:57 INFO     Loss 2.0781769554227996 at epoch 10 iteration 5500
2021-03-29 10:32:58 INFO     Loss 1.9542523300402466 at epoch 10 iteration 5750
2021-03-29 10:32:58 INFO     Loss 2.0537552812392565 at epoch 10 iteration 6000
2021-03-29 10:33:07 INFO     
            Epoch 10
            Avg Loss: 2.0218768668530176
            Train acc: 38.733333333333334
            Test acc: 38.81
            
2021-03-29 10:33:07 INFO     Loss 1.8666765534548615 at epoch 11 iteration 250
2021-03-29 10:33:08 INFO     Loss 2.017515079284425 at epoch 11 iteration 500
2021-03-29 10:33:08 INFO     Loss 2.005709294739159 at epoch 11 iteration 750
2021-03-29 10:33:09 INFO     Loss 1.9596770950026898 at epoch 11 iteration 1000
2021-03-29 10:33:09 INFO     Loss 2.062696745889994 at epoch 11 iteration 1250
2021-03-29 10:33:10 INFO     Loss 1.9203634269000671 at epoch 11 iteration 1500
2021-03-29 10:33:10 INFO     Loss 2.053656997183699 at epoch 11 iteration 1750
2021-03-29 10:33:11 INFO     Loss 2.00325019366893 at epoch 11 iteration 2000
2021-03-29 10:33:11 INFO     Loss 2.0029560576694396 at epoch 11 iteration 2250
2021-03-29 10:33:12 INFO     Loss 2.073222010224587 at epoch 11 iteration 2500
2021-03-29 10:33:12 INFO     Loss 2.0828101857001284 at epoch 11 iteration 2750
2021-03-29 10:33:13 INFO     Loss 1.9039015028788602 at epoch 11 iteration 3000
2021-03-29 10:33:13 INFO     Loss 2.1662233701883045 at epoch 11 iteration 3250
2021-03-29 10:33:14 INFO     Loss 1.9947644805435791 at epoch 11 iteration 3500
2021-03-29 10:33:15 INFO     Loss 2.0433053606838385 at epoch 11 iteration 3750
2021-03-29 10:33:15 INFO     Loss 1.9535421263767945 at epoch 11 iteration 4000
2021-03-29 10:33:16 INFO     Loss 1.9937392226756085 at epoch 11 iteration 4250
2021-03-29 10:33:16 INFO     Loss 1.9137849145006367 at epoch 11 iteration 4500
2021-03-29 10:33:17 INFO     Loss 2.0074970681352995 at epoch 11 iteration 4750
2021-03-29 10:33:17 INFO     Loss 1.9991939303346073 at epoch 11 iteration 5000
2021-03-29 10:33:18 INFO     Loss 2.0302069237249127 at epoch 11 iteration 5250
2021-03-29 10:33:18 INFO     Loss 1.966292985519142 at epoch 11 iteration 5500
2021-03-29 10:33:19 INFO     Loss 1.9871960362909384 at epoch 11 iteration 5750
2021-03-29 10:33:19 INFO     Loss 1.9744626205805877 at epoch 11 iteration 6000
2021-03-29 10:33:28 INFO     
            Epoch 11
            Avg Loss: 1.9992768409229622
            Train acc: 38.765
            Test acc: 38.83
            
2021-03-29 10:33:28 INFO     Loss 2.020780108036775 at epoch 12 iteration 250
2021-03-29 10:33:29 INFO     Loss 1.9191834875124372 at epoch 12 iteration 500
2021-03-29 10:33:29 INFO     Loss 1.9695048566027211 at epoch 12 iteration 750
2021-03-29 10:33:30 INFO     Loss 1.9829059552777402 at epoch 12 iteration 1000
2021-03-29 10:33:30 INFO     Loss 1.8169879145851717 at epoch 12 iteration 1250
2021-03-29 10:33:31 INFO     Loss 1.893563799996402 at epoch 12 iteration 1500
2021-03-29 10:33:31 INFO     Loss 1.9978655546543926 at epoch 12 iteration 1750
2021-03-29 10:33:32 INFO     Loss 2.1026185703357294 at epoch 12 iteration 2000
2021-03-29 10:33:32 INFO     Loss 1.9410477473143635 at epoch 12 iteration 2250
2021-03-29 10:33:33 INFO     Loss 1.9486037888831893 at epoch 12 iteration 2500
2021-03-29 10:33:33 INFO     Loss 2.0488778893758695 at epoch 12 iteration 2750
2021-03-29 10:33:34 INFO     Loss 1.9836778176219754 at epoch 12 iteration 3000
2021-03-29 10:33:34 INFO     Loss 2.1103892920538834 at epoch 12 iteration 3250
2021-03-29 10:33:35 INFO     Loss 2.062864718828811 at epoch 12 iteration 3500
2021-03-29 10:33:35 INFO     Loss 2.0286256866807175 at epoch 12 iteration 3750
2021-03-29 10:33:36 INFO     Loss 2.022932350969825 at epoch 12 iteration 4000
2021-03-29 10:33:37 INFO     Loss 2.0143463642538264 at epoch 12 iteration 4250
2021-03-29 10:33:37 INFO     Loss 2.1600590073491497 at epoch 12 iteration 4500
2021-03-29 10:33:37 INFO     Loss 1.973776444187811 at epoch 12 iteration 4750
2021-03-29 10:33:38 INFO     Loss 1.9469427309443625 at epoch 12 iteration 5000
2021-03-29 10:33:38 INFO     Loss 2.0530739604580086 at epoch 12 iteration 5250
2021-03-29 10:33:39 INFO     Loss 2.0457013213946955 at epoch 12 iteration 5500
2021-03-29 10:33:40 INFO     Loss 2.1204145614565264 at epoch 12 iteration 5750
2021-03-29 10:33:40 INFO     Loss 2.0508580904327567 at epoch 12 iteration 6000
2021-03-29 10:33:48 INFO     
            Epoch 12
            Avg Loss: 2.0089834174669643
            Train acc: 38.76833333333333
            Test acc: 38.84
            
2021-03-29 10:33:49 INFO     Loss 1.835339856050501 at epoch 13 iteration 250
2021-03-29 10:33:50 INFO     Loss 2.068051488466766 at epoch 13 iteration 500
2021-03-29 10:33:50 INFO     Loss 2.005807557934135 at epoch 13 iteration 750
2021-03-29 10:33:51 INFO     Loss 1.9470743084623807 at epoch 13 iteration 1000
2021-03-29 10:33:51 INFO     Loss 1.8472558054868013 at epoch 13 iteration 1250
2021-03-29 10:33:52 INFO     Loss 2.1155017585454297 at epoch 13 iteration 1500
2021-03-29 10:33:52 INFO     Loss 1.996561281197128 at epoch 13 iteration 1750
2021-03-29 10:33:53 INFO     Loss 1.9932762756088551 at epoch 13 iteration 2000
2021-03-29 10:33:53 INFO     Loss 1.7162010970096855 at epoch 13 iteration 2250
2021-03-29 10:33:54 INFO     Loss 2.0220546438662885 at epoch 13 iteration 2500
2021-03-29 10:33:54 INFO     Loss 1.922417301026659 at epoch 13 iteration 2750
2021-03-29 10:33:55 INFO     Loss 2.0091236808658173 at epoch 13 iteration 3000
2021-03-29 10:33:55 INFO     Loss 2.1282202421573446 at epoch 13 iteration 3250
2021-03-29 10:33:56 INFO     Loss 1.9778511500956126 at epoch 13 iteration 3500
2021-03-29 10:33:56 INFO     Loss 2.0148343802881516 at epoch 13 iteration 3750
2021-03-29 10:33:57 INFO     Loss 2.05123259852922 at epoch 13 iteration 4000
2021-03-29 10:33:57 INFO     Loss 1.9534612013790484 at epoch 13 iteration 4250
2021-03-29 10:33:58 INFO     Loss 1.9169646369823263 at epoch 13 iteration 4500
2021-03-29 10:33:58 INFO     Loss 1.8947287885121864 at epoch 13 iteration 4750
2021-03-29 10:33:59 INFO     Loss 2.0047704490212674 at epoch 13 iteration 5000
2021-03-29 10:33:59 INFO     Loss 1.9237135016913784 at epoch 13 iteration 5250
2021-03-29 10:34:00 INFO     Loss 1.9101522351866718 at epoch 13 iteration 5500
2021-03-29 10:34:00 INFO     Loss 1.9352894745654277 at epoch 13 iteration 5750
2021-03-29 10:34:01 INFO     Loss 2.0952406559503323 at epoch 13 iteration 6000
2021-03-29 10:34:09 INFO     
            Epoch 13
            Avg Loss: 1.970213515369976
            Train acc: 38.776666666666664
            Test acc: 38.84
            
2021-03-29 10:34:10 INFO     Loss 2.0759762823558234 at epoch 14 iteration 250
2021-03-29 10:34:10 INFO     Loss 2.0306347207775715 at epoch 14 iteration 500
2021-03-29 10:34:11 INFO     Loss 2.0713921109918507 at epoch 14 iteration 750
2021-03-29 10:34:11 INFO     Loss 1.8696896079054985 at epoch 14 iteration 1000
2021-03-29 10:34:12 INFO     Loss 1.8970903304619284 at epoch 14 iteration 1250
2021-03-29 10:34:12 INFO     Loss 2.0161713371397134 at epoch 14 iteration 1500
2021-03-29 10:34:13 INFO     Loss 2.1150096084543692 at epoch 14 iteration 1750
2021-03-29 10:34:13 INFO     Loss 2.1618194572164295 at epoch 14 iteration 2000
2021-03-29 10:34:14 INFO     Loss 1.962050810253458 at epoch 14 iteration 2250
2021-03-29 10:34:14 INFO     Loss 1.9115254834770234 at epoch 14 iteration 2500
2021-03-29 10:34:15 INFO     Loss 2.0730154975602 at epoch 14 iteration 2750
2021-03-29 10:34:15 INFO     Loss 2.1736091257917294 at epoch 14 iteration 3000
2021-03-29 10:34:16 INFO     Loss 1.8512288684778047 at epoch 14 iteration 3250
2021-03-29 10:34:16 INFO     Loss 1.8962020599813751 at epoch 14 iteration 3500
2021-03-29 10:34:17 INFO     Loss 1.9254984456988944 at epoch 14 iteration 3750
2021-03-29 10:34:17 INFO     Loss 1.894737064396339 at epoch 14 iteration 4000
2021-03-29 10:34:18 INFO     Loss 1.9732254498056454 at epoch 14 iteration 4250
2021-03-29 10:34:18 INFO     Loss 1.9026468465318027 at epoch 14 iteration 4500
2021-03-29 10:34:19 INFO     Loss 2.1155925490250542 at epoch 14 iteration 4750
2021-03-29 10:34:19 INFO     Loss 2.0367909503926467 at epoch 14 iteration 5000
2021-03-29 10:34:20 INFO     Loss 2.096423813816315 at epoch 14 iteration 5250
2021-03-29 10:34:20 INFO     Loss 2.1309107598252908 at epoch 14 iteration 5500
2021-03-29 10:34:21 INFO     Loss 2.054186513243555 at epoch 14 iteration 5750
2021-03-29 10:34:21 INFO     Loss 2.092587261773729 at epoch 14 iteration 6000
2021-03-29 10:34:29 INFO     
            Epoch 14
            Avg Loss: 2.0136672898064187
            Train acc: 38.78333333333333
            Test acc: 38.84
            
2021-03-29 10:34:31 INFO     Final test accuracy 38.84
2021-03-29 10:34:31 INFO     Making and Saving plots
