2021-03-29 12:02:35 INFO     
Trying without np random and sigmoid

Gradient Parameters
{'batch_size': 50, 'learn_rate_init': 0.002, 'reg_lambda': 0.1, 'num_epochs': 20, 'L2': True, 'anneal': True, 'early_stop': 0}

Preprocess Parameters
{'threshold': False, 'normalize': True, 'augment_data': False}

Model Parameters
{'input_dim': 784, 'hidden_1_dim': 128, 'hidden_2_dim': 128, 'output_dim': 10, 'hiddent_1_fnc': ReLU, 'hiddent_2_fnc': ReLU, 'output_fnc': Softmax}

2021-03-29 12:02:35 INFO     Performing normalization
2021-03-29 12:02:36 INFO     Loss 0.3797387123067181 at epoch 0 iteration 250
2021-03-29 12:02:37 INFO     Loss 0.3876650120195715 at epoch 0 iteration 500
2021-03-29 12:02:38 INFO     Loss 0.3630438341165596 at epoch 0 iteration 750
2021-03-29 12:02:38 INFO     Loss 0.46015899679803257 at epoch 0 iteration 1000
2021-03-29 12:02:49 INFO     
            Epoch 0
            Avg Loss: 0.3976516388102204
            Train acc: 94.81666666666666
            Test acc: 94.66
            
2021-03-29 12:02:49 INFO     Loss 0.3631598245609673 at epoch 1 iteration 250
2021-03-29 12:02:50 INFO     Loss 0.2959492568449309 at epoch 1 iteration 500
2021-03-29 12:02:51 INFO     Loss 0.30865348028994005 at epoch 1 iteration 750
2021-03-29 12:02:51 INFO     Loss 0.3372427272223923 at epoch 1 iteration 1000
2021-03-29 12:03:02 INFO     
            Epoch 1
            Avg Loss: 0.32625132222955766
            Train acc: 96.12
            Test acc: 95.88
            
2021-03-29 12:03:02 INFO     Loss 0.21453177474064625 at epoch 2 iteration 250
2021-03-29 12:03:03 INFO     Loss 0.2371156795100697 at epoch 2 iteration 500
2021-03-29 12:03:04 INFO     Loss 0.2368341005478564 at epoch 2 iteration 750
2021-03-29 12:03:05 INFO     Loss 0.20977113320376772 at epoch 2 iteration 1000
2021-03-29 12:03:15 INFO     
            Epoch 2
            Avg Loss: 0.224563172000585
            Train acc: 97.07333333333334
            Test acc: 96.82
            
2021-03-29 12:03:16 INFO     Loss 0.2003787301141578 at epoch 3 iteration 250
2021-03-29 12:03:16 INFO     Loss 0.22467873148070844 at epoch 3 iteration 500
2021-03-29 12:03:17 INFO     Loss 0.18273697151738608 at epoch 3 iteration 750
2021-03-29 12:03:18 INFO     Loss 0.20151610409840204 at epoch 3 iteration 1000
2021-03-29 12:03:27 INFO     
            Epoch 3
            Avg Loss: 0.2023276343026636
            Train acc: 97.51166666666667
            Test acc: 97.04
            
2021-03-29 12:03:28 INFO     Loss 0.26426021974719965 at epoch 4 iteration 250
2021-03-29 12:03:29 INFO     Loss 0.23257952182942096 at epoch 4 iteration 500
2021-03-29 12:03:30 INFO     Loss 0.23861613234220855 at epoch 4 iteration 750
2021-03-29 12:03:30 INFO     Loss 0.17163846679804032 at epoch 4 iteration 1000
2021-03-29 12:03:40 INFO     
            Epoch 4
            Avg Loss: 0.22677358517921736
            Train acc: 97.92333333333333
            Test acc: 97.44
            
2021-03-29 12:03:41 INFO     Loss 0.1928145275954374 at epoch 5 iteration 250
2021-03-29 12:03:41 INFO     Loss 0.17465767658577913 at epoch 5 iteration 500
2021-03-29 12:03:42 INFO     Loss 0.20403373515545514 at epoch 5 iteration 750
2021-03-29 12:03:43 INFO     Loss 0.18629114350788026 at epoch 5 iteration 1000
2021-03-29 12:03:52 INFO     
            Epoch 5
            Avg Loss: 0.18944927071113798
            Train acc: 97.96666666666667
            Test acc: 97.4
            
2021-03-29 12:03:53 INFO     Loss 0.24126619248716688 at epoch 6 iteration 250
2021-03-29 12:03:54 INFO     Loss 0.2598803553005757 at epoch 6 iteration 500
2021-03-29 12:03:55 INFO     Loss 0.2054986017527747 at epoch 6 iteration 750
2021-03-29 12:03:55 INFO     Loss 0.20159895437619618 at epoch 6 iteration 1000
2021-03-29 12:04:05 INFO     
            Epoch 6
            Avg Loss: 0.22706102597917838
            Train acc: 98.04333333333334
            Test acc: 97.41
            
2021-03-29 12:04:06 INFO     Loss 0.17903016740862648 at epoch 7 iteration 250
2021-03-29 12:04:06 INFO     Loss 0.1816353213772362 at epoch 7 iteration 500
2021-03-29 12:04:07 INFO     Loss 0.2952910160006157 at epoch 7 iteration 750
2021-03-29 12:04:08 INFO     Loss 0.20070591866333723 at epoch 7 iteration 1000
2021-03-29 12:04:17 INFO     
            Epoch 7
            Avg Loss: 0.2141656058624539
            Train acc: 98.075
            Test acc: 97.44
            
2021-03-29 12:04:18 INFO     Loss 0.3095338208023288 at epoch 8 iteration 250
2021-03-29 12:04:19 INFO     Loss 0.1915368105735434 at epoch 8 iteration 500
2021-03-29 12:04:20 INFO     Loss 0.17650610121233506 at epoch 8 iteration 750
2021-03-29 12:04:20 INFO     Loss 0.20410873188000847 at epoch 8 iteration 1000
2021-03-29 12:04:30 INFO     
            Epoch 8
            Avg Loss: 0.2204213661170539
            Train acc: 98.04833333333333
            Test acc: 97.46
            
2021-03-29 12:04:31 INFO     Loss 0.2117140599160527 at epoch 9 iteration 250
2021-03-29 12:04:32 INFO     Loss 0.2888350984577946 at epoch 9 iteration 500
2021-03-29 12:04:32 INFO     Loss 0.2465920138618143 at epoch 9 iteration 750
2021-03-29 12:04:33 INFO     Loss 0.2038963691996912 at epoch 9 iteration 1000
2021-03-29 12:04:43 INFO     
            Epoch 9
            Avg Loss: 0.2377593853588382
            Train acc: 98.10333333333334
            Test acc: 97.41
            
2021-03-29 12:04:44 INFO     Loss 0.20222764892454106 at epoch 10 iteration 250
2021-03-29 12:04:44 INFO     Loss 0.1616355081623528 at epoch 10 iteration 500
2021-03-29 12:04:45 INFO     Loss 0.21026010450424884 at epoch 10 iteration 750
2021-03-29 12:04:46 INFO     Loss 0.170104053369554 at epoch 10 iteration 1000
2021-03-29 12:04:56 INFO     
            Epoch 10
            Avg Loss: 0.18605682874017418
            Train acc: 98.11
            Test acc: 97.53
            
2021-03-29 12:04:56 INFO     Loss 0.16966482792517704 at epoch 11 iteration 250
2021-03-29 12:04:57 INFO     Loss 0.17898767449880684 at epoch 11 iteration 500
2021-03-29 12:04:58 INFO     Loss 0.20759211072010392 at epoch 11 iteration 750
2021-03-29 12:04:58 INFO     Loss 0.2761753411849923 at epoch 11 iteration 1000
2021-03-29 12:05:08 INFO     
            Epoch 11
            Avg Loss: 0.20810498858227003
            Train acc: 98.11333333333333
            Test acc: 97.53
            
2021-03-29 12:05:09 INFO     Loss 0.20150502500840425 at epoch 12 iteration 250
2021-03-29 12:05:10 INFO     Loss 0.2554820351216087 at epoch 12 iteration 500
2021-03-29 12:05:10 INFO     Loss 0.2329619368906542 at epoch 12 iteration 750
2021-03-29 12:05:11 INFO     Loss 0.1966900044690801 at epoch 12 iteration 1000
2021-03-29 12:05:21 INFO     
            Epoch 12
            Avg Loss: 0.22165975037243682
            Train acc: 98.12166666666667
            Test acc: 97.53
            
2021-03-29 12:05:21 INFO     Loss 0.1879788181883238 at epoch 13 iteration 250
2021-03-29 12:05:22 INFO     Loss 0.21971349953747193 at epoch 13 iteration 500
2021-03-29 12:05:23 INFO     Loss 0.270071068016358 at epoch 13 iteration 750
2021-03-29 12:05:23 INFO     Loss 0.19641459936139904 at epoch 13 iteration 1000
2021-03-29 12:05:33 INFO     
            Epoch 13
            Avg Loss: 0.21854449627588818
            Train acc: 98.13166666666666
            Test acc: 97.54
            
2021-03-29 12:05:34 INFO     Loss 0.2534500730045766 at epoch 14 iteration 250
2021-03-29 12:05:35 INFO     Loss 0.2162799206443768 at epoch 14 iteration 500
2021-03-29 12:05:36 INFO     Loss 0.2785934252704127 at epoch 14 iteration 750
2021-03-29 12:05:36 INFO     Loss 0.2379575962023923 at epoch 14 iteration 1000
2021-03-29 12:05:46 INFO     
            Epoch 14
            Avg Loss: 0.24657025378043962
            Train acc: 98.13
            Test acc: 97.54
            
2021-03-29 12:05:47 INFO     Loss 0.30160604000264585 at epoch 15 iteration 250
2021-03-29 12:05:48 INFO     Loss 0.19949409383633637 at epoch 15 iteration 500
2021-03-29 12:05:48 INFO     Loss 0.2429867180194808 at epoch 15 iteration 750
2021-03-29 12:05:49 INFO     Loss 0.2169166108358764 at epoch 15 iteration 1000
2021-03-29 12:05:59 INFO     
            Epoch 15
            Avg Loss: 0.24025086567358486
            Train acc: 98.13833333333334
            Test acc: 97.56
            
2021-03-29 12:06:00 INFO     Loss 0.1804683947979871 at epoch 16 iteration 250
2021-03-29 12:06:00 INFO     Loss 0.19673066720024446 at epoch 16 iteration 500
2021-03-29 12:06:01 INFO     Loss 0.20457380035140083 at epoch 16 iteration 750
2021-03-29 12:06:01 INFO     Loss 0.22274581163374518 at epoch 16 iteration 1000
2021-03-29 12:06:11 INFO     
            Epoch 16
            Avg Loss: 0.20112966849584438
            Train acc: 98.13666666666667
            Test acc: 97.56
            
2021-03-29 12:06:12 INFO     Loss 0.2115093447385658 at epoch 17 iteration 250
2021-03-29 12:06:13 INFO     Loss 0.20747272414805706 at epoch 17 iteration 500
2021-03-29 12:06:13 INFO     Loss 0.1680717471762476 at epoch 17 iteration 750
2021-03-29 12:06:14 INFO     Loss 0.18487466163733182 at epoch 17 iteration 1000
2021-03-29 12:06:24 INFO     
            Epoch 17
            Avg Loss: 0.19298211942505056
            Train acc: 98.13666666666667
            Test acc: 97.55
            
2021-03-29 12:06:24 INFO     Loss 0.18286892411640251 at epoch 18 iteration 250
2021-03-29 12:06:25 INFO     Loss 0.22128693251587783 at epoch 18 iteration 500
2021-03-29 12:06:26 INFO     Loss 0.21201351012272038 at epoch 18 iteration 750
2021-03-29 12:06:26 INFO     Loss 0.2627680943169593 at epoch 18 iteration 1000
2021-03-29 12:06:36 INFO     
            Epoch 18
            Avg Loss: 0.21973436526799
            Train acc: 98.13666666666667
            Test acc: 97.55
            
2021-03-29 12:06:37 INFO     Loss 0.18344861313745411 at epoch 19 iteration 250
2021-03-29 12:06:37 INFO     Loss 0.18259027820376236 at epoch 19 iteration 500
2021-03-29 12:06:38 INFO     Loss 0.18421458171828875 at epoch 19 iteration 750
2021-03-29 12:06:38 INFO     Loss 0.2287383396783521 at epoch 19 iteration 1000
2021-03-29 12:06:48 INFO     
            Epoch 19
            Avg Loss: 0.19474795318446433
            Train acc: 98.13666666666667
            Test acc: 97.55
            
2021-03-29 12:06:49 INFO     Final test accuracy 97.55
2021-03-29 12:06:49 INFO     Making and Saving plots
