2021-03-31 02:48:26 INFO     

Gradient Parameters
{'batch_size': 50, 'learn_rate_init': 0.002, 'reg_lambda': 0.1, 'num_epochs': 20, 'L2': True, 'anneal': True, 'early_stop': 0}

Preprocess Parameters
{'threshold': False, 'normalize': True, 'augment_data': False}

Model Parameters
{'input_dim': 784, 'hidden_1_dim': 512, 'hidden_2_dim': 256, 'output_dim': 10, 'hiddent_1_fnc': ReLU, 'hiddent_2_fnc': ReLU, 'output_fnc': Softmax}

2021-03-31 02:48:26 INFO     Performing normalization
2021-03-31 02:48:27 INFO     Loss 1.3847367206442036 at epoch 0 iteration 50
2021-03-31 02:48:28 INFO     Loss 1.2263156301522191 at epoch 0 iteration 100
2021-03-31 02:48:28 INFO     Loss 1.3658032811975438 at epoch 0 iteration 150
2021-03-31 02:48:29 INFO     Loss 0.923634169346234 at epoch 0 iteration 200
2021-03-31 02:48:29 INFO     Loss 0.9792271988161048 at epoch 0 iteration 250
2021-03-31 02:48:30 INFO     Loss 0.9527510064175512 at epoch 0 iteration 300
2021-03-31 02:48:30 INFO     Loss 0.9565619162478606 at epoch 0 iteration 350
2021-03-31 02:48:31 INFO     Loss 0.8879351783163967 at epoch 0 iteration 400
2021-03-31 02:48:32 INFO     Loss 0.8430445531107718 at epoch 0 iteration 450
2021-03-31 02:48:32 INFO     Loss 0.9008397968756399 at epoch 0 iteration 500
2021-03-31 02:48:33 INFO     Loss 1.0813951325872353 at epoch 0 iteration 550
2021-03-31 02:48:33 INFO     Loss 0.8627773846927699 at epoch 0 iteration 600
2021-03-31 02:48:34 INFO     Loss 0.8822334384426108 at epoch 0 iteration 650
2021-03-31 02:48:34 INFO     Loss 0.8723357449372539 at epoch 0 iteration 700
2021-03-31 02:48:35 INFO     Loss 0.7877531801128826 at epoch 0 iteration 750
2021-03-31 02:48:36 INFO     Loss 0.7451669484194219 at epoch 0 iteration 800
2021-03-31 02:48:36 INFO     Loss 0.7169266962778804 at epoch 0 iteration 850
2021-03-31 02:48:37 INFO     Loss 0.7309318892178582 at epoch 0 iteration 900
2021-03-31 02:48:37 INFO     Loss 0.6641806145965188 at epoch 0 iteration 950
2021-03-31 02:48:38 INFO     Loss 0.7506412195743292 at epoch 0 iteration 1000
2021-03-31 02:48:54 INFO     
            Epoch 0
            Avg Loss: 0.9257595849991643
            Train acc: 94.648
            Test acc: 94.5
            
2021-03-31 02:48:55 INFO     Loss 0.7068145107252585 at epoch 1 iteration 50
2021-03-31 02:48:55 INFO     Loss 0.5999241917055533 at epoch 1 iteration 100
2021-03-31 02:48:56 INFO     Loss 0.6237142742886573 at epoch 1 iteration 150
2021-03-31 02:48:56 INFO     Loss 0.6071415181315789 at epoch 1 iteration 200
2021-03-31 02:48:57 INFO     Loss 0.7278138746239057 at epoch 1 iteration 250
2021-03-31 02:48:57 INFO     Loss 0.6611813547988442 at epoch 1 iteration 300
2021-03-31 02:48:57 INFO     Loss 0.5867721403633926 at epoch 1 iteration 350
2021-03-31 02:48:58 INFO     Loss 0.6478581411847413 at epoch 1 iteration 400
2021-03-31 02:48:58 INFO     Loss 0.6206125541697708 at epoch 1 iteration 450
2021-03-31 02:48:59 INFO     Loss 0.6320680595008542 at epoch 1 iteration 500
2021-03-31 02:48:59 INFO     Loss 0.6048631936695824 at epoch 1 iteration 550
2021-03-31 02:49:00 INFO     Loss 0.6075903114084172 at epoch 1 iteration 600
2021-03-31 02:49:00 INFO     Loss 0.5380712474475761 at epoch 1 iteration 650
2021-03-31 02:49:01 INFO     Loss 0.5377613257928546 at epoch 1 iteration 700
2021-03-31 02:49:01 INFO     Loss 0.536398071187409 at epoch 1 iteration 750
2021-03-31 02:49:02 INFO     Loss 0.5158277695272655 at epoch 1 iteration 800
2021-03-31 02:49:02 INFO     Loss 0.4975857597534211 at epoch 1 iteration 850
2021-03-31 02:49:02 INFO     Loss 0.5414806564969649 at epoch 1 iteration 900
2021-03-31 02:49:03 INFO     Loss 0.5057278579874277 at epoch 1 iteration 950
2021-03-31 02:49:03 INFO     Loss 0.4878294854034232 at epoch 1 iteration 1000
2021-03-31 02:49:18 INFO     
            Epoch 1
            Avg Loss: 0.589351814908345
            Train acc: 95.62
            Test acc: 95.0
            
2021-03-31 02:49:19 INFO     Loss 0.5613230783936872 at epoch 2 iteration 50
2021-03-31 02:49:19 INFO     Loss 0.5109333939524106 at epoch 2 iteration 100
2021-03-31 02:49:20 INFO     Loss 0.46400955597044435 at epoch 2 iteration 150
2021-03-31 02:49:20 INFO     Loss 0.5262701259838511 at epoch 2 iteration 200
2021-03-31 02:49:20 INFO     Loss 0.46493703107320655 at epoch 2 iteration 250
2021-03-31 02:49:21 INFO     Loss 0.4463163312310583 at epoch 2 iteration 300
2021-03-31 02:49:21 INFO     Loss 0.48525554193058534 at epoch 2 iteration 350
2021-03-31 02:49:22 INFO     Loss 0.5161728145759485 at epoch 2 iteration 400
2021-03-31 02:49:22 INFO     Loss 0.4665820385572171 at epoch 2 iteration 450
2021-03-31 02:49:23 INFO     Loss 0.4396510508531714 at epoch 2 iteration 500
2021-03-31 02:49:23 INFO     Loss 0.40536177902948844 at epoch 2 iteration 550
2021-03-31 02:49:23 INFO     Loss 0.43849434004139026 at epoch 2 iteration 600
2021-03-31 02:49:24 INFO     Loss 0.4053460445179239 at epoch 2 iteration 650
2021-03-31 02:49:24 INFO     Loss 0.4126416494554347 at epoch 2 iteration 700
2021-03-31 02:49:25 INFO     Loss 0.40267047111944093 at epoch 2 iteration 750
2021-03-31 02:49:25 INFO     Loss 0.3891751174051978 at epoch 2 iteration 800
2021-03-31 02:49:26 INFO     Loss 0.3712465990996545 at epoch 2 iteration 850
2021-03-31 02:49:26 INFO     Loss 0.3853352520539987 at epoch 2 iteration 900
2021-03-31 02:49:27 INFO     Loss 0.38656695587825823 at epoch 2 iteration 950
2021-03-31 02:49:27 INFO     Loss 0.37932224162133876 at epoch 2 iteration 1000
2021-03-31 02:49:42 INFO     
            Epoch 2
            Avg Loss: 0.44288057063718533
            Train acc: 97.204
            Test acc: 96.68
            
2021-03-31 02:49:42 INFO     Loss 0.40682538653482075 at epoch 3 iteration 50
2021-03-31 02:49:43 INFO     Loss 0.3924390185736089 at epoch 3 iteration 100
2021-03-31 02:49:43 INFO     Loss 0.4345847670055042 at epoch 3 iteration 150
2021-03-31 02:49:44 INFO     Loss 0.45295237679933337 at epoch 3 iteration 200
2021-03-31 02:49:44 INFO     Loss 0.4170031050213208 at epoch 3 iteration 250
2021-03-31 02:49:45 INFO     Loss 0.359316243535905 at epoch 3 iteration 300
2021-03-31 02:49:45 INFO     Loss 0.33197885670229227 at epoch 3 iteration 350
2021-03-31 02:49:45 INFO     Loss 0.34080872725697303 at epoch 3 iteration 400
2021-03-31 02:49:46 INFO     Loss 0.3361711295438306 at epoch 3 iteration 450
2021-03-31 02:49:46 INFO     Loss 0.3248424879658599 at epoch 3 iteration 500
2021-03-31 02:49:47 INFO     Loss 0.32761354764987155 at epoch 3 iteration 550
2021-03-31 02:49:47 INFO     Loss 0.36991683123707453 at epoch 3 iteration 600
2021-03-31 02:49:48 INFO     Loss 0.38000866179535375 at epoch 3 iteration 650
2021-03-31 02:49:48 INFO     Loss 0.35038439250356385 at epoch 3 iteration 700
2021-03-31 02:49:48 INFO     Loss 0.30593283386908116 at epoch 3 iteration 750
2021-03-31 02:49:49 INFO     Loss 0.32234314989385404 at epoch 3 iteration 800
2021-03-31 02:49:49 INFO     Loss 0.30837692172263237 at epoch 3 iteration 850
2021-03-31 02:49:50 INFO     Loss 0.30707781944277096 at epoch 3 iteration 900
2021-03-31 02:49:50 INFO     Loss 0.2971099847101945 at epoch 3 iteration 950
2021-03-31 02:49:51 INFO     Loss 0.31575276488254406 at epoch 3 iteration 1000
2021-03-31 02:50:05 INFO     
            Epoch 3
            Avg Loss: 0.3540719503323194
            Train acc: 97.476
            Test acc: 96.89
            
2021-03-31 02:50:06 INFO     Loss 0.41272514381288317 at epoch 4 iteration 50
2021-03-31 02:50:06 INFO     Loss 0.3184075051990744 at epoch 4 iteration 100
2021-03-31 02:50:06 INFO     Loss 0.3425019865054156 at epoch 4 iteration 150
2021-03-31 02:50:07 INFO     Loss 0.3624132021445316 at epoch 4 iteration 200
2021-03-31 02:50:07 INFO     Loss 0.309811903719707 at epoch 4 iteration 250
2021-03-31 02:50:08 INFO     Loss 0.33004410697219355 at epoch 4 iteration 300
2021-03-31 02:50:08 INFO     Loss 0.3078600828423909 at epoch 4 iteration 350
2021-03-31 02:50:09 INFO     Loss 0.37519739615293274 at epoch 4 iteration 400
2021-03-31 02:50:09 INFO     Loss 0.4437213476520853 at epoch 4 iteration 450
2021-03-31 02:50:09 INFO     Loss 0.3286760860729591 at epoch 4 iteration 500
2021-03-31 02:50:10 INFO     Loss 0.31640708722069627 at epoch 4 iteration 550
2021-03-31 02:50:10 INFO     Loss 0.33571852596637525 at epoch 4 iteration 600
2021-03-31 02:50:11 INFO     Loss 0.3245269183408653 at epoch 4 iteration 650
2021-03-31 02:50:11 INFO     Loss 0.3747461749749427 at epoch 4 iteration 700
2021-03-31 02:50:12 INFO     Loss 0.39449938847756844 at epoch 4 iteration 750
2021-03-31 02:50:12 INFO     Loss 0.35713815873167193 at epoch 4 iteration 800
2021-03-31 02:50:13 INFO     Loss 0.3396720177302622 at epoch 4 iteration 850
2021-03-31 02:50:13 INFO     Loss 0.34033796866201466 at epoch 4 iteration 900
2021-03-31 02:50:13 INFO     Loss 0.2898882686718714 at epoch 4 iteration 950
2021-03-31 02:50:14 INFO     Loss 0.31641194908384057 at epoch 4 iteration 1000
2021-03-31 02:50:28 INFO     
            Epoch 4
            Avg Loss: 0.3460352609467141
            Train acc: 98.084
            Test acc: 97.36
            
2021-03-31 02:50:29 INFO     Loss 0.3381056281192624 at epoch 5 iteration 50
2021-03-31 02:50:29 INFO     Loss 0.2969965483565868 at epoch 5 iteration 100
2021-03-31 02:50:30 INFO     Loss 0.35629326303239994 at epoch 5 iteration 150
2021-03-31 02:50:30 INFO     Loss 0.29876816244890814 at epoch 5 iteration 200
2021-03-31 02:50:30 INFO     Loss 0.3093900052602392 at epoch 5 iteration 250
2021-03-31 02:50:31 INFO     Loss 0.3667170459247263 at epoch 5 iteration 300
2021-03-31 02:50:31 INFO     Loss 0.3123060753997259 at epoch 5 iteration 350
2021-03-31 02:50:32 INFO     Loss 0.34971587400270693 at epoch 5 iteration 400
2021-03-31 02:50:32 INFO     Loss 0.29597037851401664 at epoch 5 iteration 450
2021-03-31 02:50:33 INFO     Loss 0.33055531600098775 at epoch 5 iteration 500
2021-03-31 02:50:33 INFO     Loss 0.3852259353825847 at epoch 5 iteration 550
2021-03-31 02:50:33 INFO     Loss 0.3551886930603477 at epoch 5 iteration 600
2021-03-31 02:50:34 INFO     Loss 0.3783557901956881 at epoch 5 iteration 650
2021-03-31 02:50:34 INFO     Loss 0.314649247028182 at epoch 5 iteration 700
2021-03-31 02:50:35 INFO     Loss 0.278170397894921 at epoch 5 iteration 750
2021-03-31 02:50:35 INFO     Loss 0.33423395213408197 at epoch 5 iteration 800
2021-03-31 02:50:35 INFO     Loss 0.2934042851257227 at epoch 5 iteration 850
2021-03-31 02:50:36 INFO     Loss 0.4002333371753354 at epoch 5 iteration 900
2021-03-31 02:50:36 INFO     Loss 0.3538479884517227 at epoch 5 iteration 950
2021-03-31 02:50:37 INFO     Loss 0.3740293310796561 at epoch 5 iteration 1000
2021-03-31 02:50:52 INFO     
            Epoch 5
            Avg Loss: 0.3361078627293902
            Train acc: 98.12
            Test acc: 97.42
            
2021-03-31 02:50:52 INFO     Loss 0.3171987264048928 at epoch 6 iteration 50
2021-03-31 02:50:53 INFO     Loss 0.341713646254549 at epoch 6 iteration 100
2021-03-31 02:50:53 INFO     Loss 0.2965511679441659 at epoch 6 iteration 150
2021-03-31 02:50:54 INFO     Loss 0.3029752182228939 at epoch 6 iteration 200
2021-03-31 02:50:54 INFO     Loss 0.31224964586853793 at epoch 6 iteration 250
2021-03-31 02:50:55 INFO     Loss 0.2883821965697156 at epoch 6 iteration 300
2021-03-31 02:50:55 INFO     Loss 0.31950772761737833 at epoch 6 iteration 350
2021-03-31 02:50:55 INFO     Loss 0.2972204625539752 at epoch 6 iteration 400
2021-03-31 02:50:56 INFO     Loss 0.28359787294592453 at epoch 6 iteration 450
2021-03-31 02:50:56 INFO     Loss 0.3119046205003961 at epoch 6 iteration 500
2021-03-31 02:50:57 INFO     Loss 0.30801382887081374 at epoch 6 iteration 550
2021-03-31 02:50:57 INFO     Loss 0.35971584973985754 at epoch 6 iteration 600
2021-03-31 02:50:58 INFO     Loss 0.29240332662133656 at epoch 6 iteration 650
2021-03-31 02:50:58 INFO     Loss 0.3002783207241362 at epoch 6 iteration 700
2021-03-31 02:50:58 INFO     Loss 0.2916442006691924 at epoch 6 iteration 750
2021-03-31 02:50:59 INFO     Loss 0.2723851263308497 at epoch 6 iteration 800
2021-03-31 02:50:59 INFO     Loss 0.3703583185713171 at epoch 6 iteration 850
2021-03-31 02:51:00 INFO     Loss 0.3350552115920442 at epoch 6 iteration 900
2021-03-31 02:51:00 INFO     Loss 0.30785841895982285 at epoch 6 iteration 950
2021-03-31 02:51:01 INFO     Loss 0.29193116455282986 at epoch 6 iteration 1000
2021-03-31 02:51:16 INFO     
            Epoch 6
            Avg Loss: 0.3100472525757315
            Train acc: 98.164
            Test acc: 97.38
            
2021-03-31 02:51:16 INFO     Loss 0.4313916858342755 at epoch 7 iteration 50
2021-03-31 02:51:17 INFO     Loss 0.2896514777165736 at epoch 7 iteration 100
2021-03-31 02:51:17 INFO     Loss 0.293885048779615 at epoch 7 iteration 150
2021-03-31 02:51:17 INFO     Loss 0.29486767705287664 at epoch 7 iteration 200
2021-03-31 02:51:18 INFO     Loss 0.282028011351863 at epoch 7 iteration 250
2021-03-31 02:51:18 INFO     Loss 0.27157098216096265 at epoch 7 iteration 300
2021-03-31 02:51:19 INFO     Loss 0.28066960123597195 at epoch 7 iteration 350
2021-03-31 02:51:19 INFO     Loss 0.3800332431466872 at epoch 7 iteration 400
2021-03-31 02:51:20 INFO     Loss 0.3155317502598254 at epoch 7 iteration 450
2021-03-31 02:51:20 INFO     Loss 0.32249267433120254 at epoch 7 iteration 500
2021-03-31 02:51:20 INFO     Loss 0.29481056352032403 at epoch 7 iteration 550
2021-03-31 02:51:21 INFO     Loss 0.3013915768840115 at epoch 7 iteration 600
2021-03-31 02:51:21 INFO     Loss 0.32553190663452475 at epoch 7 iteration 650
2021-03-31 02:51:22 INFO     Loss 0.3161819676200063 at epoch 7 iteration 700
2021-03-31 02:51:22 INFO     Loss 0.28466077247011273 at epoch 7 iteration 750
2021-03-31 02:51:23 INFO     Loss 0.3669441552982552 at epoch 7 iteration 800
2021-03-31 02:51:23 INFO     Loss 0.3857891379756817 at epoch 7 iteration 850
2021-03-31 02:51:23 INFO     Loss 0.286457514201053 at epoch 7 iteration 900
2021-03-31 02:51:24 INFO     Loss 0.310723685892057 at epoch 7 iteration 950
2021-03-31 02:51:24 INFO     Loss 0.2908519738274446 at epoch 7 iteration 1000
2021-03-31 02:51:39 INFO     
            Epoch 7
            Avg Loss: 0.3162732703096662
            Train acc: 98.244
            Test acc: 97.42
            
2021-03-31 02:51:40 INFO     Loss 0.35781714272224 at epoch 8 iteration 50
2021-03-31 02:51:40 INFO     Loss 0.323962209905388 at epoch 8 iteration 100
2021-03-31 02:51:41 INFO     Loss 0.3102795114159189 at epoch 8 iteration 150
2021-03-31 02:51:41 INFO     Loss 0.2860080938657655 at epoch 8 iteration 200
2021-03-31 02:51:42 INFO     Loss 0.2760115082927236 at epoch 8 iteration 250
2021-03-31 02:51:42 INFO     Loss 0.33020420810462997 at epoch 8 iteration 300
2021-03-31 02:51:43 INFO     Loss 0.27567719064368723 at epoch 8 iteration 350
2021-03-31 02:51:43 INFO     Loss 0.27628708993816714 at epoch 8 iteration 400
2021-03-31 02:51:43 INFO     Loss 0.2853505202156582 at epoch 8 iteration 450
2021-03-31 02:51:44 INFO     Loss 0.3213096062520204 at epoch 8 iteration 500
2021-03-31 02:51:44 INFO     Loss 0.2874438995010805 at epoch 8 iteration 550
2021-03-31 02:51:45 INFO     Loss 0.2717311134379305 at epoch 8 iteration 600
2021-03-31 02:51:45 INFO     Loss 0.35664666968184905 at epoch 8 iteration 650
2021-03-31 02:51:46 INFO     Loss 0.3083598303776712 at epoch 8 iteration 700
2021-03-31 02:51:46 INFO     Loss 0.2916059639139208 at epoch 8 iteration 750
2021-03-31 02:51:46 INFO     Loss 0.3223245816565286 at epoch 8 iteration 800
2021-03-31 02:51:47 INFO     Loss 0.34226900696712215 at epoch 8 iteration 850
2021-03-31 02:51:47 INFO     Loss 0.2651383106870647 at epoch 8 iteration 900
2021-03-31 02:51:48 INFO     Loss 0.30160174827021896 at epoch 8 iteration 950
2021-03-31 02:51:48 INFO     Loss 0.29289672788041465 at epoch 8 iteration 1000
2021-03-31 02:52:03 INFO     
            Epoch 8
            Avg Loss: 0.3041462466865
            Train acc: 98.172
            Test acc: 97.48
            
2021-03-31 02:52:04 INFO     Loss 0.28322527825023586 at epoch 9 iteration 50
2021-03-31 02:52:04 INFO     Loss 0.28980820711116545 at epoch 9 iteration 100
2021-03-31 02:52:04 INFO     Loss 0.2716554571857032 at epoch 9 iteration 150
2021-03-31 02:52:05 INFO     Loss 0.2858121424277867 at epoch 9 iteration 200
2021-03-31 02:52:05 INFO     Loss 0.2905867869986258 at epoch 9 iteration 250
2021-03-31 02:52:06 INFO     Loss 0.32432082779760507 at epoch 9 iteration 300
2021-03-31 02:52:06 INFO     Loss 0.32959098483445126 at epoch 9 iteration 350
2021-03-31 02:52:07 INFO     Loss 0.3668719933104346 at epoch 9 iteration 400
2021-03-31 02:52:07 INFO     Loss 0.4095972910878279 at epoch 9 iteration 450
2021-03-31 02:52:07 INFO     Loss 0.3517906253175812 at epoch 9 iteration 500
2021-03-31 02:52:08 INFO     Loss 0.30409138697386184 at epoch 9 iteration 550
2021-03-31 02:52:08 INFO     Loss 0.28399694980643425 at epoch 9 iteration 600
2021-03-31 02:52:09 INFO     Loss 0.31228272590776834 at epoch 9 iteration 650
2021-03-31 02:52:09 INFO     Loss 0.4925942581544955 at epoch 9 iteration 700
2021-03-31 02:52:10 INFO     Loss 0.2705982711530938 at epoch 9 iteration 750
2021-03-31 02:52:10 INFO     Loss 0.30958460092526424 at epoch 9 iteration 800
2021-03-31 02:52:10 INFO     Loss 0.2703018570044497 at epoch 9 iteration 850
2021-03-31 02:52:11 INFO     Loss 0.4046927858376481 at epoch 9 iteration 900
2021-03-31 02:52:11 INFO     Loss 0.31610874501198866 at epoch 9 iteration 950
2021-03-31 02:52:12 INFO     Loss 0.2768720611198533 at epoch 9 iteration 1000
2021-03-31 02:52:27 INFO     
            Epoch 9
            Avg Loss: 0.3222191618108137
            Train acc: 98.262
            Test acc: 97.42
            
2021-03-31 02:52:27 INFO     Loss 0.3003229032653463 at epoch 10 iteration 50
2021-03-31 02:52:28 INFO     Loss 0.2791986547906431 at epoch 10 iteration 100
2021-03-31 02:52:28 INFO     Loss 0.33772215961848817 at epoch 10 iteration 150
2021-03-31 02:52:28 INFO     Loss 0.29591548960950526 at epoch 10 iteration 200
2021-03-31 02:52:29 INFO     Loss 0.3222910761998334 at epoch 10 iteration 250
2021-03-31 02:52:29 INFO     Loss 0.27158811303022967 at epoch 10 iteration 300
2021-03-31 02:52:30 INFO     Loss 0.26757861502191715 at epoch 10 iteration 350
2021-03-31 02:52:30 INFO     Loss 0.3059893282516223 at epoch 10 iteration 400
2021-03-31 02:52:31 INFO     Loss 0.312471186418081 at epoch 10 iteration 450
2021-03-31 02:52:31 INFO     Loss 0.2896474336678059 at epoch 10 iteration 500
2021-03-31 02:52:31 INFO     Loss 0.2599674874363027 at epoch 10 iteration 550
2021-03-31 02:52:32 INFO     Loss 0.32344161546028616 at epoch 10 iteration 600
2021-03-31 02:52:32 INFO     Loss 0.291204318186208 at epoch 10 iteration 650
2021-03-31 02:52:33 INFO     Loss 0.3968846824906027 at epoch 10 iteration 700
2021-03-31 02:52:33 INFO     Loss 0.2922271955718121 at epoch 10 iteration 750
2021-03-31 02:52:34 INFO     Loss 0.2980158735248991 at epoch 10 iteration 800
2021-03-31 02:52:34 INFO     Loss 0.35039574309527927 at epoch 10 iteration 850
2021-03-31 02:52:35 INFO     Loss 0.2575491492367976 at epoch 10 iteration 900
2021-03-31 02:52:35 INFO     Loss 0.3159373922694225 at epoch 10 iteration 950
2021-03-31 02:52:35 INFO     Loss 0.27709473043135824 at epoch 10 iteration 1000
2021-03-31 02:52:50 INFO     
            Epoch 10
            Avg Loss: 0.302272157378822
            Train acc: 98.266
            Test acc: 97.45
            
2021-03-31 02:52:51 INFO     Loss 0.28313950306415636 at epoch 11 iteration 50
2021-03-31 02:52:51 INFO     Loss 0.2761585664339424 at epoch 11 iteration 100
2021-03-31 02:52:52 INFO     Loss 0.31817534939121467 at epoch 11 iteration 150
2021-03-31 02:52:52 INFO     Loss 0.2672735395523732 at epoch 11 iteration 200
2021-03-31 02:52:52 INFO     Loss 0.5432885183535437 at epoch 11 iteration 250
2021-03-31 02:52:53 INFO     Loss 0.28828784694543297 at epoch 11 iteration 300
2021-03-31 02:52:53 INFO     Loss 0.3187284607757895 at epoch 11 iteration 350
2021-03-31 02:52:54 INFO     Loss 0.3038781622130197 at epoch 11 iteration 400
2021-03-31 02:52:54 INFO     Loss 0.3626963397044888 at epoch 11 iteration 450
2021-03-31 02:52:55 INFO     Loss 0.26375214294948995 at epoch 11 iteration 500
2021-03-31 02:52:55 INFO     Loss 0.26420839174783 at epoch 11 iteration 550
2021-03-31 02:52:55 INFO     Loss 0.3267983329097811 at epoch 11 iteration 600
2021-03-31 02:52:56 INFO     Loss 0.2563500867680834 at epoch 11 iteration 650
2021-03-31 02:52:56 INFO     Loss 0.29218017086255216 at epoch 11 iteration 700
2021-03-31 02:52:57 INFO     Loss 0.32405744122816965 at epoch 11 iteration 750
2021-03-31 02:52:57 INFO     Loss 0.3902910504741395 at epoch 11 iteration 800
2021-03-31 02:52:57 INFO     Loss 0.27404590978895105 at epoch 11 iteration 850
2021-03-31 02:52:58 INFO     Loss 0.2632133386146212 at epoch 11 iteration 900
2021-03-31 02:52:58 INFO     Loss 0.3124142281316136 at epoch 11 iteration 950
2021-03-31 02:52:59 INFO     Loss 0.27842780226891517 at epoch 11 iteration 1000
2021-03-31 02:53:14 INFO     
            Epoch 11
            Avg Loss: 0.3103682591089053
            Train acc: 98.282
            Test acc: 97.47
            
2021-03-31 02:53:14 INFO     Loss 0.2748721040978413 at epoch 12 iteration 50
2021-03-31 02:53:15 INFO     Loss 0.35084515073314526 at epoch 12 iteration 100
2021-03-31 02:53:15 INFO     Loss 0.34402324299686426 at epoch 12 iteration 150
2021-03-31 02:53:16 INFO     Loss 0.3246734252623652 at epoch 12 iteration 200
2021-03-31 02:53:16 INFO     Loss 0.3859173025701169 at epoch 12 iteration 250
2021-03-31 02:53:17 INFO     Loss 0.2522013454737927 at epoch 12 iteration 300
2021-03-31 02:53:17 INFO     Loss 0.31155379836226976 at epoch 12 iteration 350
2021-03-31 02:53:18 INFO     Loss 0.2749852511898414 at epoch 12 iteration 400
2021-03-31 02:53:18 INFO     Loss 0.3292980386969903 at epoch 12 iteration 450
2021-03-31 02:53:18 INFO     Loss 0.3630235298774142 at epoch 12 iteration 500
2021-03-31 02:53:19 INFO     Loss 0.34472139112629513 at epoch 12 iteration 550
2021-03-31 02:53:19 INFO     Loss 0.3006878402446484 at epoch 12 iteration 600
2021-03-31 02:53:20 INFO     Loss 0.2813092188413093 at epoch 12 iteration 650
2021-03-31 02:53:20 INFO     Loss 0.3355829520339782 at epoch 12 iteration 700
2021-03-31 02:53:20 INFO     Loss 0.25659519961593147 at epoch 12 iteration 750
2021-03-31 02:53:21 INFO     Loss 0.3862941429748046 at epoch 12 iteration 800
2021-03-31 02:53:21 INFO     Loss 0.39984337575335704 at epoch 12 iteration 850
2021-03-31 02:53:22 INFO     Loss 0.2668507817402739 at epoch 12 iteration 900
2021-03-31 02:53:22 INFO     Loss 0.3342668844450796 at epoch 12 iteration 950
2021-03-31 02:53:23 INFO     Loss 0.2809015266251345 at epoch 12 iteration 1000
2021-03-31 02:53:38 INFO     
            Epoch 12
            Avg Loss: 0.31992232513307267
            Train acc: 98.292
            Test acc: 97.45
            
2021-03-31 02:53:38 INFO     Loss 0.37129241090713677 at epoch 13 iteration 50
2021-03-31 02:53:38 INFO     Loss 0.30444163433505217 at epoch 13 iteration 100
2021-03-31 02:53:39 INFO     Loss 0.2893161106073539 at epoch 13 iteration 150
2021-03-31 02:53:39 INFO     Loss 0.2987603194822397 at epoch 13 iteration 200
2021-03-31 02:53:40 INFO     Loss 0.2759264889564604 at epoch 13 iteration 250
2021-03-31 02:53:40 INFO     Loss 0.33817685432608297 at epoch 13 iteration 300
2021-03-31 02:53:41 INFO     Loss 0.284318753683648 at epoch 13 iteration 350
2021-03-31 02:53:41 INFO     Loss 0.3480063100495689 at epoch 13 iteration 400
2021-03-31 02:53:41 INFO     Loss 0.35165858418344054 at epoch 13 iteration 450
2021-03-31 02:53:42 INFO     Loss 0.26944756860228125 at epoch 13 iteration 500
2021-03-31 02:53:42 INFO     Loss 0.268177534154947 at epoch 13 iteration 550
2021-03-31 02:53:43 INFO     Loss 0.3012739430732728 at epoch 13 iteration 600
2021-03-31 02:53:43 INFO     Loss 0.3407244322693178 at epoch 13 iteration 650
2021-03-31 02:53:44 INFO     Loss 0.28620214038365066 at epoch 13 iteration 700
2021-03-31 02:53:44 INFO     Loss 0.2718594700348705 at epoch 13 iteration 750
2021-03-31 02:53:45 INFO     Loss 0.2518298165876539 at epoch 13 iteration 800
2021-03-31 02:53:45 INFO     Loss 0.2638380540464205 at epoch 13 iteration 850
2021-03-31 02:53:45 INFO     Loss 0.27813892743304625 at epoch 13 iteration 900
2021-03-31 02:53:46 INFO     Loss 0.3676192347721671 at epoch 13 iteration 950
2021-03-31 02:53:46 INFO     Loss 0.37582754143787106 at epoch 13 iteration 1000
2021-03-31 02:54:01 INFO     
            Epoch 13
            Avg Loss: 0.30684180646632414
            Train acc: 98.276
            Test acc: 97.48
            
2021-03-31 02:54:02 INFO     Loss 0.2506129513546525 at epoch 14 iteration 50
2021-03-31 02:54:02 INFO     Loss 0.3197841949562819 at epoch 14 iteration 100
2021-03-31 02:54:03 INFO     Loss 0.2679930230942609 at epoch 14 iteration 150
2021-03-31 02:54:03 INFO     Loss 0.3021625898676637 at epoch 14 iteration 200
2021-03-31 02:54:03 INFO     Loss 0.2647272647726868 at epoch 14 iteration 250
2021-03-31 02:54:04 INFO     Loss 0.33117567783288776 at epoch 14 iteration 300
2021-03-31 02:54:04 INFO     Loss 0.31925582523322105 at epoch 14 iteration 350
2021-03-31 02:54:05 INFO     Loss 0.269623677057388 at epoch 14 iteration 400
2021-03-31 02:54:05 INFO     Loss 0.32781415698617866 at epoch 14 iteration 450
2021-03-31 02:54:06 INFO     Loss 0.2599535652882746 at epoch 14 iteration 500
2021-03-31 02:54:06 INFO     Loss 0.35598767693775246 at epoch 14 iteration 550
2021-03-31 02:54:06 INFO     Loss 0.26826027860046486 at epoch 14 iteration 600
2021-03-31 02:54:07 INFO     Loss 0.29592214035304154 at epoch 14 iteration 650
2021-03-31 02:54:07 INFO     Loss 0.3026099758957051 at epoch 14 iteration 700
2021-03-31 02:54:08 INFO     Loss 0.2883218297467659 at epoch 14 iteration 750
2021-03-31 02:54:08 INFO     Loss 0.29852972843189785 at epoch 14 iteration 800
2021-03-31 02:54:09 INFO     Loss 0.4259274141456998 at epoch 14 iteration 850
2021-03-31 02:54:09 INFO     Loss 0.2710151112263568 at epoch 14 iteration 900
2021-03-31 02:54:09 INFO     Loss 0.2934037077115415 at epoch 14 iteration 950
2021-03-31 02:54:10 INFO     Loss 0.35283386077949025 at epoch 14 iteration 1000
2021-03-31 02:54:25 INFO     
            Epoch 14
            Avg Loss: 0.30329573251361064
            Train acc: 98.274
            Test acc: 97.46
            
2021-03-31 02:54:25 INFO     Loss 0.2806756502193252 at epoch 15 iteration 50
2021-03-31 02:54:26 INFO     Loss 0.2862795996098244 at epoch 15 iteration 100
2021-03-31 02:54:26 INFO     Loss 0.3215573850946982 at epoch 15 iteration 150
2021-03-31 02:54:27 INFO     Loss 0.31781591436791423 at epoch 15 iteration 200
2021-03-31 02:54:27 INFO     Loss 0.3040181875107348 at epoch 15 iteration 250
2021-03-31 02:54:27 INFO     Loss 0.3172699417999571 at epoch 15 iteration 300
2021-03-31 02:54:28 INFO     Loss 0.2750858649915544 at epoch 15 iteration 350
2021-03-31 02:54:28 INFO     Loss 0.2750873547136452 at epoch 15 iteration 400
2021-03-31 02:54:29 INFO     Loss 0.3362118204628037 at epoch 15 iteration 450
2021-03-31 02:54:29 INFO     Loss 0.30030137977383425 at epoch 15 iteration 500
2021-03-31 02:54:30 INFO     Loss 0.2532599072948921 at epoch 15 iteration 550
2021-03-31 02:54:30 INFO     Loss 0.2795946756395712 at epoch 15 iteration 600
2021-03-31 02:54:30 INFO     Loss 0.41539512945978113 at epoch 15 iteration 650
2021-03-31 02:54:31 INFO     Loss 0.2689862242805712 at epoch 15 iteration 700
2021-03-31 02:54:31 INFO     Loss 0.2785951247447006 at epoch 15 iteration 750
2021-03-31 02:54:32 INFO     Loss 0.35473547356210283 at epoch 15 iteration 800
2021-03-31 02:54:32 INFO     Loss 0.31607177464099656 at epoch 15 iteration 850
2021-03-31 02:54:33 INFO     Loss 0.2661814612240496 at epoch 15 iteration 900
2021-03-31 02:54:33 INFO     Loss 0.3139727761289277 at epoch 15 iteration 950
2021-03-31 02:54:33 INFO     Loss 0.2843129297596763 at epoch 15 iteration 1000
2021-03-31 02:54:48 INFO     
            Epoch 15
            Avg Loss: 0.3022704287639781
            Train acc: 98.292
            Test acc: 97.43
            
2021-03-31 02:54:49 INFO     Loss 0.2720525011327888 at epoch 16 iteration 50
2021-03-31 02:54:49 INFO     Loss 0.27556444589910384 at epoch 16 iteration 100
2021-03-31 02:54:50 INFO     Loss 0.3548222040134171 at epoch 16 iteration 150
2021-03-31 02:54:50 INFO     Loss 0.3060725143016162 at epoch 16 iteration 200
2021-03-31 02:54:51 INFO     Loss 0.29302730659554377 at epoch 16 iteration 250
2021-03-31 02:54:51 INFO     Loss 0.2748592402697254 at epoch 16 iteration 300
2021-03-31 02:54:52 INFO     Loss 0.2740020519504101 at epoch 16 iteration 350
2021-03-31 02:54:52 INFO     Loss 0.33074231209640764 at epoch 16 iteration 400
2021-03-31 02:54:52 INFO     Loss 0.2730701096137309 at epoch 16 iteration 450
2021-03-31 02:54:53 INFO     Loss 0.3042532975215944 at epoch 16 iteration 500
2021-03-31 02:54:53 INFO     Loss 0.34418419263535455 at epoch 16 iteration 550
2021-03-31 02:54:54 INFO     Loss 0.2668225456408762 at epoch 16 iteration 600
2021-03-31 02:54:54 INFO     Loss 0.39761296975187066 at epoch 16 iteration 650
2021-03-31 02:54:54 INFO     Loss 0.255419964279212 at epoch 16 iteration 700
2021-03-31 02:54:55 INFO     Loss 0.2868870932365158 at epoch 16 iteration 750
2021-03-31 02:54:55 INFO     Loss 0.3332423173229318 at epoch 16 iteration 800
2021-03-31 02:54:56 INFO     Loss 0.3094373491722762 at epoch 16 iteration 850
2021-03-31 02:54:56 INFO     Loss 0.26742540844022183 at epoch 16 iteration 900
2021-03-31 02:54:57 INFO     Loss 0.2608944480796186 at epoch 16 iteration 950
2021-03-31 02:54:57 INFO     Loss 0.270501352324915 at epoch 16 iteration 1000
2021-03-31 02:55:12 INFO     
            Epoch 16
            Avg Loss: 0.29754468121390654
            Train acc: 98.298
            Test acc: 97.44
            
2021-03-31 02:55:12 INFO     Loss 0.39775167429730096 at epoch 17 iteration 50
2021-03-31 02:55:13 INFO     Loss 0.3146113672012251 at epoch 17 iteration 100
2021-03-31 02:55:13 INFO     Loss 0.2993007858030545 at epoch 17 iteration 150
2021-03-31 02:55:13 INFO     Loss 0.27736843935967914 at epoch 17 iteration 200
2021-03-31 02:55:14 INFO     Loss 0.331161445051083 at epoch 17 iteration 250
2021-03-31 02:55:14 INFO     Loss 0.2968895825916668 at epoch 17 iteration 300
2021-03-31 02:55:15 INFO     Loss 0.2795852334693239 at epoch 17 iteration 350
2021-03-31 02:55:15 INFO     Loss 0.27841101205324087 at epoch 17 iteration 400
2021-03-31 02:55:16 INFO     Loss 0.2840631134847151 at epoch 17 iteration 450
2021-03-31 02:55:16 INFO     Loss 0.3379122102913442 at epoch 17 iteration 500
2021-03-31 02:55:17 INFO     Loss 0.26890269108012144 at epoch 17 iteration 550
2021-03-31 02:55:17 INFO     Loss 0.28104371458049854 at epoch 17 iteration 600
2021-03-31 02:55:17 INFO     Loss 0.27179238185836313 at epoch 17 iteration 650
2021-03-31 02:55:18 INFO     Loss 0.42028280526957956 at epoch 17 iteration 700
2021-03-31 02:55:18 INFO     Loss 0.27402448336950314 at epoch 17 iteration 750
2021-03-31 02:55:19 INFO     Loss 0.34652058994154417 at epoch 17 iteration 800
2021-03-31 02:55:19 INFO     Loss 0.3035307268267485 at epoch 17 iteration 850
2021-03-31 02:55:20 INFO     Loss 0.33383384290961415 at epoch 17 iteration 900
2021-03-31 02:55:20 INFO     Loss 0.32453423887822946 at epoch 17 iteration 950
2021-03-31 02:55:20 INFO     Loss 0.31990817583448505 at epoch 17 iteration 1000
2021-03-31 02:55:35 INFO     
            Epoch 17
            Avg Loss: 0.3120714257075661
            Train acc: 98.3
            Test acc: 97.47
            
2021-03-31 02:55:35 INFO     Loss 0.30642898014446185 at epoch 18 iteration 50
2021-03-31 02:55:36 INFO     Loss 0.2642052802429828 at epoch 18 iteration 100
2021-03-31 02:55:36 INFO     Loss 0.3824009212554422 at epoch 18 iteration 150
2021-03-31 02:55:37 INFO     Loss 0.2613262616326341 at epoch 18 iteration 200
2021-03-31 02:55:37 INFO     Loss 0.3124288547659445 at epoch 18 iteration 250
2021-03-31 02:55:37 INFO     Loss 0.48884679782924856 at epoch 18 iteration 300
2021-03-31 02:55:38 INFO     Loss 0.2799762249962186 at epoch 18 iteration 350
2021-03-31 02:55:38 INFO     Loss 0.30048269419149476 at epoch 18 iteration 400
2021-03-31 02:55:39 INFO     Loss 0.30985020228002585 at epoch 18 iteration 450
2021-03-31 02:55:39 INFO     Loss 0.30076565061013116 at epoch 18 iteration 500
2021-03-31 02:55:40 INFO     Loss 0.30668060031766464 at epoch 18 iteration 550
2021-03-31 02:55:40 INFO     Loss 0.31369500112971416 at epoch 18 iteration 600
2021-03-31 02:55:40 INFO     Loss 0.31456037304770423 at epoch 18 iteration 650
2021-03-31 02:55:41 INFO     Loss 0.29744324106754183 at epoch 18 iteration 700
2021-03-31 02:55:41 INFO     Loss 0.3109919328572014 at epoch 18 iteration 750
2021-03-31 02:55:42 INFO     Loss 0.3159775318439158 at epoch 18 iteration 800
2021-03-31 02:55:42 INFO     Loss 0.2994995612884679 at epoch 18 iteration 850
2021-03-31 02:55:43 INFO     Loss 0.2775217535749394 at epoch 18 iteration 900
2021-03-31 02:55:43 INFO     Loss 0.2576395202647584 at epoch 18 iteration 950
2021-03-31 02:55:43 INFO     Loss 0.3432903256682954 at epoch 18 iteration 1000
2021-03-31 02:55:58 INFO     
            Epoch 18
            Avg Loss: 0.31220058545043944
            Train acc: 98.294
            Test acc: 97.48
            
2021-03-31 02:55:59 INFO     Loss 0.2973943975982262 at epoch 19 iteration 50
2021-03-31 02:55:59 INFO     Loss 0.27749101179459146 at epoch 19 iteration 100
2021-03-31 02:56:00 INFO     Loss 0.30371123205655776 at epoch 19 iteration 150
2021-03-31 02:56:00 INFO     Loss 0.28631490120080566 at epoch 19 iteration 200
2021-03-31 02:56:01 INFO     Loss 0.2507146806532419 at epoch 19 iteration 250
2021-03-31 02:56:01 INFO     Loss 0.3099735676215184 at epoch 19 iteration 300
2021-03-31 02:56:01 INFO     Loss 0.28920117469106726 at epoch 19 iteration 350
2021-03-31 02:56:02 INFO     Loss 0.2896734208608779 at epoch 19 iteration 400
2021-03-31 02:56:02 INFO     Loss 0.27765650374268797 at epoch 19 iteration 450
2021-03-31 02:56:03 INFO     Loss 0.290345072679553 at epoch 19 iteration 500
2021-03-31 02:56:03 INFO     Loss 0.3072431378814036 at epoch 19 iteration 550
2021-03-31 02:56:04 INFO     Loss 0.2636727358060137 at epoch 19 iteration 600
2021-03-31 02:56:04 INFO     Loss 0.3205652381357759 at epoch 19 iteration 650
2021-03-31 02:56:04 INFO     Loss 0.3061927132061907 at epoch 19 iteration 700
2021-03-31 02:56:05 INFO     Loss 0.30509334213017836 at epoch 19 iteration 750
2021-03-31 02:56:05 INFO     Loss 0.28880915711813965 at epoch 19 iteration 800
2021-03-31 02:56:06 INFO     Loss 0.425341905372431 at epoch 19 iteration 850
2021-03-31 02:56:06 INFO     Loss 0.3222679799711656 at epoch 19 iteration 900
2021-03-31 02:56:07 INFO     Loss 0.2845189021776701 at epoch 19 iteration 950
2021-03-31 02:56:07 INFO     Loss 0.40392786041091167 at epoch 19 iteration 1000
2021-03-31 02:56:22 INFO     
            Epoch 19
            Avg Loss: 0.3050054467554503
            Train acc: 98.294
            Test acc: 97.48
            
2021-03-31 02:56:25 INFO     Final test accuracy 97.48
2021-03-31 02:56:25 INFO     Making and Saving plots
