2021-03-21 05:26:17 INFO     
    Augmented all the data

    Experiment Parameters
    {'batch_size': 20, 'learn_rate_init': 0.0008, 'reg_lambda': 0.7}

    Preprocess Parameters
    {'threshold': False, 'normalize': True, 'augment_data': {'rotate': False, 'shift': False, 'zoom': False, 'shear': False, 'all': False}}
    
2021-03-21 05:26:17 INFO     Generator to Numpy Start
2021-03-21 05:26:17 INFO     Generator to Numpy End
2021-03-21 05:26:17 INFO     Loss at epoch 0 iteration 0: 6.944491
2021-03-21 05:26:19 INFO     Loss at epoch 0 iteration 500: 4.329425
2021-03-21 05:26:20 INFO     Loss at epoch 0 iteration 1000: 3.310551
2021-03-21 05:26:21 INFO     Loss at epoch 0 iteration 1500: 2.767450
2021-03-21 05:26:22 INFO     Loss at epoch 0 iteration 2000: 2.380590
2021-03-21 05:26:23 INFO     Loss at epoch 0 iteration 2500: 2.186132
2021-03-21 05:26:24 INFO     Loss at epoch 0: 21.918639
2021-03-21 05:26:31 INFO     Train_acc at epoch 0: 83.636667
2021-03-21 05:26:32 INFO     Test_acc at epoch 0: 83.790000
2021-03-21 05:26:32 INFO     Loss at epoch 1 iteration 0: 2.091281
2021-03-21 05:26:33 INFO     Loss at epoch 1 iteration 500: 1.965829
2021-03-21 05:26:34 INFO     Loss at epoch 1 iteration 1000: 1.979989
2021-03-21 05:26:35 INFO     Loss at epoch 1 iteration 1500: 1.982551
2021-03-21 05:26:36 INFO     Loss at epoch 1 iteration 2000: 1.942083
2021-03-21 05:26:38 INFO     Loss at epoch 1 iteration 2500: 1.936587
2021-03-21 05:26:39 INFO     Loss at epoch 1: 11.898320
2021-03-21 05:26:45 INFO     Train_acc at epoch 1: 81.536667
2021-03-21 05:26:46 INFO     Test_acc at epoch 1: 81.970000
2021-03-21 05:26:46 INFO     Loss at epoch 2 iteration 0: 1.940825
2021-03-21 05:26:47 INFO     Loss at epoch 2 iteration 500: 1.871500
2021-03-21 05:26:49 INFO     Loss at epoch 2 iteration 1000: 1.916716
2021-03-21 05:26:50 INFO     Loss at epoch 2 iteration 1500: 1.935993
2021-03-21 05:26:51 INFO     Loss at epoch 2 iteration 2000: 1.919857
2021-03-21 05:26:52 INFO     Loss at epoch 2 iteration 2500: 1.928681
2021-03-21 05:26:53 INFO     Loss at epoch 2: 11.513572
2021-03-21 05:27:00 INFO     Train_acc at epoch 2: 80.250000
2021-03-21 05:27:01 INFO     Test_acc at epoch 2: 80.990000
2021-03-21 05:27:01 INFO     Loss at epoch 3 iteration 0: 1.926731
2021-03-21 05:27:02 INFO     Loss at epoch 3 iteration 500: 1.857947
2021-03-21 05:27:03 INFO     Loss at epoch 3 iteration 1000: 1.904139
2021-03-21 05:27:04 INFO     Loss at epoch 3 iteration 1500: 1.923205
2021-03-21 05:27:05 INFO     Loss at epoch 3 iteration 2000: 1.914548
2021-03-21 05:27:06 INFO     Loss at epoch 3 iteration 2500: 1.930236
2021-03-21 05:27:08 INFO     Loss at epoch 3: 11.456807
2021-03-21 05:27:14 INFO     Train_acc at epoch 3: 79.475000
2021-03-21 05:27:15 INFO     Test_acc at epoch 3: 80.180000
2021-03-21 05:27:15 INFO     Loss at epoch 4 iteration 0: 1.918660
2021-03-21 05:27:16 INFO     Loss at epoch 4 iteration 500: 1.848591
2021-03-21 05:27:18 INFO     Loss at epoch 4 iteration 1000: 1.894624
2021-03-21 05:27:19 INFO     Loss at epoch 4 iteration 1500: 1.913337
2021-03-21 05:27:20 INFO     Loss at epoch 4 iteration 2000: 1.910435
2021-03-21 05:27:21 INFO     Loss at epoch 4 iteration 2500: 1.930296
2021-03-21 05:27:22 INFO     Loss at epoch 4: 11.415944
2021-03-21 05:27:29 INFO     Train_acc at epoch 4: 78.861667
2021-03-21 05:27:30 INFO     Test_acc at epoch 4: 79.430000
2021-03-21 05:27:30 INFO     Loss at epoch 5 iteration 0: 1.910636
2021-03-21 05:27:31 INFO     Loss at epoch 5 iteration 500: 1.840957
2021-03-21 05:27:32 INFO     Loss at epoch 5 iteration 1000: 1.886149
2021-03-21 05:27:33 INFO     Loss at epoch 5 iteration 1500: 1.904730
2021-03-21 05:27:34 INFO     Loss at epoch 5 iteration 2000: 1.905921
2021-03-21 05:27:35 INFO     Loss at epoch 5 iteration 2500: 1.928609
2021-03-21 05:27:37 INFO     Loss at epoch 5: 11.377002
2021-03-21 05:27:43 INFO     Train_acc at epoch 5: 78.448333
2021-03-21 05:27:44 INFO     Test_acc at epoch 5: 78.800000
2021-03-21 05:27:44 INFO     Loss at epoch 6 iteration 0: 1.903209
2021-03-21 05:27:45 INFO     Loss at epoch 6 iteration 500: 1.835736
2021-03-21 05:27:47 INFO     Loss at epoch 6 iteration 1000: 1.879387
2021-03-21 05:27:48 INFO     Loss at epoch 6 iteration 1500: 1.898076
2021-03-21 05:27:49 INFO     Loss at epoch 6 iteration 2000: 1.902221
2021-03-21 05:27:50 INFO     Loss at epoch 6 iteration 2500: 1.927014
2021-03-21 05:27:51 INFO     Loss at epoch 6: 11.345643
2021-03-21 05:27:58 INFO     Train_acc at epoch 6: 78.120000
2021-03-21 05:27:59 INFO     Test_acc at epoch 6: 78.560000
2021-03-21 05:27:59 INFO     Loss at epoch 7 iteration 0: 1.898357
2021-03-21 05:28:00 INFO     Loss at epoch 7 iteration 500: 1.833683
2021-03-21 05:28:01 INFO     Loss at epoch 7 iteration 1000: 1.875955
2021-03-21 05:28:02 INFO     Loss at epoch 7 iteration 1500: 1.894793
2021-03-21 05:28:03 INFO     Loss at epoch 7 iteration 2000: 1.901880
2021-03-21 05:28:05 INFO     Loss at epoch 7 iteration 2500: 1.927541
2021-03-21 05:28:06 INFO     Loss at epoch 7: 11.332210
2021-03-21 05:28:12 INFO     Train_acc at epoch 7: 77.868333
2021-03-21 05:28:13 INFO     Test_acc at epoch 7: 78.460000
2021-03-21 05:28:13 INFO     Loss at epoch 8 iteration 0: 1.898948
2021-03-21 05:28:15 INFO     Loss at epoch 8 iteration 500: 1.835334
2021-03-21 05:28:16 INFO     Loss at epoch 8 iteration 1000: 1.896621
2021-03-21 05:28:17 INFO     Loss at epoch 8 iteration 1500: 1.908534
2021-03-21 05:28:18 INFO     Loss at epoch 8 iteration 2000: 1.903225
2021-03-21 05:28:19 INFO     Loss at epoch 8 iteration 2500: 1.954922
2021-03-21 05:28:20 INFO     Loss at epoch 8: 11.397585
2021-03-21 05:28:27 INFO     Train_acc at epoch 8: 77.608333
2021-03-21 05:28:28 INFO     Test_acc at epoch 8: 78.380000
2021-03-21 05:28:28 INFO     Loss at epoch 9 iteration 0: 1.912698
2021-03-21 05:28:29 INFO     Loss at epoch 9 iteration 500: 1.840260
2021-03-21 05:28:31 INFO     Loss at epoch 9 iteration 1000: 1.896279
2021-03-21 05:28:32 INFO     Loss at epoch 9 iteration 1500: 1.911255
2021-03-21 05:28:33 INFO     Loss at epoch 9 iteration 2000: 1.903927
2021-03-21 05:28:34 INFO     Loss at epoch 9 iteration 2500: 1.955936
2021-03-21 05:28:35 INFO     Loss at epoch 9: 11.420355
2021-03-21 05:28:42 INFO     Train_acc at epoch 9: 77.581667
2021-03-21 05:28:43 INFO     Test_acc at epoch 9: 78.370000
2021-03-21 05:28:43 INFO     Loss at epoch 10 iteration 0: 1.914403
2021-03-21 05:28:44 INFO     Loss at epoch 10 iteration 500: 1.842000
2021-03-21 05:28:45 INFO     Loss at epoch 10 iteration 1000: 1.895887
2021-03-21 05:28:46 INFO     Loss at epoch 10 iteration 1500: 1.911942
2021-03-21 05:28:48 INFO     Loss at epoch 10 iteration 2000: 1.903646
2021-03-21 05:28:49 INFO     Loss at epoch 10 iteration 2500: 1.956115
2021-03-21 05:28:50 INFO     Loss at epoch 10: 11.423992
2021-03-21 05:28:57 INFO     Train_acc at epoch 10: 77.593333
2021-03-21 05:28:58 INFO     Test_acc at epoch 10: 78.380000
2021-03-21 05:28:58 INFO     Loss at epoch 11 iteration 0: 1.914810
2021-03-21 05:28:59 INFO     Loss at epoch 11 iteration 500: 1.842729
2021-03-21 05:29:00 INFO     Loss at epoch 11 iteration 1000: 1.895518
2021-03-21 05:29:01 INFO     Loss at epoch 11 iteration 1500: 1.912068
2021-03-21 05:29:02 INFO     Loss at epoch 11 iteration 2000: 1.903454
2021-03-21 05:29:03 INFO     Loss at epoch 11 iteration 2500: 1.956148
2021-03-21 05:29:05 INFO     Loss at epoch 11: 11.424725
2021-03-21 05:29:11 INFO     Train_acc at epoch 11: 77.601667
2021-03-21 05:29:12 INFO     Test_acc at epoch 11: 78.380000
2021-03-21 05:29:12 INFO     Loss at epoch 12 iteration 0: 1.914919
2021-03-21 05:29:13 INFO     Loss at epoch 12 iteration 500: 1.843108
2021-03-21 05:29:15 INFO     Loss at epoch 12 iteration 1000: 1.895250
2021-03-21 05:29:16 INFO     Loss at epoch 12 iteration 1500: 1.912024
2021-03-21 05:29:17 INFO     Loss at epoch 12 iteration 2000: 1.903405
2021-03-21 05:29:18 INFO     Loss at epoch 12 iteration 2500: 1.956210
2021-03-21 05:29:19 INFO     Loss at epoch 12: 11.424915
2021-03-21 05:29:26 INFO     Train_acc at epoch 12: 77.598333
2021-03-21 05:29:27 INFO     Test_acc at epoch 12: 78.350000
2021-03-21 05:29:27 INFO     Loss at epoch 13 iteration 0: 1.914967
2021-03-21 05:29:28 INFO     Loss at epoch 13 iteration 500: 1.843346
2021-03-21 05:29:29 INFO     Loss at epoch 13 iteration 1000: 1.895077
2021-03-21 05:29:30 INFO     Loss at epoch 13 iteration 1500: 1.911923
2021-03-21 05:29:31 INFO     Loss at epoch 13 iteration 2000: 1.903451
2021-03-21 05:29:32 INFO     Loss at epoch 13 iteration 2500: 1.956321
2021-03-21 05:29:34 INFO     Loss at epoch 13: 11.425085
2021-03-21 05:29:40 INFO     Train_acc at epoch 13: 77.610000
2021-03-21 05:29:41 INFO     Test_acc at epoch 13: 78.330000
2021-03-21 05:29:41 INFO     Loss at epoch 14 iteration 0: 1.915005
2021-03-21 05:29:42 INFO     Loss at epoch 14 iteration 500: 1.843522
2021-03-21 05:29:43 INFO     Loss at epoch 14 iteration 1000: 1.894964
2021-03-21 05:29:44 INFO     Loss at epoch 14 iteration 1500: 1.911797
2021-03-21 05:29:46 INFO     Loss at epoch 14 iteration 2000: 1.903555
2021-03-21 05:29:47 INFO     Loss at epoch 14 iteration 2500: 1.956459
2021-03-21 05:29:48 INFO     Loss at epoch 14: 11.425302
2021-03-21 05:29:54 INFO     Train_acc at epoch 14: 77.600000
2021-03-21 05:29:55 INFO     Test_acc at epoch 14: 78.350000
2021-03-21 05:29:55 INFO     Loss at epoch 15 iteration 0: 1.915030
2021-03-21 05:29:57 INFO     Loss at epoch 15 iteration 500: 1.843642
2021-03-21 05:29:58 INFO     Loss at epoch 15 iteration 1000: 1.894883
2021-03-21 05:29:59 INFO     Loss at epoch 15 iteration 1500: 1.911654
2021-03-21 05:30:00 INFO     Loss at epoch 15 iteration 2000: 1.903686
2021-03-21 05:30:01 INFO     Loss at epoch 15 iteration 2500: 1.956622
2021-03-21 05:30:02 INFO     Loss at epoch 15: 11.425517
2021-03-21 05:30:09 INFO     Train_acc at epoch 15: 77.590000
2021-03-21 05:30:10 INFO     Test_acc at epoch 15: 78.320000
2021-03-21 05:30:10 INFO     Loss at epoch 16 iteration 0: 1.915052
2021-03-21 05:30:11 INFO     Loss at epoch 16 iteration 500: 1.843738
2021-03-21 05:30:12 INFO     Loss at epoch 16 iteration 1000: 1.894827
2021-03-21 05:30:13 INFO     Loss at epoch 16 iteration 1500: 1.911500
2021-03-21 05:30:14 INFO     Loss at epoch 16 iteration 2000: 1.903836
2021-03-21 05:30:16 INFO     Loss at epoch 16 iteration 2500: 1.956797
2021-03-21 05:30:17 INFO     Loss at epoch 16: 11.425749
2021-03-21 05:30:23 INFO     Train_acc at epoch 16: 77.585000
2021-03-21 05:30:24 INFO     Test_acc at epoch 16: 78.280000
2021-03-21 05:30:24 INFO     Loss at epoch 17 iteration 0: 1.915071
2021-03-21 05:30:25 INFO     Loss at epoch 17 iteration 500: 1.843811
2021-03-21 05:30:27 INFO     Loss at epoch 17 iteration 1000: 1.894783
2021-03-21 05:30:28 INFO     Loss at epoch 17 iteration 1500: 1.911349
2021-03-21 05:30:29 INFO     Loss at epoch 17 iteration 2000: 1.904006
2021-03-21 05:30:30 INFO     Loss at epoch 17 iteration 2500: 1.956987
2021-03-21 05:30:31 INFO     Loss at epoch 17: 11.426007
2021-03-21 05:30:38 INFO     Train_acc at epoch 17: 77.566667
2021-03-21 05:30:39 INFO     Test_acc at epoch 17: 78.280000
2021-03-21 05:30:39 INFO     Loss at epoch 18 iteration 0: 1.915080
2021-03-21 05:30:40 INFO     Loss at epoch 18 iteration 500: 1.843869
2021-03-21 05:30:41 INFO     Loss at epoch 18 iteration 1000: 1.894745
2021-03-21 05:30:42 INFO     Loss at epoch 18 iteration 1500: 1.911198
2021-03-21 05:30:43 INFO     Loss at epoch 18 iteration 2000: 1.904178
2021-03-21 05:30:44 INFO     Loss at epoch 18 iteration 2500: 1.957189
2021-03-21 05:30:45 INFO     Loss at epoch 18: 11.426260
2021-03-21 05:30:52 INFO     Train_acc at epoch 18: 77.565000
2021-03-21 05:30:53 INFO     Test_acc at epoch 18: 78.270000
2021-03-21 05:30:53 INFO     Loss at epoch 19 iteration 0: 1.915085
2021-03-21 05:30:54 INFO     Loss at epoch 19 iteration 500: 1.843915
2021-03-21 05:30:55 INFO     Loss at epoch 19 iteration 1000: 1.894707
2021-03-21 05:30:56 INFO     Loss at epoch 19 iteration 1500: 1.911051
2021-03-21 05:30:57 INFO     Loss at epoch 19 iteration 2000: 1.904336
2021-03-21 05:30:59 INFO     Loss at epoch 19 iteration 2500: 1.957408
2021-03-21 05:31:00 INFO     Loss at epoch 19: 11.426502
2021-03-21 05:31:06 INFO     Train_acc at epoch 19: 77.543333
2021-03-21 05:31:07 INFO     Test_acc at epoch 19: 78.280000
2021-03-21 05:31:07 INFO     Loss at epoch 20 iteration 0: 1.915413
2021-03-21 05:31:08 INFO     Loss at epoch 20 iteration 500: 1.844134
2021-03-21 05:31:10 INFO     Loss at epoch 20 iteration 1000: 1.895168
2021-03-21 05:31:11 INFO     Loss at epoch 20 iteration 1500: 1.909647
2021-03-21 05:31:12 INFO     Loss at epoch 20 iteration 2000: 1.902893
2021-03-21 05:31:13 INFO     Loss at epoch 20 iteration 2500: 1.957570
2021-03-21 05:31:14 INFO     Loss at epoch 20: 11.424825
2021-03-21 05:31:21 INFO     Train_acc at epoch 20: 77.655000
2021-03-21 05:31:22 INFO     Test_acc at epoch 20: 78.360000
2021-03-21 05:31:22 INFO     Loss at epoch 21 iteration 0: 1.914548
2021-03-21 05:31:23 INFO     Loss at epoch 21 iteration 500: 1.844206
2021-03-21 05:31:24 INFO     Loss at epoch 21 iteration 1000: 1.895179
2021-03-21 05:31:25 INFO     Loss at epoch 21 iteration 1500: 1.910021
2021-03-21 05:31:26 INFO     Loss at epoch 21 iteration 2000: 1.903180
2021-03-21 05:31:27 INFO     Loss at epoch 21 iteration 2500: 1.958013
2021-03-21 05:31:28 INFO     Loss at epoch 21: 11.425148
2021-03-21 05:31:35 INFO     Train_acc at epoch 21: 77.655000
2021-03-21 05:31:36 INFO     Test_acc at epoch 21: 78.350000
2021-03-21 05:31:36 INFO     Loss at epoch 22 iteration 0: 1.914575
2021-03-21 05:31:37 INFO     Loss at epoch 22 iteration 500: 1.844394
2021-03-21 05:31:38 INFO     Loss at epoch 22 iteration 1000: 1.895239
2021-03-21 05:31:39 INFO     Loss at epoch 22 iteration 1500: 1.910268
2021-03-21 05:31:40 INFO     Loss at epoch 22 iteration 2000: 1.903329
2021-03-21 05:31:42 INFO     Loss at epoch 22 iteration 2500: 1.958246
2021-03-21 05:31:43 INFO     Loss at epoch 22: 11.426051
2021-03-21 05:31:49 INFO     Train_acc at epoch 22: 77.648333
2021-03-21 05:31:50 INFO     Test_acc at epoch 22: 78.350000
2021-03-21 05:31:50 INFO     Loss at epoch 23 iteration 0: 1.914688
2021-03-21 05:31:51 INFO     Loss at epoch 23 iteration 500: 1.844562
2021-03-21 05:31:53 INFO     Loss at epoch 23 iteration 1000: 1.895299
2021-03-21 05:31:54 INFO     Loss at epoch 23 iteration 1500: 1.910409
2021-03-21 05:31:55 INFO     Loss at epoch 23 iteration 2000: 1.903420
2021-03-21 05:31:56 INFO     Loss at epoch 23 iteration 2500: 1.958422
2021-03-21 05:31:57 INFO     Loss at epoch 23: 11.426799
2021-03-21 05:32:04 INFO     Train_acc at epoch 23: 77.643333
2021-03-21 05:32:05 INFO     Test_acc at epoch 23: 78.340000
2021-03-21 05:32:05 INFO     Loss at epoch 24 iteration 0: 1.914793
2021-03-21 05:32:06 INFO     Loss at epoch 24 iteration 500: 1.844697
2021-03-21 05:32:07 INFO     Loss at epoch 24 iteration 1000: 1.895350
2021-03-21 05:32:08 INFO     Loss at epoch 24 iteration 1500: 1.910491
2021-03-21 05:32:09 INFO     Loss at epoch 24 iteration 2000: 1.903478
2021-03-21 05:32:10 INFO     Loss at epoch 24 iteration 2500: 1.958568
2021-03-21 05:32:11 INFO     Loss at epoch 24: 11.427376
2021-03-21 05:32:18 INFO     Train_acc at epoch 24: 77.643333
2021-03-21 05:32:19 INFO     Test_acc at epoch 24: 78.340000
2021-03-21 05:32:19 INFO     Loss at epoch 25 iteration 0: 1.914884
2021-03-21 05:32:20 INFO     Loss at epoch 25 iteration 500: 1.844805
2021-03-21 05:32:21 INFO     Loss at epoch 25 iteration 1000: 1.895395
2021-03-21 05:32:22 INFO     Loss at epoch 25 iteration 1500: 1.910539
2021-03-21 05:32:23 INFO     Loss at epoch 25 iteration 2000: 1.903516
2021-03-21 05:32:25 INFO     Loss at epoch 25 iteration 2500: 1.958694
2021-03-21 05:32:26 INFO     Loss at epoch 25: 11.427832
2021-03-21 05:32:32 INFO     Train_acc at epoch 25: 77.640000
2021-03-21 05:32:33 INFO     Test_acc at epoch 25: 78.340000
2021-03-21 05:32:33 INFO     Loss at epoch 26 iteration 0: 1.914960
2021-03-21 05:32:34 INFO     Loss at epoch 26 iteration 500: 1.844895
2021-03-21 05:32:36 INFO     Loss at epoch 26 iteration 1000: 1.895433
2021-03-21 05:32:37 INFO     Loss at epoch 26 iteration 1500: 1.910568
2021-03-21 05:32:38 INFO     Loss at epoch 26 iteration 2000: 1.903543
2021-03-21 05:32:39 INFO     Loss at epoch 26 iteration 2500: 1.958806
2021-03-21 05:32:40 INFO     Loss at epoch 26: 11.428205
2021-03-21 05:32:47 INFO     Train_acc at epoch 26: 77.638333
2021-03-21 05:32:48 INFO     Test_acc at epoch 26: 78.340000
2021-03-21 05:32:48 INFO     Loss at epoch 27 iteration 0: 1.915025
2021-03-21 05:32:49 INFO     Loss at epoch 27 iteration 500: 1.844971
2021-03-21 05:32:50 INFO     Loss at epoch 27 iteration 1000: 1.895466
2021-03-21 05:32:51 INFO     Loss at epoch 27 iteration 1500: 1.910586
2021-03-21 05:32:52 INFO     Loss at epoch 27 iteration 2000: 1.903563
2021-03-21 05:32:53 INFO     Loss at epoch 27 iteration 2500: 1.958906
2021-03-21 05:32:54 INFO     Loss at epoch 27: 11.428517
2021-03-21 05:33:01 INFO     Train_acc at epoch 27: 77.638333
2021-03-21 05:33:02 INFO     Test_acc at epoch 27: 78.330000
2021-03-21 05:33:02 INFO     Loss at epoch 28 iteration 0: 1.915080
2021-03-21 05:33:03 INFO     Loss at epoch 28 iteration 500: 1.845037
2021-03-21 05:33:04 INFO     Loss at epoch 28 iteration 1000: 1.895494
2021-03-21 05:33:05 INFO     Loss at epoch 28 iteration 1500: 1.910598
2021-03-21 05:33:07 INFO     Loss at epoch 28 iteration 2000: 1.903579
2021-03-21 05:33:08 INFO     Loss at epoch 28 iteration 2500: 1.958997
2021-03-21 05:33:09 INFO     Loss at epoch 28: 11.428785
2021-03-21 05:33:15 INFO     Train_acc at epoch 28: 77.640000
2021-03-21 05:33:16 INFO     Test_acc at epoch 28: 78.330000
2021-03-21 05:33:16 INFO     Loss at epoch 29 iteration 0: 1.915126
2021-03-21 05:33:18 INFO     Loss at epoch 29 iteration 500: 1.845095
2021-03-21 05:33:19 INFO     Loss at epoch 29 iteration 1000: 1.895517
2021-03-21 05:33:20 INFO     Loss at epoch 29 iteration 1500: 1.910606
2021-03-21 05:33:21 INFO     Loss at epoch 29 iteration 2000: 1.903593
2021-03-21 05:33:22 INFO     Loss at epoch 29 iteration 2500: 1.959080
2021-03-21 05:33:23 INFO     Loss at epoch 29: 11.429017
2021-03-21 05:33:30 INFO     Train_acc at epoch 29: 77.633333
2021-03-21 05:33:31 INFO     Test_acc at epoch 29: 78.350000
2021-03-21 05:33:31 INFO     Loss at epoch 30 iteration 0: 1.915165
2021-03-21 05:33:32 INFO     Loss at epoch 30 iteration 500: 1.845145
2021-03-21 05:33:33 INFO     Loss at epoch 30 iteration 1000: 1.895537
2021-03-21 05:33:34 INFO     Loss at epoch 30 iteration 1500: 1.910611
2021-03-21 05:33:35 INFO     Loss at epoch 30 iteration 2000: 1.903605
2021-03-21 05:33:36 INFO     Loss at epoch 30 iteration 2500: 1.959156
2021-03-21 05:33:37 INFO     Loss at epoch 30: 11.429219
2021-03-21 05:33:44 INFO     Train_acc at epoch 30: 77.625000
2021-03-21 05:33:45 INFO     Test_acc at epoch 30: 78.340000
2021-03-21 05:33:45 INFO     Loss at epoch 31 iteration 0: 1.915199
2021-03-21 05:33:46 INFO     Loss at epoch 31 iteration 500: 1.845189
2021-03-21 05:33:47 INFO     Loss at epoch 31 iteration 1000: 1.895554
2021-03-21 05:33:48 INFO     Loss at epoch 31 iteration 1500: 1.910614
2021-03-21 05:33:49 INFO     Loss at epoch 31 iteration 2000: 1.903616
2021-03-21 05:33:51 INFO     Loss at epoch 31 iteration 2500: 1.959226
2021-03-21 05:33:52 INFO     Loss at epoch 31: 11.429398
2021-03-21 05:33:58 INFO     Train_acc at epoch 31: 77.626667
2021-03-21 05:33:59 INFO     Test_acc at epoch 31: 78.340000
2021-03-21 05:33:59 INFO     Loss at epoch 32 iteration 0: 1.915259
2021-03-21 05:34:00 INFO     Loss at epoch 32 iteration 500: 1.845249
2021-03-21 05:34:02 INFO     Loss at epoch 32 iteration 1000: 1.895627
2021-03-21 05:34:03 INFO     Loss at epoch 32 iteration 1500: 1.910292
2021-03-21 05:34:04 INFO     Loss at epoch 32 iteration 2000: 1.904009
2021-03-21 05:34:05 INFO     Loss at epoch 32 iteration 2500: 1.958889
2021-03-21 05:34:06 INFO     Loss at epoch 32: 11.429324
2021-03-21 05:34:13 INFO     Train_acc at epoch 32: 77.625000
2021-03-21 05:34:14 INFO     Test_acc at epoch 32: 78.350000
2021-03-21 05:34:14 INFO     Loss at epoch 33 iteration 0: 1.915219
2021-03-21 05:34:15 INFO     Loss at epoch 33 iteration 500: 1.845237
2021-03-21 05:34:16 INFO     Loss at epoch 33 iteration 1000: 1.895577
2021-03-21 05:34:17 INFO     Loss at epoch 33 iteration 1500: 1.910294
2021-03-21 05:34:18 INFO     Loss at epoch 33 iteration 2000: 1.903955
2021-03-21 05:34:19 INFO     Loss at epoch 33 iteration 2500: 1.958858
2021-03-21 05:34:20 INFO     Loss at epoch 33: 11.429140
2021-03-21 05:34:27 INFO     Train_acc at epoch 33: 77.628333
2021-03-21 05:34:28 INFO     Test_acc at epoch 33: 78.360000
2021-03-21 05:34:28 INFO     Loss at epoch 34 iteration 0: 1.915189
2021-03-21 05:34:29 INFO     Loss at epoch 34 iteration 500: 1.845230
2021-03-21 05:34:30 INFO     Loss at epoch 34 iteration 1000: 1.895542
2021-03-21 05:34:31 INFO     Loss at epoch 34 iteration 1500: 1.910296
2021-03-21 05:34:33 INFO     Loss at epoch 34 iteration 2000: 1.903916
2021-03-21 05:34:34 INFO     Loss at epoch 34 iteration 2500: 1.958845
2021-03-21 05:34:35 INFO     Loss at epoch 34: 11.429018
2021-03-21 05:34:41 INFO     Train_acc at epoch 34: 77.631667
2021-03-21 05:34:42 INFO     Test_acc at epoch 34: 78.340000
2021-03-21 05:34:42 INFO     Loss at epoch 35 iteration 0: 1.915167
2021-03-21 05:34:44 INFO     Loss at epoch 35 iteration 500: 1.845226
2021-03-21 05:34:45 INFO     Loss at epoch 35 iteration 1000: 1.895517
2021-03-21 05:34:46 INFO     Loss at epoch 35 iteration 1500: 1.910298
2021-03-21 05:34:47 INFO     Loss at epoch 35 iteration 2000: 1.903889
2021-03-21 05:34:48 INFO     Loss at epoch 35 iteration 2500: 1.958842
2021-03-21 05:34:49 INFO     Loss at epoch 35: 11.428940
2021-03-21 05:34:56 INFO     Train_acc at epoch 35: 77.628333
2021-03-21 05:34:57 INFO     Test_acc at epoch 35: 78.340000
2021-03-21 05:34:57 INFO     Loss at epoch 36 iteration 0: 1.915152
2021-03-21 05:34:58 INFO     Loss at epoch 36 iteration 500: 1.845225
2021-03-21 05:34:59 INFO     Loss at epoch 36 iteration 1000: 1.895500
2021-03-21 05:35:00 INFO     Loss at epoch 36 iteration 1500: 1.910300
2021-03-21 05:35:01 INFO     Loss at epoch 36 iteration 2000: 1.903869
2021-03-21 05:35:03 INFO     Loss at epoch 36 iteration 2500: 1.958847
2021-03-21 05:35:04 INFO     Loss at epoch 36: 11.428893
2021-03-21 05:35:10 INFO     Train_acc at epoch 36: 77.628333
2021-03-21 05:35:11 INFO     Test_acc at epoch 36: 78.330000
2021-03-21 05:35:11 INFO     Loss at epoch 37 iteration 0: 1.915140
2021-03-21 05:35:12 INFO     Loss at epoch 37 iteration 500: 1.845226
2021-03-21 05:35:13 INFO     Loss at epoch 37 iteration 1000: 1.895488
2021-03-21 05:35:15 INFO     Loss at epoch 37 iteration 1500: 1.910302
2021-03-21 05:35:16 INFO     Loss at epoch 37 iteration 2000: 1.903856
2021-03-21 05:35:17 INFO     Loss at epoch 37 iteration 2500: 1.958857
2021-03-21 05:35:18 INFO     Loss at epoch 37: 11.428869
2021-03-21 05:35:25 INFO     Train_acc at epoch 37: 77.626667
2021-03-21 05:35:26 INFO     Test_acc at epoch 37: 78.340000
2021-03-21 05:35:26 INFO     Loss at epoch 38 iteration 0: 1.915133
2021-03-21 05:35:27 INFO     Loss at epoch 38 iteration 500: 1.845228
2021-03-21 05:35:28 INFO     Loss at epoch 38 iteration 1000: 1.895481
2021-03-21 05:35:29 INFO     Loss at epoch 38 iteration 1500: 1.910304
2021-03-21 05:35:30 INFO     Loss at epoch 38 iteration 2000: 1.903847
2021-03-21 05:35:31 INFO     Loss at epoch 38 iteration 2500: 1.958869
2021-03-21 05:35:32 INFO     Loss at epoch 38: 11.428861
2021-03-21 05:35:39 INFO     Train_acc at epoch 38: 77.626667
2021-03-21 05:35:40 INFO     Test_acc at epoch 38: 78.330000
2021-03-21 05:35:40 INFO     Loss at epoch 39 iteration 0: 1.915127
2021-03-21 05:35:41 INFO     Loss at epoch 39 iteration 500: 1.845230
2021-03-21 05:35:42 INFO     Loss at epoch 39 iteration 1000: 1.895476
2021-03-21 05:35:43 INFO     Loss at epoch 39 iteration 1500: 1.910307
2021-03-21 05:35:44 INFO     Loss at epoch 39 iteration 2000: 1.903840
2021-03-21 05:35:45 INFO     Loss at epoch 39 iteration 2500: 1.958883
2021-03-21 05:35:47 INFO     Loss at epoch 39: 11.428863
2021-03-21 05:35:53 INFO     Train_acc at epoch 39: 77.621667
2021-03-21 05:35:54 INFO     Test_acc at epoch 39: 78.330000
2021-03-21 05:35:55 INFO     Final test accuracy 78.33
