2021-03-21 06:59:33 INFO     
    Augmented all the data

    Experiment Parameters
    {'batch_size': 20, 'learn_rate_init': 0.0008, 'reg_lambda': 0.7}

    Preprocess Parameters
    {'threshold': False, 'normalize': True, 'augment_data': {'rotate': False, 'shift': False, 'zoom': False, 'shear': False, 'all': False}}
    
2021-03-21 06:59:33 INFO     Generator to Numpy Start
2021-03-21 06:59:33 INFO     Generator to Numpy End
2021-03-21 06:59:34 INFO     Loss at epoch 0 iteration 0: 6.933384
2021-03-21 06:59:35 INFO     Loss at epoch 0 iteration 500: 3.430473
2021-03-21 06:59:36 INFO     Loss at epoch 0 iteration 1000: 2.599084
2021-03-21 06:59:37 INFO     Loss at epoch 0 iteration 1500: 1.815475
2021-03-21 06:59:38 INFO     Loss at epoch 0 iteration 2000: 1.451606
2021-03-21 06:59:39 INFO     Loss at epoch 0 iteration 2500: 1.277377
2021-03-21 06:59:40 INFO     Loss at epoch 0: 17.507399
2021-03-21 06:59:46 INFO     Train_acc at epoch 0: 87.880000
2021-03-21 06:59:47 INFO     Test_acc at epoch 0: 88.370000
2021-03-21 06:59:47 INFO     Loss at epoch 1 iteration 0: 1.109815
2021-03-21 06:59:48 INFO     Loss at epoch 1 iteration 500: 1.088071
2021-03-21 06:59:49 INFO     Loss at epoch 1 iteration 1000: 1.230370
2021-03-21 06:59:50 INFO     Loss at epoch 1 iteration 1500: 1.032489
2021-03-21 06:59:51 INFO     Loss at epoch 1 iteration 2000: 0.982847
2021-03-21 06:59:52 INFO     Loss at epoch 1 iteration 2500: 1.012903
2021-03-21 06:59:53 INFO     Loss at epoch 1: 6.456494
2021-03-21 06:59:59 INFO     Train_acc at epoch 1: 87.886667
2021-03-21 07:00:00 INFO     Test_acc at epoch 1: 88.380000
2021-03-21 07:00:00 INFO     Loss at epoch 2 iteration 0: 0.947142
2021-03-21 07:00:01 INFO     Loss at epoch 2 iteration 500: 0.999986
2021-03-21 07:00:02 INFO     Loss at epoch 2 iteration 1000: 1.164732
2021-03-21 07:00:03 INFO     Loss at epoch 2 iteration 1500: 0.996546
2021-03-21 07:00:04 INFO     Loss at epoch 2 iteration 2000: 0.949735
2021-03-21 07:00:05 INFO     Loss at epoch 2 iteration 2500: 0.996259
2021-03-21 07:00:06 INFO     Loss at epoch 2: 6.054400
2021-03-21 07:00:12 INFO     Train_acc at epoch 2: 87.928333
2021-03-21 07:00:13 INFO     Test_acc at epoch 2: 88.460000
2021-03-21 07:00:13 INFO     Loss at epoch 3 iteration 0: 0.932260
2021-03-21 07:00:14 INFO     Loss at epoch 3 iteration 500: 0.993949
2021-03-21 07:00:15 INFO     Loss at epoch 3 iteration 1000: 1.155806
2021-03-21 07:00:16 INFO     Loss at epoch 3 iteration 1500: 0.993035
2021-03-21 07:00:17 INFO     Loss at epoch 3 iteration 2000: 0.939704
2021-03-21 07:00:18 INFO     Loss at epoch 3 iteration 2500: 0.991481
2021-03-21 07:00:19 INFO     Loss at epoch 3: 6.006235
2021-03-21 07:00:25 INFO     Train_acc at epoch 3: 87.833333
2021-03-21 07:00:26 INFO     Test_acc at epoch 3: 88.370000
2021-03-21 07:00:26 INFO     Loss at epoch 4 iteration 0: 0.927729
2021-03-21 07:00:27 INFO     Loss at epoch 4 iteration 500: 0.993162
2021-03-21 07:00:28 INFO     Loss at epoch 4 iteration 1000: 1.152735
2021-03-21 07:00:29 INFO     Loss at epoch 4 iteration 1500: 0.991782
2021-03-21 07:00:30 INFO     Loss at epoch 4 iteration 2000: 0.932932
2021-03-21 07:00:31 INFO     Loss at epoch 4 iteration 2500: 0.987525
2021-03-21 07:00:33 INFO     Loss at epoch 4: 5.985864
2021-03-21 07:00:38 INFO     Train_acc at epoch 4: 87.706667
2021-03-21 07:00:39 INFO     Test_acc at epoch 4: 88.250000
2021-03-21 07:00:39 INFO     Loss at epoch 5 iteration 0: 0.925239
2021-03-21 07:00:40 INFO     Loss at epoch 5 iteration 500: 0.993208
2021-03-21 07:00:41 INFO     Loss at epoch 5 iteration 1000: 1.151151
2021-03-21 07:00:42 INFO     Loss at epoch 5 iteration 1500: 0.990601
2021-03-21 07:00:43 INFO     Loss at epoch 5 iteration 2000: 0.927410
2021-03-21 07:00:45 INFO     Loss at epoch 5 iteration 2500: 0.983773
2021-03-21 07:00:46 INFO     Loss at epoch 5: 5.971382
2021-03-21 07:00:51 INFO     Train_acc at epoch 5: 87.651667
2021-03-21 07:00:52 INFO     Test_acc at epoch 5: 88.170000
2021-03-21 07:00:52 INFO     Loss at epoch 6 iteration 0: 0.923045
2021-03-21 07:00:53 INFO     Loss at epoch 6 iteration 500: 0.993287
2021-03-21 07:00:54 INFO     Loss at epoch 6 iteration 1000: 1.149822
2021-03-21 07:00:55 INFO     Loss at epoch 6 iteration 1500: 0.989213
2021-03-21 07:00:57 INFO     Loss at epoch 6 iteration 2000: 0.922883
2021-03-21 07:00:58 INFO     Loss at epoch 6 iteration 2500: 0.980894
2021-03-21 07:00:59 INFO     Loss at epoch 6: 5.959144
2021-03-21 07:01:04 INFO     Train_acc at epoch 6: 87.601667
2021-03-21 07:01:05 INFO     Test_acc at epoch 6: 88.020000
2021-03-21 07:01:05 INFO     Loss at epoch 7 iteration 0: 0.920762
2021-03-21 07:01:06 INFO     Loss at epoch 7 iteration 500: 0.993245
2021-03-21 07:01:07 INFO     Loss at epoch 7 iteration 1000: 1.148562
2021-03-21 07:01:09 INFO     Loss at epoch 7 iteration 1500: 0.988085
2021-03-21 07:01:10 INFO     Loss at epoch 7 iteration 2000: 0.919623
2021-03-21 07:01:11 INFO     Loss at epoch 7 iteration 2500: 0.979301
2021-03-21 07:01:12 INFO     Loss at epoch 7: 5.949578
2021-03-21 07:01:17 INFO     Train_acc at epoch 7: 87.573333
2021-03-21 07:01:18 INFO     Test_acc at epoch 7: 87.940000
2021-03-21 07:01:18 INFO     Loss at epoch 8 iteration 0: 0.927696
2021-03-21 07:01:19 INFO     Loss at epoch 8 iteration 500: 1.002598
2021-03-21 07:01:20 INFO     Loss at epoch 8 iteration 1000: 1.172514
2021-03-21 07:01:22 INFO     Loss at epoch 8 iteration 1500: 1.003759
2021-03-21 07:01:23 INFO     Loss at epoch 8 iteration 2000: 0.951419
2021-03-21 07:01:24 INFO     Loss at epoch 8 iteration 2500: 1.000087
2021-03-21 07:01:25 INFO     Loss at epoch 8: 6.058073
2021-03-21 07:01:30 INFO     Train_acc at epoch 8: 88.316667
2021-03-21 07:01:31 INFO     Test_acc at epoch 8: 88.650000
2021-03-21 07:01:31 INFO     Loss at epoch 9 iteration 0: 0.928340
2021-03-21 07:01:32 INFO     Loss at epoch 9 iteration 500: 1.000210
2021-03-21 07:01:33 INFO     Loss at epoch 9 iteration 1000: 1.168243
2021-03-21 07:01:35 INFO     Loss at epoch 9 iteration 1500: 1.002047
2021-03-21 07:01:36 INFO     Loss at epoch 9 iteration 2000: 0.946738
2021-03-21 07:01:37 INFO     Loss at epoch 9 iteration 2500: 1.000936
2021-03-21 07:01:38 INFO     Loss at epoch 9: 6.046514
2021-03-21 07:01:43 INFO     Train_acc at epoch 9: 88.358333
2021-03-21 07:01:44 INFO     Test_acc at epoch 9: 88.680000
2021-03-21 07:01:44 INFO     Loss at epoch 10 iteration 0: 0.926843
2021-03-21 07:01:45 INFO     Loss at epoch 10 iteration 500: 1.002409
2021-03-21 07:01:46 INFO     Loss at epoch 10 iteration 1000: 1.167057
2021-03-21 07:01:48 INFO     Loss at epoch 10 iteration 1500: 1.001945
2021-03-21 07:01:49 INFO     Loss at epoch 10 iteration 2000: 0.944503
2021-03-21 07:01:50 INFO     Loss at epoch 10 iteration 2500: 1.001550
2021-03-21 07:01:51 INFO     Loss at epoch 10: 6.044307
2021-03-21 07:01:56 INFO     Train_acc at epoch 10: 88.410000
2021-03-21 07:01:57 INFO     Test_acc at epoch 10: 88.700000
2021-03-21 07:01:57 INFO     Loss at epoch 11 iteration 0: 0.925840
2021-03-21 07:01:58 INFO     Loss at epoch 11 iteration 500: 1.003775
2021-03-21 07:01:59 INFO     Loss at epoch 11 iteration 1000: 1.166463
2021-03-21 07:02:01 INFO     Loss at epoch 11 iteration 1500: 1.001900
2021-03-21 07:02:02 INFO     Loss at epoch 11 iteration 2000: 0.943252
2021-03-21 07:02:03 INFO     Loss at epoch 11 iteration 2500: 1.001847
2021-03-21 07:02:04 INFO     Loss at epoch 11: 6.043077
2021-03-21 07:02:09 INFO     Train_acc at epoch 11: 88.430000
2021-03-21 07:02:10 INFO     Test_acc at epoch 11: 88.680000
2021-03-21 07:02:10 INFO     Loss at epoch 12 iteration 0: 0.925206
2021-03-21 07:02:11 INFO     Loss at epoch 12 iteration 500: 1.004560
2021-03-21 07:02:12 INFO     Loss at epoch 12 iteration 1000: 1.166090
2021-03-21 07:02:14 INFO     Loss at epoch 12 iteration 1500: 1.001796
2021-03-21 07:02:15 INFO     Loss at epoch 12 iteration 2000: 0.942454
2021-03-21 07:02:16 INFO     Loss at epoch 12 iteration 2500: 1.001989
2021-03-21 07:02:17 INFO     Loss at epoch 12: 6.042094
2021-03-21 07:02:22 INFO     Train_acc at epoch 12: 88.431667
2021-03-21 07:02:23 INFO     Test_acc at epoch 12: 88.730000
2021-03-21 07:02:23 INFO     Loss at epoch 13 iteration 0: 0.924789
2021-03-21 07:02:24 INFO     Loss at epoch 13 iteration 500: 1.005026
2021-03-21 07:02:25 INFO     Loss at epoch 13 iteration 1000: 1.165823
2021-03-21 07:02:27 INFO     Loss at epoch 13 iteration 1500: 1.001653
2021-03-21 07:02:28 INFO     Loss at epoch 13 iteration 2000: 0.941897
2021-03-21 07:02:29 INFO     Loss at epoch 13 iteration 2500: 1.002047
2021-03-21 07:02:30 INFO     Loss at epoch 13: 6.041235
2021-03-21 07:02:35 INFO     Train_acc at epoch 13: 88.443333
2021-03-21 07:02:36 INFO     Test_acc at epoch 13: 88.740000
2021-03-21 07:02:36 INFO     Loss at epoch 14 iteration 0: 0.924498
2021-03-21 07:02:37 INFO     Loss at epoch 14 iteration 500: 1.005319
2021-03-21 07:02:38 INFO     Loss at epoch 14 iteration 1000: 1.165619
2021-03-21 07:02:39 INFO     Loss at epoch 14 iteration 1500: 1.001492
2021-03-21 07:02:41 INFO     Loss at epoch 14 iteration 2000: 0.941479
2021-03-21 07:02:42 INFO     Loss at epoch 14 iteration 2500: 1.002055
2021-03-21 07:02:43 INFO     Loss at epoch 14: 6.040462
2021-03-21 07:02:48 INFO     Train_acc at epoch 14: 88.440000
2021-03-21 07:02:49 INFO     Test_acc at epoch 14: 88.750000
2021-03-21 07:02:49 INFO     Loss at epoch 15 iteration 0: 0.924280
2021-03-21 07:02:50 INFO     Loss at epoch 15 iteration 500: 1.005511
2021-03-21 07:02:51 INFO     Loss at epoch 15 iteration 1000: 1.165456
2021-03-21 07:02:52 INFO     Loss at epoch 15 iteration 1500: 1.001327
2021-03-21 07:02:54 INFO     Loss at epoch 15 iteration 2000: 0.941147
2021-03-21 07:02:55 INFO     Loss at epoch 15 iteration 2500: 1.002032
2021-03-21 07:02:56 INFO     Loss at epoch 15: 6.039754
2021-03-21 07:03:01 INFO     Train_acc at epoch 15: 88.453333
2021-03-21 07:03:02 INFO     Test_acc at epoch 15: 88.770000
2021-03-21 07:03:02 INFO     Loss at epoch 16 iteration 0: 0.924105
2021-03-21 07:03:03 INFO     Loss at epoch 16 iteration 500: 1.005644
2021-03-21 07:03:04 INFO     Loss at epoch 16 iteration 1000: 1.165322
2021-03-21 07:03:05 INFO     Loss at epoch 16 iteration 1500: 1.001167
2021-03-21 07:03:06 INFO     Loss at epoch 16 iteration 2000: 0.940869
2021-03-21 07:03:08 INFO     Loss at epoch 16 iteration 2500: 1.001989
2021-03-21 07:03:09 INFO     Loss at epoch 16: 6.039096
2021-03-21 07:03:14 INFO     Train_acc at epoch 16: 88.456667
2021-03-21 07:03:15 INFO     Test_acc at epoch 16: 88.780000
2021-03-21 07:03:15 INFO     Loss at epoch 17 iteration 0: 0.923959
2021-03-21 07:03:16 INFO     Loss at epoch 17 iteration 500: 1.005738
2021-03-21 07:03:17 INFO     Loss at epoch 17 iteration 1000: 1.165208
2021-03-21 07:03:18 INFO     Loss at epoch 17 iteration 1500: 1.001015
2021-03-21 07:03:19 INFO     Loss at epoch 17 iteration 2000: 0.940626
2021-03-21 07:03:20 INFO     Loss at epoch 17 iteration 2500: 1.001932
2021-03-21 07:03:21 INFO     Loss at epoch 17: 6.038478
2021-03-21 07:03:27 INFO     Train_acc at epoch 17: 88.463333
2021-03-21 07:03:27 INFO     Test_acc at epoch 17: 88.770000
2021-03-21 07:03:27 INFO     Loss at epoch 18 iteration 0: 0.923832
2021-03-21 07:03:29 INFO     Loss at epoch 18 iteration 500: 1.005806
2021-03-21 07:03:30 INFO     Loss at epoch 18 iteration 1000: 1.165107
2021-03-21 07:03:31 INFO     Loss at epoch 18 iteration 1500: 1.000873
2021-03-21 07:03:32 INFO     Loss at epoch 18 iteration 2000: 0.940407
2021-03-21 07:03:33 INFO     Loss at epoch 18 iteration 2500: 1.001868
2021-03-21 07:03:34 INFO     Loss at epoch 18: 6.037893
2021-03-21 07:03:39 INFO     Train_acc at epoch 18: 88.463333
2021-03-21 07:03:40 INFO     Test_acc at epoch 18: 88.750000
2021-03-21 07:03:40 INFO     Loss at epoch 19 iteration 0: 0.923718
2021-03-21 07:03:41 INFO     Loss at epoch 19 iteration 500: 1.005857
2021-03-21 07:03:42 INFO     Loss at epoch 19 iteration 1000: 1.165016
2021-03-21 07:03:44 INFO     Loss at epoch 19 iteration 1500: 1.000742
2021-03-21 07:03:45 INFO     Loss at epoch 19 iteration 2000: 0.940204
2021-03-21 07:03:46 INFO     Loss at epoch 19 iteration 2500: 1.001798
2021-03-21 07:03:47 INFO     Loss at epoch 19: 6.037335
2021-03-21 07:03:52 INFO     Train_acc at epoch 19: 88.460000
2021-03-21 07:03:53 INFO     Test_acc at epoch 19: 88.730000
2021-03-21 07:03:53 INFO     Loss at epoch 20 iteration 0: 0.924520
2021-03-21 07:03:54 INFO     Loss at epoch 20 iteration 500: 1.006431
2021-03-21 07:03:55 INFO     Loss at epoch 20 iteration 1000: 1.162600
2021-03-21 07:03:56 INFO     Loss at epoch 20 iteration 1500: 1.001170
2021-03-21 07:03:58 INFO     Loss at epoch 20 iteration 2000: 0.942031
2021-03-21 07:03:59 INFO     Loss at epoch 20 iteration 2500: 1.001442
2021-03-21 07:04:00 INFO     Loss at epoch 20: 6.038193
2021-03-21 07:04:05 INFO     Train_acc at epoch 20: 88.458333
2021-03-21 07:04:06 INFO     Test_acc at epoch 20: 88.820000
2021-03-21 07:04:06 INFO     Loss at epoch 21 iteration 0: 0.923928
2021-03-21 07:04:07 INFO     Loss at epoch 21 iteration 500: 1.008151
2021-03-21 07:04:08 INFO     Loss at epoch 21 iteration 1000: 1.163305
2021-03-21 07:04:09 INFO     Loss at epoch 21 iteration 1500: 1.001381
2021-03-21 07:04:10 INFO     Loss at epoch 21 iteration 2000: 0.942669
2021-03-21 07:04:12 INFO     Loss at epoch 21 iteration 2500: 1.002273
2021-03-21 07:04:13 INFO     Loss at epoch 21: 6.041707
2021-03-21 07:04:18 INFO     Train_acc at epoch 21: 88.450000
2021-03-21 07:04:19 INFO     Test_acc at epoch 21: 88.860000
2021-03-21 07:04:19 INFO     Loss at epoch 22 iteration 0: 0.923646
2021-03-21 07:04:20 INFO     Loss at epoch 22 iteration 500: 1.008354
2021-03-21 07:04:21 INFO     Loss at epoch 22 iteration 1000: 1.163410
2021-03-21 07:04:22 INFO     Loss at epoch 22 iteration 1500: 1.001473
2021-03-21 07:04:23 INFO     Loss at epoch 22 iteration 2000: 0.942693
2021-03-21 07:04:24 INFO     Loss at epoch 22 iteration 2500: 1.002728
2021-03-21 07:04:25 INFO     Loss at epoch 22: 6.042305
2021-03-21 07:04:31 INFO     Train_acc at epoch 22: 88.455000
2021-03-21 07:04:32 INFO     Test_acc at epoch 22: 88.860000
2021-03-21 07:04:32 INFO     Loss at epoch 23 iteration 0: 0.923522
2021-03-21 07:04:33 INFO     Loss at epoch 23 iteration 500: 1.008364
2021-03-21 07:04:34 INFO     Loss at epoch 23 iteration 1000: 1.163448
2021-03-21 07:04:35 INFO     Loss at epoch 23 iteration 1500: 1.001478
2021-03-21 07:04:36 INFO     Loss at epoch 23 iteration 2000: 0.942611
2021-03-21 07:04:37 INFO     Loss at epoch 23 iteration 2500: 1.003035
2021-03-21 07:04:38 INFO     Loss at epoch 23: 6.042458
2021-03-21 07:04:44 INFO     Train_acc at epoch 23: 88.460000
2021-03-21 07:04:44 INFO     Test_acc at epoch 23: 88.840000
2021-03-21 07:04:44 INFO     Loss at epoch 24 iteration 0: 0.923458
2021-03-21 07:04:46 INFO     Loss at epoch 24 iteration 500: 1.008350
2021-03-21 07:04:47 INFO     Loss at epoch 24 iteration 1000: 1.163482
2021-03-21 07:04:48 INFO     Loss at epoch 24 iteration 1500: 1.001442
2021-03-21 07:04:49 INFO     Loss at epoch 24 iteration 2000: 0.942499
2021-03-21 07:04:50 INFO     Loss at epoch 24 iteration 2500: 1.003261
2021-03-21 07:04:51 INFO     Loss at epoch 24: 6.042492
2021-03-21 07:04:57 INFO     Train_acc at epoch 24: 88.468333
2021-03-21 07:04:57 INFO     Test_acc at epoch 24: 88.830000
2021-03-21 07:04:57 INFO     Loss at epoch 25 iteration 0: 0.923418
2021-03-21 07:04:59 INFO     Loss at epoch 25 iteration 500: 1.008337
2021-03-21 07:05:00 INFO     Loss at epoch 25 iteration 1000: 1.163516
2021-03-21 07:05:01 INFO     Loss at epoch 25 iteration 1500: 1.001391
2021-03-21 07:05:02 INFO     Loss at epoch 25 iteration 2000: 0.942381
2021-03-21 07:05:03 INFO     Loss at epoch 25 iteration 2500: 1.003437
2021-03-21 07:05:04 INFO     Loss at epoch 25: 6.042480
2021-03-21 07:05:09 INFO     Train_acc at epoch 25: 88.471667
2021-03-21 07:05:10 INFO     Test_acc at epoch 25: 88.830000
2021-03-21 07:05:10 INFO     Loss at epoch 26 iteration 0: 0.923388
2021-03-21 07:05:11 INFO     Loss at epoch 26 iteration 500: 1.008330
2021-03-21 07:05:13 INFO     Loss at epoch 26 iteration 1000: 1.163548
2021-03-21 07:05:14 INFO     Loss at epoch 26 iteration 1500: 1.001338
2021-03-21 07:05:15 INFO     Loss at epoch 26 iteration 2000: 0.942263
2021-03-21 07:05:16 INFO     Loss at epoch 26 iteration 2500: 1.003581
2021-03-21 07:05:17 INFO     Loss at epoch 26: 6.042448
2021-03-21 07:05:22 INFO     Train_acc at epoch 26: 88.475000
2021-03-21 07:05:23 INFO     Test_acc at epoch 26: 88.840000
2021-03-21 07:05:23 INFO     Loss at epoch 27 iteration 0: 0.923360
2021-03-21 07:05:24 INFO     Loss at epoch 27 iteration 500: 1.008332
2021-03-21 07:05:25 INFO     Loss at epoch 27 iteration 1000: 1.163576
2021-03-21 07:05:27 INFO     Loss at epoch 27 iteration 1500: 1.001287
2021-03-21 07:05:28 INFO     Loss at epoch 27 iteration 2000: 0.942151
2021-03-21 07:05:29 INFO     Loss at epoch 27 iteration 2500: 1.003700
2021-03-21 07:05:30 INFO     Loss at epoch 27: 6.042407
2021-03-21 07:05:35 INFO     Train_acc at epoch 27: 88.478333
2021-03-21 07:05:36 INFO     Test_acc at epoch 27: 88.840000
2021-03-21 07:05:36 INFO     Loss at epoch 28 iteration 0: 0.923332
2021-03-21 07:05:37 INFO     Loss at epoch 28 iteration 500: 1.008341
2021-03-21 07:05:38 INFO     Loss at epoch 28 iteration 1000: 1.163601
2021-03-21 07:05:39 INFO     Loss at epoch 28 iteration 1500: 1.001241
2021-03-21 07:05:41 INFO     Loss at epoch 28 iteration 2000: 0.942046
2021-03-21 07:05:42 INFO     Loss at epoch 28 iteration 2500: 1.003802
2021-03-21 07:05:43 INFO     Loss at epoch 28: 6.042363
2021-03-21 07:05:48 INFO     Train_acc at epoch 28: 88.473333
2021-03-21 07:05:49 INFO     Test_acc at epoch 28: 88.840000
2021-03-21 07:05:49 INFO     Loss at epoch 29 iteration 0: 0.923304
2021-03-21 07:05:50 INFO     Loss at epoch 29 iteration 500: 1.008355
2021-03-21 07:05:51 INFO     Loss at epoch 29 iteration 1000: 1.163621
2021-03-21 07:05:52 INFO     Loss at epoch 29 iteration 1500: 1.001200
2021-03-21 07:05:53 INFO     Loss at epoch 29 iteration 2000: 0.941949
2021-03-21 07:05:55 INFO     Loss at epoch 29 iteration 2500: 1.003890
2021-03-21 07:05:56 INFO     Loss at epoch 29: 6.042319
2021-03-21 07:06:01 INFO     Train_acc at epoch 29: 88.471667
2021-03-21 07:06:02 INFO     Test_acc at epoch 29: 88.830000
2021-03-21 07:06:02 INFO     Loss at epoch 30 iteration 0: 0.923275
2021-03-21 07:06:03 INFO     Loss at epoch 30 iteration 500: 1.008374
2021-03-21 07:06:04 INFO     Loss at epoch 30 iteration 1000: 1.163637
2021-03-21 07:06:05 INFO     Loss at epoch 30 iteration 1500: 1.001164
2021-03-21 07:06:06 INFO     Loss at epoch 30 iteration 2000: 0.941858
2021-03-21 07:06:07 INFO     Loss at epoch 30 iteration 2500: 1.003967
2021-03-21 07:06:09 INFO     Loss at epoch 30: 6.042275
2021-03-21 07:06:14 INFO     Train_acc at epoch 30: 88.475000
2021-03-21 07:06:15 INFO     Test_acc at epoch 30: 88.840000
2021-03-21 07:06:15 INFO     Loss at epoch 31 iteration 0: 0.923245
2021-03-21 07:06:16 INFO     Loss at epoch 31 iteration 500: 1.008395
2021-03-21 07:06:17 INFO     Loss at epoch 31 iteration 1000: 1.163650
2021-03-21 07:06:18 INFO     Loss at epoch 31 iteration 1500: 1.001133
2021-03-21 07:06:19 INFO     Loss at epoch 31 iteration 2000: 0.941775
2021-03-21 07:06:20 INFO     Loss at epoch 31 iteration 2500: 1.004033
2021-03-21 07:06:21 INFO     Loss at epoch 31: 6.042231
2021-03-21 07:06:27 INFO     Train_acc at epoch 31: 88.473333
2021-03-21 07:06:27 INFO     Test_acc at epoch 31: 88.840000
2021-03-21 07:06:27 INFO     Loss at epoch 32 iteration 0: 0.923307
2021-03-21 07:06:29 INFO     Loss at epoch 32 iteration 500: 1.008916
2021-03-21 07:06:30 INFO     Loss at epoch 32 iteration 1000: 1.163771
2021-03-21 07:06:31 INFO     Loss at epoch 32 iteration 1500: 1.001333
2021-03-21 07:06:32 INFO     Loss at epoch 32 iteration 2000: 0.942176
2021-03-21 07:06:33 INFO     Loss at epoch 32 iteration 2500: 1.003479
2021-03-21 07:06:34 INFO     Loss at epoch 32: 6.042982
2021-03-21 07:06:39 INFO     Train_acc at epoch 32: 88.466667
2021-03-21 07:06:40 INFO     Test_acc at epoch 32: 88.840000
2021-03-21 07:06:40 INFO     Loss at epoch 33 iteration 0: 0.923186
2021-03-21 07:06:41 INFO     Loss at epoch 33 iteration 500: 1.008943
2021-03-21 07:06:43 INFO     Loss at epoch 33 iteration 1000: 1.163782
2021-03-21 07:06:44 INFO     Loss at epoch 33 iteration 1500: 1.001331
2021-03-21 07:06:45 INFO     Loss at epoch 33 iteration 2000: 0.942157
2021-03-21 07:06:46 INFO     Loss at epoch 33 iteration 2500: 1.003399
2021-03-21 07:06:47 INFO     Loss at epoch 33: 6.042798
2021-03-21 07:06:52 INFO     Train_acc at epoch 33: 88.461667
2021-03-21 07:06:53 INFO     Test_acc at epoch 33: 88.820000
2021-03-21 07:06:53 INFO     Loss at epoch 34 iteration 0: 0.923095
2021-03-21 07:06:54 INFO     Loss at epoch 34 iteration 500: 1.008967
2021-03-21 07:06:56 INFO     Loss at epoch 34 iteration 1000: 1.163790
2021-03-21 07:06:57 INFO     Loss at epoch 34 iteration 1500: 1.001330
2021-03-21 07:06:58 INFO     Loss at epoch 34 iteration 2000: 0.942148
2021-03-21 07:06:59 INFO     Loss at epoch 34 iteration 2500: 1.003349
2021-03-21 07:07:00 INFO     Loss at epoch 34: 6.042680
2021-03-21 07:07:05 INFO     Train_acc at epoch 34: 88.463333
2021-03-21 07:07:06 INFO     Test_acc at epoch 34: 88.810000
2021-03-21 07:07:06 INFO     Loss at epoch 35 iteration 0: 0.923025
2021-03-21 07:07:07 INFO     Loss at epoch 35 iteration 500: 1.008987
2021-03-21 07:07:08 INFO     Loss at epoch 35 iteration 1000: 1.163797
2021-03-21 07:07:10 INFO     Loss at epoch 35 iteration 1500: 1.001330
2021-03-21 07:07:11 INFO     Loss at epoch 35 iteration 2000: 0.942145
2021-03-21 07:07:12 INFO     Loss at epoch 35 iteration 2500: 1.003321
2021-03-21 07:07:13 INFO     Loss at epoch 35: 6.042606
2021-03-21 07:07:18 INFO     Train_acc at epoch 35: 88.463333
2021-03-21 07:07:19 INFO     Test_acc at epoch 35: 88.810000
2021-03-21 07:07:19 INFO     Loss at epoch 36 iteration 0: 0.922972
2021-03-21 07:07:20 INFO     Loss at epoch 36 iteration 500: 1.009003
2021-03-21 07:07:21 INFO     Loss at epoch 36 iteration 1000: 1.163803
2021-03-21 07:07:22 INFO     Loss at epoch 36 iteration 1500: 1.001331
2021-03-21 07:07:23 INFO     Loss at epoch 36 iteration 2000: 0.942145
2021-03-21 07:07:25 INFO     Loss at epoch 36 iteration 2500: 1.003308
2021-03-21 07:07:26 INFO     Loss at epoch 36: 6.042561
2021-03-21 07:07:31 INFO     Train_acc at epoch 36: 88.460000
2021-03-21 07:07:32 INFO     Test_acc at epoch 36: 88.800000
2021-03-21 07:07:32 INFO     Loss at epoch 37 iteration 0: 0.922929
2021-03-21 07:07:33 INFO     Loss at epoch 37 iteration 500: 1.009017
2021-03-21 07:07:34 INFO     Loss at epoch 37 iteration 1000: 1.163807
2021-03-21 07:07:35 INFO     Loss at epoch 37 iteration 1500: 1.001331
2021-03-21 07:07:36 INFO     Loss at epoch 37 iteration 2000: 0.942146
2021-03-21 07:07:37 INFO     Loss at epoch 37 iteration 2500: 1.003306
2021-03-21 07:07:39 INFO     Loss at epoch 37: 6.042536
2021-03-21 07:07:44 INFO     Train_acc at epoch 37: 88.460000
2021-03-21 07:07:45 INFO     Test_acc at epoch 37: 88.810000
2021-03-21 07:07:45 INFO     Loss at epoch 38 iteration 0: 0.922895
2021-03-21 07:07:46 INFO     Loss at epoch 38 iteration 500: 1.009028
2021-03-21 07:07:47 INFO     Loss at epoch 38 iteration 1000: 1.163811
2021-03-21 07:07:48 INFO     Loss at epoch 38 iteration 1500: 1.001332
2021-03-21 07:07:49 INFO     Loss at epoch 38 iteration 2000: 0.942148
2021-03-21 07:07:50 INFO     Loss at epoch 38 iteration 2500: 1.003310
2021-03-21 07:07:51 INFO     Loss at epoch 38: 6.042524
2021-03-21 07:07:57 INFO     Train_acc at epoch 38: 88.460000
2021-03-21 07:07:58 INFO     Test_acc at epoch 38: 88.800000
2021-03-21 07:07:58 INFO     Loss at epoch 39 iteration 0: 0.922868
2021-03-21 07:07:59 INFO     Loss at epoch 39 iteration 500: 1.009037
2021-03-21 07:08:00 INFO     Loss at epoch 39 iteration 1000: 1.163814
2021-03-21 07:08:01 INFO     Loss at epoch 39 iteration 1500: 1.001333
2021-03-21 07:08:02 INFO     Loss at epoch 39 iteration 2000: 0.942149
2021-03-21 07:08:03 INFO     Loss at epoch 39 iteration 2500: 1.003319
2021-03-21 07:08:04 INFO     Loss at epoch 39: 6.042520
2021-03-21 07:08:10 INFO     Train_acc at epoch 39: 88.460000
2021-03-21 07:08:11 INFO     Test_acc at epoch 39: 88.800000
2021-03-21 07:08:12 INFO     Final test accuracy 88.8
