2021-03-21 08:01:02 INFO     
    Augmented all the data

    Experiment Parameters
    {'batch_size': 20, 'learn_rate_init': 0.0008, 'reg_lambda': 0.7}

    Preprocess Parameters
    {'threshold': False, 'normalize': True, 'augment_data': {'rotate': False, 'shift': False, 'zoom': False, 'shear': False, 'all': False}}
    
2021-03-21 08:01:03 INFO     Generator to Numpy Start
2021-03-21 08:01:03 INFO     Generator to Numpy End
2021-03-21 08:01:10 INFO     Loss at epoch 0: 0.000000
2021-03-21 08:01:17 INFO     Train_acc at epoch 0: 82.590000
2021-03-21 08:01:18 INFO     Test_acc at epoch 0: 82.500000
2021-03-21 08:01:25 INFO     Loss at epoch 1: 0.000000
2021-03-21 08:01:31 INFO     Train_acc at epoch 1: 80.388333
2021-03-21 08:01:32 INFO     Test_acc at epoch 1: 80.190000
2021-03-21 08:01:40 INFO     Loss at epoch 2: 0.000000
2021-03-21 08:01:46 INFO     Train_acc at epoch 2: 78.046667
2021-03-21 08:01:47 INFO     Test_acc at epoch 2: 77.800000
2021-03-21 08:01:53 INFO     Loss at epoch 3: 0.000000
2021-03-21 08:01:59 INFO     Train_acc at epoch 3: 75.680000
2021-03-21 08:02:00 INFO     Test_acc at epoch 3: 75.640000
2021-03-21 08:02:06 INFO     Loss at epoch 4: 0.000000
2021-03-21 08:02:12 INFO     Train_acc at epoch 4: 72.700000
2021-03-21 08:02:13 INFO     Test_acc at epoch 4: 72.790000
2021-03-21 08:02:19 INFO     Loss at epoch 5: 0.000000
2021-03-21 08:02:24 INFO     Train_acc at epoch 5: 69.871667
2021-03-21 08:02:25 INFO     Test_acc at epoch 5: 69.840000
2021-03-21 08:02:31 INFO     Loss at epoch 6: 0.000000
2021-03-21 08:02:37 INFO     Train_acc at epoch 6: 67.455000
2021-03-21 08:02:38 INFO     Test_acc at epoch 6: 67.320000
2021-03-21 08:02:44 INFO     Loss at epoch 7: 0.000000
2021-03-21 08:02:50 INFO     Train_acc at epoch 7: 65.255000
2021-03-21 08:02:51 INFO     Test_acc at epoch 7: 65.350000
2021-03-21 08:02:57 INFO     Loss at epoch 8: 0.000000
2021-03-21 08:03:03 INFO     Train_acc at epoch 8: 65.540000
2021-03-21 08:03:04 INFO     Test_acc at epoch 8: 65.320000
2021-03-21 08:03:10 INFO     Loss at epoch 9: 0.000000
2021-03-21 08:03:16 INFO     Train_acc at epoch 9: 65.208333
2021-03-21 08:03:17 INFO     Test_acc at epoch 9: 64.920000
2021-03-21 08:03:23 INFO     Loss at epoch 10: 0.000000
2021-03-21 08:03:29 INFO     Train_acc at epoch 10: 64.873333
2021-03-21 08:03:30 INFO     Test_acc at epoch 10: 64.640000
2021-03-21 08:03:36 INFO     Loss at epoch 11: 0.000000
2021-03-21 08:03:42 INFO     Train_acc at epoch 11: 64.631667
2021-03-21 08:03:43 INFO     Test_acc at epoch 11: 64.460000
2021-03-21 08:03:49 INFO     Loss at epoch 12: 0.000000
2021-03-21 08:03:55 INFO     Train_acc at epoch 12: 64.393333
2021-03-21 08:03:56 INFO     Test_acc at epoch 12: 64.130000
2021-03-21 08:04:02 INFO     Loss at epoch 13: 0.000000
2021-03-21 08:04:08 INFO     Train_acc at epoch 13: 64.150000
2021-03-21 08:04:09 INFO     Test_acc at epoch 13: 63.890000
2021-03-21 08:04:15 INFO     Loss at epoch 14: 0.000000
2021-03-21 08:04:21 INFO     Train_acc at epoch 14: 63.980000
2021-03-21 08:04:22 INFO     Test_acc at epoch 14: 63.670000
2021-03-21 08:04:28 INFO     Loss at epoch 15: 0.000000
2021-03-21 08:04:34 INFO     Train_acc at epoch 15: 63.798333
2021-03-21 08:04:35 INFO     Test_acc at epoch 15: 63.600000
2021-03-21 08:04:41 INFO     Loss at epoch 16: 0.000000
2021-03-21 08:04:47 INFO     Train_acc at epoch 16: 63.623333
2021-03-21 08:04:48 INFO     Test_acc at epoch 16: 63.460000
2021-03-21 08:04:54 INFO     Loss at epoch 17: 0.000000
2021-03-21 08:05:00 INFO     Train_acc at epoch 17: 63.406667
2021-03-21 08:05:01 INFO     Test_acc at epoch 17: 63.290000
2021-03-21 08:05:07 INFO     Loss at epoch 18: 0.000000
2021-03-21 08:05:13 INFO     Train_acc at epoch 18: 63.221667
2021-03-21 08:05:14 INFO     Test_acc at epoch 18: 63.100000
2021-03-21 08:05:20 INFO     Loss at epoch 19: 0.000000
2021-03-21 08:05:27 INFO     Train_acc at epoch 19: 63.021667
2021-03-21 08:05:28 INFO     Test_acc at epoch 19: 62.910000
2021-03-21 08:05:34 INFO     Loss at epoch 20: 0.000000
2021-03-21 08:05:40 INFO     Train_acc at epoch 20: 63.398333
2021-03-21 08:05:41 INFO     Test_acc at epoch 20: 63.310000
2021-03-21 08:05:47 INFO     Loss at epoch 21: 0.000000
2021-03-21 08:05:53 INFO     Train_acc at epoch 21: 63.473333
2021-03-21 08:05:54 INFO     Test_acc at epoch 21: 63.330000
2021-03-21 08:06:01 INFO     Loss at epoch 22: 0.000000
2021-03-21 08:06:07 INFO     Train_acc at epoch 22: 63.488333
2021-03-21 08:06:08 INFO     Test_acc at epoch 22: 63.360000
2021-03-21 08:06:14 INFO     Loss at epoch 23: 0.000000
2021-03-21 08:06:20 INFO     Train_acc at epoch 23: 63.485000
2021-03-21 08:06:21 INFO     Test_acc at epoch 23: 63.360000
2021-03-21 08:06:28 INFO     Loss at epoch 24: 0.000000
2021-03-21 08:06:35 INFO     Train_acc at epoch 24: 63.478333
2021-03-21 08:06:36 INFO     Test_acc at epoch 24: 63.340000
2021-03-21 08:06:44 INFO     Loss at epoch 25: 0.000000
2021-03-21 08:06:50 INFO     Train_acc at epoch 25: 63.465000
2021-03-21 08:06:52 INFO     Test_acc at epoch 25: 63.330000
2021-03-21 08:06:59 INFO     Loss at epoch 26: 0.000000
2021-03-21 08:07:06 INFO     Train_acc at epoch 26: 63.440000
2021-03-21 08:07:07 INFO     Test_acc at epoch 26: 63.330000
2021-03-21 08:07:14 INFO     Loss at epoch 27: 0.000000
2021-03-21 08:07:21 INFO     Train_acc at epoch 27: 63.423333
2021-03-21 08:07:22 INFO     Test_acc at epoch 27: 63.310000
2021-03-21 08:07:29 INFO     Loss at epoch 28: 0.000000
2021-03-21 08:07:36 INFO     Train_acc at epoch 28: 63.410000
2021-03-21 08:07:37 INFO     Test_acc at epoch 28: 63.290000
2021-03-21 08:07:45 INFO     Loss at epoch 29: 0.000000
2021-03-21 08:07:52 INFO     Train_acc at epoch 29: 63.391667
2021-03-21 08:07:53 INFO     Test_acc at epoch 29: 63.290000
2021-03-21 08:08:00 INFO     Loss at epoch 30: 0.000000
2021-03-21 08:08:07 INFO     Train_acc at epoch 30: 63.386667
2021-03-21 08:08:08 INFO     Test_acc at epoch 30: 63.280000
2021-03-21 08:08:15 INFO     Loss at epoch 31: 0.000000
2021-03-21 08:08:22 INFO     Train_acc at epoch 31: 63.371667
2021-03-21 08:08:23 INFO     Test_acc at epoch 31: 63.250000
2021-03-21 08:08:30 INFO     Loss at epoch 32: 0.000000
2021-03-21 08:08:37 INFO     Train_acc at epoch 32: 63.370000
2021-03-21 08:08:39 INFO     Test_acc at epoch 32: 63.240000
2021-03-21 08:08:46 INFO     Loss at epoch 33: 0.000000
2021-03-21 08:08:53 INFO     Train_acc at epoch 33: 63.378333
2021-03-21 08:08:54 INFO     Test_acc at epoch 33: 63.230000
2021-03-21 08:09:01 INFO     Loss at epoch 34: 0.000000
2021-03-21 08:09:07 INFO     Train_acc at epoch 34: 63.388333
2021-03-21 08:09:08 INFO     Test_acc at epoch 34: 63.230000
2021-03-21 08:09:14 INFO     Loss at epoch 35: 0.000000
2021-03-21 08:09:20 INFO     Train_acc at epoch 35: 63.386667
2021-03-21 08:09:21 INFO     Test_acc at epoch 35: 63.220000
2021-03-21 08:09:28 INFO     Loss at epoch 36: 0.000000
2021-03-21 08:09:35 INFO     Train_acc at epoch 36: 63.388333
2021-03-21 08:09:36 INFO     Test_acc at epoch 36: 63.210000
2021-03-21 08:09:43 INFO     Loss at epoch 37: 0.000000
2021-03-21 08:09:50 INFO     Train_acc at epoch 37: 63.388333
2021-03-21 08:09:51 INFO     Test_acc at epoch 37: 63.210000
2021-03-21 08:09:58 INFO     Loss at epoch 38: 0.000000
2021-03-21 08:10:05 INFO     Train_acc at epoch 38: 63.388333
2021-03-21 08:10:06 INFO     Test_acc at epoch 38: 63.210000
2021-03-21 08:10:13 INFO     Loss at epoch 39: 0.000000
2021-03-21 08:10:20 INFO     Train_acc at epoch 39: 63.393333
2021-03-21 08:10:21 INFO     Test_acc at epoch 39: 63.220000
2021-03-21 08:10:23 INFO     Final test accuracy 63.22
