2021-03-21 04:03:32 INFO     
    some description about your experiment
    
    Experiment Parameters
    {'batch_size': 20, 'learn_rate_init': 0.0008, 'reg_lambda': 0.7}

    Preprocess Parameters
    {'threshold': True, 'normalize': True, 'augment_data': {'rotate': False, 'shift': False, 'zoom': False, 'shear': False, 'all': False}}
    
2021-03-21 04:03:32 INFO     Performing threshold
2021-03-21 04:03:32 INFO     Generator to Numpy Start
2021-03-21 04:03:40 INFO     Generator to Numpy End
2021-03-21 04:03:40 INFO     Loss at epoch 0 iteration 0: 9.111425
2021-03-21 04:03:42 INFO     Loss at epoch 0 iteration 500: 4.681368
2021-03-21 04:03:44 INFO     Loss at epoch 0 iteration 1000: 3.277138
2021-03-21 04:03:45 INFO     Loss at epoch 0 iteration 1500: 2.215862
2021-03-21 04:03:47 INFO     Loss at epoch 0 iteration 2000: 1.636856
2021-03-21 04:03:49 INFO     Loss at epoch 0 iteration 2500: 1.401554
2021-03-21 04:03:51 INFO     Loss at epoch 0: 22.324204
2021-03-21 04:04:00 INFO     Train_acc at epoch 0: 87.561667
2021-03-21 04:04:02 INFO     Test_acc at epoch 0: 88.610000
2021-03-21 04:04:02 INFO     Loss at epoch 1 iteration 0: 1.165541
2021-03-21 04:04:04 INFO     Loss at epoch 1 iteration 500: 1.108497
2021-03-21 04:04:05 INFO     Loss at epoch 1 iteration 1000: 1.223468
2021-03-21 04:04:07 INFO     Loss at epoch 1 iteration 1500: 1.037622
2021-03-21 04:04:09 INFO     Loss at epoch 1 iteration 2000: 0.930139
2021-03-21 04:04:11 INFO     Loss at epoch 1 iteration 2500: 1.000194
2021-03-21 04:04:13 INFO     Loss at epoch 1: 6.465461
2021-03-21 04:04:22 INFO     Train_acc at epoch 1: 87.566667
2021-03-21 04:04:24 INFO     Test_acc at epoch 1: 88.380000
2021-03-21 04:04:24 INFO     Loss at epoch 2 iteration 0: 0.942803
2021-03-21 04:04:26 INFO     Loss at epoch 2 iteration 500: 0.993597
2021-03-21 04:04:28 INFO     Loss at epoch 2 iteration 1000: 1.167331
2021-03-21 04:04:31 INFO     Loss at epoch 2 iteration 1500: 1.025780
2021-03-21 04:04:33 INFO     Loss at epoch 2 iteration 2000: 0.936332
2021-03-21 04:04:35 INFO     Loss at epoch 2 iteration 2500: 1.009574
2021-03-21 04:04:37 INFO     Loss at epoch 2: 6.075417
2021-03-21 04:04:49 INFO     Train_acc at epoch 2: 88.493333
2021-03-21 04:04:51 INFO     Test_acc at epoch 2: 88.990000
2021-03-21 04:04:51 INFO     Loss at epoch 3 iteration 0: 0.944595
2021-03-21 04:04:54 INFO     Loss at epoch 3 iteration 500: 0.990732
2021-03-21 04:04:56 INFO     Loss at epoch 3 iteration 1000: 1.159167
2021-03-21 04:04:57 INFO     Loss at epoch 3 iteration 1500: 1.019575
2021-03-21 04:04:59 INFO     Loss at epoch 3 iteration 2000: 0.927046
2021-03-21 04:05:01 INFO     Loss at epoch 3 iteration 2500: 1.008301
2021-03-21 04:05:03 INFO     Loss at epoch 3: 6.049416
2021-03-21 04:05:14 INFO     Train_acc at epoch 3: 88.566667
2021-03-21 04:05:15 INFO     Test_acc at epoch 3: 89.140000
2021-03-21 04:05:15 INFO     Loss at epoch 4 iteration 0: 0.940237
2021-03-21 04:05:17 INFO     Loss at epoch 4 iteration 500: 0.990834
2021-03-21 04:05:19 INFO     Loss at epoch 4 iteration 1000: 1.155457
2021-03-21 04:05:21 INFO     Loss at epoch 4 iteration 1500: 1.016442
2021-03-21 04:05:23 INFO     Loss at epoch 4 iteration 2000: 0.921685
2021-03-21 04:05:25 INFO     Loss at epoch 4 iteration 2500: 1.007300
2021-03-21 04:05:27 INFO     Loss at epoch 4: 6.031955
2021-03-21 04:05:37 INFO     Train_acc at epoch 4: 88.618333
2021-03-21 04:05:38 INFO     Test_acc at epoch 4: 89.150000
2021-03-21 04:05:38 INFO     Loss at epoch 5 iteration 0: 0.938199
2021-03-21 04:05:40 INFO     Loss at epoch 5 iteration 500: 0.990424
2021-03-21 04:05:42 INFO     Loss at epoch 5 iteration 1000: 1.151426
2021-03-21 04:05:44 INFO     Loss at epoch 5 iteration 1500: 1.018016
2021-03-21 04:05:46 INFO     Loss at epoch 5 iteration 2000: 0.919943
2021-03-21 04:05:48 INFO     Loss at epoch 5 iteration 2500: 1.006909
2021-03-21 04:05:50 INFO     Loss at epoch 5: 6.024917
2021-03-21 04:06:01 INFO     Train_acc at epoch 5: 88.635000
2021-03-21 04:06:04 INFO     Test_acc at epoch 5: 89.150000
2021-03-21 04:06:04 INFO     Loss at epoch 6 iteration 0: 0.937172
2021-03-21 04:06:06 INFO     Loss at epoch 6 iteration 500: 0.991829
2021-03-21 04:06:08 INFO     Loss at epoch 6 iteration 1000: 1.151779
2021-03-21 04:06:11 INFO     Loss at epoch 6 iteration 1500: 1.017590
2021-03-21 04:06:13 INFO     Loss at epoch 6 iteration 2000: 0.920405
2021-03-21 04:06:15 INFO     Loss at epoch 6 iteration 2500: 1.007482
2021-03-21 04:06:18 INFO     Loss at epoch 6: 6.026257
2021-03-21 04:06:29 INFO     Train_acc at epoch 6: 88.640000
2021-03-21 04:06:31 INFO     Test_acc at epoch 6: 89.140000
2021-03-21 04:06:31 INFO     Loss at epoch 7 iteration 0: 0.936721
2021-03-21 04:06:34 INFO     Loss at epoch 7 iteration 500: 0.992028
2021-03-21 04:06:36 INFO     Loss at epoch 7 iteration 1000: 1.151638
2021-03-21 04:06:38 INFO     Loss at epoch 7 iteration 1500: 1.017278
2021-03-21 04:06:41 INFO     Loss at epoch 7 iteration 2000: 0.920147
2021-03-21 04:06:43 INFO     Loss at epoch 7 iteration 2500: 1.007760
2021-03-21 04:06:46 INFO     Loss at epoch 7: 6.025572
2021-03-21 04:06:57 INFO     Train_acc at epoch 7: 88.641667
2021-03-21 04:07:00 INFO     Test_acc at epoch 7: 89.140000
2021-03-21 04:07:00 INFO     Loss at epoch 8 iteration 0: 0.936530
2021-03-21 04:07:02 INFO     Loss at epoch 8 iteration 500: 0.992513
2021-03-21 04:07:05 INFO     Loss at epoch 8 iteration 1000: 1.151615
2021-03-21 04:07:06 INFO     Loss at epoch 8 iteration 1500: 1.017248
2021-03-21 04:07:08 INFO     Loss at epoch 8 iteration 2000: 0.919624
2021-03-21 04:07:11 INFO     Loss at epoch 8 iteration 2500: 1.007138
2021-03-21 04:07:13 INFO     Loss at epoch 8: 6.024669
2021-03-21 04:07:25 INFO     Train_acc at epoch 8: 88.645000
2021-03-21 04:07:27 INFO     Test_acc at epoch 8: 89.130000
2021-03-21 04:07:27 INFO     Loss at epoch 9 iteration 0: 0.936414
2021-03-21 04:07:29 INFO     Loss at epoch 9 iteration 500: 0.992525
2021-03-21 04:07:32 INFO     Loss at epoch 9 iteration 1000: 1.151635
2021-03-21 04:07:34 INFO     Loss at epoch 9 iteration 1500: 1.017230
2021-03-21 04:07:35 INFO     Loss at epoch 9 iteration 2000: 0.919632
2021-03-21 04:07:37 INFO     Loss at epoch 9 iteration 2500: 1.007158
2021-03-21 04:07:39 INFO     Loss at epoch 9: 6.024595
2021-03-21 04:07:49 INFO     Train_acc at epoch 9: 88.643333
2021-03-21 04:07:51 INFO     Test_acc at epoch 9: 89.130000
2021-03-21 04:07:53 INFO     Final test accuracy 89.13
