2021-03-21 05:07:38 INFO     
    Augmented all the data

    Experiment Parameters
    {'batch_size': 20, 'learn_rate_init': 0.0008, 'reg_lambda': 0.7}

    Preprocess Parameters
    {'threshold': False, 'normalize': True, 'augment_data': {'rotate': False, 'shift': False, 'zoom': False, 'shear': False, 'all': False}}
    
2021-03-21 05:07:38 INFO     Generator to Numpy Start
2021-03-21 05:07:38 INFO     Generator to Numpy End
2021-03-21 05:07:39 INFO     Loss at epoch 0 iteration 0: 4.733840
2021-03-21 05:07:39 INFO     Loss at epoch 0 iteration 500: 2.282177
2021-03-21 05:07:40 INFO     Loss at epoch 0 iteration 1000: 1.974432
2021-03-21 05:07:41 INFO     Loss at epoch 0 iteration 1500: 1.506722
2021-03-21 05:07:42 INFO     Loss at epoch 0 iteration 2000: 1.256186
2021-03-21 05:07:43 INFO     Loss at epoch 0 iteration 2500: 1.241324
2021-03-21 05:07:43 INFO     Loss at epoch 0: 12.994682
2021-03-21 05:07:48 INFO     Train_acc at epoch 0: 87.780000
2021-03-21 05:07:49 INFO     Test_acc at epoch 0: 88.900000
2021-03-21 05:07:49 INFO     Loss at epoch 1 iteration 0: 1.091736
2021-03-21 05:07:50 INFO     Loss at epoch 1 iteration 500: 0.991260
2021-03-21 05:07:51 INFO     Loss at epoch 1 iteration 1000: 1.231481
2021-03-21 05:07:51 INFO     Loss at epoch 1 iteration 1500: 1.056714
2021-03-21 05:07:52 INFO     Loss at epoch 1 iteration 2000: 0.985633
2021-03-21 05:07:53 INFO     Loss at epoch 1 iteration 2500: 1.096591
2021-03-21 05:07:54 INFO     Loss at epoch 1: 6.453415
2021-03-21 05:07:59 INFO     Train_acc at epoch 1: 88.058333
2021-03-21 05:07:59 INFO     Test_acc at epoch 1: 89.030000
2021-03-21 05:07:59 INFO     Loss at epoch 2 iteration 0: 0.975527
2021-03-21 05:08:00 INFO     Loss at epoch 2 iteration 500: 0.914168
2021-03-21 05:08:01 INFO     Loss at epoch 2 iteration 1000: 1.183873
2021-03-21 05:08:02 INFO     Loss at epoch 2 iteration 1500: 1.024763
2021-03-21 05:08:03 INFO     Loss at epoch 2 iteration 2000: 0.966226
2021-03-21 05:08:04 INFO     Loss at epoch 2 iteration 2500: 1.084943
2021-03-21 05:08:04 INFO     Loss at epoch 2: 6.149501
2021-03-21 05:08:09 INFO     Train_acc at epoch 2: 88.228333
2021-03-21 05:08:10 INFO     Test_acc at epoch 2: 89.240000
2021-03-21 05:08:10 INFO     Loss at epoch 3 iteration 0: 0.948261
2021-03-21 05:08:11 INFO     Loss at epoch 3 iteration 500: 0.898950
2021-03-21 05:08:12 INFO     Loss at epoch 3 iteration 1000: 1.173687
2021-03-21 05:08:12 INFO     Loss at epoch 3 iteration 1500: 1.015905
2021-03-21 05:08:13 INFO     Loss at epoch 3 iteration 2000: 0.960001
2021-03-21 05:08:14 INFO     Loss at epoch 3 iteration 2500: 1.075891
2021-03-21 05:08:15 INFO     Loss at epoch 3: 6.072694
2021-03-21 05:08:20 INFO     Train_acc at epoch 3: 88.208333
2021-03-21 05:08:20 INFO     Test_acc at epoch 3: 89.110000
2021-03-21 05:08:20 INFO     Loss at epoch 4 iteration 0: 0.935304
2021-03-21 05:08:21 INFO     Loss at epoch 4 iteration 500: 0.894941
2021-03-21 05:08:22 INFO     Loss at epoch 4 iteration 1000: 1.172380
2021-03-21 05:08:23 INFO     Loss at epoch 4 iteration 1500: 1.021299
2021-03-21 05:08:24 INFO     Loss at epoch 4 iteration 2000: 0.973262
2021-03-21 05:08:24 INFO     Loss at epoch 4 iteration 2500: 1.092845
2021-03-21 05:08:25 INFO     Loss at epoch 4: 6.090030
2021-03-21 05:08:30 INFO     Train_acc at epoch 4: 88.023333
2021-03-21 05:08:31 INFO     Test_acc at epoch 4: 88.820000
2021-03-21 05:08:31 INFO     Loss at epoch 5 iteration 0: 0.941860
2021-03-21 05:08:32 INFO     Loss at epoch 5 iteration 500: 0.903704
2021-03-21 05:08:33 INFO     Loss at epoch 5 iteration 1000: 1.181438
2021-03-21 05:08:33 INFO     Loss at epoch 5 iteration 1500: 1.036498
2021-03-21 05:08:34 INFO     Loss at epoch 5 iteration 2000: 0.947775
2021-03-21 05:08:35 INFO     Loss at epoch 5 iteration 2500: 1.101509
2021-03-21 05:08:36 INFO     Loss at epoch 5: 6.112783
2021-03-21 05:08:41 INFO     Train_acc at epoch 5: 88.101667
2021-03-21 05:08:42 INFO     Test_acc at epoch 5: 88.900000
2021-03-21 05:08:42 INFO     Loss at epoch 6 iteration 0: 0.941153
2021-03-21 05:08:42 INFO     Loss at epoch 6 iteration 500: 0.896967
2021-03-21 05:08:43 INFO     Loss at epoch 6 iteration 1000: 1.122899
2021-03-21 05:08:44 INFO     Loss at epoch 6 iteration 1500: 1.039675
2021-03-21 05:08:45 INFO     Loss at epoch 6 iteration 2000: 0.920242
2021-03-21 05:08:46 INFO     Loss at epoch 6 iteration 2500: 1.087073
2021-03-21 05:08:46 INFO     Loss at epoch 6: 6.008009
2021-03-21 05:08:51 INFO     Train_acc at epoch 6: 88.071667
2021-03-21 05:08:52 INFO     Test_acc at epoch 6: 88.750000
2021-03-21 05:08:52 INFO     Loss at epoch 7 iteration 0: 0.919844
2021-03-21 05:08:53 INFO     Loss at epoch 7 iteration 500: 0.889493
2021-03-21 05:08:54 INFO     Loss at epoch 7 iteration 1000: 1.093717
2021-03-21 05:08:54 INFO     Loss at epoch 7 iteration 1500: 1.036715
2021-03-21 05:08:55 INFO     Loss at epoch 7 iteration 2000: 0.913083
2021-03-21 05:08:56 INFO     Loss at epoch 7 iteration 2500: 1.053206
2021-03-21 05:08:57 INFO     Loss at epoch 7: 5.906059
2021-03-21 05:09:02 INFO     Train_acc at epoch 7: 88.025000
2021-03-21 05:09:02 INFO     Test_acc at epoch 7: 88.730000
2021-03-21 05:09:02 INFO     Loss at epoch 8 iteration 0: 0.923013
2021-03-21 05:09:03 INFO     Loss at epoch 8 iteration 500: 0.912892
2021-03-21 05:09:04 INFO     Loss at epoch 8 iteration 1000: 1.102683
2021-03-21 05:09:05 INFO     Loss at epoch 8 iteration 1500: 1.042616
2021-03-21 05:09:06 INFO     Loss at epoch 8 iteration 2000: 0.929931
2021-03-21 05:09:07 INFO     Loss at epoch 8 iteration 2500: 1.045422
2021-03-21 05:09:07 INFO     Loss at epoch 8: 5.956558
2021-03-21 05:09:12 INFO     Train_acc at epoch 8: 88.761667
2021-03-21 05:09:13 INFO     Test_acc at epoch 8: 89.380000
2021-03-21 05:09:13 INFO     Loss at epoch 9 iteration 0: 0.917488
2021-03-21 05:09:14 INFO     Loss at epoch 9 iteration 500: 0.906342
2021-03-21 05:09:15 INFO     Loss at epoch 9 iteration 1000: 1.102381
2021-03-21 05:09:16 INFO     Loss at epoch 9 iteration 1500: 1.042754
2021-03-21 05:09:16 INFO     Loss at epoch 9 iteration 2000: 0.924666
2021-03-21 05:09:17 INFO     Loss at epoch 9 iteration 2500: 1.044480
2021-03-21 05:09:18 INFO     Loss at epoch 9: 5.938113
2021-03-21 05:09:23 INFO     Train_acc at epoch 9: 88.825000
2021-03-21 05:09:24 INFO     Test_acc at epoch 9: 89.490000
2021-03-21 05:09:24 INFO     Loss at epoch 10 iteration 0: 0.916935
2021-03-21 05:09:24 INFO     Loss at epoch 10 iteration 500: 0.904249
2021-03-21 05:09:25 INFO     Loss at epoch 10 iteration 1000: 1.104616
2021-03-21 05:09:26 INFO     Loss at epoch 10 iteration 1500: 1.042509
2021-03-21 05:09:27 INFO     Loss at epoch 10 iteration 2000: 0.921699
2021-03-21 05:09:28 INFO     Loss at epoch 10 iteration 2500: 1.043701
2021-03-21 05:09:28 INFO     Loss at epoch 10: 5.933709
2021-03-21 05:09:33 INFO     Train_acc at epoch 10: 88.880000
2021-03-21 05:09:34 INFO     Test_acc at epoch 10: 89.530000
2021-03-21 05:09:34 INFO     Loss at epoch 11 iteration 0: 0.916641
2021-03-21 05:09:35 INFO     Loss at epoch 11 iteration 500: 0.903725
2021-03-21 05:09:36 INFO     Loss at epoch 11 iteration 1000: 1.107527
2021-03-21 05:09:37 INFO     Loss at epoch 11 iteration 1500: 1.042919
2021-03-21 05:09:37 INFO     Loss at epoch 11 iteration 2000: 0.919044
2021-03-21 05:09:38 INFO     Loss at epoch 11 iteration 2500: 1.043276
2021-03-21 05:09:39 INFO     Loss at epoch 11: 5.933132
2021-03-21 05:09:44 INFO     Train_acc at epoch 11: 88.895000
2021-03-21 05:09:45 INFO     Test_acc at epoch 11: 89.500000
2021-03-21 05:09:45 INFO     Loss at epoch 12 iteration 0: 0.917249
2021-03-21 05:09:46 INFO     Loss at epoch 12 iteration 500: 0.904246
2021-03-21 05:09:46 INFO     Loss at epoch 12 iteration 1000: 1.110759
2021-03-21 05:09:47 INFO     Loss at epoch 12 iteration 1500: 1.043789
2021-03-21 05:09:48 INFO     Loss at epoch 12 iteration 2000: 0.917168
2021-03-21 05:09:49 INFO     Loss at epoch 12 iteration 2500: 1.043449
2021-03-21 05:09:50 INFO     Loss at epoch 12: 5.936659
2021-03-21 05:09:54 INFO     Train_acc at epoch 12: 88.900000
2021-03-21 05:09:55 INFO     Test_acc at epoch 12: 89.480000
2021-03-21 05:09:55 INFO     Loss at epoch 13 iteration 0: 0.918396
2021-03-21 05:09:56 INFO     Loss at epoch 13 iteration 500: 0.905232
2021-03-21 05:09:57 INFO     Loss at epoch 13 iteration 1000: 1.114359
2021-03-21 05:09:58 INFO     Loss at epoch 13 iteration 1500: 1.045457
2021-03-21 05:09:58 INFO     Loss at epoch 13 iteration 2000: 0.915795
2021-03-21 05:09:59 INFO     Loss at epoch 13 iteration 2500: 1.044714
2021-03-21 05:10:00 INFO     Loss at epoch 13: 5.943953
2021-03-21 05:10:05 INFO     Train_acc at epoch 13: 88.898333
2021-03-21 05:10:06 INFO     Test_acc at epoch 13: 89.450000
2021-03-21 05:10:06 INFO     Loss at epoch 14 iteration 0: 0.920001
2021-03-21 05:10:07 INFO     Loss at epoch 14 iteration 500: 0.906508
2021-03-21 05:10:07 INFO     Loss at epoch 14 iteration 1000: 1.118565
2021-03-21 05:10:08 INFO     Loss at epoch 14 iteration 1500: 1.047158
2021-03-21 05:10:09 INFO     Loss at epoch 14 iteration 2000: 0.914671
2021-03-21 05:10:10 INFO     Loss at epoch 14 iteration 2500: 1.046895
2021-03-21 05:10:11 INFO     Loss at epoch 14: 5.953797
2021-03-21 05:10:15 INFO     Train_acc at epoch 14: 88.900000
2021-03-21 05:10:16 INFO     Test_acc at epoch 14: 89.500000
2021-03-21 05:10:16 INFO     Loss at epoch 15 iteration 0: 0.922018
2021-03-21 05:10:17 INFO     Loss at epoch 15 iteration 500: 0.908034
2021-03-21 05:10:18 INFO     Loss at epoch 15 iteration 1000: 1.123184
2021-03-21 05:10:19 INFO     Loss at epoch 15 iteration 1500: 1.048796
2021-03-21 05:10:20 INFO     Loss at epoch 15 iteration 2000: 0.913659
2021-03-21 05:10:20 INFO     Loss at epoch 15 iteration 2500: 1.050097
2021-03-21 05:10:21 INFO     Loss at epoch 15: 5.965787
2021-03-21 05:10:26 INFO     Train_acc at epoch 15: 88.908333
2021-03-21 05:10:27 INFO     Test_acc at epoch 15: 89.480000
2021-03-21 05:10:27 INFO     Loss at epoch 16 iteration 0: 0.924351
2021-03-21 05:10:28 INFO     Loss at epoch 16 iteration 500: 0.909725
2021-03-21 05:10:28 INFO     Loss at epoch 16 iteration 1000: 1.127911
2021-03-21 05:10:29 INFO     Loss at epoch 16 iteration 1500: 1.050256
2021-03-21 05:10:30 INFO     Loss at epoch 16 iteration 2000: 0.913474
2021-03-21 05:10:31 INFO     Loss at epoch 16 iteration 2500: 1.053605
2021-03-21 05:10:32 INFO     Loss at epoch 16: 5.979321
2021-03-21 05:10:36 INFO     Train_acc at epoch 16: 88.863333
2021-03-21 05:10:37 INFO     Test_acc at epoch 16: 89.420000
2021-03-21 05:10:37 INFO     Loss at epoch 17 iteration 0: 0.926902
2021-03-21 05:10:38 INFO     Loss at epoch 17 iteration 500: 0.911694
2021-03-21 05:10:39 INFO     Loss at epoch 17 iteration 1000: 1.133724
2021-03-21 05:10:40 INFO     Loss at epoch 17 iteration 1500: 1.051763
2021-03-21 05:10:41 INFO     Loss at epoch 17 iteration 2000: 0.914107
2021-03-21 05:10:41 INFO     Loss at epoch 17 iteration 2500: 1.057463
2021-03-21 05:10:42 INFO     Loss at epoch 17: 5.995652
2021-03-21 05:10:47 INFO     Train_acc at epoch 17: 88.831667
2021-03-21 05:10:48 INFO     Test_acc at epoch 17: 89.500000
2021-03-21 05:10:48 INFO     Loss at epoch 18 iteration 0: 0.929568
2021-03-21 05:10:49 INFO     Loss at epoch 18 iteration 500: 0.911780
2021-03-21 05:10:49 INFO     Loss at epoch 18 iteration 1000: 1.141171
2021-03-21 05:10:50 INFO     Loss at epoch 18 iteration 1500: 1.053284
2021-03-21 05:10:51 INFO     Loss at epoch 18 iteration 2000: 0.916515
2021-03-21 05:10:52 INFO     Loss at epoch 18 iteration 2500: 1.061578
2021-03-21 05:10:53 INFO     Loss at epoch 18: 6.013895
2021-03-21 05:10:58 INFO     Train_acc at epoch 18: 88.848333
2021-03-21 05:10:58 INFO     Test_acc at epoch 18: 89.530000
2021-03-21 05:10:58 INFO     Loss at epoch 19 iteration 0: 0.932481
2021-03-21 05:10:59 INFO     Loss at epoch 19 iteration 500: 0.912091
2021-03-21 05:11:00 INFO     Loss at epoch 19 iteration 1000: 1.148439
2021-03-21 05:11:01 INFO     Loss at epoch 19 iteration 1500: 1.054825
2021-03-21 05:11:02 INFO     Loss at epoch 19 iteration 2000: 0.920138
2021-03-21 05:11:02 INFO     Loss at epoch 19 iteration 2500: 1.067643
2021-03-21 05:11:03 INFO     Loss at epoch 19: 6.035618
2021-03-21 05:11:08 INFO     Train_acc at epoch 19: 88.836667
2021-03-21 05:11:09 INFO     Test_acc at epoch 19: 89.450000
2021-03-21 05:11:09 INFO     Loss at epoch 20 iteration 0: 0.936733
2021-03-21 05:11:10 INFO     Loss at epoch 20 iteration 500: 0.916736
2021-03-21 05:11:10 INFO     Loss at epoch 20 iteration 1000: 1.149058
2021-03-21 05:11:11 INFO     Loss at epoch 20 iteration 1500: 1.056488
2021-03-21 05:11:12 INFO     Loss at epoch 20 iteration 2000: 0.922113
2021-03-21 05:11:13 INFO     Loss at epoch 20 iteration 2500: 1.066700
2021-03-21 05:11:14 INFO     Loss at epoch 20: 6.047828
2021-03-21 05:11:19 INFO     Train_acc at epoch 20: 88.871667
2021-03-21 05:11:19 INFO     Test_acc at epoch 20: 89.440000
2021-03-21 05:11:19 INFO     Loss at epoch 21 iteration 0: 0.935215
2021-03-21 05:11:20 INFO     Loss at epoch 21 iteration 500: 0.917704
2021-03-21 05:11:21 INFO     Loss at epoch 21 iteration 1000: 1.150818
2021-03-21 05:11:22 INFO     Loss at epoch 21 iteration 1500: 1.056006
2021-03-21 05:11:23 INFO     Loss at epoch 21 iteration 2000: 0.922964
2021-03-21 05:11:24 INFO     Loss at epoch 21 iteration 2500: 1.066621
2021-03-21 05:11:24 INFO     Loss at epoch 21: 6.049329
2021-03-21 05:11:29 INFO     Train_acc at epoch 21: 88.893333
2021-03-21 05:11:30 INFO     Test_acc at epoch 21: 89.430000
2021-03-21 05:11:30 INFO     Loss at epoch 22 iteration 0: 0.935067
2021-03-21 05:11:31 INFO     Loss at epoch 22 iteration 500: 0.918058
2021-03-21 05:11:32 INFO     Loss at epoch 22 iteration 1000: 1.151885
2021-03-21 05:11:32 INFO     Loss at epoch 22 iteration 1500: 1.056147
2021-03-21 05:11:33 INFO     Loss at epoch 22 iteration 2000: 0.923318
2021-03-21 05:11:34 INFO     Loss at epoch 22 iteration 2500: 1.067091
2021-03-21 05:11:35 INFO     Loss at epoch 22: 6.051566
2021-03-21 05:11:40 INFO     Train_acc at epoch 22: 88.885000
2021-03-21 05:11:40 INFO     Test_acc at epoch 22: 89.450000
2021-03-21 05:11:40 INFO     Loss at epoch 23 iteration 0: 0.935288
2021-03-21 05:11:41 INFO     Loss at epoch 23 iteration 500: 0.918205
2021-03-21 05:11:42 INFO     Loss at epoch 23 iteration 1000: 1.152719
2021-03-21 05:11:43 INFO     Loss at epoch 23 iteration 1500: 1.056357
2021-03-21 05:11:44 INFO     Loss at epoch 23 iteration 2000: 0.923579
2021-03-21 05:11:45 INFO     Loss at epoch 23 iteration 2500: 1.067711
2021-03-21 05:11:45 INFO     Loss at epoch 23: 6.053860
2021-03-21 05:11:50 INFO     Train_acc at epoch 23: 88.885000
2021-03-21 05:11:51 INFO     Test_acc at epoch 23: 89.440000
2021-03-21 05:11:51 INFO     Loss at epoch 24 iteration 0: 0.935631
2021-03-21 05:11:52 INFO     Loss at epoch 24 iteration 500: 0.918284
2021-03-21 05:11:53 INFO     Loss at epoch 24 iteration 1000: 1.153482
2021-03-21 05:11:53 INFO     Loss at epoch 24 iteration 1500: 1.056549
2021-03-21 05:11:54 INFO     Loss at epoch 24 iteration 2000: 0.923834
2021-03-21 05:11:55 INFO     Loss at epoch 24 iteration 2500: 1.068372
2021-03-21 05:11:56 INFO     Loss at epoch 24: 6.056152
2021-03-21 05:12:01 INFO     Train_acc at epoch 24: 88.890000
2021-03-21 05:12:02 INFO     Test_acc at epoch 24: 89.440000
2021-03-21 05:12:02 INFO     Loss at epoch 25 iteration 0: 0.936018
2021-03-21 05:12:02 INFO     Loss at epoch 25 iteration 500: 0.918344
2021-03-21 05:12:03 INFO     Loss at epoch 25 iteration 1000: 1.154222
2021-03-21 05:12:04 INFO     Loss at epoch 25 iteration 1500: 1.056721
2021-03-21 05:12:05 INFO     Loss at epoch 25 iteration 2000: 0.924098
2021-03-21 05:12:06 INFO     Loss at epoch 25 iteration 2500: 1.069044
2021-03-21 05:12:06 INFO     Loss at epoch 25: 6.058448
2021-03-21 05:12:11 INFO     Train_acc at epoch 25: 88.893333
2021-03-21 05:12:12 INFO     Test_acc at epoch 25: 89.430000
2021-03-21 05:12:12 INFO     Loss at epoch 26 iteration 0: 0.936423
2021-03-21 05:12:13 INFO     Loss at epoch 26 iteration 500: 0.918407
2021-03-21 05:12:14 INFO     Loss at epoch 26 iteration 1000: 1.154953
2021-03-21 05:12:15 INFO     Loss at epoch 26 iteration 1500: 1.056881
2021-03-21 05:12:15 INFO     Loss at epoch 26 iteration 2000: 0.924374
2021-03-21 05:12:16 INFO     Loss at epoch 26 iteration 2500: 1.069717
2021-03-21 05:12:17 INFO     Loss at epoch 26: 6.060754
2021-03-21 05:12:22 INFO     Train_acc at epoch 26: 88.891667
2021-03-21 05:12:23 INFO     Test_acc at epoch 26: 89.420000
2021-03-21 05:12:23 INFO     Loss at epoch 27 iteration 0: 0.936837
2021-03-21 05:12:24 INFO     Loss at epoch 27 iteration 500: 0.918481
2021-03-21 05:12:24 INFO     Loss at epoch 27 iteration 1000: 1.155677
2021-03-21 05:12:25 INFO     Loss at epoch 27 iteration 1500: 1.057048
2021-03-21 05:12:26 INFO     Loss at epoch 27 iteration 2000: 0.924661
2021-03-21 05:12:27 INFO     Loss at epoch 27 iteration 2500: 1.070399
2021-03-21 05:12:28 INFO     Loss at epoch 27: 6.063102
2021-03-21 05:12:32 INFO     Train_acc at epoch 27: 88.890000
2021-03-21 05:12:33 INFO     Test_acc at epoch 27: 89.420000
2021-03-21 05:12:33 INFO     Loss at epoch 28 iteration 0: 0.937255
2021-03-21 05:12:34 INFO     Loss at epoch 28 iteration 500: 0.918562
2021-03-21 05:12:35 INFO     Loss at epoch 28 iteration 1000: 1.156398
2021-03-21 05:12:36 INFO     Loss at epoch 28 iteration 1500: 1.057242
2021-03-21 05:12:36 INFO     Loss at epoch 28 iteration 2000: 0.924924
2021-03-21 05:12:37 INFO     Loss at epoch 28 iteration 2500: 1.071073
2021-03-21 05:12:38 INFO     Loss at epoch 28: 6.065453
2021-03-21 05:12:43 INFO     Train_acc at epoch 28: 88.890000
2021-03-21 05:12:44 INFO     Test_acc at epoch 28: 89.410000
2021-03-21 05:12:44 INFO     Loss at epoch 29 iteration 0: 0.937677
2021-03-21 05:12:45 INFO     Loss at epoch 29 iteration 500: 0.918648
2021-03-21 05:12:45 INFO     Loss at epoch 29 iteration 1000: 1.157127
2021-03-21 05:12:46 INFO     Loss at epoch 29 iteration 1500: 1.057432
2021-03-21 05:12:47 INFO     Loss at epoch 29 iteration 2000: 0.925090
2021-03-21 05:12:48 INFO     Loss at epoch 29 iteration 2500: 1.071730
2021-03-21 05:12:49 INFO     Loss at epoch 29: 6.067704
2021-03-21 05:12:53 INFO     Train_acc at epoch 29: 88.886667
2021-03-21 05:12:54 INFO     Test_acc at epoch 29: 89.400000
2021-03-21 05:12:54 INFO     Loss at epoch 30 iteration 0: 0.938100
2021-03-21 05:12:55 INFO     Loss at epoch 30 iteration 500: 0.918741
2021-03-21 05:12:56 INFO     Loss at epoch 30 iteration 1000: 1.157851
2021-03-21 05:12:57 INFO     Loss at epoch 30 iteration 1500: 1.057619
2021-03-21 05:12:58 INFO     Loss at epoch 30 iteration 2000: 0.925264
2021-03-21 05:12:58 INFO     Loss at epoch 30 iteration 2500: 1.072382
2021-03-21 05:12:59 INFO     Loss at epoch 30: 6.069957
2021-03-21 05:13:04 INFO     Train_acc at epoch 30: 88.883333
2021-03-21 05:13:05 INFO     Test_acc at epoch 30: 89.390000
2021-03-21 05:13:05 INFO     Loss at epoch 31 iteration 0: 0.938519
2021-03-21 05:13:06 INFO     Loss at epoch 31 iteration 500: 0.918838
2021-03-21 05:13:06 INFO     Loss at epoch 31 iteration 1000: 1.158568
2021-03-21 05:13:07 INFO     Loss at epoch 31 iteration 1500: 1.057805
2021-03-21 05:13:08 INFO     Loss at epoch 31 iteration 2000: 0.925445
2021-03-21 05:13:09 INFO     Loss at epoch 31 iteration 2500: 1.073030
2021-03-21 05:13:10 INFO     Loss at epoch 31: 6.072205
2021-03-21 05:13:15 INFO     Train_acc at epoch 31: 88.883333
2021-03-21 05:13:15 INFO     Test_acc at epoch 31: 89.410000
2021-03-21 05:13:15 INFO     Loss at epoch 32 iteration 0: 0.938991
2021-03-21 05:13:16 INFO     Loss at epoch 32 iteration 500: 0.919527
2021-03-21 05:13:17 INFO     Loss at epoch 32 iteration 1000: 1.159295
2021-03-21 05:13:18 INFO     Loss at epoch 32 iteration 1500: 1.057483
2021-03-21 05:13:19 INFO     Loss at epoch 32 iteration 2000: 0.924766
2021-03-21 05:13:19 INFO     Loss at epoch 32 iteration 2500: 1.073100
2021-03-21 05:13:20 INFO     Loss at epoch 32: 6.073162
2021-03-21 05:13:25 INFO     Train_acc at epoch 32: 88.885000
2021-03-21 05:13:26 INFO     Test_acc at epoch 32: 89.400000
2021-03-21 05:13:26 INFO     Loss at epoch 33 iteration 0: 0.938972
2021-03-21 05:13:27 INFO     Loss at epoch 33 iteration 500: 0.919564
2021-03-21 05:13:27 INFO     Loss at epoch 33 iteration 1000: 1.159381
2021-03-21 05:13:28 INFO     Loss at epoch 33 iteration 1500: 1.057513
2021-03-21 05:13:29 INFO     Loss at epoch 33 iteration 2000: 0.924857
2021-03-21 05:13:30 INFO     Loss at epoch 33 iteration 2500: 1.073132
2021-03-21 05:13:31 INFO     Loss at epoch 33: 6.073420
2021-03-21 05:13:36 INFO     Train_acc at epoch 33: 88.885000
2021-03-21 05:13:36 INFO     Test_acc at epoch 33: 89.400000
2021-03-21 05:13:36 INFO     Loss at epoch 34 iteration 0: 0.938961
2021-03-21 05:13:37 INFO     Loss at epoch 34 iteration 500: 0.919597
2021-03-21 05:13:38 INFO     Loss at epoch 34 iteration 1000: 1.159467
2021-03-21 05:13:39 INFO     Loss at epoch 34 iteration 1500: 1.057543
2021-03-21 05:13:40 INFO     Loss at epoch 34 iteration 2000: 0.924937
2021-03-21 05:13:40 INFO     Loss at epoch 34 iteration 2500: 1.073170
2021-03-21 05:13:41 INFO     Loss at epoch 34: 6.073674
2021-03-21 05:13:46 INFO     Train_acc at epoch 34: 88.886667
2021-03-21 05:13:47 INFO     Test_acc at epoch 34: 89.400000
2021-03-21 05:13:47 INFO     Loss at epoch 35 iteration 0: 0.938957
2021-03-21 05:13:48 INFO     Loss at epoch 35 iteration 500: 0.919627
2021-03-21 05:13:49 INFO     Loss at epoch 35 iteration 1000: 1.159551
2021-03-21 05:13:49 INFO     Loss at epoch 35 iteration 1500: 1.057572
2021-03-21 05:13:50 INFO     Loss at epoch 35 iteration 2000: 0.925007
2021-03-21 05:13:51 INFO     Loss at epoch 35 iteration 2500: 1.073212
2021-03-21 05:13:52 INFO     Loss at epoch 35: 6.073926
2021-03-21 05:13:57 INFO     Train_acc at epoch 35: 88.888333
2021-03-21 05:13:57 INFO     Test_acc at epoch 35: 89.400000
2021-03-21 05:13:57 INFO     Loss at epoch 36 iteration 0: 0.938959
2021-03-21 05:13:58 INFO     Loss at epoch 36 iteration 500: 0.919654
2021-03-21 05:13:59 INFO     Loss at epoch 36 iteration 1000: 1.159634
2021-03-21 05:14:00 INFO     Loss at epoch 36 iteration 1500: 1.057602
2021-03-21 05:14:01 INFO     Loss at epoch 36 iteration 2000: 0.925068
2021-03-21 05:14:02 INFO     Loss at epoch 36 iteration 2500: 1.073258
2021-03-21 05:14:02 INFO     Loss at epoch 36: 6.074175
2021-03-21 05:14:07 INFO     Train_acc at epoch 36: 88.888333
2021-03-21 05:14:08 INFO     Test_acc at epoch 36: 89.410000
2021-03-21 05:14:08 INFO     Loss at epoch 37 iteration 0: 0.938965
2021-03-21 05:14:09 INFO     Loss at epoch 37 iteration 500: 0.919679
2021-03-21 05:14:10 INFO     Loss at epoch 37 iteration 1000: 1.159716
2021-03-21 05:14:11 INFO     Loss at epoch 37 iteration 1500: 1.057631
2021-03-21 05:14:11 INFO     Loss at epoch 37 iteration 2000: 0.925124
2021-03-21 05:14:12 INFO     Loss at epoch 37 iteration 2500: 1.073306
2021-03-21 05:14:13 INFO     Loss at epoch 37: 6.074422
2021-03-21 05:14:18 INFO     Train_acc at epoch 37: 88.888333
2021-03-21 05:14:19 INFO     Test_acc at epoch 37: 89.410000
2021-03-21 05:14:19 INFO     Loss at epoch 38 iteration 0: 0.938976
2021-03-21 05:14:19 INFO     Loss at epoch 38 iteration 500: 0.919701
2021-03-21 05:14:20 INFO     Loss at epoch 38 iteration 1000: 1.159798
2021-03-21 05:14:21 INFO     Loss at epoch 38 iteration 1500: 1.057660
2021-03-21 05:14:22 INFO     Loss at epoch 38 iteration 2000: 0.925173
2021-03-21 05:14:23 INFO     Loss at epoch 38 iteration 2500: 1.073357
2021-03-21 05:14:24 INFO     Loss at epoch 38: 6.074665
2021-03-21 05:14:28 INFO     Train_acc at epoch 38: 88.888333
2021-03-21 05:14:29 INFO     Test_acc at epoch 38: 89.410000
2021-03-21 05:14:29 INFO     Loss at epoch 39 iteration 0: 0.938991
2021-03-21 05:14:30 INFO     Loss at epoch 39 iteration 500: 0.919721
2021-03-21 05:14:31 INFO     Loss at epoch 39 iteration 1000: 1.159878
2021-03-21 05:14:32 INFO     Loss at epoch 39 iteration 1500: 1.057689
2021-03-21 05:14:32 INFO     Loss at epoch 39 iteration 2000: 0.925218
2021-03-21 05:14:33 INFO     Loss at epoch 39 iteration 2500: 1.073410
2021-03-21 05:14:34 INFO     Loss at epoch 39: 6.074907
2021-03-21 05:14:39 INFO     Train_acc at epoch 39: 88.888333
2021-03-21 05:14:40 INFO     Test_acc at epoch 39: 89.420000
2021-03-21 05:14:40 INFO     Final test accuracy 89.42
