2021-04-25 15:11:30 INFO     All arguments used for this run
    Namespace(arch='custom', batch_size=128, data='/home/dataset/ILSVRC/Data/CLS-LOC', dist_backend='nccl', dist_url='tcp://224.66.41.62:23456', epochs=90, evaluate=False, gpu=None, img=256, jitter_val=[], keep_logs=True, lr=0.1, momentum=0.9, multiprocessing_distributed=False, normalize=True, pretrained=False, print_freq=100, rank=-1, resume='/home/ding/applied-ml/mini-project-4/custom_model/experiment1/checkpoint.pth.tar', seed=None, start_epoch=13, weight_decay=0.0005, workers=4, world_size=-1)
    
2021-04-25 15:11:31 INFO     => using custom model
2021-04-25 15:11:33 INFO     Model Config
    VGG(
  (features): Sequential(
    (0): Conv2d(3, 64, kernel_size=(3, 3), stride=(1, 1), padding=(1, 1))
    (1): ReLU(inplace=True)
    (2): MaxPool2d(kernel_size=2, stride=2, padding=0, dilation=1, ceil_mode=False)
    (3): Conv2d(64, 128, kernel_size=(3, 3), stride=(1, 1), padding=(1, 1))
    (4): ReLU(inplace=True)
    (5): MaxPool2d(kernel_size=2, stride=2, padding=0, dilation=1, ceil_mode=False)
    (6): Conv2d(128, 256, kernel_size=(3, 3), stride=(1, 1), padding=(1, 1))
    (7): ReLU(inplace=True)
    (8): Conv2d(256, 256, kernel_size=(3, 3), stride=(1, 1), padding=(1, 1))
    (9): ReLU(inplace=True)
    (10): MaxPool2d(kernel_size=2, stride=2, padding=0, dilation=1, ceil_mode=False)
    (11): Conv2d(256, 512, kernel_size=(3, 3), stride=(1, 1), padding=(1, 1))
    (12): ReLU(inplace=True)
    (13): Conv2d(512, 512, kernel_size=(3, 3), stride=(1, 1), padding=(1, 1))
    (14): ReLU(inplace=True)
    (15): MaxPool2d(kernel_size=2, stride=2, padding=0, dilation=1, ceil_mode=False)
  )
  (avgpool): AdaptiveAvgPool2d(output_size=(7, 7))
  (classifier): Sequential(
    (0): Linear(in_features=25088, out_features=4096, bias=True)
    (1): ReLU(inplace=True)
    (2): Dropout(p=0.5, inplace=False)
    (3): Linear(in_features=4096, out_features=4096, bias=True)
    (4): ReLU(inplace=True)
    (5): Dropout(p=0.5, inplace=False)
    (6): Linear(in_features=4096, out_features=1000, bias=True)
  )
)
    
2021-04-25 15:11:36 INFO     => loading checkpoint '/home/ding/applied-ml/mini-project-4/custom_model/experiment1/checkpoint.pth.tar'
2021-04-25 15:11:36 INFO     => loaded checkpoint '/home/ding/applied-ml/mini-project-4/custom_model/experiment1/checkpoint.pth.tar' (epoch 13)
2021-04-25 15:11:54 INFO     Epoch: [13][    0/10010]	Time 12.448 (12.448)	Data  1.965 ( 1.965)	Loss 4.4385e+00 (4.4385e+00)	Acc@1  15.62 ( 15.62)	Acc@5  36.72 ( 36.72)
2021-04-25 15:13:36 INFO     Epoch: [13][  100/10010]	Time  1.027 ( 1.134)	Data  0.000 ( 0.020)	Loss 4.6947e+00 (4.4506e+00)	Acc@1  10.94 ( 15.91)	Acc@5  26.56 ( 35.10)
2021-04-25 15:15:19 INFO     Epoch: [13][  200/10010]	Time  1.020 ( 1.080)	Data  0.000 ( 0.014)	Loss 4.4096e+00 (4.4955e+00)	Acc@1  16.41 ( 15.41)	Acc@5  35.94 ( 34.17)
2021-04-25 15:17:02 INFO     Epoch: [13][  300/10010]	Time  1.030 ( 1.062)	Data  0.000 ( 0.011)	Loss 4.7059e+00 (4.5016e+00)	Acc@1  13.28 ( 15.35)	Acc@5  35.16 ( 34.20)
2021-04-25 15:18:44 INFO     Epoch: [13][  400/10010]	Time  1.017 ( 1.053)	Data  0.000 ( 0.010)	Loss 4.5187e+00 (4.5217e+00)	Acc@1  16.41 ( 15.04)	Acc@5  32.81 ( 33.79)
2021-04-25 15:20:27 INFO     Epoch: [13][  500/10010]	Time  1.023 ( 1.048)	Data  0.000 ( 0.010)	Loss 4.5043e+00 (4.5425e+00)	Acc@1  15.62 ( 14.81)	Acc@5  35.94 ( 33.43)
2021-04-25 15:22:10 INFO     Epoch: [13][  600/10010]	Time  1.024 ( 1.045)	Data  0.000 ( 0.009)	Loss 4.6248e+00 (4.5590e+00)	Acc@1  14.84 ( 14.52)	Acc@5  33.59 ( 33.09)
2021-04-25 15:23:53 INFO     Epoch: [13][  700/10010]	Time  1.020 ( 1.043)	Data  0.000 ( 0.009)	Loss 4.9409e+00 (4.5650e+00)	Acc@1   9.38 ( 14.50)	Acc@5  23.44 ( 33.00)
2021-04-25 15:25:36 INFO     Epoch: [13][  800/10010]	Time  1.042 ( 1.041)	Data  0.000 ( 0.009)	Loss 4.6337e+00 (4.5714e+00)	Acc@1  15.62 ( 14.48)	Acc@5  35.94 ( 32.90)
2021-04-25 15:27:19 INFO     Epoch: [13][  900/10010]	Time  1.026 ( 1.040)	Data  0.000 ( 0.009)	Loss 4.5378e+00 (4.5768e+00)	Acc@1  18.75 ( 14.42)	Acc@5  37.50 ( 32.79)
2021-04-25 15:29:02 INFO     Epoch: [13][ 1000/10010]	Time  1.024 ( 1.039)	Data  0.000 ( 0.008)	Loss 4.8222e+00 (4.5825e+00)	Acc@1  11.72 ( 14.32)	Acc@5  25.78 ( 32.67)
2021-04-25 15:30:45 INFO     Epoch: [13][ 1100/10010]	Time  1.031 ( 1.038)	Data  0.000 ( 0.008)	Loss 4.6809e+00 (4.5915e+00)	Acc@1  13.28 ( 14.21)	Acc@5  32.81 ( 32.50)
2021-04-25 15:32:28 INFO     Epoch: [13][ 1200/10010]	Time  1.059 ( 1.037)	Data  0.000 ( 0.008)	Loss 4.7222e+00 (4.5983e+00)	Acc@1  14.06 ( 14.12)	Acc@5  29.69 ( 32.31)
2021-04-25 15:34:11 INFO     Epoch: [13][ 1300/10010]	Time  1.034 ( 1.037)	Data  0.000 ( 0.008)	Loss 4.8862e+00 (4.6047e+00)	Acc@1   8.59 ( 14.08)	Acc@5  28.91 ( 32.21)
2021-04-25 15:35:53 INFO     Epoch: [13][ 1400/10010]	Time  1.028 ( 1.036)	Data  0.000 ( 0.008)	Loss 4.7378e+00 (4.6113e+00)	Acc@1  15.62 ( 13.96)	Acc@5  33.59 ( 32.11)
2021-04-25 15:37:36 INFO     Epoch: [13][ 1500/10010]	Time  1.020 ( 1.036)	Data  0.000 ( 0.008)	Loss 4.6508e+00 (4.6213e+00)	Acc@1  10.94 ( 13.87)	Acc@5  27.34 ( 31.94)
2021-04-25 15:39:20 INFO     Epoch: [13][ 1600/10010]	Time  1.044 ( 1.035)	Data  0.000 ( 0.008)	Loss 4.9633e+00 (4.6292e+00)	Acc@1   9.38 ( 13.76)	Acc@5  28.12 ( 31.80)
2021-04-25 15:41:03 INFO     Epoch: [13][ 1700/10010]	Time  1.035 ( 1.035)	Data  0.000 ( 0.008)	Loss 4.8360e+00 (4.6326e+00)	Acc@1  12.50 ( 13.72)	Acc@5  28.12 ( 31.74)
2021-04-25 15:42:45 INFO     Epoch: [13][ 1800/10010]	Time  1.022 ( 1.035)	Data  0.000 ( 0.008)	Loss 4.6142e+00 (4.6388e+00)	Acc@1  12.50 ( 13.66)	Acc@5  32.81 ( 31.63)
2021-04-25 15:44:28 INFO     Epoch: [13][ 1900/10010]	Time  1.026 ( 1.034)	Data  0.000 ( 0.008)	Loss 4.6580e+00 (4.6423e+00)	Acc@1   9.38 ( 13.62)	Acc@5  29.69 ( 31.56)
2021-04-25 15:46:11 INFO     Epoch: [13][ 2000/10010]	Time  1.021 ( 1.034)	Data  0.000 ( 0.008)	Loss 4.6655e+00 (4.6460e+00)	Acc@1  10.16 ( 13.59)	Acc@5  28.12 ( 31.48)
2021-04-25 15:47:54 INFO     Epoch: [13][ 2100/10010]	Time  1.059 ( 1.034)	Data  0.000 ( 0.008)	Loss 4.8017e+00 (4.6516e+00)	Acc@1  10.16 ( 13.50)	Acc@5  28.12 ( 31.37)
2021-04-25 15:49:37 INFO     Epoch: [13][ 2200/10010]	Time  1.054 ( 1.034)	Data  0.000 ( 0.008)	Loss 4.7222e+00 (4.6578e+00)	Acc@1  13.28 ( 13.45)	Acc@5  28.91 ( 31.27)
2021-04-25 15:51:20 INFO     Epoch: [13][ 2300/10010]	Time  1.024 ( 1.033)	Data  0.000 ( 0.008)	Loss 4.5747e+00 (4.6602e+00)	Acc@1  12.50 ( 13.41)	Acc@5  34.38 ( 31.21)
2021-04-25 15:53:02 INFO     Epoch: [13][ 2400/10010]	Time  1.024 ( 1.033)	Data  0.000 ( 0.008)	Loss 4.7890e+00 (4.6659e+00)	Acc@1  10.94 ( 13.36)	Acc@5  28.91 ( 31.13)
2021-04-25 15:54:45 INFO     Epoch: [13][ 2500/10010]	Time  1.026 ( 1.033)	Data  0.000 ( 0.008)	Loss 4.9216e+00 (4.6688e+00)	Acc@1  10.16 ( 13.33)	Acc@5  25.78 ( 31.07)
2021-04-25 15:56:27 INFO     Epoch: [13][ 2600/10010]	Time  1.023 ( 1.032)	Data  0.000 ( 0.008)	Loss 4.9773e+00 (4.6744e+00)	Acc@1   7.81 ( 13.26)	Acc@5  33.59 ( 30.97)
2021-04-25 15:58:09 INFO     Epoch: [13][ 2700/10010]	Time  1.020 ( 1.032)	Data  0.000 ( 0.008)	Loss 5.0858e+00 (4.6811e+00)	Acc@1  15.62 ( 13.20)	Acc@5  23.44 ( 30.85)
2021-04-25 15:59:51 INFO     Epoch: [13][ 2800/10010]	Time  1.023 ( 1.031)	Data  0.000 ( 0.007)	Loss 4.8618e+00 (4.6868e+00)	Acc@1   9.38 ( 13.13)	Acc@5  23.44 ( 30.76)
2021-04-25 16:01:33 INFO     Epoch: [13][ 2900/10010]	Time  1.023 ( 1.031)	Data  0.000 ( 0.007)	Loss 4.8462e+00 (4.6914e+00)	Acc@1  11.72 ( 13.08)	Acc@5  30.47 ( 30.67)
2021-04-25 16:03:15 INFO     Epoch: [13][ 3000/10010]	Time  1.022 ( 1.031)	Data  0.000 ( 0.007)	Loss 5.1954e+00 (4.6959e+00)	Acc@1  12.50 ( 13.04)	Acc@5  22.66 ( 30.60)
2021-04-25 16:04:57 INFO     Epoch: [13][ 3100/10010]	Time  1.024 ( 1.030)	Data  0.000 ( 0.007)	Loss 4.6785e+00 (4.6988e+00)	Acc@1  15.62 ( 13.00)	Acc@5  31.25 ( 30.55)
2021-04-25 16:06:39 INFO     Epoch: [13][ 3200/10010]	Time  1.025 ( 1.030)	Data  0.000 ( 0.007)	Loss 4.8528e+00 (4.7020e+00)	Acc@1  10.94 ( 12.97)	Acc@5  28.12 ( 30.50)
2021-04-25 16:08:21 INFO     Epoch: [13][ 3300/10010]	Time  1.021 ( 1.030)	Data  0.000 ( 0.007)	Loss 4.7462e+00 (4.7049e+00)	Acc@1  10.16 ( 12.94)	Acc@5  32.03 ( 30.44)
2021-04-25 16:10:03 INFO     Epoch: [13][ 3400/10010]	Time  1.019 ( 1.030)	Data  0.000 ( 0.007)	Loss 4.8495e+00 (4.7093e+00)	Acc@1  12.50 ( 12.90)	Acc@5  28.91 ( 30.37)
2021-04-25 16:11:45 INFO     Epoch: [13][ 3500/10010]	Time  1.020 ( 1.029)	Data  0.000 ( 0.007)	Loss 4.6731e+00 (4.7109e+00)	Acc@1   8.59 ( 12.87)	Acc@5  32.03 ( 30.33)
2021-04-25 16:13:27 INFO     Epoch: [13][ 3600/10010]	Time  1.018 ( 1.029)	Data  0.000 ( 0.007)	Loss 4.8550e+00 (4.7153e+00)	Acc@1   7.81 ( 12.82)	Acc@5  26.56 ( 30.26)
2021-04-25 16:15:09 INFO     Epoch: [13][ 3700/10010]	Time  1.023 ( 1.029)	Data  0.000 ( 0.007)	Loss 5.5010e+00 (4.7228e+00)	Acc@1   5.47 ( 12.76)	Acc@5  22.66 ( 30.13)
2021-04-25 16:16:51 INFO     Epoch: [13][ 3800/10010]	Time  1.022 ( 1.029)	Data  0.000 ( 0.007)	Loss 4.6118e+00 (4.7318e+00)	Acc@1  15.62 ( 12.67)	Acc@5  35.16 ( 29.99)
2021-04-25 16:18:33 INFO     Epoch: [13][ 3900/10010]	Time  1.018 ( 1.028)	Data  0.000 ( 0.007)	Loss 4.8938e+00 (4.7362e+00)	Acc@1   8.59 ( 12.63)	Acc@5  31.25 ( 29.92)
2021-04-25 16:20:15 INFO     Epoch: [13][ 4000/10010]	Time  1.018 ( 1.028)	Data  0.000 ( 0.007)	Loss 4.6540e+00 (4.7405e+00)	Acc@1  12.50 ( 12.58)	Acc@5  30.47 ( 29.84)
2021-04-25 16:21:57 INFO     Epoch: [13][ 4100/10010]	Time  1.019 ( 1.028)	Data  0.000 ( 0.007)	Loss 5.0129e+00 (4.7434e+00)	Acc@1   9.38 ( 12.54)	Acc@5  22.66 ( 29.79)
2021-04-25 16:23:39 INFO     Epoch: [13][ 4200/10010]	Time  1.018 ( 1.028)	Data  0.000 ( 0.007)	Loss 4.9490e+00 (4.7468e+00)	Acc@1  14.06 ( 12.51)	Acc@5  31.25 ( 29.74)
2021-04-25 16:25:21 INFO     Epoch: [13][ 4300/10010]	Time  1.020 ( 1.028)	Data  0.000 ( 0.007)	Loss 5.1575e+00 (4.7490e+00)	Acc@1  12.50 ( 12.48)	Acc@5  18.75 ( 29.69)
2021-04-25 16:27:03 INFO     Epoch: [13][ 4400/10010]	Time  1.019 ( 1.027)	Data  0.000 ( 0.007)	Loss 4.8307e+00 (4.7521e+00)	Acc@1  14.06 ( 12.45)	Acc@5  34.38 ( 29.63)
2021-04-25 16:28:46 INFO     Epoch: [13][ 4500/10010]	Time  1.026 ( 1.027)	Data  0.000 ( 0.007)	Loss 4.7311e+00 (4.7538e+00)	Acc@1  13.28 ( 12.43)	Acc@5  33.59 ( 29.60)
2021-04-25 16:30:28 INFO     Epoch: [13][ 4600/10010]	Time  1.019 ( 1.027)	Data  0.000 ( 0.007)	Loss 4.9562e+00 (4.7564e+00)	Acc@1   9.38 ( 12.40)	Acc@5  26.56 ( 29.55)
2021-04-25 16:32:10 INFO     Epoch: [13][ 4700/10010]	Time  1.023 ( 1.027)	Data  0.000 ( 0.007)	Loss 4.6676e+00 (4.7582e+00)	Acc@1  11.72 ( 12.37)	Acc@5  28.91 ( 29.51)
2021-04-25 16:33:52 INFO     Epoch: [13][ 4800/10010]	Time  1.016 ( 1.027)	Data  0.000 ( 0.007)	Loss 5.2176e+00 (4.7614e+00)	Acc@1   8.59 ( 12.35)	Acc@5  18.75 ( 29.46)
2021-04-25 16:35:34 INFO     Epoch: [13][ 4900/10010]	Time  1.018 ( 1.027)	Data  0.000 ( 0.007)	Loss 4.7685e+00 (4.7637e+00)	Acc@1  17.97 ( 12.33)	Acc@5  31.25 ( 29.42)
2021-04-25 16:37:16 INFO     Epoch: [13][ 5000/10010]	Time  1.023 ( 1.027)	Data  0.000 ( 0.007)	Loss 4.7281e+00 (4.7661e+00)	Acc@1   9.38 ( 12.30)	Acc@5  27.34 ( 29.37)
2021-04-25 16:38:58 INFO     Epoch: [13][ 5100/10010]	Time  1.023 ( 1.026)	Data  0.000 ( 0.007)	Loss 4.5769e+00 (4.7679e+00)	Acc@1  14.06 ( 12.28)	Acc@5  35.94 ( 29.34)
2021-04-25 16:40:40 INFO     Epoch: [13][ 5200/10010]	Time  1.019 ( 1.026)	Data  0.000 ( 0.007)	Loss 4.9203e+00 (4.7700e+00)	Acc@1  16.41 ( 12.26)	Acc@5  28.12 ( 29.29)
2021-04-25 16:42:22 INFO     Epoch: [13][ 5300/10010]	Time  1.019 ( 1.026)	Data  0.000 ( 0.007)	Loss 4.8104e+00 (4.7724e+00)	Acc@1  10.94 ( 12.24)	Acc@5  25.78 ( 29.25)
2021-04-25 16:44:04 INFO     Epoch: [13][ 5400/10010]	Time  1.017 ( 1.026)	Data  0.000 ( 0.007)	Loss 4.7868e+00 (4.7748e+00)	Acc@1  11.72 ( 12.22)	Acc@5  28.91 ( 29.21)
2021-04-25 16:45:46 INFO     Epoch: [13][ 5500/10010]	Time  1.022 ( 1.026)	Data  0.000 ( 0.007)	Loss 4.6946e+00 (4.7766e+00)	Acc@1  11.72 ( 12.20)	Acc@5  23.44 ( 29.17)
2021-04-25 16:47:28 INFO     Epoch: [13][ 5600/10010]	Time  1.024 ( 1.026)	Data  0.000 ( 0.007)	Loss 5.0907e+00 (4.7780e+00)	Acc@1   8.59 ( 12.18)	Acc@5  25.78 ( 29.14)
2021-04-25 16:49:10 INFO     Epoch: [13][ 5700/10010]	Time  1.016 ( 1.026)	Data  0.000 ( 0.007)	Loss 4.6145e+00 (4.7796e+00)	Acc@1  14.06 ( 12.17)	Acc@5  34.38 ( 29.11)
2021-04-25 16:50:52 INFO     Epoch: [13][ 5800/10010]	Time  1.018 ( 1.026)	Data  0.000 ( 0.007)	Loss 4.6943e+00 (4.7816e+00)	Acc@1  16.41 ( 12.14)	Acc@5  31.25 ( 29.07)
2021-04-25 16:52:34 INFO     Epoch: [13][ 5900/10010]	Time  1.016 ( 1.026)	Data  0.000 ( 0.007)	Loss 4.8985e+00 (4.7834e+00)	Acc@1  10.94 ( 12.13)	Acc@5  26.56 ( 29.04)
2021-04-25 16:54:15 INFO     Epoch: [13][ 6000/10010]	Time  1.023 ( 1.025)	Data  0.000 ( 0.007)	Loss 4.9534e+00 (4.7859e+00)	Acc@1  12.50 ( 12.10)	Acc@5  25.00 ( 29.00)
