2021-04-24 02:51:41 INFO     All arguments used for this run
    Namespace(arch='vgg16_bn', batch_size=256, data='/home/dataset/ILSVRC/Data/CLS-LOC', dist_backend='nccl', dist_url='tcp://224.66.41.62:23456', epochs=90, evaluate=True, gpu=None, img=256, jitter_val=[], keep_logs=True, lr=0.1, momentum=0.9, multiprocessing_distributed=False, normalize=False, pretrained=True, print_freq=10, rank=-1, resume='', seed=None, start_epoch=0, weight_decay=0.0001, workers=4, world_size=-1)
    
2021-04-24 02:51:41 INFO     => using pre-trained model 'vgg16_bn'
2021-04-24 02:52:14 INFO     Test: [  0/196]	Time 21.477 (21.477)	Loss 1.6800e+00 (1.6800e+00)	Acc@1  58.98 ( 58.98)	Acc@5  83.98 ( 83.98)
2021-04-24 02:52:22 INFO     Test: [ 10/196]	Time  0.833 ( 2.721)	Loss 1.9240e+00 (1.8638e+00)	Acc@1  55.47 ( 55.72)	Acc@5  81.25 ( 81.43)
2021-04-24 02:52:32 INFO     Test: [ 20/196]	Time  0.902 ( 1.882)	Loss 2.0271e+00 (1.8085e+00)	Acc@1  53.52 ( 56.81)	Acc@5  75.78 ( 81.40)
2021-04-24 02:52:44 INFO     Test: [ 30/196]	Time  0.960 ( 1.653)	Loss 1.7932e+00 (1.7848e+00)	Acc@1  56.25 ( 56.94)	Acc@5  78.52 ( 81.45)
2021-04-24 02:52:55 INFO     Test: [ 40/196]	Time  0.964 ( 1.535)	Loss 1.6852e+00 (1.7858e+00)	Acc@1  58.98 ( 57.16)	Acc@5  82.42 ( 81.39)
2021-04-24 02:53:08 INFO     Test: [ 50/196]	Time  0.881 ( 1.474)	Loss 1.8334e+00 (1.7901e+00)	Acc@1  58.98 ( 57.16)	Acc@5  82.42 ( 81.49)
2021-04-24 02:53:19 INFO     Test: [ 60/196]	Time  0.938 ( 1.412)	Loss 1.9784e+00 (1.7999e+00)	Acc@1  52.34 ( 57.01)	Acc@5  77.73 ( 81.38)
2021-04-24 02:53:31 INFO     Test: [ 70/196]	Time  0.844 ( 1.385)	Loss 1.8080e+00 (1.7969e+00)	Acc@1  55.08 ( 57.06)	Acc@5  80.47 ( 81.38)
2021-04-24 02:53:42 INFO     Test: [ 80/196]	Time  0.833 ( 1.353)	Loss 1.6969e+00 (1.7967e+00)	Acc@1  60.16 ( 57.10)	Acc@5  82.03 ( 81.41)
2021-04-24 02:53:55 INFO     Test: [ 90/196]	Time  0.868 ( 1.341)	Loss 2.0028e+00 (1.7954e+00)	Acc@1  53.12 ( 57.08)	Acc@5  75.39 ( 81.46)
2021-04-24 02:54:06 INFO     Test: [100/196]	Time  0.833 ( 1.317)	Loss 2.0384e+00 (1.7985e+00)	Acc@1  50.39 ( 56.98)	Acc@5  78.12 ( 81.42)
2021-04-24 02:54:18 INFO     Test: [110/196]	Time  0.885 ( 1.312)	Loss 1.6736e+00 (1.7977e+00)	Acc@1  59.77 ( 57.08)	Acc@5  83.20 ( 81.42)
2021-04-24 02:54:29 INFO     Test: [120/196]	Time  0.832 ( 1.295)	Loss 1.8489e+00 (1.8005e+00)	Acc@1  56.64 ( 57.08)	Acc@5  84.38 ( 81.41)
2021-04-24 02:54:41 INFO     Test: [130/196]	Time  0.895 ( 1.288)	Loss 1.8082e+00 (1.8046e+00)	Acc@1  57.81 ( 57.07)	Acc@5  83.20 ( 81.35)
2021-04-24 02:54:53 INFO     Test: [140/196]	Time  0.834 ( 1.278)	Loss 2.0656e+00 (1.8010e+00)	Acc@1  53.91 ( 57.17)	Acc@5  76.95 ( 81.41)
2021-04-24 02:55:05 INFO     Test: [150/196]	Time  0.880 ( 1.278)	Loss 1.7334e+00 (1.7991e+00)	Acc@1  54.69 ( 57.15)	Acc@5  81.64 ( 81.40)
2021-04-24 02:55:17 INFO     Test: [160/196]	Time  0.832 ( 1.272)	Loss 1.7683e+00 (1.7983e+00)	Acc@1  59.38 ( 57.15)	Acc@5  83.98 ( 81.41)
2021-04-24 02:55:29 INFO     Test: [170/196]	Time  0.836 ( 1.266)	Loss 1.7946e+00 (1.8018e+00)	Acc@1  55.86 ( 57.07)	Acc@5  82.81 ( 81.34)
2021-04-24 02:55:42 INFO     Test: [180/196]	Time  0.870 ( 1.269)	Loss 1.5038e+00 (1.7989e+00)	Acc@1  61.33 ( 57.13)	Acc@5  85.55 ( 81.35)
2021-04-24 02:55:54 INFO     Test: [190/196]	Time  0.835 ( 1.263)	Loss 1.7861e+00 (1.7986e+00)	Acc@1  58.20 ( 57.15)	Acc@5  81.64 ( 81.35)
2021-04-24 02:56:01 INFO      * Acc@1 57.202 Acc@5 81.416
