2021-04-25 16:34:01 INFO     All arguments used for this run
    Namespace(arch='vgg13_bn', batch_size=256, data='/content/CLS-LOC', dist_backend='nccl', dist_url='tcp://224.66.41.62:23456', epochs=90, evaluate=True, gpu=None, img=256, jitter_val=[], keep_logs=True, lr=0.1, momentum=0.9, multiprocessing_distributed=False, normalize=False, pretrained=True, print_freq=10, rank=-1, resume='', seed=None, start_epoch=0, weight_decay=0.0001, workers=2, world_size=-1)
    
2021-04-25 16:34:01 INFO     => using pre-trained model 'vgg13_bn'
2021-04-25 16:34:36 INFO     Test: [  0/196]	Time 16.300 (16.300)	Loss 2.0858e+00 (2.0858e+00)	Acc@1  48.83 ( 48.83)	Acc@5  76.17 ( 76.17)
2021-04-25 16:34:57 INFO     Test: [ 10/196]	Time  1.557 ( 3.349)	Loss 2.1773e+00 (2.0794e+00)	Acc@1  46.88 ( 50.50)	Acc@5  76.56 ( 77.02)
2021-04-25 16:35:25 INFO     Test: [ 20/196]	Time  1.495 ( 3.097)	Loss 2.1494e+00 (2.1055e+00)	Acc@1  50.78 ( 50.65)	Acc@5  78.52 ( 76.62)
2021-04-25 16:35:50 INFO     Test: [ 30/196]	Time  1.439 ( 2.898)	Loss 2.0267e+00 (2.0863e+00)	Acc@1  55.86 ( 50.93)	Acc@5  78.12 ( 77.32)
2021-04-25 16:36:14 INFO     Test: [ 40/196]	Time  1.444 ( 2.795)	Loss 2.2418e+00 (2.1102e+00)	Acc@1  48.83 ( 50.50)	Acc@5  73.05 ( 76.71)
2021-04-25 16:36:38 INFO     Test: [ 50/196]	Time  1.440 ( 2.716)	Loss 2.1694e+00 (2.1093e+00)	Acc@1  49.61 ( 50.53)	Acc@5  76.17 ( 76.57)
2021-04-25 16:37:03 INFO     Test: [ 60/196]	Time  1.441 ( 2.679)	Loss 2.1513e+00 (2.1186e+00)	Acc@1  49.22 ( 50.38)	Acc@5  76.56 ( 76.53)
2021-04-25 16:37:28 INFO     Test: [ 70/196]	Time  1.446 ( 2.647)	Loss 2.2537e+00 (2.1259e+00)	Acc@1  48.05 ( 50.18)	Acc@5  75.00 ( 76.44)
2021-04-25 16:37:53 INFO     Test: [ 80/196]	Time  1.439 ( 2.631)	Loss 2.2015e+00 (2.1279e+00)	Acc@1  50.78 ( 50.19)	Acc@5  73.44 ( 76.35)
2021-04-25 16:38:17 INFO     Test: [ 90/196]	Time  1.445 ( 2.612)	Loss 2.1875e+00 (2.1310e+00)	Acc@1  51.56 ( 50.26)	Acc@5  75.00 ( 76.21)
2021-04-25 16:38:42 INFO     Test: [100/196]	Time  1.438 ( 2.597)	Loss 2.2601e+00 (2.1352e+00)	Acc@1  47.66 ( 50.17)	Acc@5  75.39 ( 76.17)
2021-04-25 16:39:07 INFO     Test: [110/196]	Time  1.443 ( 2.585)	Loss 2.0954e+00 (2.1356e+00)	Acc@1  51.56 ( 50.11)	Acc@5  76.95 ( 76.21)
2021-04-25 16:39:31 INFO     Test: [120/196]	Time  1.446 ( 2.571)	Loss 2.2963e+00 (2.1323e+00)	Acc@1  48.05 ( 50.18)	Acc@5  75.00 ( 76.28)
2021-04-25 16:39:55 INFO     Test: [130/196]	Time  1.442 ( 2.556)	Loss 2.3195e+00 (2.1382e+00)	Acc@1  48.05 ( 49.98)	Acc@5  70.31 ( 76.22)
2021-04-25 16:40:19 INFO     Test: [140/196]	Time  1.542 ( 2.546)	Loss 2.1406e+00 (2.1382e+00)	Acc@1  47.27 ( 49.99)	Acc@5  74.22 ( 76.19)
2021-04-25 16:40:43 INFO     Test: [150/196]	Time  1.537 ( 2.535)	Loss 2.1929e+00 (2.1368e+00)	Acc@1  48.05 ( 50.06)	Acc@5  73.44 ( 76.18)
2021-04-25 16:41:06 INFO     Test: [160/196]	Time  1.606 ( 2.525)	Loss 2.2909e+00 (2.1368e+00)	Acc@1  52.34 ( 50.10)	Acc@5  74.22 ( 76.17)
2021-04-25 16:41:30 INFO     Test: [170/196]	Time  1.579 ( 2.514)	Loss 2.0915e+00 (2.1379e+00)	Acc@1  49.61 ( 50.19)	Acc@5  79.69 ( 76.16)
2021-04-25 16:41:54 INFO     Test: [180/196]	Time  1.544 ( 2.508)	Loss 2.1726e+00 (2.1414e+00)	Acc@1  46.48 ( 50.11)	Acc@5  76.95 ( 76.12)
2021-04-25 16:42:18 INFO     Test: [190/196]	Time  1.527 ( 2.503)	Loss 2.0033e+00 (2.1402e+00)	Acc@1  55.08 ( 50.13)	Acc@5  73.44 ( 76.13)
2021-04-25 16:42:33 INFO      * Acc@1 50.106 Acc@5 76.106
