2021-04-24 02:47:55 INFO     All arguments used for this run
    Namespace(arch='vgg11_bn', batch_size=256, data='/home/dataset/ILSVRC/Data/CLS-LOC', dist_backend='nccl', dist_url='tcp://224.66.41.62:23456', epochs=90, evaluate=True, gpu=None, img=256, jitter_val=[], keep_logs=True, lr=0.1, momentum=0.9, multiprocessing_distributed=False, normalize=False, pretrained=True, print_freq=10, rank=-1, resume='', seed=None, start_epoch=0, weight_decay=0.0001, workers=4, world_size=-1)
    
2021-04-24 02:47:55 INFO     => using pre-trained model 'vgg11_bn'
2021-04-24 02:48:16 INFO     Test: [  0/196]	Time 10.619 (10.619)	Loss 1.8649e+00 (1.8649e+00)	Acc@1  54.30 ( 54.30)	Acc@5  82.03 ( 82.03)
2021-04-24 02:48:22 INFO     Test: [ 10/196]	Time  0.592 ( 1.454)	Loss 2.2084e+00 (2.1633e+00)	Acc@1  46.09 ( 50.25)	Acc@5  75.78 ( 76.17)
2021-04-24 02:48:31 INFO     Test: [ 20/196]	Time  0.755 ( 1.221)	Loss 2.2544e+00 (2.1857e+00)	Acc@1  48.05 ( 49.18)	Acc@5  71.88 ( 75.30)
2021-04-24 02:48:43 INFO     Test: [ 30/196]	Time  1.193 ( 1.201)	Loss 2.1490e+00 (2.2010e+00)	Acc@1  50.78 ( 49.13)	Acc@5  74.61 ( 75.13)
2021-04-24 02:48:53 INFO     Test: [ 40/196]	Time  0.749 ( 1.141)	Loss 2.1534e+00 (2.2120e+00)	Acc@1  50.39 ( 48.87)	Acc@5  76.56 ( 75.14)
2021-04-24 02:49:04 INFO     Test: [ 50/196]	Time  0.886 ( 1.132)	Loss 2.1513e+00 (2.2212e+00)	Acc@1  53.12 ( 48.56)	Acc@5  77.73 ( 75.18)
2021-04-24 02:49:14 INFO     Test: [ 60/196]	Time  1.590 ( 1.117)	Loss 2.4249e+00 (2.2227e+00)	Acc@1  46.88 ( 48.64)	Acc@5  71.88 ( 75.09)
2021-04-24 02:49:25 INFO     Test: [ 70/196]	Time  0.437 ( 1.117)	Loss 2.1970e+00 (2.2354e+00)	Acc@1  44.92 ( 48.35)	Acc@5  80.08 ( 74.99)
2021-04-24 02:49:35 INFO     Test: [ 80/196]	Time  1.393 ( 1.104)	Loss 2.2532e+00 (2.2317e+00)	Acc@1  48.44 ( 48.47)	Acc@5  75.78 ( 74.94)
2021-04-24 02:49:47 INFO     Test: [ 90/196]	Time  0.439 ( 1.109)	Loss 2.0327e+00 (2.2347e+00)	Acc@1  53.52 ( 48.45)	Acc@5  76.95 ( 74.78)
2021-04-24 02:49:56 INFO     Test: [100/196]	Time  0.638 ( 1.092)	Loss 2.2783e+00 (2.2313e+00)	Acc@1  50.00 ( 48.56)	Acc@5  71.48 ( 74.79)
2021-04-24 02:50:08 INFO     Test: [110/196]	Time  0.440 ( 1.098)	Loss 2.3157e+00 (2.2344e+00)	Acc@1  48.83 ( 48.57)	Acc@5  70.31 ( 74.75)
2021-04-24 02:50:17 INFO     Test: [120/196]	Time  0.699 ( 1.087)	Loss 2.3750e+00 (2.2373e+00)	Acc@1  42.58 ( 48.44)	Acc@5  73.44 ( 74.60)
2021-04-24 02:50:29 INFO     Test: [130/196]	Time  0.437 ( 1.093)	Loss 1.9042e+00 (2.2292e+00)	Acc@1  52.73 ( 48.58)	Acc@5  80.86 ( 74.79)
2021-04-24 02:50:39 INFO     Test: [140/196]	Time  0.580 ( 1.088)	Loss 2.4210e+00 (2.2355e+00)	Acc@1  45.70 ( 48.54)	Acc@5  73.05 ( 74.62)
2021-04-24 02:50:50 INFO     Test: [150/196]	Time  0.574 ( 1.090)	Loss 2.3531e+00 (2.2337e+00)	Acc@1  46.09 ( 48.67)	Acc@5  72.66 ( 74.67)
2021-04-24 02:51:00 INFO     Test: [160/196]	Time  0.440 ( 1.081)	Loss 2.4594e+00 (2.2359e+00)	Acc@1  44.14 ( 48.63)	Acc@5  72.66 ( 74.62)
2021-04-24 02:51:12 INFO     Test: [170/196]	Time  0.530 ( 1.087)	Loss 2.3296e+00 (2.2374e+00)	Acc@1  48.05 ( 48.56)	Acc@5  73.44 ( 74.60)
2021-04-24 02:51:21 INFO     Test: [180/196]	Time  0.441 ( 1.081)	Loss 2.1378e+00 (2.2408e+00)	Acc@1  51.95 ( 48.49)	Acc@5  75.39 ( 74.58)
2021-04-24 02:51:34 INFO     Test: [190/196]	Time  0.442 ( 1.088)	Loss 2.2253e+00 (2.2419e+00)	Acc@1  48.44 ( 48.46)	Acc@5  74.22 ( 74.57)
2021-04-24 02:51:39 INFO      * Acc@1 48.478 Acc@5 74.594
