2021-04-24 02:56:04 INFO     All arguments used for this run
    Namespace(arch='vgg19_bn', batch_size=256, data='/home/dataset/ILSVRC/Data/CLS-LOC', dist_backend='nccl', dist_url='tcp://224.66.41.62:23456', epochs=90, evaluate=True, gpu=None, img=256, jitter_val=[], keep_logs=True, lr=0.1, momentum=0.9, multiprocessing_distributed=False, normalize=False, pretrained=True, print_freq=10, rank=-1, resume='', seed=None, start_epoch=0, weight_decay=0.0001, workers=4, world_size=-1)
    
2021-04-24 02:56:04 INFO     => using pre-trained model 'vgg19_bn'
2021-04-24 02:56:37 INFO     Test: [  0/196]	Time 21.377 (21.377)	Loss 1.8363e+00 (1.8363e+00)	Acc@1  55.86 ( 55.86)	Acc@5  80.08 ( 80.08)
2021-04-24 02:56:46 INFO     Test: [ 10/196]	Time  0.999 ( 2.831)	Loss 1.7632e+00 (1.7633e+00)	Acc@1  58.59 ( 57.63)	Acc@5  79.69 ( 80.86)
2021-04-24 02:56:56 INFO     Test: [ 20/196]	Time  1.085 ( 1.960)	Loss 1.6309e+00 (1.7187e+00)	Acc@1  60.16 ( 58.61)	Acc@5  82.42 ( 81.81)
2021-04-24 02:57:08 INFO     Test: [ 30/196]	Time  1.731 ( 1.702)	Loss 1.8237e+00 (1.7476e+00)	Acc@1  58.98 ( 58.10)	Acc@5  84.77 ( 81.83)
2021-04-24 02:57:21 INFO     Test: [ 40/196]	Time  0.960 ( 1.600)	Loss 1.5930e+00 (1.7665e+00)	Acc@1  60.16 ( 57.76)	Acc@5  82.81 ( 81.68)
2021-04-24 02:57:33 INFO     Test: [ 50/196]	Time  1.236 ( 1.526)	Loss 1.6780e+00 (1.7687e+00)	Acc@1  58.20 ( 57.66)	Acc@5  82.81 ( 81.70)
2021-04-24 02:57:45 INFO     Test: [ 60/196]	Time  0.965 ( 1.474)	Loss 1.8216e+00 (1.7732e+00)	Acc@1  56.25 ( 57.72)	Acc@5  80.86 ( 81.63)
2021-04-24 02:57:58 INFO     Test: [ 70/196]	Time  1.677 ( 1.441)	Loss 1.8418e+00 (1.7795e+00)	Acc@1  53.91 ( 57.59)	Acc@5  80.47 ( 81.55)
2021-04-24 02:58:09 INFO     Test: [ 80/196]	Time  0.966 ( 1.405)	Loss 1.7670e+00 (1.7760e+00)	Acc@1  58.98 ( 57.68)	Acc@5  81.64 ( 81.65)
2021-04-24 02:58:22 INFO     Test: [ 90/196]	Time  1.997 ( 1.389)	Loss 1.8487e+00 (1.7707e+00)	Acc@1  56.64 ( 57.78)	Acc@5  80.08 ( 81.75)
2021-04-24 02:58:34 INFO     Test: [100/196]	Time  0.962 ( 1.369)	Loss 1.7970e+00 (1.7637e+00)	Acc@1  59.77 ( 57.89)	Acc@5  81.64 ( 81.76)
2021-04-24 02:58:46 INFO     Test: [110/196]	Time  1.810 ( 1.358)	Loss 1.7126e+00 (1.7629e+00)	Acc@1  58.59 ( 57.96)	Acc@5  83.20 ( 81.81)
2021-04-24 02:58:58 INFO     Test: [120/196]	Time  0.998 ( 1.342)	Loss 1.8151e+00 (1.7601e+00)	Acc@1  57.03 ( 57.91)	Acc@5  82.03 ( 81.86)
2021-04-24 02:59:10 INFO     Test: [130/196]	Time  1.997 ( 1.336)	Loss 1.7077e+00 (1.7595e+00)	Acc@1  60.94 ( 58.02)	Acc@5  82.03 ( 81.89)
2021-04-24 02:59:22 INFO     Test: [140/196]	Time  0.962 ( 1.327)	Loss 1.6736e+00 (1.7572e+00)	Acc@1  58.20 ( 58.06)	Acc@5  82.42 ( 81.95)
2021-04-24 02:59:36 INFO     Test: [150/196]	Time  1.952 ( 1.326)	Loss 1.7366e+00 (1.7528e+00)	Acc@1  56.64 ( 58.12)	Acc@5  83.20 ( 82.06)
2021-04-24 02:59:48 INFO     Test: [160/196]	Time  0.970 ( 1.318)	Loss 1.7088e+00 (1.7480e+00)	Acc@1  59.77 ( 58.23)	Acc@5  81.25 ( 82.13)
2021-04-24 03:00:01 INFO     Test: [170/196]	Time  2.255 ( 1.321)	Loss 1.6331e+00 (1.7475e+00)	Acc@1  60.55 ( 58.26)	Acc@5  85.16 ( 82.19)
2021-04-24 03:00:13 INFO     Test: [180/196]	Time  0.973 ( 1.313)	Loss 1.7816e+00 (1.7480e+00)	Acc@1  60.16 ( 58.29)	Acc@5  82.42 ( 82.17)
2021-04-24 03:00:26 INFO     Test: [190/196]	Time  1.823 ( 1.314)	Loss 1.7028e+00 (1.7477e+00)	Acc@1  58.59 ( 58.27)	Acc@5  82.42 ( 82.18)
2021-04-24 03:00:33 INFO      * Acc@1 58.214 Acc@5 82.118
