2021-04-29 01:34:52 INFO     All arguments used for this run
    Namespace(arch='custom', batch_size=128, data='/home/dataset/ILSVRC/Data/CLS-LOC', dist_backend='nccl', dist_url='tcp://224.66.41.62:23456', epochs=90, evaluate=False, gpu=None, img=256, jitter_train=[], jitter_val=[], keep_logs=True, lr=0.001, momentum=0.9, multiprocessing_distributed=False, normalize=True, pretrained=False, print_freq=1000, rank=-1, resume='checkpoint.pth.tar', seed=None, start_epoch=10, weight_decay=0.0001, workers=4, world_size=-1)
    
2021-04-29 01:34:53 INFO     => using custom model
2021-04-29 01:34:54 INFO     Model Config: *** KERNEL SIZE OF 5 ***
    VGG(
  (features): Sequential(
    (0): Conv2d(3, 64, kernel_size=(5, 5), stride=(1, 1), padding=(1, 1))
    (1): ReLU(inplace=True)
    (2): MaxPool2d(kernel_size=2, stride=2, padding=0, dilation=1, ceil_mode=False)
    (3): Conv2d(64, 128, kernel_size=(5, 5), stride=(1, 1), padding=(1, 1))
    (4): ReLU(inplace=True)
    (5): MaxPool2d(kernel_size=2, stride=2, padding=0, dilation=1, ceil_mode=False)
    (6): Conv2d(128, 256, kernel_size=(5, 5), stride=(1, 1), padding=(1, 1))
    (7): ReLU(inplace=True)
    (8): Conv2d(256, 256, kernel_size=(5, 5), stride=(1, 1), padding=(1, 1))
    (9): ReLU(inplace=True)
    (10): MaxPool2d(kernel_size=2, stride=2, padding=0, dilation=1, ceil_mode=False)
    (11): Conv2d(256, 512, kernel_size=(5, 5), stride=(1, 1), padding=(1, 1))
    (12): ReLU(inplace=True)
    (13): Conv2d(512, 512, kernel_size=(5, 5), stride=(1, 1), padding=(1, 1))
    (14): ReLU(inplace=True)
    (15): MaxPool2d(kernel_size=2, stride=2, padding=0, dilation=1, ceil_mode=False)
    (16): Conv2d(512, 512, kernel_size=(5, 5), stride=(1, 1), padding=(1, 1))
    (17): ReLU(inplace=True)
    (18): Conv2d(512, 512, kernel_size=(5, 5), stride=(1, 1), padding=(1, 1))
    (19): ReLU(inplace=True)
    (20): MaxPool2d(kernel_size=2, stride=2, padding=0, dilation=1, ceil_mode=False)
  )
  (avgpool): AdaptiveAvgPool2d(output_size=(7, 7))
  (classifier): Sequential(
    (0): Linear(in_features=25088, out_features=4096, bias=True)
    (1): ReLU(inplace=True)
    (2): Dropout(p=0.5, inplace=False)
    (3): Linear(in_features=4096, out_features=4096, bias=True)
    (4): ReLU(inplace=True)
    (5): Dropout(p=0.5, inplace=False)
    (6): Linear(in_features=4096, out_features=1000, bias=True)
  )
)
    
2021-04-29 01:34:56 INFO     => loading checkpoint 'checkpoint.pth.tar'
2021-04-29 01:34:57 INFO     => loaded checkpoint 'checkpoint.pth.tar' (epoch 10)
2021-04-29 01:35:16 INFO     Epoch: [10][    0/10010]	Time 13.429 (13.429)	Data  2.020 ( 2.020)	Loss 5.0565e+00 (5.0565e+00)	Acc@1   6.25 (  6.25)	Acc@5  20.31 ( 20.31)
2021-04-29 01:47:34 INFO     Epoch: [10][ 1000/10010]	Time  0.735 ( 0.750)	Data  0.000 ( 0.002)	Loss 4.9053e+00 (4.8013e+00)	Acc@1  10.16 (  9.39)	Acc@5  20.31 ( 25.65)
2021-04-29 01:59:50 INFO     Epoch: [10][ 2000/10010]	Time  0.740 ( 0.743)	Data  0.000 ( 0.002)	Loss 4.7267e+00 (4.7917e+00)	Acc@1  10.94 (  9.55)	Acc@5  30.47 ( 25.86)
2021-04-29 02:12:07 INFO     Epoch: [10][ 3000/10010]	Time  0.732 ( 0.741)	Data  0.000 ( 0.001)	Loss 4.7914e+00 (4.7783e+00)	Acc@1   9.38 (  9.73)	Acc@5  25.00 ( 26.16)
2021-04-29 02:24:23 INFO     Epoch: [10][ 4000/10010]	Time  0.736 ( 0.740)	Data  0.000 ( 0.001)	Loss 4.3650e+00 (4.7628e+00)	Acc@1  13.28 (  9.88)	Acc@5  34.38 ( 26.48)
2021-04-29 02:36:40 INFO     Epoch: [10][ 5000/10010]	Time  0.736 ( 0.739)	Data  0.000 ( 0.001)	Loss 4.7562e+00 (4.7503e+00)	Acc@1  10.94 (  9.99)	Acc@5  25.78 ( 26.70)
2021-04-29 02:48:56 INFO     Epoch: [10][ 6000/10010]	Time  0.738 ( 0.739)	Data  0.001 ( 0.001)	Loss 4.6461e+00 (4.7365e+00)	Acc@1   9.38 ( 10.14)	Acc@5  25.00 ( 26.98)
2021-04-29 03:01:13 INFO     Epoch: [10][ 7000/10010]	Time  0.736 ( 0.738)	Data  0.000 ( 0.001)	Loss 4.4563e+00 (4.7241e+00)	Acc@1  10.94 ( 10.28)	Acc@5  28.91 ( 27.24)
2021-04-29 03:13:29 INFO     Epoch: [10][ 8000/10010]	Time  0.734 ( 0.738)	Data  0.000 ( 0.001)	Loss 4.5986e+00 (4.7124e+00)	Acc@1  12.50 ( 10.42)	Acc@5  28.12 ( 27.49)
2021-04-29 03:25:46 INFO     Epoch: [10][ 9000/10010]	Time  0.737 ( 0.738)	Data  0.000 ( 0.001)	Loss 4.6330e+00 (4.7001e+00)	Acc@1   7.03 ( 10.55)	Acc@5  25.00 ( 27.76)
2021-04-29 03:38:02 INFO     Epoch: [10][10000/10010]	Time  0.736 ( 0.738)	Data  0.000 ( 0.001)	Loss 4.2376e+00 (4.6876e+00)	Acc@1  16.41 ( 10.69)	Acc@5  35.94 ( 28.02)
/opt/conda/lib/python3.7/site-packages/PIL/TiffImagePlugin.py:793: UserWarning: Corrupt EXIF data.  Expecting to read 4 bytes but only got 0. 
  warnings.warn(str(msg))
2021-04-29 03:38:13 INFO     Test: [  0/391]	Time  2.417 ( 2.417)	Loss 4.3005e+00 (4.3005e+00)	Acc@1  16.41 ( 16.41)	Acc@5  34.38 ( 34.38)
2021-04-29 03:41:46 INFO      * Acc@1 15.964 Acc@5 37.512
2021-04-29 03:42:01 INFO     Epoch: [11][    0/10010]	Time  2.456 ( 2.456)	Data  2.139 ( 2.139)	Loss 4.9377e+00 (4.9377e+00)	Acc@1   9.38 (  9.38)	Acc@5  25.00 ( 25.00)
2021-04-29 03:54:18 INFO     Epoch: [11][ 1000/10010]	Time  0.736 ( 0.738)	Data  0.000 ( 0.003)	Loss 4.5315e+00 (4.5398e+00)	Acc@1  15.62 ( 12.43)	Acc@5  32.81 ( 30.98)
2021-04-29 04:06:35 INFO     Epoch: [11][ 2000/10010]	Time  0.737 ( 0.737)	Data  0.000 ( 0.002)	Loss 4.5165e+00 (4.5272e+00)	Acc@1  11.72 ( 12.56)	Acc@5  29.69 ( 31.23)
2021-04-29 04:18:51 INFO     Epoch: [11][ 3000/10010]	Time  0.736 ( 0.737)	Data  0.000 ( 0.001)	Loss 4.4578e+00 (4.5121e+00)	Acc@1  12.50 ( 12.75)	Acc@5  32.03 ( 31.55)
2021-04-29 04:31:08 INFO     Epoch: [11][ 4000/10010]	Time  0.737 ( 0.737)	Data  0.000 ( 0.001)	Loss 4.6259e+00 (4.5026e+00)	Acc@1  11.72 ( 12.87)	Acc@5  28.91 ( 31.80)
2021-04-29 04:43:25 INFO     Epoch: [11][ 5000/10010]	Time  0.735 ( 0.737)	Data  0.000 ( 0.001)	Loss 4.5336e+00 (4.4911e+00)	Acc@1  13.28 ( 13.00)	Acc@5  32.81 ( 32.03)
2021-04-29 04:55:41 INFO     Epoch: [11][ 6000/10010]	Time  0.735 ( 0.737)	Data  0.000 ( 0.001)	Loss 4.5496e+00 (4.4794e+00)	Acc@1  14.06 ( 13.15)	Acc@5  26.56 ( 32.27)
2021-04-29 05:07:58 INFO     Epoch: [11][ 7000/10010]	Time  0.736 ( 0.737)	Data  0.000 ( 0.001)	Loss 4.5012e+00 (4.4677e+00)	Acc@1  17.97 ( 13.31)	Acc@5  34.38 ( 32.53)
2021-04-29 05:20:15 INFO     Epoch: [11][ 8000/10010]	Time  0.736 ( 0.737)	Data  0.000 ( 0.001)	Loss 4.2035e+00 (4.4562e+00)	Acc@1  17.97 ( 13.45)	Acc@5  34.38 ( 32.77)
2021-04-29 05:32:31 INFO     Epoch: [11][ 9000/10010]	Time  0.736 ( 0.737)	Data  0.000 ( 0.001)	Loss 4.3700e+00 (4.4438e+00)	Acc@1  14.06 ( 13.60)	Acc@5  33.59 ( 33.04)
2021-04-29 05:44:48 INFO     Epoch: [11][10000/10010]	Time  0.734 ( 0.737)	Data  0.000 ( 0.001)	Loss 4.3431e+00 (4.4318e+00)	Acc@1  14.84 ( 13.74)	Acc@5  33.59 ( 33.29)
/opt/conda/lib/python3.7/site-packages/PIL/TiffImagePlugin.py:793: UserWarning: Corrupt EXIF data.  Expecting to read 4 bytes but only got 0. 
  warnings.warn(str(msg))
2021-04-29 05:44:56 INFO     Test: [  0/391]	Time  2.296 ( 2.296)	Loss 3.8918e+00 (3.8918e+00)	Acc@1  20.31 ( 20.31)	Acc@5  46.09 ( 46.09)
2021-04-29 05:48:26 INFO      * Acc@1 19.340 Acc@5 43.012
2021-04-29 05:48:41 INFO     Epoch: [12][    0/10010]	Time  2.265 ( 2.265)	Data  2.023 ( 2.023)	Loss 4.2800e+00 (4.2800e+00)	Acc@1  16.41 ( 16.41)	Acc@5  35.16 ( 35.16)
2021-04-29 06:00:58 INFO     Epoch: [12][ 1000/10010]	Time  0.737 ( 0.738)	Data  0.000 ( 0.003)	Loss 4.1553e+00 (4.2885e+00)	Acc@1  18.75 ( 15.69)	Acc@5  39.84 ( 36.20)
2021-04-29 06:13:14 INFO     Epoch: [12][ 2000/10010]	Time  0.736 ( 0.737)	Data  0.000 ( 0.002)	Loss 4.1432e+00 (4.2787e+00)	Acc@1  13.28 ( 15.76)	Acc@5  35.94 ( 36.40)
2021-04-29 06:25:31 INFO     Epoch: [12][ 3000/10010]	Time  0.734 ( 0.737)	Data  0.000 ( 0.001)	Loss 4.6630e+00 (4.2719e+00)	Acc@1  14.84 ( 15.80)	Acc@5  32.81 ( 36.51)
2021-04-29 06:37:48 INFO     Epoch: [12][ 4000/10010]	Time  0.735 ( 0.737)	Data  0.000 ( 0.001)	Loss 4.1032e+00 (4.2626e+00)	Acc@1  13.28 ( 15.93)	Acc@5  37.50 ( 36.70)
2021-04-29 06:50:04 INFO     Epoch: [12][ 5000/10010]	Time  0.736 ( 0.737)	Data  0.000 ( 0.001)	Loss 4.1269e+00 (4.2507e+00)	Acc@1  19.53 ( 16.07)	Acc@5  42.19 ( 36.92)
2021-04-29 07:02:21 INFO     Epoch: [12][ 6000/10010]	Time  0.737 ( 0.737)	Data  0.000 ( 0.001)	Loss 4.3244e+00 (4.2410e+00)	Acc@1  16.41 ( 16.19)	Acc@5  36.72 ( 37.12)
2021-04-29 07:14:38 INFO     Epoch: [12][ 7000/10010]	Time  0.736 ( 0.737)	Data  0.000 ( 0.001)	Loss 4.3572e+00 (4.2316e+00)	Acc@1  11.72 ( 16.31)	Acc@5  30.47 ( 37.31)
2021-04-29 07:26:54 INFO     Epoch: [12][ 8000/10010]	Time  0.737 ( 0.737)	Data  0.000 ( 0.001)	Loss 4.1246e+00 (4.2233e+00)	Acc@1  16.41 ( 16.41)	Acc@5  38.28 ( 37.49)
2021-04-29 07:39:11 INFO     Epoch: [12][ 9000/10010]	Time  0.735 ( 0.737)	Data  0.000 ( 0.001)	Loss 4.0671e+00 (4.2139e+00)	Acc@1  19.53 ( 16.54)	Acc@5  40.62 ( 37.67)
2021-04-29 07:51:27 INFO     Epoch: [12][10000/10010]	Time  0.738 ( 0.737)	Data  0.000 ( 0.001)	Loss 4.2415e+00 (4.2027e+00)	Acc@1  20.31 ( 16.69)	Acc@5  37.50 ( 37.92)
/opt/conda/lib/python3.7/site-packages/PIL/TiffImagePlugin.py:793: UserWarning: Corrupt EXIF data.  Expecting to read 4 bytes but only got 0. 
  warnings.warn(str(msg))
2021-04-29 07:51:36 INFO     Test: [  0/391]	Time  2.400 ( 2.400)	Loss 3.8287e+00 (3.8287e+00)	Acc@1  21.88 ( 21.88)	Acc@5  46.09 ( 46.09)
2021-04-29 07:55:11 INFO      * Acc@1 22.882 Acc@5 47.678
2021-04-29 07:55:26 INFO     Epoch: [13][    0/10010]	Time  2.265 ( 2.265)	Data  2.027 ( 2.027)	Loss 3.7946e+00 (3.7946e+00)	Acc@1  20.31 ( 20.31)	Acc@5  45.31 ( 45.31)
2021-04-29 08:07:43 INFO     Epoch: [13][ 1000/10010]	Time  0.734 ( 0.738)	Data  0.000 ( 0.003)	Loss 4.2217e+00 (4.0840e+00)	Acc@1  21.09 ( 18.13)	Acc@5  39.84 ( 40.24)
2021-04-29 08:20:00 INFO     Epoch: [13][ 2000/10010]	Time  0.735 ( 0.737)	Data  0.000 ( 0.002)	Loss 3.9006e+00 (4.0720e+00)	Acc@1  26.56 ( 18.45)	Acc@5  43.75 ( 40.54)
2021-04-29 08:32:16 INFO     Epoch: [13][ 3000/10010]	Time  0.734 ( 0.737)	Data  0.000 ( 0.001)	Loss 3.9237e+00 (4.0624e+00)	Acc@1  17.19 ( 18.59)	Acc@5  44.53 ( 40.72)
2021-04-29 08:44:33 INFO     Epoch: [13][ 4000/10010]	Time  0.734 ( 0.737)	Data  0.000 ( 0.001)	Loss 4.1781e+00 (4.0561e+00)	Acc@1  17.97 ( 18.66)	Acc@5  38.28 ( 40.84)
2021-04-29 08:56:49 INFO     Epoch: [13][ 5000/10010]	Time  0.736 ( 0.737)	Data  0.000 ( 0.001)	Loss 3.8292e+00 (4.0486e+00)	Acc@1  28.12 ( 18.77)	Acc@5  46.09 ( 40.99)
2021-04-29 09:09:06 INFO     Epoch: [13][ 6000/10010]	Time  0.737 ( 0.737)	Data  0.000 ( 0.001)	Loss 3.7660e+00 (4.0388e+00)	Acc@1  20.31 ( 18.91)	Acc@5  43.75 ( 41.18)
2021-04-29 09:21:23 INFO     Epoch: [13][ 7000/10010]	Time  0.735 ( 0.737)	Data  0.000 ( 0.001)	Loss 4.0235e+00 (4.0297e+00)	Acc@1  21.88 ( 19.03)	Acc@5  41.41 ( 41.36)
2021-04-29 09:33:39 INFO     Epoch: [13][ 8000/10010]	Time  0.736 ( 0.737)	Data  0.000 ( 0.001)	Loss 3.7811e+00 (4.0212e+00)	Acc@1  18.75 ( 19.16)	Acc@5  48.44 ( 41.56)
2021-04-29 09:45:56 INFO     Epoch: [13][ 9000/10010]	Time  0.737 ( 0.737)	Data  0.000 ( 0.001)	Loss 3.4806e+00 (4.0131e+00)	Acc@1  25.78 ( 19.28)	Acc@5  52.34 ( 41.73)
2021-04-29 09:58:13 INFO     Epoch: [13][10000/10010]	Time  0.736 ( 0.737)	Data  0.000 ( 0.001)	Loss 4.2069e+00 (4.0051e+00)	Acc@1  17.97 ( 19.39)	Acc@5  35.94 ( 41.91)
/opt/conda/lib/python3.7/site-packages/PIL/TiffImagePlugin.py:793: UserWarning: Corrupt EXIF data.  Expecting to read 4 bytes but only got 0. 
  warnings.warn(str(msg))
2021-04-29 09:58:21 INFO     Test: [  0/391]	Time  2.565 ( 2.565)	Loss 3.8446e+00 (3.8446e+00)	Acc@1  16.41 ( 16.41)	Acc@5  40.62 ( 40.62)
2021-04-29 10:01:53 INFO      * Acc@1 26.342 Acc@5 52.064
2021-04-29 10:02:08 INFO     Epoch: [14][    0/10010]	Time  2.400 ( 2.400)	Data  2.154 ( 2.154)	Loss 4.1419e+00 (4.1419e+00)	Acc@1  20.31 ( 20.31)	Acc@5  41.41 ( 41.41)
2021-04-29 10:14:25 INFO     Epoch: [14][ 1000/10010]	Time  0.736 ( 0.738)	Data  0.000 ( 0.003)	Loss 4.0622e+00 (3.8946e+00)	Acc@1  14.84 ( 20.94)	Acc@5  41.41 ( 44.05)
2021-04-29 10:26:41 INFO     Epoch: [14][ 2000/10010]	Time  0.738 ( 0.737)	Data  0.000 ( 0.002)	Loss 3.9804e+00 (3.8949e+00)	Acc@1  18.75 ( 20.92)	Acc@5  39.84 ( 44.08)
2021-04-29 10:38:58 INFO     Epoch: [14][ 3000/10010]	Time  0.736 ( 0.737)	Data  0.000 ( 0.001)	Loss 4.1140e+00 (3.8889e+00)	Acc@1  14.84 ( 20.99)	Acc@5  36.72 ( 44.18)
2021-04-29 10:51:14 INFO     Epoch: [14][ 4000/10010]	Time  0.737 ( 0.737)	Data  0.000 ( 0.001)	Loss 3.9980e+00 (3.8803e+00)	Acc@1  18.75 ( 21.09)	Acc@5  44.53 ( 44.33)
2021-04-29 11:03:31 INFO     Epoch: [14][ 5000/10010]	Time  0.735 ( 0.737)	Data  0.000 ( 0.001)	Loss 3.8717e+00 (3.8721e+00)	Acc@1  21.88 ( 21.21)	Acc@5  42.19 ( 44.50)
2021-04-29 11:15:48 INFO     Epoch: [14][ 6000/10010]	Time  0.738 ( 0.737)	Data  0.000 ( 0.001)	Loss 3.6220e+00 (3.8655e+00)	Acc@1  21.09 ( 21.34)	Acc@5  51.56 ( 44.65)
2021-04-29 11:28:04 INFO     Epoch: [14][ 7000/10010]	Time  0.736 ( 0.737)	Data  0.000 ( 0.001)	Loss 3.6609e+00 (3.8582e+00)	Acc@1  21.09 ( 21.45)	Acc@5  44.53 ( 44.82)
2021-04-29 11:40:21 INFO     Epoch: [14][ 8000/10010]	Time  0.736 ( 0.737)	Data  0.000 ( 0.001)	Loss 3.7596e+00 (3.8499e+00)	Acc@1  23.44 ( 21.59)	Acc@5  47.66 ( 44.98)
2021-04-29 11:52:38 INFO     Epoch: [14][ 9000/10010]	Time  0.739 ( 0.737)	Data  0.000 ( 0.001)	Loss 3.8641e+00 (3.8411e+00)	Acc@1  23.44 ( 21.73)	Acc@5  45.31 ( 45.15)
2021-04-29 12:04:54 INFO     Epoch: [14][10000/10010]	Time  0.739 ( 0.737)	Data  0.000 ( 0.001)	Loss 3.7196e+00 (3.8332e+00)	Acc@1  28.12 ( 21.84)	Acc@5  49.22 ( 45.30)
/opt/conda/lib/python3.7/site-packages/PIL/TiffImagePlugin.py:793: UserWarning: Corrupt EXIF data.  Expecting to read 4 bytes but only got 0. 
  warnings.warn(str(msg))
2021-04-29 12:05:03 INFO     Test: [  0/391]	Time  2.317 ( 2.317)	Loss 3.1826e+00 (3.1826e+00)	Acc@1  31.25 ( 31.25)	Acc@5  56.25 ( 56.25)
2021-04-29 12:08:35 INFO      * Acc@1 29.740 Acc@5 56.444
2021-04-29 12:08:50 INFO     Epoch: [15][    0/10010]	Time  2.170 ( 2.170)	Data  1.928 ( 1.928)	Loss 3.7782e+00 (3.7782e+00)	Acc@1  27.34 ( 27.34)	Acc@5  47.66 ( 47.66)
2021-04-29 12:21:07 INFO     Epoch: [15][ 1000/10010]	Time  0.734 ( 0.738)	Data  0.000 ( 0.003)	Loss 3.5916e+00 (3.7373e+00)	Acc@1  31.25 ( 23.41)	Acc@5  54.69 ( 47.31)
2021-04-29 12:33:23 INFO     Epoch: [15][ 2000/10010]	Time  0.736 ( 0.737)	Data  0.000 ( 0.002)	Loss 3.6832e+00 (3.7332e+00)	Acc@1  22.66 ( 23.38)	Acc@5  45.31 ( 47.33)
2021-04-29 12:45:40 INFO     Epoch: [15][ 3000/10010]	Time  0.739 ( 0.737)	Data  0.000 ( 0.001)	Loss 4.0588e+00 (3.7240e+00)	Acc@1  21.88 ( 23.49)	Acc@5  42.97 ( 47.46)
2021-04-29 12:57:57 INFO     Epoch: [15][ 4000/10010]	Time  0.737 ( 0.737)	Data  0.000 ( 0.001)	Loss 3.7394e+00 (3.7190e+00)	Acc@1  21.88 ( 23.57)	Acc@5  44.53 ( 47.57)
2021-04-29 13:10:14 INFO     Epoch: [15][ 5000/10010]	Time  0.738 ( 0.737)	Data  0.000 ( 0.001)	Loss 3.5439e+00 (3.7119e+00)	Acc@1  29.69 ( 23.70)	Acc@5  51.56 ( 47.72)
2021-04-29 13:22:30 INFO     Epoch: [15][ 6000/10010]	Time  0.752 ( 0.737)	Data  0.000 ( 0.001)	Loss 3.3879e+00 (3.7059e+00)	Acc@1  23.44 ( 23.77)	Acc@5  52.34 ( 47.82)
2021-04-29 13:34:47 INFO     Epoch: [15][ 7000/10010]	Time  0.738 ( 0.737)	Data  0.000 ( 0.001)	Loss 3.7464e+00 (3.7002e+00)	Acc@1  25.78 ( 23.88)	Acc@5  43.75 ( 47.93)
2021-04-29 13:47:03 INFO     Epoch: [15][ 8000/10010]	Time  0.735 ( 0.737)	Data  0.000 ( 0.001)	Loss 3.5583e+00 (3.6928e+00)	Acc@1  25.00 ( 23.99)	Acc@5  46.88 ( 48.07)
2021-04-29 13:59:20 INFO     Epoch: [15][ 9000/10010]	Time  0.737 ( 0.737)	Data  0.000 ( 0.001)	Loss 3.6949e+00 (3.6869e+00)	Acc@1  25.00 ( 24.09)	Acc@5  48.44 ( 48.19)
2021-04-29 14:11:37 INFO     Epoch: [15][10000/10010]	Time  0.735 ( 0.737)	Data  0.000 ( 0.001)	Loss 3.7647e+00 (3.6817e+00)	Acc@1  20.31 ( 24.19)	Acc@5  48.44 ( 48.30)
/opt/conda/lib/python3.7/site-packages/PIL/TiffImagePlugin.py:793: UserWarning: Corrupt EXIF data.  Expecting to read 4 bytes but only got 0. 
  warnings.warn(str(msg))
2021-04-29 14:11:45 INFO     Test: [  0/391]	Time  2.572 ( 2.572)	Loss 2.9117e+00 (2.9117e+00)	Acc@1  32.81 ( 32.81)	Acc@5  64.06 ( 64.06)
2021-04-29 14:15:17 INFO      * Acc@1 32.588 Acc@5 59.332
2021-04-29 14:15:33 INFO     Epoch: [16][    0/10010]	Time  2.379 ( 2.379)	Data  2.130 ( 2.130)	Loss 3.2158e+00 (3.2158e+00)	Acc@1  31.25 ( 31.25)	Acc@5  53.91 ( 53.91)
2021-04-29 14:27:50 INFO     Epoch: [16][ 1000/10010]	Time  0.734 ( 0.738)	Data  0.000 ( 0.003)	Loss 3.6789e+00 (3.5938e+00)	Acc@1  25.00 ( 25.70)	Acc@5  47.66 ( 50.00)
2021-04-29 14:40:06 INFO     Epoch: [16][ 2000/10010]	Time  0.737 ( 0.737)	Data  0.000 ( 0.002)	Loss 3.7444e+00 (3.5866e+00)	Acc@1  28.12 ( 25.57)	Acc@5  52.34 ( 50.08)
2021-04-29 14:52:23 INFO     Epoch: [16][ 3000/10010]	Time  0.739 ( 0.737)	Data  0.000 ( 0.002)	Loss 3.5269e+00 (3.5797e+00)	Acc@1  27.34 ( 25.72)	Acc@5  55.47 ( 50.24)
2021-04-29 15:04:40 INFO     Epoch: [16][ 4000/10010]	Time  0.738 ( 0.737)	Data  0.000 ( 0.001)	Loss 3.6177e+00 (3.5739e+00)	Acc@1  23.44 ( 25.81)	Acc@5  52.34 ( 50.30)
2021-04-29 15:16:56 INFO     Epoch: [16][ 5000/10010]	Time  0.734 ( 0.737)	Data  0.000 ( 0.001)	Loss 3.2329e+00 (3.5714e+00)	Acc@1  26.56 ( 25.89)	Acc@5  57.03 ( 50.32)
2021-04-29 15:29:13 INFO     Epoch: [16][ 6000/10010]	Time  0.734 ( 0.737)	Data  0.000 ( 0.001)	Loss 3.6444e+00 (3.5655e+00)	Acc@1  25.78 ( 25.99)	Acc@5  49.22 ( 50.44)
2021-04-29 15:41:30 INFO     Epoch: [16][ 7000/10010]	Time  0.739 ( 0.737)	Data  0.000 ( 0.001)	Loss 3.3044e+00 (3.5617e+00)	Acc@1  28.91 ( 26.06)	Acc@5  53.91 ( 50.55)
2021-04-29 15:53:46 INFO     Epoch: [16][ 8000/10010]	Time  0.739 ( 0.737)	Data  0.000 ( 0.001)	Loss 3.8539e+00 (3.5573e+00)	Acc@1  19.53 ( 26.14)	Acc@5  42.19 ( 50.63)
2021-04-29 16:06:03 INFO     Epoch: [16][ 9000/10010]	Time  0.738 ( 0.737)	Data  0.000 ( 0.001)	Loss 3.3633e+00 (3.5525e+00)	Acc@1  30.47 ( 26.22)	Acc@5  50.78 ( 50.74)
2021-04-29 16:18:20 INFO     Epoch: [16][10000/10010]	Time  0.737 ( 0.737)	Data  0.000 ( 0.001)	Loss 3.4894e+00 (3.5467e+00)	Acc@1  28.12 ( 26.31)	Acc@5  52.34 ( 50.85)
/opt/conda/lib/python3.7/site-packages/PIL/TiffImagePlugin.py:793: UserWarning: Corrupt EXIF data.  Expecting to read 4 bytes but only got 0. 
  warnings.warn(str(msg))
2021-04-29 16:18:28 INFO     Test: [  0/391]	Time  2.517 ( 2.517)	Loss 2.9776e+00 (2.9776e+00)	Acc@1  32.03 ( 32.03)	Acc@5  63.28 ( 63.28)
2021-04-29 16:22:01 INFO      * Acc@1 34.272 Acc@5 61.466
2021-04-29 16:22:16 INFO     Epoch: [17][    0/10010]	Time  2.185 ( 2.185)	Data  1.942 ( 1.942)	Loss 3.7452e+00 (3.7452e+00)	Acc@1  24.22 ( 24.22)	Acc@5  48.44 ( 48.44)
2021-04-29 16:34:33 INFO     Epoch: [17][ 1000/10010]	Time  0.735 ( 0.738)	Data  0.000 ( 0.003)	Loss 3.3311e+00 (3.4655e+00)	Acc@1  34.38 ( 27.50)	Acc@5  60.16 ( 52.46)
2021-04-29 16:46:50 INFO     Epoch: [17][ 2000/10010]	Time  0.738 ( 0.737)	Data  0.000 ( 0.002)	Loss 3.3926e+00 (3.4600e+00)	Acc@1  33.59 ( 27.63)	Acc@5  54.69 ( 52.48)
2021-04-29 16:59:06 INFO     Epoch: [17][ 3000/10010]	Time  0.736 ( 0.737)	Data  0.000 ( 0.001)	Loss 3.4565e+00 (3.4580e+00)	Acc@1  28.91 ( 27.68)	Acc@5  46.09 ( 52.53)
2021-04-29 17:11:23 INFO     Epoch: [17][ 4000/10010]	Time  0.739 ( 0.737)	Data  0.000 ( 0.001)	Loss 3.2436e+00 (3.4572e+00)	Acc@1  26.56 ( 27.69)	Acc@5  52.34 ( 52.59)
2021-04-29 17:23:40 INFO     Epoch: [17][ 5000/10010]	Time  0.736 ( 0.737)	Data  0.000 ( 0.001)	Loss 3.2859e+00 (3.4518e+00)	Acc@1  28.91 ( 27.79)	Acc@5  60.94 ( 52.71)
2021-04-29 17:35:56 INFO     Epoch: [17][ 6000/10010]	Time  0.736 ( 0.737)	Data  0.000 ( 0.001)	Loss 3.4834e+00 (3.4463e+00)	Acc@1  31.25 ( 27.89)	Acc@5  50.78 ( 52.82)
2021-04-29 17:48:13 INFO     Epoch: [17][ 7000/10010]	Time  0.738 ( 0.737)	Data  0.000 ( 0.001)	Loss 3.3933e+00 (3.4423e+00)	Acc@1  31.25 ( 27.95)	Acc@5  52.34 ( 52.88)
2021-04-29 18:00:30 INFO     Epoch: [17][ 8000/10010]	Time  0.736 ( 0.737)	Data  0.000 ( 0.001)	Loss 3.6559e+00 (3.4386e+00)	Acc@1  22.66 ( 28.02)	Acc@5  51.56 ( 52.96)
2021-04-29 18:12:47 INFO     Epoch: [17][ 9000/10010]	Time  0.734 ( 0.737)	Data  0.000 ( 0.001)	Loss 3.3928e+00 (3.4342e+00)	Acc@1  31.25 ( 28.09)	Acc@5  55.47 ( 53.05)
2021-04-29 18:25:03 INFO     Epoch: [17][10000/10010]	Time  0.737 ( 0.737)	Data  0.000 ( 0.001)	Loss 3.5331e+00 (3.4294e+00)	Acc@1  23.44 ( 28.16)	Acc@5  53.91 ( 53.13)
/opt/conda/lib/python3.7/site-packages/PIL/TiffImagePlugin.py:793: UserWarning: Corrupt EXIF data.  Expecting to read 4 bytes but only got 0. 
  warnings.warn(str(msg))
2021-04-29 18:25:12 INFO     Test: [  0/391]	Time  2.454 ( 2.454)	Loss 2.8372e+00 (2.8372e+00)	Acc@1  39.06 ( 39.06)	Acc@5  64.06 ( 64.06)
2021-04-29 18:28:39 INFO      * Acc@1 36.504 Acc@5 63.414
2021-04-29 18:28:55 INFO     Epoch: [18][    0/10010]	Time  2.089 ( 2.089)	Data  1.829 ( 1.829)	Loss 3.3235e+00 (3.3235e+00)	Acc@1  28.91 ( 28.91)	Acc@5  53.12 ( 53.12)
2021-04-29 18:41:12 INFO     Epoch: [18][ 1000/10010]	Time  0.734 ( 0.738)	Data  0.001 ( 0.003)	Loss 3.2225e+00 (3.3496e+00)	Acc@1  29.69 ( 29.43)	Acc@5  58.59 ( 54.52)
2021-04-29 18:53:29 INFO     Epoch: [18][ 2000/10010]	Time  0.735 ( 0.737)	Data  0.000 ( 0.002)	Loss 3.2450e+00 (3.3501e+00)	Acc@1  26.56 ( 29.46)	Acc@5  55.47 ( 54.52)
2021-04-29 19:05:45 INFO     Epoch: [18][ 3000/10010]	Time  0.738 ( 0.737)	Data  0.000 ( 0.001)	Loss 3.2170e+00 (3.3437e+00)	Acc@1  32.81 ( 29.57)	Acc@5  60.16 ( 54.63)
2021-04-29 19:18:02 INFO     Epoch: [18][ 4000/10010]	Time  0.736 ( 0.737)	Data  0.000 ( 0.001)	Loss 3.5949e+00 (3.3411e+00)	Acc@1  32.81 ( 29.62)	Acc@5  53.12 ( 54.67)
2021-04-29 19:30:18 INFO     Epoch: [18][ 5000/10010]	Time  0.736 ( 0.737)	Data  0.000 ( 0.001)	Loss 3.1039e+00 (3.3384e+00)	Acc@1  26.56 ( 29.66)	Acc@5  56.25 ( 54.76)
2021-04-29 19:42:35 INFO     Epoch: [18][ 6000/10010]	Time  0.736 ( 0.737)	Data  0.000 ( 0.001)	Loss 3.0391e+00 (3.3362e+00)	Acc@1  35.94 ( 29.70)	Acc@5  60.16 ( 54.81)
2021-04-29 19:54:52 INFO     Epoch: [18][ 7000/10010]	Time  0.735 ( 0.737)	Data  0.000 ( 0.001)	Loss 3.6023e+00 (3.3314e+00)	Acc@1  28.91 ( 29.79)	Acc@5  50.78 ( 54.89)
2021-04-29 20:07:08 INFO     Epoch: [18][ 8000/10010]	Time  0.735 ( 0.737)	Data  0.000 ( 0.001)	Loss 3.7298e+00 (3.3284e+00)	Acc@1  19.53 ( 29.82)	Acc@5  46.09 ( 54.94)
2021-04-29 20:19:25 INFO     Epoch: [18][ 9000/10010]	Time  0.736 ( 0.737)	Data  0.000 ( 0.001)	Loss 3.2539e+00 (3.3244e+00)	Acc@1  28.12 ( 29.90)	Acc@5  53.12 ( 55.03)
2021-04-29 20:31:42 INFO     Epoch: [18][10000/10010]	Time  0.739 ( 0.737)	Data  0.000 ( 0.001)	Loss 2.8793e+00 (3.3212e+00)	Acc@1  39.84 ( 29.95)	Acc@5  60.16 ( 55.08)
/opt/conda/lib/python3.7/site-packages/PIL/TiffImagePlugin.py:793: UserWarning: Corrupt EXIF data.  Expecting to read 4 bytes but only got 0. 
  warnings.warn(str(msg))
2021-04-29 20:31:50 INFO     Test: [  0/391]	Time  2.426 ( 2.426)	Loss 2.6805e+00 (2.6805e+00)	Acc@1  34.38 ( 34.38)	Acc@5  67.97 ( 67.97)
2021-04-29 20:35:25 INFO      * Acc@1 38.244 Acc@5 65.234
2021-04-29 20:35:41 INFO     Epoch: [19][    0/10010]	Time  2.614 ( 2.614)	Data  2.365 ( 2.365)	Loss 3.1786e+00 (3.1786e+00)	Acc@1  36.72 ( 36.72)	Acc@5  62.50 ( 62.50)
