2021-02-24 15:34:40 INFO     
Training with Gridsearch with Bernoulli (self implemented)
Done without stemming

2021-02-24 15:35:36 INFO     vect=CountVectorizer
2021-02-24 15:35:36 INFO     Starting CV 0/5 Test_Set[0:10000]
2021-02-24 15:36:33 INFO     Starting CV 1/5 Test_Set[10000:20000]
2021-02-24 15:37:34 INFO     Starting CV 2/5 Test_Set[20000:30000]
2021-02-24 15:38:34 INFO     Starting CV 3/5 Test_Set[30000:40000]
2021-02-24 15:39:24 INFO     Starting CV 4/5 Test_Set[40000:50000]
2021-02-24 15:40:23 INFO     ACC: avg: 0.0, [0.0, 0.0, 0.0, 0.0, 0.0]
2021-02-24 15:40:23 INFO     vect=TfidfVectorizer
2021-02-24 15:40:23 INFO     Starting CV 0/5 Test_Set[0:10000]
2021-02-24 15:41:22 INFO     Starting CV 1/5 Test_Set[10000:20000]
2021-02-24 15:42:21 INFO     Starting CV 2/5 Test_Set[20000:30000]
2021-02-24 15:43:21 INFO     Starting CV 3/5 Test_Set[30000:40000]
2021-02-24 15:44:21 INFO     Starting CV 4/5 Test_Set[40000:50000]
2021-02-24 15:45:15 INFO     ACC: avg: 0.0, [0.0, 0.0, 0.0, 0.0, 0.0]
2021-02-24 15:45:15 INFO     Training complete!
2021-02-24 15:45:15 INFO     [('vect=CountVectorizer', ([0.0, 0.0, 0.0, 0.0, 0.0], [[], [], [], [], []])), ('vect=TfidfVectorizer', ([0.0, 0.0, 0.0, 0.0, 0.0], [[], [], [], [], []]))]
2021-02-24 15:45:15 INFO     Best result is ('vect=CountVectorizer', ([0.0, 0.0, 0.0, 0.0, 0.0], [[], [], [], [], []]))
