2021-02-25 00:02:34 INFO     
Testing with different training size
LogisticRegression(max_itr=12000, solver='sag', tol=0.001), CountVectorizer()

2021-02-25 00:03:35 INFO     Starting 'CV' 0/5 Train=0.2, Test=0.8
2021-02-25 00:05:20 INFO     Starting 'CV' 1/5 Train=0.2, Test=0.8
2021-02-25 00:06:18 INFO     Starting 'CV' 2/5 Train=0.2, Test=0.8
2021-02-25 00:07:09 INFO     Starting 'CV' 3/5 Train=0.2, Test=0.8
2021-02-25 00:07:55 INFO     Starting 'CV' 4/5 Train=0.2, Test=0.8
2021-02-25 00:08:44 INFO     ACC: avg: 0.88104, [0.880075, 0.87935, 0.881675, 0.88335, 0.88075]
2021-02-25 00:08:44 INFO     ERR: avg: 0.11896, [0.119925, 0.12065, 0.118325, 0.11665, 0.11925]
2021-02-25 00:08:44 INFO     Starting 'CV' 0/5 Train=0.4, Test=0.6
2021-02-25 00:09:54 INFO     Starting 'CV' 1/5 Train=0.4, Test=0.6
2021-02-25 00:11:11 INFO     Starting 'CV' 2/5 Train=0.4, Test=0.6
2021-02-25 00:12:31 INFO     Starting 'CV' 3/5 Train=0.4, Test=0.6
2021-02-25 00:13:47 INFO     Starting 'CV' 4/5 Train=0.4, Test=0.6
2021-02-25 00:14:58 INFO     ACC: avg: 0.89252, [0.8903, 0.8938, 0.8934666666666666, 0.8916333333333334, 0.8934]
2021-02-25 00:14:58 INFO     ERR: avg: 0.10748, [0.1097, 0.1062, 0.10653333333333333, 0.10836666666666667, 0.1066]
2021-02-25 00:14:58 INFO     Starting 'CV' 0/5 Train=0.6, Test=0.4
2021-02-25 00:16:43 INFO     Starting 'CV' 1/5 Train=0.6, Test=0.4
2021-02-25 00:18:18 INFO     Starting 'CV' 2/5 Train=0.6, Test=0.4
2021-02-25 00:19:55 INFO     Starting 'CV' 3/5 Train=0.6, Test=0.4
2021-02-25 00:21:19 INFO     Starting 'CV' 4/5 Train=0.6, Test=0.4
2021-02-25 00:22:38 INFO     ACC: avg: 0.89976, [0.90045, 0.90035, 0.89925, 0.9015, 0.89725]
2021-02-25 00:22:38 INFO     ERR: avg: 0.10024, [0.09955, 0.09965, 0.10075, 0.0985, 0.10275]
2021-02-25 00:22:38 INFO     Starting 'CV' 0/5 Train=0.8, Test=0.19999999999999996
2021-02-25 00:24:42 INFO     Starting 'CV' 1/5 Train=0.8, Test=0.19999999999999996
2021-02-25 00:26:28 INFO     Starting 'CV' 2/5 Train=0.8, Test=0.19999999999999996
2021-02-25 00:28:25 INFO     Starting 'CV' 3/5 Train=0.8, Test=0.19999999999999996
2021-02-25 00:30:21 INFO     Starting 'CV' 4/5 Train=0.8, Test=0.19999999999999996
2021-02-25 00:32:24 INFO     ACC: avg: 0.90634, [0.9112, 0.9048, 0.9042, 0.9082, 0.9033]
2021-02-25 00:32:24 INFO     ERR: avg: 0.09366000000000001, [0.0888, 0.0952, 0.0958, 0.0918, 0.0967]
2021-02-25 00:32:24 INFO     Training complete!
2021-02-25 00:32:24 INFO     [('0.2', ([0.880075, 0.87935, 0.881675, 0.88335, 0.88075], [0.119925, 0.12065, 0.118325, 0.11665, 0.11925])), ('0.4', ([0.8903, 0.8938, 0.8934666666666666, 0.8916333333333334, 0.8934], [0.1097, 0.1062, 0.10653333333333333, 0.10836666666666667, 0.1066])), ('0.6', ([0.90045, 0.90035, 0.89925, 0.9015, 0.89725], [0.09955, 0.09965, 0.10075, 0.0985, 0.10275])), ('0.8', ([0.9112, 0.9048, 0.9042, 0.9082, 0.9033], [0.0888, 0.0952, 0.0958, 0.0918, 0.0967]))]
