2021-02-24 05:48:43 INFO     
Training with Gridsearch with Logisitc Regression
Done without stemming

2021-02-24 05:49:26 INFO     max_itr=1000, solver=newton-cg, vect=CountVectorizer, tol=1
2021-02-24 05:49:26 INFO     Starting CV 0/5 Test_Set[0:10000]
2021-02-24 05:50:09 INFO     Starting CV 1/5 Test_Set[10000:20000]
2021-02-24 05:51:03 INFO     Starting CV 2/5 Test_Set[20000:30000]
2021-02-24 05:52:04 INFO     Starting CV 3/5 Test_Set[30000:40000]
2021-02-24 05:53:06 INFO     Starting CV 4/5 Test_Set[40000:50000]
2021-02-24 05:54:00 INFO     ACC: avg: 0.9013, [0.9002, 0.9052, 0.9022, 0.8958, 0.9031]
2021-02-24 05:54:00 INFO     ERR: avg: 0.0987, [0.0998, 0.0948, 0.0978, 0.1042, 0.0969]
2021-02-24 05:54:00 INFO     max_itr=1000, solver=newton-cg, vect=CountVectorizer, tol=0.01
2021-02-24 05:54:00 INFO     Starting CV 0/5 Test_Set[0:10000]
2021-02-24 05:55:05 INFO     Starting CV 1/5 Test_Set[10000:20000]
2021-02-24 05:56:14 INFO     Starting CV 2/5 Test_Set[20000:30000]
2021-02-24 05:57:25 INFO     Starting CV 3/5 Test_Set[30000:40000]
2021-02-24 05:58:37 INFO     Starting CV 4/5 Test_Set[40000:50000]
2021-02-24 05:59:42 INFO     ACC: avg: 0.9011, [0.9001, 0.9048, 0.9023, 0.8956, 0.9027]
2021-02-24 05:59:42 INFO     ERR: avg: 0.0989, [0.0999, 0.0952, 0.0977, 0.1044, 0.0973]
2021-02-24 05:59:42 INFO     max_itr=1000, solver=newton-cg, vect=CountVectorizer, tol=0.001
2021-02-24 05:59:42 INFO     Starting CV 0/5 Test_Set[0:10000]
2021-02-24 06:00:48 INFO     Starting CV 1/5 Test_Set[10000:20000]
2021-02-24 06:02:01 INFO     Starting CV 2/5 Test_Set[20000:30000]
2021-02-24 06:03:12 INFO     Starting CV 3/5 Test_Set[30000:40000]
2021-02-24 06:04:27 INFO     Starting CV 4/5 Test_Set[40000:50000]
2021-02-24 06:05:33 INFO     ACC: avg: 0.9011, [0.9001, 0.9048, 0.9023, 0.8956, 0.9027]
2021-02-24 06:05:33 INFO     ERR: avg: 0.0989, [0.0999, 0.0952, 0.0977, 0.1044, 0.0973]
2021-02-24 06:05:33 INFO     max_itr=1000, solver=newton-cg, vect=TfidfVectorizer, tol=1
2021-02-24 06:05:33 INFO     Starting CV 0/5 Test_Set[0:10000]
2021-02-24 06:06:09 INFO     Starting CV 1/5 Test_Set[10000:20000]
2021-02-24 06:06:45 INFO     Starting CV 2/5 Test_Set[20000:30000]
2021-02-24 06:07:20 INFO     Starting CV 3/5 Test_Set[30000:40000]
2021-02-24 06:07:55 INFO     Starting CV 4/5 Test_Set[40000:50000]
2021-02-24 06:08:31 INFO     ACC: avg: 0.90412, [0.8991, 0.9077, 0.9048, 0.9029, 0.9061]
2021-02-24 06:08:31 INFO     ERR: avg: 0.09588, [0.1009, 0.0923, 0.0952, 0.0971, 0.0939]
2021-02-24 06:08:31 INFO     max_itr=1000, solver=newton-cg, vect=TfidfVectorizer, tol=0.01
2021-02-24 06:08:31 INFO     Starting CV 0/5 Test_Set[0:10000]
2021-02-24 06:09:11 INFO     Starting CV 1/5 Test_Set[10000:20000]
2021-02-24 06:09:51 INFO     Starting CV 2/5 Test_Set[20000:30000]
2021-02-24 06:10:31 INFO     Starting CV 3/5 Test_Set[30000:40000]
2021-02-24 06:11:10 INFO     Starting CV 4/5 Test_Set[40000:50000]
2021-02-24 06:11:50 INFO     ACC: avg: 0.90436, [0.8995, 0.9079, 0.9047, 0.9029, 0.9068]
2021-02-24 06:11:50 INFO     ERR: avg: 0.09564, [0.1005, 0.0921, 0.0953, 0.0971, 0.0932]
2021-02-24 06:11:50 INFO     max_itr=1000, solver=newton-cg, vect=TfidfVectorizer, tol=0.001
2021-02-24 06:11:50 INFO     Starting CV 0/5 Test_Set[0:10000]
2021-02-24 06:12:29 INFO     Starting CV 1/5 Test_Set[10000:20000]
2021-02-24 06:13:09 INFO     Starting CV 2/5 Test_Set[20000:30000]
2021-02-24 06:13:49 INFO     Starting CV 3/5 Test_Set[30000:40000]
2021-02-24 06:14:30 INFO     Starting CV 4/5 Test_Set[40000:50000]
2021-02-24 06:15:10 INFO     ACC: avg: 0.90436, [0.8995, 0.9079, 0.9047, 0.9029, 0.9068]
2021-02-24 06:15:10 INFO     ERR: avg: 0.09564, [0.1005, 0.0921, 0.0953, 0.0971, 0.0932]
2021-02-24 06:15:10 INFO     max_itr=1000, solver=sag, vect=CountVectorizer, tol=1
2021-02-24 06:15:10 INFO     Starting CV 0/5 Test_Set[0:10000]
2021-02-24 06:15:43 INFO     Starting CV 1/5 Test_Set[10000:20000]
2021-02-24 06:16:16 INFO     Starting CV 2/5 Test_Set[20000:30000]
2021-02-24 06:16:48 INFO     Starting CV 3/5 Test_Set[30000:40000]
2021-02-24 06:17:22 INFO     Starting CV 4/5 Test_Set[40000:50000]
2021-02-24 06:17:54 INFO     ACC: avg: 0.8438, [0.839, 0.8433, 0.8486, 0.8404, 0.8477]
2021-02-24 06:17:54 INFO     ERR: avg: 0.1562, [0.161, 0.1567, 0.1514, 0.1596, 0.1523]
2021-02-24 06:17:54 INFO     max_itr=1000, solver=sag, vect=CountVectorizer, tol=0.01
2021-02-24 06:17:54 INFO     Starting CV 0/5 Test_Set[0:10000]
2021-02-24 06:18:37 INFO     Starting CV 1/5 Test_Set[10000:20000]
2021-02-24 06:19:18 INFO     Starting CV 2/5 Test_Set[20000:30000]
2021-02-24 06:20:01 INFO     Starting CV 3/5 Test_Set[30000:40000]
2021-02-24 06:20:42 INFO     Starting CV 4/5 Test_Set[40000:50000]
2021-02-24 06:21:22 INFO     ACC: avg: 0.90224, [0.8998, 0.9033, 0.9052, 0.8978, 0.9051]
2021-02-24 06:21:22 INFO     ERR: avg: 0.09776, [0.1002, 0.0967, 0.0948, 0.1022, 0.0949]
2021-02-24 06:21:22 INFO     max_itr=1000, solver=sag, vect=CountVectorizer, tol=0.001
2021-02-24 06:21:22 INFO     Starting CV 0/5 Test_Set[0:10000]
2021-02-24 06:23:18 INFO     Starting CV 1/5 Test_Set[10000:20000]
2021-02-24 06:25:45 INFO     Starting CV 2/5 Test_Set[20000:30000]
2021-02-24 06:27:43 INFO     Starting CV 3/5 Test_Set[30000:40000]
2021-02-24 06:29:41 INFO     Starting CV 4/5 Test_Set[40000:50000]
2021-02-24 06:31:38 INFO     ACC: avg: 0.90432, [0.9018, 0.9071, 0.9054, 0.9017, 0.9056]
2021-02-24 06:31:38 INFO     ERR: avg: 0.09568, [0.0982, 0.0929, 0.0946, 0.0983, 0.0944]
2021-02-24 06:31:38 INFO     max_itr=1000, solver=sag, vect=TfidfVectorizer, tol=1
2021-02-24 06:31:38 INFO     Starting CV 0/5 Test_Set[0:10000]
2021-02-24 06:32:11 INFO     Starting CV 1/5 Test_Set[10000:20000]
2021-02-24 06:32:44 INFO     Starting CV 2/5 Test_Set[20000:30000]
2021-02-24 06:33:18 INFO     Starting CV 3/5 Test_Set[30000:40000]
2021-02-24 06:33:51 INFO     Starting CV 4/5 Test_Set[40000:50000]
2021-02-24 06:34:24 INFO     ACC: avg: 0.89998, [0.8991, 0.9016, 0.9015, 0.8968, 0.9009]
2021-02-24 06:34:24 INFO     ERR: avg: 0.10002, [0.1009, 0.0984, 0.0985, 0.1032, 0.0991]
2021-02-24 06:34:24 INFO     max_itr=1000, solver=sag, vect=TfidfVectorizer, tol=0.01
2021-02-24 06:34:24 INFO     Starting CV 0/5 Test_Set[0:10000]
2021-02-24 06:35:01 INFO     Starting CV 1/5 Test_Set[10000:20000]
2021-02-24 06:35:37 INFO     Starting CV 2/5 Test_Set[20000:30000]
2021-02-24 06:36:13 INFO     Starting CV 3/5 Test_Set[30000:40000]
2021-02-24 06:36:48 INFO     Starting CV 4/5 Test_Set[40000:50000]
2021-02-24 06:37:25 INFO     ACC: avg: 0.90428, [0.8997, 0.9076, 0.9047, 0.9028, 0.9066]
2021-02-24 06:37:25 INFO     ERR: avg: 0.09572, [0.1003, 0.0924, 0.0953, 0.0972, 0.0934]
2021-02-24 06:37:25 INFO     max_itr=1000, solver=sag, vect=TfidfVectorizer, tol=0.001
2021-02-24 06:37:25 INFO     Starting CV 0/5 Test_Set[0:10000]
2021-02-24 06:38:03 INFO     Starting CV 1/5 Test_Set[10000:20000]
2021-02-24 06:38:39 INFO     Starting CV 2/5 Test_Set[20000:30000]
2021-02-24 06:39:18 INFO     Starting CV 3/5 Test_Set[30000:40000]
2021-02-24 06:39:56 INFO     Starting CV 4/5 Test_Set[40000:50000]
2021-02-24 06:40:34 INFO     ACC: avg: 0.90436, [0.8995, 0.9079, 0.9047, 0.9029, 0.9068]
2021-02-24 06:40:34 INFO     ERR: avg: 0.09564, [0.1005, 0.0921, 0.0953, 0.0971, 0.0932]
2021-02-24 06:40:34 INFO     max_itr=1000, solver=saga, vect=CountVectorizer, tol=1
2021-02-24 06:40:34 INFO     Starting CV 0/5 Test_Set[0:10000]
2021-02-24 06:41:07 INFO     Starting CV 1/5 Test_Set[10000:20000]
2021-02-24 06:41:40 INFO     Starting CV 2/5 Test_Set[20000:30000]
2021-02-24 06:42:14 INFO     Starting CV 3/5 Test_Set[30000:40000]
2021-02-24 06:42:47 INFO     Starting CV 4/5 Test_Set[40000:50000]
2021-02-24 06:43:20 INFO     ACC: avg: 0.84408, [0.8375, 0.8437, 0.8469, 0.8425, 0.8498]
2021-02-24 06:43:20 INFO     ERR: avg: 0.15592, [0.1625, 0.1563, 0.1531, 0.1575, 0.1502]
2021-02-24 06:43:20 INFO     max_itr=1000, solver=saga, vect=CountVectorizer, tol=0.01
2021-02-24 06:43:20 INFO     Starting CV 0/5 Test_Set[0:10000]
2021-02-24 06:44:07 INFO     Starting CV 1/5 Test_Set[10000:20000]
2021-02-24 06:44:53 INFO     Starting CV 2/5 Test_Set[20000:30000]
2021-02-24 06:45:38 INFO     Starting CV 3/5 Test_Set[30000:40000]
2021-02-24 06:46:23 INFO     Starting CV 4/5 Test_Set[40000:50000]
2021-02-24 06:47:09 INFO     ACC: avg: 0.89872, [0.895, 0.8994, 0.9019, 0.8954, 0.9019]
2021-02-24 06:47:09 INFO     ERR: avg: 0.10128, [0.105, 0.1006, 0.0981, 0.1046, 0.0981]
2021-02-24 06:47:09 INFO     max_itr=1000, solver=saga, vect=CountVectorizer, tol=0.001
2021-02-24 06:47:09 INFO     Starting CV 0/5 Test_Set[0:10000]
2021-02-24 06:49:30 INFO     Starting CV 1/5 Test_Set[10000:20000]
2021-02-24 06:52:13 INFO     Starting CV 2/5 Test_Set[20000:30000]
2021-02-24 06:54:41 INFO     Starting CV 3/5 Test_Set[30000:40000]
2021-02-24 06:57:02 INFO     Starting CV 4/5 Test_Set[40000:50000]
2021-02-24 06:59:24 INFO     ACC: avg: 0.90446, [0.9006, 0.9078, 0.9053, 0.9017, 0.9069]
2021-02-24 06:59:24 INFO     ERR: avg: 0.09554, [0.0994, 0.0922, 0.0947, 0.0983, 0.0931]
2021-02-24 06:59:24 INFO     max_itr=1000, solver=saga, vect=TfidfVectorizer, tol=1
2021-02-24 06:59:24 INFO     Starting CV 0/5 Test_Set[0:10000]
2021-02-24 06:59:56 INFO     Starting CV 1/5 Test_Set[10000:20000]
2021-02-24 07:00:29 INFO     Starting CV 2/5 Test_Set[20000:30000]
2021-02-24 07:01:01 INFO     Starting CV 3/5 Test_Set[30000:40000]
2021-02-24 07:01:34 INFO     Starting CV 4/5 Test_Set[40000:50000]
2021-02-24 07:02:06 INFO     ACC: avg: 0.89082, [0.88, 0.9014, 0.8893, 0.8809, 0.9025]
2021-02-24 07:02:06 INFO     ERR: avg: 0.10918, [0.12, 0.0986, 0.1107, 0.1191, 0.0975]
2021-02-24 07:02:06 INFO     max_itr=1000, solver=saga, vect=TfidfVectorizer, tol=0.01
2021-02-24 07:02:06 INFO     Starting CV 0/5 Test_Set[0:10000]
2021-02-24 07:02:43 INFO     Starting CV 1/5 Test_Set[10000:20000]
2021-02-24 07:03:20 INFO     Starting CV 2/5 Test_Set[20000:30000]
2021-02-24 07:03:57 INFO     Starting CV 3/5 Test_Set[30000:40000]
2021-02-24 07:04:34 INFO     Starting CV 4/5 Test_Set[40000:50000]
2021-02-24 07:05:11 INFO     ACC: avg: 0.90432, [0.8997, 0.9082, 0.9048, 0.9027, 0.9062]
2021-02-24 07:05:11 INFO     ERR: avg: 0.09568, [0.1003, 0.0918, 0.0952, 0.0973, 0.0938]
2021-02-24 07:05:11 INFO     max_itr=1000, solver=saga, vect=TfidfVectorizer, tol=0.001
2021-02-24 07:05:11 INFO     Starting CV 0/5 Test_Set[0:10000]
2021-02-24 07:05:49 INFO     Starting CV 1/5 Test_Set[10000:20000]
2021-02-24 07:06:27 INFO     Starting CV 2/5 Test_Set[20000:30000]
2021-02-24 07:07:05 INFO     Starting CV 3/5 Test_Set[30000:40000]
2021-02-24 07:07:43 INFO     Starting CV 4/5 Test_Set[40000:50000]
2021-02-24 07:08:21 INFO     ACC: avg: 0.9043599999999999, [0.8995, 0.9077, 0.9047, 0.9029, 0.907]
2021-02-24 07:08:21 INFO     ERR: avg: 0.09564, [0.1005, 0.0923, 0.0953, 0.0971, 0.093]
2021-02-24 07:08:21 INFO     max_itr=1000, solver=lbfgs, vect=CountVectorizer, tol=1
2021-02-24 07:08:21 INFO     Starting CV 0/5 Test_Set[0:10000]
2021-02-24 07:09:16 INFO     Starting CV 1/5 Test_Set[10000:20000]
2021-02-24 07:10:11 INFO     Starting CV 2/5 Test_Set[20000:30000]
2021-02-24 07:11:08 INFO     Starting CV 3/5 Test_Set[30000:40000]
2021-02-24 07:12:08 INFO     Starting CV 4/5 Test_Set[40000:50000]
2021-02-24 07:13:05 INFO     ACC: avg: 0.90112, [0.9, 0.9049, 0.9021, 0.8958, 0.9028]
2021-02-24 07:13:05 INFO     ERR: avg: 0.09888, [0.1, 0.0951, 0.0979, 0.1042, 0.0972]
2021-02-24 07:13:05 INFO     max_itr=1000, solver=lbfgs, vect=CountVectorizer, tol=0.01
2021-02-24 07:13:05 INFO     Starting CV 0/5 Test_Set[0:10000]
2021-02-24 07:14:20 INFO     Starting CV 1/5 Test_Set[10000:20000]
2021-02-24 07:15:36 INFO     Starting CV 2/5 Test_Set[20000:30000]
2021-02-24 07:16:55 INFO     Starting CV 3/5 Test_Set[30000:40000]
2021-02-24 07:18:13 INFO     Starting CV 4/5 Test_Set[40000:50000]
2021-02-24 07:19:30 INFO     ACC: avg: 0.9011, [0.9001, 0.9048, 0.9023, 0.8956, 0.9027]
2021-02-24 07:19:30 INFO     ERR: avg: 0.0989, [0.0999, 0.0952, 0.0977, 0.1044, 0.0973]
2021-02-24 07:19:30 INFO     max_itr=1000, solver=lbfgs, vect=CountVectorizer, tol=0.001
2021-02-24 07:19:30 INFO     Starting CV 0/5 Test_Set[0:10000]
2021-02-24 07:20:45 INFO     Starting CV 1/5 Test_Set[10000:20000]
2021-02-24 07:22:01 INFO     Starting CV 2/5 Test_Set[20000:30000]
2021-02-24 07:23:21 INFO     Starting CV 3/5 Test_Set[30000:40000]
2021-02-24 07:24:39 INFO     Starting CV 4/5 Test_Set[40000:50000]
2021-02-24 07:25:56 INFO     ACC: avg: 0.9011, [0.9001, 0.9048, 0.9023, 0.8956, 0.9027]
2021-02-24 07:25:56 INFO     ERR: avg: 0.0989, [0.0999, 0.0952, 0.0977, 0.1044, 0.0973]
2021-02-24 07:25:56 INFO     max_itr=1000, solver=lbfgs, vect=TfidfVectorizer, tol=1
2021-02-24 07:25:56 INFO     Starting CV 0/5 Test_Set[0:10000]
2021-02-24 07:26:34 INFO     Starting CV 1/5 Test_Set[10000:20000]
2021-02-24 07:27:11 INFO     Starting CV 2/5 Test_Set[20000:30000]
2021-02-24 07:27:51 INFO     Starting CV 3/5 Test_Set[30000:40000]
2021-02-24 07:28:31 INFO     Starting CV 4/5 Test_Set[40000:50000]
2021-02-24 07:29:06 INFO     ACC: avg: 0.90444, [0.8993, 0.908, 0.9049, 0.903, 0.907]
2021-02-24 07:29:06 INFO     ERR: avg: 0.09556, [0.1007, 0.092, 0.0951, 0.097, 0.093]
2021-02-24 07:29:06 INFO     max_itr=1000, solver=lbfgs, vect=TfidfVectorizer, tol=0.01
2021-02-24 07:29:06 INFO     Starting CV 0/5 Test_Set[0:10000]
2021-02-24 07:29:48 INFO     Starting CV 1/5 Test_Set[10000:20000]
2021-02-24 07:30:30 INFO     Starting CV 2/5 Test_Set[20000:30000]
2021-02-24 07:31:17 INFO     Starting CV 3/5 Test_Set[30000:40000]
2021-02-24 07:32:01 INFO     Starting CV 4/5 Test_Set[40000:50000]
2021-02-24 07:32:40 INFO     ACC: avg: 0.90438, [0.8995, 0.9079, 0.9047, 0.9029, 0.9069]
2021-02-24 07:32:40 INFO     ERR: avg: 0.09562, [0.1005, 0.0921, 0.0953, 0.0971, 0.0931]
2021-02-24 07:32:40 INFO     max_itr=1000, solver=lbfgs, vect=TfidfVectorizer, tol=0.001
2021-02-24 07:32:40 INFO     Starting CV 0/5 Test_Set[0:10000]
2021-02-24 07:33:21 INFO     Starting CV 1/5 Test_Set[10000:20000]
2021-02-24 07:34:03 INFO     Starting CV 2/5 Test_Set[20000:30000]
2021-02-24 07:34:50 INFO     Starting CV 3/5 Test_Set[30000:40000]
2021-02-24 07:35:35 INFO     Starting CV 4/5 Test_Set[40000:50000]
2021-02-24 07:36:14 INFO     ACC: avg: 0.90438, [0.8995, 0.9079, 0.9047, 0.9029, 0.9069]
2021-02-24 07:36:14 INFO     ERR: avg: 0.09562, [0.1005, 0.0921, 0.0953, 0.0971, 0.0931]
2021-02-24 07:36:14 INFO     max_itr=3000, solver=newton-cg, vect=CountVectorizer, tol=1
2021-02-24 07:36:14 INFO     Starting CV 0/5 Test_Set[0:10000]
2021-02-24 07:37:07 INFO     Starting CV 1/5 Test_Set[10000:20000]
2021-02-24 07:38:03 INFO     Starting CV 2/5 Test_Set[20000:30000]
2021-02-24 07:39:03 INFO     Starting CV 3/5 Test_Set[30000:40000]
2021-02-24 07:40:02 INFO     Starting CV 4/5 Test_Set[40000:50000]
2021-02-24 07:40:54 INFO     ACC: avg: 0.9013, [0.9002, 0.9052, 0.9022, 0.8958, 0.9031]
2021-02-24 07:40:54 INFO     ERR: avg: 0.0987, [0.0998, 0.0948, 0.0978, 0.1042, 0.0969]
2021-02-24 07:40:54 INFO     max_itr=3000, solver=newton-cg, vect=CountVectorizer, tol=0.01
2021-02-24 07:40:54 INFO     Starting CV 0/5 Test_Set[0:10000]
2021-02-24 07:41:58 INFO     Starting CV 1/5 Test_Set[10000:20000]
2021-02-24 07:43:03 INFO     Starting CV 2/5 Test_Set[20000:30000]
2021-02-24 07:44:10 INFO     Starting CV 3/5 Test_Set[30000:40000]
2021-02-24 07:45:18 INFO     Starting CV 4/5 Test_Set[40000:50000]
2021-02-24 07:46:20 INFO     ACC: avg: 0.9011, [0.9001, 0.9048, 0.9023, 0.8956, 0.9027]
2021-02-24 07:46:20 INFO     ERR: avg: 0.0989, [0.0999, 0.0952, 0.0977, 0.1044, 0.0973]
2021-02-24 07:46:20 INFO     max_itr=3000, solver=newton-cg, vect=CountVectorizer, tol=0.001
2021-02-24 07:46:20 INFO     Starting CV 0/5 Test_Set[0:10000]
2021-02-24 07:47:26 INFO     Starting CV 1/5 Test_Set[10000:20000]
2021-02-24 07:48:37 INFO     Starting CV 2/5 Test_Set[20000:30000]
2021-02-24 07:49:48 INFO     Starting CV 3/5 Test_Set[30000:40000]
2021-02-24 07:51:02 INFO     Starting CV 4/5 Test_Set[40000:50000]
2021-02-24 07:52:08 INFO     ACC: avg: 0.9011, [0.9001, 0.9048, 0.9023, 0.8956, 0.9027]
2021-02-24 07:52:08 INFO     ERR: avg: 0.0989, [0.0999, 0.0952, 0.0977, 0.1044, 0.0973]
2021-02-24 07:52:08 INFO     max_itr=3000, solver=newton-cg, vect=TfidfVectorizer, tol=1
2021-02-24 07:52:08 INFO     Starting CV 0/5 Test_Set[0:10000]
2021-02-24 07:52:44 INFO     Starting CV 1/5 Test_Set[10000:20000]
2021-02-24 07:53:20 INFO     Starting CV 2/5 Test_Set[20000:30000]
2021-02-24 07:53:56 INFO     Starting CV 3/5 Test_Set[30000:40000]
2021-02-24 07:54:33 INFO     Starting CV 4/5 Test_Set[40000:50000]
2021-02-24 07:55:10 INFO     ACC: avg: 0.90412, [0.8991, 0.9077, 0.9048, 0.9029, 0.9061]
2021-02-24 07:55:10 INFO     ERR: avg: 0.09588, [0.1009, 0.0923, 0.0952, 0.0971, 0.0939]
2021-02-24 07:55:10 INFO     max_itr=3000, solver=newton-cg, vect=TfidfVectorizer, tol=0.01
2021-02-24 07:55:10 INFO     Starting CV 0/5 Test_Set[0:10000]
2021-02-24 07:55:48 INFO     Starting CV 1/5 Test_Set[10000:20000]
2021-02-24 07:56:27 INFO     Starting CV 2/5 Test_Set[20000:30000]
2021-02-24 07:57:06 INFO     Starting CV 3/5 Test_Set[30000:40000]
2021-02-24 07:57:45 INFO     Starting CV 4/5 Test_Set[40000:50000]
2021-02-24 07:58:25 INFO     ACC: avg: 0.90436, [0.8995, 0.9079, 0.9047, 0.9029, 0.9068]
2021-02-24 07:58:25 INFO     ERR: avg: 0.09564, [0.1005, 0.0921, 0.0953, 0.0971, 0.0932]
2021-02-24 07:58:25 INFO     max_itr=3000, solver=newton-cg, vect=TfidfVectorizer, tol=0.001
2021-02-24 07:58:25 INFO     Starting CV 0/5 Test_Set[0:10000]
2021-02-24 07:59:06 INFO     Starting CV 1/5 Test_Set[10000:20000]
2021-02-24 07:59:45 INFO     Starting CV 2/5 Test_Set[20000:30000]
2021-02-24 08:00:26 INFO     Starting CV 3/5 Test_Set[30000:40000]
2021-02-24 08:01:08 INFO     Starting CV 4/5 Test_Set[40000:50000]
2021-02-24 08:01:48 INFO     ACC: avg: 0.90436, [0.8995, 0.9079, 0.9047, 0.9029, 0.9068]
2021-02-24 08:01:48 INFO     ERR: avg: 0.09564, [0.1005, 0.0921, 0.0953, 0.0971, 0.0932]
2021-02-24 08:01:48 INFO     max_itr=3000, solver=sag, vect=CountVectorizer, tol=1
2021-02-24 08:01:48 INFO     Starting CV 0/5 Test_Set[0:10000]
2021-02-24 08:02:21 INFO     Starting CV 1/5 Test_Set[10000:20000]
2021-02-24 08:02:54 INFO     Starting CV 2/5 Test_Set[20000:30000]
2021-02-24 08:03:26 INFO     Starting CV 3/5 Test_Set[30000:40000]
2021-02-24 08:03:59 INFO     Starting CV 4/5 Test_Set[40000:50000]
2021-02-24 08:04:32 INFO     ACC: avg: 0.84324, [0.8362, 0.843, 0.8462, 0.8431, 0.8477]
2021-02-24 08:04:32 INFO     ERR: avg: 0.15676, [0.1638, 0.157, 0.1538, 0.1569, 0.1523]
2021-02-24 08:04:32 INFO     max_itr=3000, solver=sag, vect=CountVectorizer, tol=0.01
2021-02-24 08:04:32 INFO     Starting CV 0/5 Test_Set[0:10000]
2021-02-24 08:05:14 INFO     Starting CV 1/5 Test_Set[10000:20000]
2021-02-24 08:05:56 INFO     Starting CV 2/5 Test_Set[20000:30000]
2021-02-24 08:06:39 INFO     Starting CV 3/5 Test_Set[30000:40000]
2021-02-24 08:07:22 INFO     Starting CV 4/5 Test_Set[40000:50000]
2021-02-24 08:08:05 INFO     ACC: avg: 0.90242, [0.8998, 0.9029, 0.9059, 0.8985, 0.905]
2021-02-24 08:08:05 INFO     ERR: avg: 0.09758, [0.1002, 0.0971, 0.0941, 0.1015, 0.095]
2021-02-24 08:08:05 INFO     max_itr=3000, solver=sag, vect=CountVectorizer, tol=0.001
2021-02-24 08:08:05 INFO     Starting CV 0/5 Test_Set[0:10000]
2021-02-24 08:10:03 INFO     Starting CV 1/5 Test_Set[10000:20000]
2021-02-24 08:12:22 INFO     Starting CV 2/5 Test_Set[20000:30000]
2021-02-24 08:14:22 INFO     Starting CV 3/5 Test_Set[30000:40000]
2021-02-24 08:16:18 INFO     Starting CV 4/5 Test_Set[40000:50000]
2021-02-24 08:18:19 INFO     ACC: avg: 0.90446, [0.9018, 0.9071, 0.9061, 0.9019, 0.9054]
2021-02-24 08:18:19 INFO     ERR: avg: 0.09554, [0.0982, 0.0929, 0.0939, 0.0981, 0.0946]
2021-02-24 08:18:19 INFO     max_itr=3000, solver=sag, vect=TfidfVectorizer, tol=1
2021-02-24 08:18:19 INFO     Starting CV 0/5 Test_Set[0:10000]
2021-02-24 08:18:52 INFO     Starting CV 1/5 Test_Set[10000:20000]
2021-02-24 08:19:25 INFO     Starting CV 2/5 Test_Set[20000:30000]
2021-02-24 08:19:58 INFO     Starting CV 3/5 Test_Set[30000:40000]
2021-02-24 08:20:32 INFO     Starting CV 4/5 Test_Set[40000:50000]
2021-02-24 08:21:05 INFO     ACC: avg: 0.9003599999999999, [0.8993, 0.9034, 0.9006, 0.8966, 0.9019]
2021-02-24 08:21:05 INFO     ERR: avg: 0.09964, [0.1007, 0.0966, 0.0994, 0.1034, 0.0981]
2021-02-24 08:21:05 INFO     max_itr=3000, solver=sag, vect=TfidfVectorizer, tol=0.01
2021-02-24 08:21:05 INFO     Starting CV 0/5 Test_Set[0:10000]
2021-02-24 08:21:42 INFO     Starting CV 1/5 Test_Set[10000:20000]
2021-02-24 08:22:17 INFO     Starting CV 2/5 Test_Set[20000:30000]
2021-02-24 08:22:52 INFO     Starting CV 3/5 Test_Set[30000:40000]
2021-02-24 08:23:28 INFO     Starting CV 4/5 Test_Set[40000:50000]
2021-02-24 08:24:04 INFO     ACC: avg: 0.90434, [0.8997, 0.9076, 0.9048, 0.903, 0.9066]
2021-02-24 08:24:04 INFO     ERR: avg: 0.09566, [0.1003, 0.0924, 0.0952, 0.097, 0.0934]
2021-02-24 08:24:04 INFO     max_itr=3000, solver=sag, vect=TfidfVectorizer, tol=0.001
2021-02-24 08:24:04 INFO     Starting CV 0/5 Test_Set[0:10000]
2021-02-24 08:24:41 INFO     Starting CV 1/5 Test_Set[10000:20000]
2021-02-24 08:25:17 INFO     Starting CV 2/5 Test_Set[20000:30000]
2021-02-24 08:25:54 INFO     Starting CV 3/5 Test_Set[30000:40000]
2021-02-24 08:26:31 INFO     Starting CV 4/5 Test_Set[40000:50000]
2021-02-24 08:27:09 INFO     ACC: avg: 0.90436, [0.8996, 0.9078, 0.9047, 0.9029, 0.9068]
2021-02-24 08:27:09 INFO     ERR: avg: 0.09564, [0.1004, 0.0922, 0.0953, 0.0971, 0.0932]
2021-02-24 08:27:09 INFO     max_itr=3000, solver=saga, vect=CountVectorizer, tol=1
2021-02-24 08:27:09 INFO     Starting CV 0/5 Test_Set[0:10000]
2021-02-24 08:27:42 INFO     Starting CV 1/5 Test_Set[10000:20000]
2021-02-24 08:28:14 INFO     Starting CV 2/5 Test_Set[20000:30000]
2021-02-24 08:28:47 INFO     Starting CV 3/5 Test_Set[30000:40000]
2021-02-24 08:29:20 INFO     Starting CV 4/5 Test_Set[40000:50000]
2021-02-24 08:29:52 INFO     ACC: avg: 0.84354, [0.8364, 0.8428, 0.8481, 0.8425, 0.8479]
2021-02-24 08:29:52 INFO     ERR: avg: 0.15646000000000002, [0.1636, 0.1572, 0.1519, 0.1575, 0.1521]
2021-02-24 08:29:52 INFO     max_itr=3000, solver=saga, vect=CountVectorizer, tol=0.01
2021-02-24 08:29:52 INFO     Starting CV 0/5 Test_Set[0:10000]
2021-02-24 08:30:39 INFO     Starting CV 1/5 Test_Set[10000:20000]
2021-02-24 08:31:26 INFO     Starting CV 2/5 Test_Set[20000:30000]
2021-02-24 08:32:10 INFO     Starting CV 3/5 Test_Set[30000:40000]
2021-02-24 08:32:56 INFO     Starting CV 4/5 Test_Set[40000:50000]
2021-02-24 08:33:41 INFO     ACC: avg: 0.89896, [0.8958, 0.8995, 0.9013, 0.8955, 0.9027]
2021-02-24 08:33:41 INFO     ERR: avg: 0.10104, [0.1042, 0.1005, 0.0987, 0.1045, 0.0973]
2021-02-24 08:33:41 INFO     max_itr=3000, solver=saga, vect=CountVectorizer, tol=0.001
2021-02-24 08:33:41 INFO     Starting CV 0/5 Test_Set[0:10000]
2021-02-24 08:36:00 INFO     Starting CV 1/5 Test_Set[10000:20000]
2021-02-24 08:38:49 INFO     Starting CV 2/5 Test_Set[20000:30000]
2021-02-24 08:41:18 INFO     Starting CV 3/5 Test_Set[30000:40000]
2021-02-24 08:43:40 INFO     Starting CV 4/5 Test_Set[40000:50000]
2021-02-24 08:46:02 INFO     ACC: avg: 0.9043, [0.9005, 0.9076, 0.9052, 0.9017, 0.9065]
2021-02-24 08:46:02 INFO     ERR: avg: 0.0957, [0.0995, 0.0924, 0.0948, 0.0983, 0.0935]
2021-02-24 08:46:02 INFO     max_itr=3000, solver=saga, vect=TfidfVectorizer, tol=1
2021-02-24 08:46:02 INFO     Starting CV 0/5 Test_Set[0:10000]
2021-02-24 08:46:35 INFO     Starting CV 1/5 Test_Set[10000:20000]
2021-02-24 08:47:08 INFO     Starting CV 2/5 Test_Set[20000:30000]
2021-02-24 08:47:41 INFO     Starting CV 3/5 Test_Set[30000:40000]
2021-02-24 08:48:15 INFO     Starting CV 4/5 Test_Set[40000:50000]
2021-02-24 08:48:48 INFO     ACC: avg: 0.8926999999999999, [0.8818, 0.9016, 0.8839, 0.8986, 0.8976]
2021-02-24 08:48:48 INFO     ERR: avg: 0.1073, [0.1182, 0.0984, 0.1161, 0.1014, 0.1024]
2021-02-24 08:48:48 INFO     max_itr=3000, solver=saga, vect=TfidfVectorizer, tol=0.01
2021-02-24 08:48:48 INFO     Starting CV 0/5 Test_Set[0:10000]
2021-02-24 08:49:25 INFO     Starting CV 1/5 Test_Set[10000:20000]
2021-02-24 08:50:00 INFO     Starting CV 2/5 Test_Set[20000:30000]
2021-02-24 08:50:36 INFO     Starting CV 3/5 Test_Set[30000:40000]
2021-02-24 08:51:12 INFO     Starting CV 4/5 Test_Set[40000:50000]
2021-02-24 08:51:49 INFO     ACC: avg: 0.90422, [0.8987, 0.9077, 0.9048, 0.9029, 0.907]
2021-02-24 08:51:49 INFO     ERR: avg: 0.09578, [0.1013, 0.0923, 0.0952, 0.0971, 0.093]
2021-02-24 08:51:49 INFO     max_itr=3000, solver=saga, vect=TfidfVectorizer, tol=0.001
2021-02-24 08:51:49 INFO     Starting CV 0/5 Test_Set[0:10000]
2021-02-24 08:52:27 INFO     Starting CV 1/5 Test_Set[10000:20000]
2021-02-24 08:53:06 INFO     Starting CV 2/5 Test_Set[20000:30000]
2021-02-24 08:53:44 INFO     Starting CV 3/5 Test_Set[30000:40000]
2021-02-24 08:54:23 INFO     Starting CV 4/5 Test_Set[40000:50000]
2021-02-24 08:55:01 INFO     ACC: avg: 0.90436, [0.8995, 0.9079, 0.9047, 0.9029, 0.9068]
2021-02-24 08:55:01 INFO     ERR: avg: 0.09564, [0.1005, 0.0921, 0.0953, 0.0971, 0.0932]
2021-02-24 08:55:01 INFO     max_itr=3000, solver=lbfgs, vect=CountVectorizer, tol=1
2021-02-24 08:55:01 INFO     Starting CV 0/5 Test_Set[0:10000]
2021-02-24 08:55:57 INFO     Starting CV 1/5 Test_Set[10000:20000]
2021-02-24 08:56:54 INFO     Starting CV 2/5 Test_Set[20000:30000]
2021-02-24 08:57:51 INFO     Starting CV 3/5 Test_Set[30000:40000]
2021-02-24 08:58:51 INFO     Starting CV 4/5 Test_Set[40000:50000]
2021-02-24 08:59:49 INFO     ACC: avg: 0.90112, [0.9, 0.9049, 0.9021, 0.8958, 0.9028]
2021-02-24 08:59:49 INFO     ERR: avg: 0.09888, [0.1, 0.0951, 0.0979, 0.1042, 0.0972]
2021-02-24 08:59:49 INFO     max_itr=3000, solver=lbfgs, vect=CountVectorizer, tol=0.01
2021-02-24 08:59:49 INFO     Starting CV 0/5 Test_Set[0:10000]
2021-02-24 09:01:03 INFO     Starting CV 1/5 Test_Set[10000:20000]
2021-02-24 09:02:18 INFO     Starting CV 2/5 Test_Set[20000:30000]
2021-02-24 09:03:40 INFO     Starting CV 3/5 Test_Set[30000:40000]
2021-02-24 09:04:56 INFO     Starting CV 4/5 Test_Set[40000:50000]
2021-02-24 09:06:13 INFO     ACC: avg: 0.9011, [0.9001, 0.9048, 0.9023, 0.8956, 0.9027]
2021-02-24 09:06:13 INFO     ERR: avg: 0.0989, [0.0999, 0.0952, 0.0977, 0.1044, 0.0973]
2021-02-24 09:06:13 INFO     max_itr=3000, solver=lbfgs, vect=CountVectorizer, tol=0.001
2021-02-24 09:06:13 INFO     Starting CV 0/5 Test_Set[0:10000]
2021-02-24 09:07:27 INFO     Starting CV 1/5 Test_Set[10000:20000]
2021-02-24 09:08:42 INFO     Starting CV 2/5 Test_Set[20000:30000]
2021-02-24 09:10:02 INFO     Starting CV 3/5 Test_Set[30000:40000]
2021-02-24 09:11:20 INFO     Starting CV 4/5 Test_Set[40000:50000]
2021-02-24 09:12:37 INFO     ACC: avg: 0.9011, [0.9001, 0.9048, 0.9023, 0.8956, 0.9027]
2021-02-24 09:12:37 INFO     ERR: avg: 0.0989, [0.0999, 0.0952, 0.0977, 0.1044, 0.0973]
2021-02-24 09:12:37 INFO     max_itr=3000, solver=lbfgs, vect=TfidfVectorizer, tol=1
2021-02-24 09:12:37 INFO     Starting CV 0/5 Test_Set[0:10000]
2021-02-24 09:13:16 INFO     Starting CV 1/5 Test_Set[10000:20000]
2021-02-24 09:13:53 INFO     Starting CV 2/5 Test_Set[20000:30000]
2021-02-24 09:14:33 INFO     Starting CV 3/5 Test_Set[30000:40000]
2021-02-24 09:15:12 INFO     Starting CV 4/5 Test_Set[40000:50000]
2021-02-24 09:15:47 INFO     ACC: avg: 0.90444, [0.8993, 0.908, 0.9049, 0.903, 0.907]
2021-02-24 09:15:47 INFO     ERR: avg: 0.09556, [0.1007, 0.092, 0.0951, 0.097, 0.093]
2021-02-24 09:15:47 INFO     max_itr=3000, solver=lbfgs, vect=TfidfVectorizer, tol=0.01
2021-02-24 09:15:47 INFO     Starting CV 0/5 Test_Set[0:10000]
2021-02-24 09:16:29 INFO     Starting CV 1/5 Test_Set[10000:20000]
2021-02-24 09:17:12 INFO     Starting CV 2/5 Test_Set[20000:30000]
2021-02-24 09:17:59 INFO     Starting CV 3/5 Test_Set[30000:40000]
2021-02-24 09:18:44 INFO     Starting CV 4/5 Test_Set[40000:50000]
2021-02-24 09:19:23 INFO     ACC: avg: 0.90438, [0.8995, 0.9079, 0.9047, 0.9029, 0.9069]
2021-02-24 09:19:23 INFO     ERR: avg: 0.09562, [0.1005, 0.0921, 0.0953, 0.0971, 0.0931]
2021-02-24 09:19:23 INFO     max_itr=3000, solver=lbfgs, vect=TfidfVectorizer, tol=0.001
2021-02-24 09:19:23 INFO     Starting CV 0/5 Test_Set[0:10000]
2021-02-24 09:20:05 INFO     Starting CV 1/5 Test_Set[10000:20000]
2021-02-24 09:20:48 INFO     Starting CV 2/5 Test_Set[20000:30000]
2021-02-24 09:21:34 INFO     Starting CV 3/5 Test_Set[30000:40000]
2021-02-24 09:22:20 INFO     Starting CV 4/5 Test_Set[40000:50000]
2021-02-24 09:23:00 INFO     ACC: avg: 0.90438, [0.8995, 0.9079, 0.9047, 0.9029, 0.9069]
2021-02-24 09:23:00 INFO     ERR: avg: 0.09562, [0.1005, 0.0921, 0.0953, 0.0971, 0.0931]
2021-02-24 09:23:00 INFO     max_itr=9000, solver=newton-cg, vect=CountVectorizer, tol=1
2021-02-24 09:23:00 INFO     Starting CV 0/5 Test_Set[0:10000]
2021-02-24 09:23:53 INFO     Starting CV 1/5 Test_Set[10000:20000]
2021-02-24 09:24:51 INFO     Starting CV 2/5 Test_Set[20000:30000]
2021-02-24 09:25:49 INFO     Starting CV 3/5 Test_Set[30000:40000]
2021-02-24 09:26:47 INFO     Starting CV 4/5 Test_Set[40000:50000]
2021-02-24 09:27:39 INFO     ACC: avg: 0.9013, [0.9002, 0.9052, 0.9022, 0.8958, 0.9031]
2021-02-24 09:27:39 INFO     ERR: avg: 0.0987, [0.0998, 0.0948, 0.0978, 0.1042, 0.0969]
2021-02-24 09:27:39 INFO     max_itr=9000, solver=newton-cg, vect=CountVectorizer, tol=0.01
2021-02-24 09:27:39 INFO     Starting CV 0/5 Test_Set[0:10000]
2021-02-24 09:28:43 INFO     Starting CV 1/5 Test_Set[10000:20000]
2021-02-24 09:29:49 INFO     Starting CV 2/5 Test_Set[20000:30000]
2021-02-24 09:30:57 INFO     Starting CV 3/5 Test_Set[30000:40000]
2021-02-24 09:32:05 INFO     Starting CV 4/5 Test_Set[40000:50000]
2021-02-24 09:33:06 INFO     ACC: avg: 0.9011, [0.9001, 0.9048, 0.9023, 0.8956, 0.9027]
2021-02-24 09:33:06 INFO     ERR: avg: 0.0989, [0.0999, 0.0952, 0.0977, 0.1044, 0.0973]
2021-02-24 09:33:06 INFO     max_itr=9000, solver=newton-cg, vect=CountVectorizer, tol=0.001
2021-02-24 09:33:06 INFO     Starting CV 0/5 Test_Set[0:10000]
2021-02-24 09:34:12 INFO     Starting CV 1/5 Test_Set[10000:20000]
2021-02-24 09:35:21 INFO     Starting CV 2/5 Test_Set[20000:30000]
2021-02-24 09:36:32 INFO     Starting CV 3/5 Test_Set[30000:40000]
2021-02-24 09:37:45 INFO     Starting CV 4/5 Test_Set[40000:50000]
2021-02-24 09:38:53 INFO     ACC: avg: 0.9011, [0.9001, 0.9048, 0.9023, 0.8956, 0.9027]
2021-02-24 09:38:53 INFO     ERR: avg: 0.0989, [0.0999, 0.0952, 0.0977, 0.1044, 0.0973]
2021-02-24 09:38:53 INFO     max_itr=9000, solver=newton-cg, vect=TfidfVectorizer, tol=1
2021-02-24 09:38:53 INFO     Starting CV 0/5 Test_Set[0:10000]
2021-02-24 09:39:32 INFO     Starting CV 1/5 Test_Set[10000:20000]
2021-02-24 09:40:08 INFO     Starting CV 2/5 Test_Set[20000:30000]
2021-02-24 09:40:44 INFO     Starting CV 3/5 Test_Set[30000:40000]
2021-02-24 09:41:20 INFO     Starting CV 4/5 Test_Set[40000:50000]
2021-02-24 09:41:57 INFO     ACC: avg: 0.90412, [0.8991, 0.9077, 0.9048, 0.9029, 0.9061]
2021-02-24 09:41:57 INFO     ERR: avg: 0.09588, [0.1009, 0.0923, 0.0952, 0.0971, 0.0939]
2021-02-24 09:41:57 INFO     max_itr=9000, solver=newton-cg, vect=TfidfVectorizer, tol=0.01
2021-02-24 09:41:57 INFO     Starting CV 0/5 Test_Set[0:10000]
2021-02-24 09:42:37 INFO     Starting CV 1/5 Test_Set[10000:20000]
2021-02-24 09:43:15 INFO     Starting CV 2/5 Test_Set[20000:30000]
2021-02-24 09:43:55 INFO     Starting CV 3/5 Test_Set[30000:40000]
2021-02-24 09:44:36 INFO     Starting CV 4/5 Test_Set[40000:50000]
2021-02-24 09:45:16 INFO     ACC: avg: 0.90436, [0.8995, 0.9079, 0.9047, 0.9029, 0.9068]
2021-02-24 09:45:16 INFO     ERR: avg: 0.09564, [0.1005, 0.0921, 0.0953, 0.0971, 0.0932]
2021-02-24 09:45:16 INFO     max_itr=9000, solver=newton-cg, vect=TfidfVectorizer, tol=0.001
2021-02-24 09:45:16 INFO     Starting CV 0/5 Test_Set[0:10000]
2021-02-24 09:45:56 INFO     Starting CV 1/5 Test_Set[10000:20000]
2021-02-24 09:46:37 INFO     Starting CV 2/5 Test_Set[20000:30000]
2021-02-24 09:47:17 INFO     Starting CV 3/5 Test_Set[30000:40000]
2021-02-24 09:47:57 INFO     Starting CV 4/5 Test_Set[40000:50000]
2021-02-24 09:48:38 INFO     ACC: avg: 0.90436, [0.8995, 0.9079, 0.9047, 0.9029, 0.9068]
2021-02-24 09:48:38 INFO     ERR: avg: 0.09564, [0.1005, 0.0921, 0.0953, 0.0971, 0.0932]
2021-02-24 09:48:38 INFO     max_itr=9000, solver=sag, vect=CountVectorizer, tol=1
2021-02-24 09:48:38 INFO     Starting CV 0/5 Test_Set[0:10000]
2021-02-24 09:49:09 INFO     Starting CV 1/5 Test_Set[10000:20000]
2021-02-24 09:49:42 INFO     Starting CV 2/5 Test_Set[20000:30000]
2021-02-24 09:50:15 INFO     Starting CV 3/5 Test_Set[30000:40000]
2021-02-24 09:50:48 INFO     Starting CV 4/5 Test_Set[40000:50000]
2021-02-24 09:51:20 INFO     ACC: avg: 0.84214, [0.8358, 0.8416, 0.8442, 0.8402, 0.8489]
2021-02-24 09:51:20 INFO     ERR: avg: 0.15786, [0.1642, 0.1584, 0.1558, 0.1598, 0.1511]
2021-02-24 09:51:20 INFO     max_itr=9000, solver=sag, vect=CountVectorizer, tol=0.01
2021-02-24 09:51:20 INFO     Starting CV 0/5 Test_Set[0:10000]
2021-02-24 09:52:02 INFO     Starting CV 1/5 Test_Set[10000:20000]
2021-02-24 09:52:42 INFO     Starting CV 2/5 Test_Set[20000:30000]
2021-02-24 09:53:25 INFO     Starting CV 3/5 Test_Set[30000:40000]
2021-02-24 09:54:06 INFO     Starting CV 4/5 Test_Set[40000:50000]
2021-02-24 09:54:48 INFO     ACC: avg: 0.90208, [0.8992, 0.9029, 0.9057, 0.8974, 0.9052]
2021-02-24 09:54:48 INFO     ERR: avg: 0.09792, [0.1008, 0.0971, 0.0943, 0.1026, 0.0948]
2021-02-24 09:54:48 INFO     max_itr=9000, solver=sag, vect=CountVectorizer, tol=0.001
2021-02-24 09:54:48 INFO     Starting CV 0/5 Test_Set[0:10000]
2021-02-24 09:56:44 INFO     Starting CV 1/5 Test_Set[10000:20000]
2021-02-24 09:59:05 INFO     Starting CV 2/5 Test_Set[20000:30000]
2021-02-24 10:01:01 INFO     Starting CV 3/5 Test_Set[30000:40000]
2021-02-24 10:02:59 INFO     Starting CV 4/5 Test_Set[40000:50000]
2021-02-24 10:04:58 INFO     ACC: avg: 0.90444, [0.9015, 0.9073, 0.9057, 0.9019, 0.9058]
2021-02-24 10:04:58 INFO     ERR: avg: 0.09556, [0.0985, 0.0927, 0.0943, 0.0981, 0.0942]
2021-02-24 10:04:58 INFO     max_itr=9000, solver=sag, vect=TfidfVectorizer, tol=1
2021-02-24 10:04:58 INFO     Starting CV 0/5 Test_Set[0:10000]
2021-02-24 10:05:31 INFO     Starting CV 1/5 Test_Set[10000:20000]
2021-02-24 10:06:03 INFO     Starting CV 2/5 Test_Set[20000:30000]
2021-02-24 10:06:36 INFO     Starting CV 3/5 Test_Set[30000:40000]
2021-02-24 10:07:09 INFO     Starting CV 4/5 Test_Set[40000:50000]
2021-02-24 10:07:41 INFO     ACC: avg: 0.9008, [0.895, 0.905, 0.8987, 0.8988, 0.9065]
2021-02-24 10:07:41 INFO     ERR: avg: 0.0992, [0.105, 0.095, 0.1013, 0.1012, 0.0935]
2021-02-24 10:07:41 INFO     max_itr=9000, solver=sag, vect=TfidfVectorizer, tol=0.01
2021-02-24 10:07:41 INFO     Starting CV 0/5 Test_Set[0:10000]
2021-02-24 10:08:18 INFO     Starting CV 1/5 Test_Set[10000:20000]
2021-02-24 10:08:54 INFO     Starting CV 2/5 Test_Set[20000:30000]
2021-02-24 10:09:30 INFO     Starting CV 3/5 Test_Set[30000:40000]
2021-02-24 10:10:05 INFO     Starting CV 4/5 Test_Set[40000:50000]
2021-02-24 10:10:42 INFO     ACC: avg: 0.90434, [0.8997, 0.9078, 0.9049, 0.9027, 0.9066]
2021-02-24 10:10:42 INFO     ERR: avg: 0.09566, [0.1003, 0.0922, 0.0951, 0.0973, 0.0934]
2021-02-24 10:10:42 INFO     max_itr=9000, solver=sag, vect=TfidfVectorizer, tol=0.001
2021-02-24 10:10:42 INFO     Starting CV 0/5 Test_Set[0:10000]
2021-02-24 10:11:18 INFO     Starting CV 1/5 Test_Set[10000:20000]
2021-02-24 10:11:55 INFO     Starting CV 2/5 Test_Set[20000:30000]
2021-02-24 10:12:33 INFO     Starting CV 3/5 Test_Set[30000:40000]
2021-02-24 10:13:11 INFO     Starting CV 4/5 Test_Set[40000:50000]
2021-02-24 10:13:48 INFO     ACC: avg: 0.9044, [0.8996, 0.9079, 0.9048, 0.9029, 0.9068]
2021-02-24 10:13:48 INFO     ERR: avg: 0.0956, [0.1004, 0.0921, 0.0952, 0.0971, 0.0932]
2021-02-24 10:13:48 INFO     max_itr=9000, solver=saga, vect=CountVectorizer, tol=1
2021-02-24 10:13:48 INFO     Starting CV 0/5 Test_Set[0:10000]
2021-02-24 10:14:20 INFO     Starting CV 1/5 Test_Set[10000:20000]
2021-02-24 10:14:53 INFO     Starting CV 2/5 Test_Set[20000:30000]
2021-02-24 10:15:25 INFO     Starting CV 3/5 Test_Set[30000:40000]
2021-02-24 10:15:59 INFO     Starting CV 4/5 Test_Set[40000:50000]
2021-02-24 10:16:31 INFO     ACC: avg: 0.84338, [0.8383, 0.8442, 0.8456, 0.8426, 0.8462]
2021-02-24 10:16:31 INFO     ERR: avg: 0.15662, [0.1617, 0.1558, 0.1544, 0.1574, 0.1538]
2021-02-24 10:16:31 INFO     max_itr=9000, solver=saga, vect=CountVectorizer, tol=0.01
2021-02-24 10:16:31 INFO     Starting CV 0/5 Test_Set[0:10000]
2021-02-24 10:17:17 INFO     Starting CV 1/5 Test_Set[10000:20000]
2021-02-24 10:18:02 INFO     Starting CV 2/5 Test_Set[20000:30000]
2021-02-24 10:18:46 INFO     Starting CV 3/5 Test_Set[30000:40000]
2021-02-24 10:19:32 INFO     Starting CV 4/5 Test_Set[40000:50000]
2021-02-24 10:20:18 INFO     ACC: avg: 0.89878, [0.8955, 0.8991, 0.9019, 0.8956, 0.9018]
2021-02-24 10:20:18 INFO     ERR: avg: 0.10122, [0.1045, 0.1009, 0.0981, 0.1044, 0.0982]
2021-02-24 10:20:18 INFO     max_itr=9000, solver=saga, vect=CountVectorizer, tol=0.001
2021-02-24 10:20:18 INFO     Starting CV 0/5 Test_Set[0:10000]
2021-02-24 10:22:38 INFO     Starting CV 1/5 Test_Set[10000:20000]
2021-02-24 10:25:24 INFO     Starting CV 2/5 Test_Set[20000:30000]
2021-02-24 10:27:53 INFO     Starting CV 3/5 Test_Set[30000:40000]
2021-02-24 10:30:14 INFO     Starting CV 4/5 Test_Set[40000:50000]
2021-02-24 10:32:32 INFO     ACC: avg: 0.90442, [0.9008, 0.9077, 0.9051, 0.902, 0.9065]
2021-02-24 10:32:32 INFO     ERR: avg: 0.09558, [0.0992, 0.0923, 0.0949, 0.098, 0.0935]
2021-02-24 10:32:32 INFO     max_itr=9000, solver=saga, vect=TfidfVectorizer, tol=1
2021-02-24 10:32:32 INFO     Starting CV 0/5 Test_Set[0:10000]
2021-02-24 10:33:05 INFO     Starting CV 1/5 Test_Set[10000:20000]
2021-02-24 10:33:39 INFO     Starting CV 2/5 Test_Set[20000:30000]
2021-02-24 10:34:13 INFO     Starting CV 3/5 Test_Set[30000:40000]
2021-02-24 10:34:46 INFO     Starting CV 4/5 Test_Set[40000:50000]
2021-02-24 10:35:18 INFO     ACC: avg: 0.8977, [0.8951, 0.8987, 0.898, 0.895, 0.9017]
2021-02-24 10:35:18 INFO     ERR: avg: 0.1023, [0.1049, 0.1013, 0.102, 0.105, 0.0983]
2021-02-24 10:35:18 INFO     max_itr=9000, solver=saga, vect=TfidfVectorizer, tol=0.01
2021-02-24 10:35:18 INFO     Starting CV 0/5 Test_Set[0:10000]
2021-02-24 10:35:54 INFO     Starting CV 1/5 Test_Set[10000:20000]
2021-02-24 10:36:31 INFO     Starting CV 2/5 Test_Set[20000:30000]
2021-02-24 10:37:07 INFO     Starting CV 3/5 Test_Set[30000:40000]
2021-02-24 10:37:44 INFO     Starting CV 4/5 Test_Set[40000:50000]
2021-02-24 10:38:22 INFO     ACC: avg: 0.90432, [0.9003, 0.9078, 0.9052, 0.9028, 0.9055]
2021-02-24 10:38:22 INFO     ERR: avg: 0.09568, [0.0997, 0.0922, 0.0948, 0.0972, 0.0945]
2021-02-24 10:38:22 INFO     max_itr=9000, solver=saga, vect=TfidfVectorizer, tol=0.001
2021-02-24 10:38:22 INFO     Starting CV 0/5 Test_Set[0:10000]
2021-02-24 10:39:01 INFO     Starting CV 1/5 Test_Set[10000:20000]
2021-02-24 10:39:40 INFO     Starting CV 2/5 Test_Set[20000:30000]
2021-02-24 10:40:20 INFO     Starting CV 3/5 Test_Set[30000:40000]
2021-02-24 10:40:58 INFO     Starting CV 4/5 Test_Set[40000:50000]
2021-02-24 10:41:38 INFO     ACC: avg: 0.9044, [0.8995, 0.9079, 0.9048, 0.9029, 0.9069]
2021-02-24 10:41:38 INFO     ERR: avg: 0.0956, [0.1005, 0.0921, 0.0952, 0.0971, 0.0931]
2021-02-24 10:41:38 INFO     max_itr=9000, solver=lbfgs, vect=CountVectorizer, tol=1
2021-02-24 10:41:38 INFO     Starting CV 0/5 Test_Set[0:10000]
2021-02-24 10:42:34 INFO     Starting CV 1/5 Test_Set[10000:20000]
2021-02-24 10:43:31 INFO     Starting CV 2/5 Test_Set[20000:30000]
2021-02-24 10:44:28 INFO     Starting CV 3/5 Test_Set[30000:40000]
2021-02-24 10:45:28 INFO     Starting CV 4/5 Test_Set[40000:50000]
2021-02-24 10:46:25 INFO     ACC: avg: 0.90112, [0.9, 0.9049, 0.9021, 0.8958, 0.9028]
2021-02-24 10:46:25 INFO     ERR: avg: 0.09888, [0.1, 0.0951, 0.0979, 0.1042, 0.0972]
2021-02-24 10:46:25 INFO     max_itr=9000, solver=lbfgs, vect=CountVectorizer, tol=0.01
2021-02-24 10:46:25 INFO     Starting CV 0/5 Test_Set[0:10000]
2021-02-24 10:47:41 INFO     Starting CV 1/5 Test_Set[10000:20000]
2021-02-24 10:48:59 INFO     Starting CV 2/5 Test_Set[20000:30000]
2021-02-24 10:50:19 INFO     Starting CV 3/5 Test_Set[30000:40000]
2021-02-24 10:51:37 INFO     Starting CV 4/5 Test_Set[40000:50000]
2021-02-24 10:52:56 INFO     ACC: avg: 0.9011, [0.9001, 0.9048, 0.9023, 0.8956, 0.9027]
2021-02-24 10:52:56 INFO     ERR: avg: 0.0989, [0.0999, 0.0952, 0.0977, 0.1044, 0.0973]
2021-02-24 10:52:56 INFO     max_itr=9000, solver=lbfgs, vect=CountVectorizer, tol=0.001
2021-02-24 10:52:56 INFO     Starting CV 0/5 Test_Set[0:10000]
2021-02-24 10:54:12 INFO     Starting CV 1/5 Test_Set[10000:20000]
2021-02-24 10:55:28 INFO     Starting CV 2/5 Test_Set[20000:30000]
2021-02-24 10:56:49 INFO     Starting CV 3/5 Test_Set[30000:40000]
2021-02-24 10:58:07 INFO     Starting CV 4/5 Test_Set[40000:50000]
2021-02-24 10:59:25 INFO     ACC: avg: 0.9011, [0.9001, 0.9048, 0.9023, 0.8956, 0.9027]
2021-02-24 10:59:25 INFO     ERR: avg: 0.0989, [0.0999, 0.0952, 0.0977, 0.1044, 0.0973]
2021-02-24 10:59:25 INFO     max_itr=9000, solver=lbfgs, vect=TfidfVectorizer, tol=1
2021-02-24 10:59:25 INFO     Starting CV 0/5 Test_Set[0:10000]
2021-02-24 11:00:03 INFO     Starting CV 1/5 Test_Set[10000:20000]
2021-02-24 11:00:40 INFO     Starting CV 2/5 Test_Set[20000:30000]
2021-02-24 11:01:20 INFO     Starting CV 3/5 Test_Set[30000:40000]
2021-02-24 11:02:01 INFO     Starting CV 4/5 Test_Set[40000:50000]
2021-02-24 11:02:39 INFO     ACC: avg: 0.90444, [0.8993, 0.908, 0.9049, 0.903, 0.907]
2021-02-24 11:02:39 INFO     ERR: avg: 0.09556, [0.1007, 0.092, 0.0951, 0.097, 0.093]
2021-02-24 11:02:39 INFO     max_itr=9000, solver=lbfgs, vect=TfidfVectorizer, tol=0.01
2021-02-24 11:02:39 INFO     Starting CV 0/5 Test_Set[0:10000]
2021-02-24 11:03:21 INFO     Starting CV 1/5 Test_Set[10000:20000]
2021-02-24 11:04:04 INFO     Starting CV 2/5 Test_Set[20000:30000]
2021-02-24 11:04:53 INFO     Starting CV 3/5 Test_Set[30000:40000]
2021-02-24 11:05:38 INFO     Starting CV 4/5 Test_Set[40000:50000]
2021-02-24 11:06:19 INFO     ACC: avg: 0.90438, [0.8995, 0.9079, 0.9047, 0.9029, 0.9069]
2021-02-24 11:06:19 INFO     ERR: avg: 0.09562, [0.1005, 0.0921, 0.0953, 0.0971, 0.0931]
2021-02-24 11:06:19 INFO     max_itr=9000, solver=lbfgs, vect=TfidfVectorizer, tol=0.001
2021-02-24 11:06:19 INFO     Starting CV 0/5 Test_Set[0:10000]
2021-02-24 11:07:02 INFO     Starting CV 1/5 Test_Set[10000:20000]
2021-02-24 11:07:47 INFO     Starting CV 2/5 Test_Set[20000:30000]
2021-02-24 11:08:34 INFO     Starting CV 3/5 Test_Set[30000:40000]
2021-02-24 11:09:20 INFO     Starting CV 4/5 Test_Set[40000:50000]
2021-02-24 11:10:01 INFO     ACC: avg: 0.90438, [0.8995, 0.9079, 0.9047, 0.9029, 0.9069]
2021-02-24 11:10:01 INFO     ERR: avg: 0.09562, [0.1005, 0.0921, 0.0953, 0.0971, 0.0931]
2021-02-24 11:10:01 INFO     max_itr=12000, solver=newton-cg, vect=CountVectorizer, tol=1
2021-02-24 11:10:01 INFO     Starting CV 0/5 Test_Set[0:10000]
2021-02-24 11:10:54 INFO     Starting CV 1/5 Test_Set[10000:20000]
2021-02-24 11:11:53 INFO     Starting CV 2/5 Test_Set[20000:30000]
2021-02-24 11:12:52 INFO     Starting CV 3/5 Test_Set[30000:40000]
2021-02-24 11:13:51 INFO     Starting CV 4/5 Test_Set[40000:50000]
2021-02-24 11:14:46 INFO     ACC: avg: 0.9013, [0.9002, 0.9052, 0.9022, 0.8958, 0.9031]
2021-02-24 11:14:46 INFO     ERR: avg: 0.0987, [0.0998, 0.0948, 0.0978, 0.1042, 0.0969]
2021-02-24 11:14:46 INFO     max_itr=12000, solver=newton-cg, vect=CountVectorizer, tol=0.01
2021-02-24 11:14:46 INFO     Starting CV 0/5 Test_Set[0:10000]
2021-02-24 11:15:48 INFO     Starting CV 1/5 Test_Set[10000:20000]
2021-02-24 11:16:54 INFO     Starting CV 2/5 Test_Set[20000:30000]
2021-02-24 11:18:03 INFO     Starting CV 3/5 Test_Set[30000:40000]
2021-02-24 11:19:11 INFO     Starting CV 4/5 Test_Set[40000:50000]
2021-02-24 11:20:16 INFO     ACC: avg: 0.9011, [0.9001, 0.9048, 0.9023, 0.8956, 0.9027]
2021-02-24 11:20:16 INFO     ERR: avg: 0.0989, [0.0999, 0.0952, 0.0977, 0.1044, 0.0973]
2021-02-24 11:20:16 INFO     max_itr=12000, solver=newton-cg, vect=CountVectorizer, tol=0.001
2021-02-24 11:20:16 INFO     Starting CV 0/5 Test_Set[0:10000]
2021-02-24 11:21:22 INFO     Starting CV 1/5 Test_Set[10000:20000]
2021-02-24 11:22:35 INFO     Starting CV 2/5 Test_Set[20000:30000]
2021-02-24 11:23:50 INFO     Starting CV 3/5 Test_Set[30000:40000]
2021-02-24 11:25:05 INFO     Starting CV 4/5 Test_Set[40000:50000]
2021-02-24 11:26:13 INFO     ACC: avg: 0.9011, [0.9001, 0.9048, 0.9023, 0.8956, 0.9027]
2021-02-24 11:26:13 INFO     ERR: avg: 0.0989, [0.0999, 0.0952, 0.0977, 0.1044, 0.0973]
2021-02-24 11:26:13 INFO     max_itr=12000, solver=newton-cg, vect=TfidfVectorizer, tol=1
2021-02-24 11:26:13 INFO     Starting CV 0/5 Test_Set[0:10000]
2021-02-24 11:26:50 INFO     Starting CV 1/5 Test_Set[10000:20000]
2021-02-24 11:27:27 INFO     Starting CV 2/5 Test_Set[20000:30000]
2021-02-24 11:28:04 INFO     Starting CV 3/5 Test_Set[30000:40000]
2021-02-24 11:28:41 INFO     Starting CV 4/5 Test_Set[40000:50000]
2021-02-24 11:29:18 INFO     ACC: avg: 0.90412, [0.8991, 0.9077, 0.9048, 0.9029, 0.9061]
2021-02-24 11:29:18 INFO     ERR: avg: 0.09588, [0.1009, 0.0923, 0.0952, 0.0971, 0.0939]
2021-02-24 11:29:18 INFO     max_itr=12000, solver=newton-cg, vect=TfidfVectorizer, tol=0.01
2021-02-24 11:29:18 INFO     Starting CV 0/5 Test_Set[0:10000]
2021-02-24 11:29:59 INFO     Starting CV 1/5 Test_Set[10000:20000]
2021-02-24 11:30:39 INFO     Starting CV 2/5 Test_Set[20000:30000]
2021-02-24 11:31:19 INFO     Starting CV 3/5 Test_Set[30000:40000]
2021-02-24 11:31:59 INFO     Starting CV 4/5 Test_Set[40000:50000]
2021-02-24 11:32:39 INFO     ACC: avg: 0.90436, [0.8995, 0.9079, 0.9047, 0.9029, 0.9068]
2021-02-24 11:32:39 INFO     ERR: avg: 0.09564, [0.1005, 0.0921, 0.0953, 0.0971, 0.0932]
2021-02-24 11:32:39 INFO     max_itr=12000, solver=newton-cg, vect=TfidfVectorizer, tol=0.001
2021-02-24 11:32:39 INFO     Starting CV 0/5 Test_Set[0:10000]
2021-02-24 11:33:19 INFO     Starting CV 1/5 Test_Set[10000:20000]
2021-02-24 11:33:59 INFO     Starting CV 2/5 Test_Set[20000:30000]
2021-02-24 11:34:41 INFO     Starting CV 3/5 Test_Set[30000:40000]
2021-02-24 11:35:24 INFO     Starting CV 4/5 Test_Set[40000:50000]
2021-02-24 11:36:05 INFO     ACC: avg: 0.90436, [0.8995, 0.9079, 0.9047, 0.9029, 0.9068]
2021-02-24 11:36:05 INFO     ERR: avg: 0.09564, [0.1005, 0.0921, 0.0953, 0.0971, 0.0932]
2021-02-24 11:36:05 INFO     max_itr=12000, solver=sag, vect=CountVectorizer, tol=1
2021-02-24 11:36:05 INFO     Starting CV 0/5 Test_Set[0:10000]
2021-02-24 11:36:39 INFO     Starting CV 1/5 Test_Set[10000:20000]
2021-02-24 11:37:12 INFO     Starting CV 2/5 Test_Set[20000:30000]
2021-02-24 11:37:45 INFO     Starting CV 3/5 Test_Set[30000:40000]
2021-02-24 11:38:18 INFO     Starting CV 4/5 Test_Set[40000:50000]
2021-02-24 11:38:51 INFO     ACC: avg: 0.84384, [0.8358, 0.8446, 0.848, 0.8422, 0.8486]
2021-02-24 11:38:51 INFO     ERR: avg: 0.15616, [0.1642, 0.1554, 0.152, 0.1578, 0.1514]
2021-02-24 11:38:51 INFO     max_itr=12000, solver=sag, vect=CountVectorizer, tol=0.01
2021-02-24 11:38:51 INFO     Starting CV 0/5 Test_Set[0:10000]
2021-02-24 11:39:35 INFO     Starting CV 1/5 Test_Set[10000:20000]
2021-02-24 11:40:18 INFO     Starting CV 2/5 Test_Set[20000:30000]
2021-02-24 11:41:00 INFO     Starting CV 3/5 Test_Set[30000:40000]
2021-02-24 11:41:41 INFO     Starting CV 4/5 Test_Set[40000:50000]
2021-02-24 11:42:24 INFO     ACC: avg: 0.90208, [0.8992, 0.9017, 0.9051, 0.8985, 0.9059]
2021-02-24 11:42:24 INFO     ERR: avg: 0.09792000000000001, [0.1008, 0.0983, 0.0949, 0.1015, 0.0941]
2021-02-24 11:42:24 INFO     max_itr=12000, solver=sag, vect=CountVectorizer, tol=0.001
2021-02-24 11:42:24 INFO     Starting CV 0/5 Test_Set[0:10000]
2021-02-24 11:44:16 INFO     Starting CV 1/5 Test_Set[10000:20000]
2021-02-24 11:46:38 INFO     Starting CV 2/5 Test_Set[20000:30000]
2021-02-24 11:48:35 INFO     Starting CV 3/5 Test_Set[30000:40000]
2021-02-24 11:50:37 INFO     Starting CV 4/5 Test_Set[40000:50000]
2021-02-24 11:52:36 INFO     ACC: avg: 0.90436, [0.9018, 0.9073, 0.9059, 0.9014, 0.9054]
2021-02-24 11:52:36 INFO     ERR: avg: 0.09564, [0.0982, 0.0927, 0.0941, 0.0986, 0.0946]
2021-02-24 11:52:36 INFO     max_itr=12000, solver=sag, vect=TfidfVectorizer, tol=1
2021-02-24 11:52:36 INFO     Starting CV 0/5 Test_Set[0:10000]
2021-02-24 11:53:11 INFO     Starting CV 1/5 Test_Set[10000:20000]
2021-02-24 11:53:44 INFO     Starting CV 2/5 Test_Set[20000:30000]
2021-02-24 11:54:17 INFO     Starting CV 3/5 Test_Set[30000:40000]
2021-02-24 11:54:50 INFO     Starting CV 4/5 Test_Set[40000:50000]
2021-02-24 11:55:23 INFO     ACC: avg: 0.89766, [0.897, 0.9008, 0.8943, 0.8916, 0.9046]
2021-02-24 11:55:23 INFO     ERR: avg: 0.10234, [0.103, 0.0992, 0.1057, 0.1084, 0.0954]
2021-02-24 11:55:23 INFO     max_itr=12000, solver=sag, vect=TfidfVectorizer, tol=0.01
2021-02-24 11:55:23 INFO     Starting CV 0/5 Test_Set[0:10000]
2021-02-24 11:56:00 INFO     Starting CV 1/5 Test_Set[10000:20000]
2021-02-24 11:56:37 INFO     Starting CV 2/5 Test_Set[20000:30000]
2021-02-24 11:57:13 INFO     Starting CV 3/5 Test_Set[30000:40000]
2021-02-24 11:57:50 INFO     Starting CV 4/5 Test_Set[40000:50000]
2021-02-24 11:58:26 INFO     ACC: avg: 0.90432, [0.8996, 0.9079, 0.9049, 0.9025, 0.9067]
2021-02-24 11:58:26 INFO     ERR: avg: 0.09568, [0.1004, 0.0921, 0.0951, 0.0975, 0.0933]
2021-02-24 11:58:26 INFO     max_itr=12000, solver=sag, vect=TfidfVectorizer, tol=0.001
2021-02-24 11:58:26 INFO     Starting CV 0/5 Test_Set[0:10000]
2021-02-24 11:59:04 INFO     Starting CV 1/5 Test_Set[10000:20000]
2021-02-24 11:59:41 INFO     Starting CV 2/5 Test_Set[20000:30000]
2021-02-24 12:00:19 INFO     Starting CV 3/5 Test_Set[30000:40000]
2021-02-24 12:00:56 INFO     Starting CV 4/5 Test_Set[40000:50000]
2021-02-24 12:01:33 INFO     ACC: avg: 0.90436, [0.8995, 0.9079, 0.9047, 0.9029, 0.9068]
2021-02-24 12:01:33 INFO     ERR: avg: 0.09564, [0.1005, 0.0921, 0.0953, 0.0971, 0.0932]
2021-02-24 12:01:33 INFO     max_itr=12000, solver=saga, vect=CountVectorizer, tol=1
2021-02-24 12:01:33 INFO     Starting CV 0/5 Test_Set[0:10000]
2021-02-24 12:02:07 INFO     Starting CV 1/5 Test_Set[10000:20000]
2021-02-24 12:02:40 INFO     Starting CV 2/5 Test_Set[20000:30000]
2021-02-24 12:03:14 INFO     Starting CV 3/5 Test_Set[30000:40000]
2021-02-24 12:03:47 INFO     Starting CV 4/5 Test_Set[40000:50000]
2021-02-24 12:04:21 INFO     ACC: avg: 0.84316, [0.8365, 0.8428, 0.8466, 0.8422, 0.8477]
2021-02-24 12:04:21 INFO     ERR: avg: 0.15684, [0.1635, 0.1572, 0.1534, 0.1578, 0.1523]
2021-02-24 12:04:21 INFO     max_itr=12000, solver=saga, vect=CountVectorizer, tol=0.01
2021-02-24 12:04:21 INFO     Starting CV 0/5 Test_Set[0:10000]
2021-02-24 12:05:07 INFO     Starting CV 1/5 Test_Set[10000:20000]
2021-02-24 12:05:52 INFO     Starting CV 2/5 Test_Set[20000:30000]
2021-02-24 12:06:37 INFO     Starting CV 3/5 Test_Set[30000:40000]
2021-02-24 12:07:22 INFO     Starting CV 4/5 Test_Set[40000:50000]
2021-02-24 12:08:08 INFO     ACC: avg: 0.8988, [0.8963, 0.8994, 0.9012, 0.8953, 0.9018]
2021-02-24 12:08:08 INFO     ERR: avg: 0.1012, [0.1037, 0.1006, 0.0988, 0.1047, 0.0982]
2021-02-24 12:08:08 INFO     max_itr=12000, solver=saga, vect=CountVectorizer, tol=0.001
2021-02-24 12:08:08 INFO     Starting CV 0/5 Test_Set[0:10000]
2021-02-24 12:10:27 INFO     Starting CV 1/5 Test_Set[10000:20000]
2021-02-24 12:13:17 INFO     Starting CV 2/5 Test_Set[20000:30000]
2021-02-24 12:15:47 INFO     Starting CV 3/5 Test_Set[30000:40000]
2021-02-24 12:18:13 INFO     Starting CV 4/5 Test_Set[40000:50000]
2021-02-24 12:20:34 INFO     ACC: avg: 0.9044800000000001, [0.9008, 0.9079, 0.905, 0.902, 0.9067]
2021-02-24 12:20:34 INFO     ERR: avg: 0.09552, [0.0992, 0.0921, 0.095, 0.098, 0.0933]
2021-02-24 12:20:34 INFO     max_itr=12000, solver=saga, vect=TfidfVectorizer, tol=1
2021-02-24 12:20:34 INFO     Starting CV 0/5 Test_Set[0:10000]
2021-02-24 12:21:08 INFO     Starting CV 1/5 Test_Set[10000:20000]
2021-02-24 12:21:41 INFO     Starting CV 2/5 Test_Set[20000:30000]
2021-02-24 12:22:15 INFO     Starting CV 3/5 Test_Set[30000:40000]
2021-02-24 12:22:49 INFO     Starting CV 4/5 Test_Set[40000:50000]
2021-02-24 12:23:23 INFO     ACC: avg: 0.89132, [0.8696, 0.9015, 0.8891, 0.8942, 0.9022]
2021-02-24 12:23:23 INFO     ERR: avg: 0.10868, [0.1304, 0.0985, 0.1109, 0.1058, 0.0978]
2021-02-24 12:23:23 INFO     max_itr=12000, solver=saga, vect=TfidfVectorizer, tol=0.01
2021-02-24 12:23:23 INFO     Starting CV 0/5 Test_Set[0:10000]
2021-02-24 12:24:01 INFO     Starting CV 1/5 Test_Set[10000:20000]
2021-02-24 12:24:38 INFO     Starting CV 2/5 Test_Set[20000:30000]
2021-02-24 12:25:15 INFO     Starting CV 3/5 Test_Set[30000:40000]
2021-02-24 12:25:52 INFO     Starting CV 4/5 Test_Set[40000:50000]
2021-02-24 12:26:29 INFO     ACC: avg: 0.90458, [0.8997, 0.9081, 0.9054, 0.903, 0.9067]
2021-02-24 12:26:29 INFO     ERR: avg: 0.09542, [0.1003, 0.0919, 0.0946, 0.097, 0.0933]
2021-02-24 12:26:29 INFO     max_itr=12000, solver=saga, vect=TfidfVectorizer, tol=0.001
2021-02-24 12:26:29 INFO     Starting CV 0/5 Test_Set[0:10000]
2021-02-24 12:27:08 INFO     Starting CV 1/5 Test_Set[10000:20000]
2021-02-24 12:27:47 INFO     Starting CV 2/5 Test_Set[20000:30000]
2021-02-24 12:28:26 INFO     Starting CV 3/5 Test_Set[30000:40000]
2021-02-24 12:29:04 INFO     Starting CV 4/5 Test_Set[40000:50000]
2021-02-24 12:29:43 INFO     ACC: avg: 0.90438, [0.8995, 0.9079, 0.9047, 0.9029, 0.9069]
2021-02-24 12:29:43 INFO     ERR: avg: 0.09562, [0.1005, 0.0921, 0.0953, 0.0971, 0.0931]
2021-02-24 12:29:43 INFO     max_itr=12000, solver=lbfgs, vect=CountVectorizer, tol=1
2021-02-24 12:29:43 INFO     Starting CV 0/5 Test_Set[0:10000]
2021-02-24 12:30:38 INFO     Starting CV 1/5 Test_Set[10000:20000]
2021-02-24 12:31:35 INFO     Starting CV 2/5 Test_Set[20000:30000]
2021-02-24 12:32:33 INFO     Starting CV 3/5 Test_Set[30000:40000]
2021-02-24 12:33:33 INFO     Starting CV 4/5 Test_Set[40000:50000]
2021-02-24 12:34:31 INFO     ACC: avg: 0.90112, [0.9, 0.9049, 0.9021, 0.8958, 0.9028]
2021-02-24 12:34:31 INFO     ERR: avg: 0.09888, [0.1, 0.0951, 0.0979, 0.1042, 0.0972]
2021-02-24 12:34:31 INFO     max_itr=12000, solver=lbfgs, vect=CountVectorizer, tol=0.01
2021-02-24 12:34:31 INFO     Starting CV 0/5 Test_Set[0:10000]
2021-02-24 12:35:47 INFO     Starting CV 1/5 Test_Set[10000:20000]
2021-02-24 12:37:03 INFO     Starting CV 2/5 Test_Set[20000:30000]
2021-02-24 12:38:23 INFO     Starting CV 3/5 Test_Set[30000:40000]
2021-02-24 12:39:42 INFO     Starting CV 4/5 Test_Set[40000:50000]
2021-02-24 12:40:58 INFO     ACC: avg: 0.9011, [0.9001, 0.9048, 0.9023, 0.8956, 0.9027]
2021-02-24 12:40:58 INFO     ERR: avg: 0.0989, [0.0999, 0.0952, 0.0977, 0.1044, 0.0973]
2021-02-24 12:40:58 INFO     max_itr=12000, solver=lbfgs, vect=CountVectorizer, tol=0.001
2021-02-24 12:40:58 INFO     Starting CV 0/5 Test_Set[0:10000]
2021-02-24 12:42:15 INFO     Starting CV 1/5 Test_Set[10000:20000]
2021-02-24 12:43:30 INFO     Starting CV 2/5 Test_Set[20000:30000]
2021-02-24 12:44:49 INFO     Starting CV 3/5 Test_Set[30000:40000]
2021-02-24 12:46:08 INFO     Starting CV 4/5 Test_Set[40000:50000]
2021-02-24 12:47:26 INFO     ACC: avg: 0.9011, [0.9001, 0.9048, 0.9023, 0.8956, 0.9027]
2021-02-24 12:47:26 INFO     ERR: avg: 0.0989, [0.0999, 0.0952, 0.0977, 0.1044, 0.0973]
2021-02-24 12:47:26 INFO     max_itr=12000, solver=lbfgs, vect=TfidfVectorizer, tol=1
2021-02-24 12:47:26 INFO     Starting CV 0/5 Test_Set[0:10000]
2021-02-24 12:48:04 INFO     Starting CV 1/5 Test_Set[10000:20000]
2021-02-24 12:48:41 INFO     Starting CV 2/5 Test_Set[20000:30000]
2021-02-24 12:49:21 INFO     Starting CV 3/5 Test_Set[30000:40000]
2021-02-24 12:50:02 INFO     Starting CV 4/5 Test_Set[40000:50000]
2021-02-24 12:50:37 INFO     ACC: avg: 0.90444, [0.8993, 0.908, 0.9049, 0.903, 0.907]
2021-02-24 12:50:37 INFO     ERR: avg: 0.09556, [0.1007, 0.092, 0.0951, 0.097, 0.093]
2021-02-24 12:50:37 INFO     max_itr=12000, solver=lbfgs, vect=TfidfVectorizer, tol=0.01
2021-02-24 12:50:37 INFO     Starting CV 0/5 Test_Set[0:10000]
2021-02-24 12:51:20 INFO     Starting CV 1/5 Test_Set[10000:20000]
2021-02-24 12:52:03 INFO     Starting CV 2/5 Test_Set[20000:30000]
2021-02-24 12:52:51 INFO     Starting CV 3/5 Test_Set[30000:40000]
2021-02-24 12:53:37 INFO     Starting CV 4/5 Test_Set[40000:50000]
2021-02-24 12:54:16 INFO     ACC: avg: 0.90438, [0.8995, 0.9079, 0.9047, 0.9029, 0.9069]
2021-02-24 12:54:16 INFO     ERR: avg: 0.09562, [0.1005, 0.0921, 0.0953, 0.0971, 0.0931]
2021-02-24 12:54:16 INFO     max_itr=12000, solver=lbfgs, vect=TfidfVectorizer, tol=0.001
2021-02-24 12:54:16 INFO     Starting CV 0/5 Test_Set[0:10000]
2021-02-24 12:54:58 INFO     Starting CV 1/5 Test_Set[10000:20000]
2021-02-24 12:56:00 INFO     Starting CV 2/5 Test_Set[20000:30000]
2021-02-24 12:56:58 INFO     Starting CV 3/5 Test_Set[30000:40000]
2021-02-24 12:58:07 INFO     Starting CV 4/5 Test_Set[40000:50000]
2021-02-24 12:58:49 INFO     ACC: avg: 0.90438, [0.8995, 0.9079, 0.9047, 0.9029, 0.9069]
2021-02-24 12:58:49 INFO     ERR: avg: 0.09562, [0.1005, 0.0921, 0.0953, 0.0971, 0.0931]
2021-02-24 12:58:49 INFO     Training complete!
2021-02-24 12:58:49 INFO     [('max_itr=1000, solver=newton-cg, vect=CountVectorizer, tol=1', ([0.9002, 0.9052, 0.9022, 0.8958, 0.9031], [0.0998, 0.0948, 0.0978, 0.1042, 0.0969])), ('max_itr=1000, solver=newton-cg, vect=CountVectorizer, tol=0.01', ([0.9001, 0.9048, 0.9023, 0.8956, 0.9027], [0.0999, 0.0952, 0.0977, 0.1044, 0.0973])), ('max_itr=1000, solver=newton-cg, vect=CountVectorizer, tol=0.001', ([0.9001, 0.9048, 0.9023, 0.8956, 0.9027], [0.0999, 0.0952, 0.0977, 0.1044, 0.0973])), ('max_itr=1000, solver=newton-cg, vect=TfidfVectorizer, tol=1', ([0.8991, 0.9077, 0.9048, 0.9029, 0.9061], [0.1009, 0.0923, 0.0952, 0.0971, 0.0939])), ('max_itr=1000, solver=newton-cg, vect=TfidfVectorizer, tol=0.01', ([0.8995, 0.9079, 0.9047, 0.9029, 0.9068], [0.1005, 0.0921, 0.0953, 0.0971, 0.0932])), ('max_itr=1000, solver=newton-cg, vect=TfidfVectorizer, tol=0.001', ([0.8995, 0.9079, 0.9047, 0.9029, 0.9068], [0.1005, 0.0921, 0.0953, 0.0971, 0.0932])), ('max_itr=1000, solver=sag, vect=CountVectorizer, tol=1', ([0.839, 0.8433, 0.8486, 0.8404, 0.8477], [0.161, 0.1567, 0.1514, 0.1596, 0.1523])), ('max_itr=1000, solver=sag, vect=CountVectorizer, tol=0.01', ([0.8998, 0.9033, 0.9052, 0.8978, 0.9051], [0.1002, 0.0967, 0.0948, 0.1022, 0.0949])), ('max_itr=1000, solver=sag, vect=CountVectorizer, tol=0.001', ([0.9018, 0.9071, 0.9054, 0.9017, 0.9056], [0.0982, 0.0929, 0.0946, 0.0983, 0.0944])), ('max_itr=1000, solver=sag, vect=TfidfVectorizer, tol=1', ([0.8991, 0.9016, 0.9015, 0.8968, 0.9009], [0.1009, 0.0984, 0.0985, 0.1032, 0.0991])), ('max_itr=1000, solver=sag, vect=TfidfVectorizer, tol=0.01', ([0.8997, 0.9076, 0.9047, 0.9028, 0.9066], [0.1003, 0.0924, 0.0953, 0.0972, 0.0934])), ('max_itr=1000, solver=sag, vect=TfidfVectorizer, tol=0.001', ([0.8995, 0.9079, 0.9047, 0.9029, 0.9068], [0.1005, 0.0921, 0.0953, 0.0971, 0.0932])), ('max_itr=1000, solver=saga, vect=CountVectorizer, tol=1', ([0.8375, 0.8437, 0.8469, 0.8425, 0.8498], [0.1625, 0.1563, 0.1531, 0.1575, 0.1502])), ('max_itr=1000, solver=saga, vect=CountVectorizer, tol=0.01', ([0.895, 0.8994, 0.9019, 0.8954, 0.9019], [0.105, 0.1006, 0.0981, 0.1046, 0.0981])), ('max_itr=1000, solver=saga, vect=CountVectorizer, tol=0.001', ([0.9006, 0.9078, 0.9053, 0.9017, 0.9069], [0.0994, 0.0922, 0.0947, 0.0983, 0.0931])), ('max_itr=1000, solver=saga, vect=TfidfVectorizer, tol=1', ([0.88, 0.9014, 0.8893, 0.8809, 0.9025], [0.12, 0.0986, 0.1107, 0.1191, 0.0975])), ('max_itr=1000, solver=saga, vect=TfidfVectorizer, tol=0.01', ([0.8997, 0.9082, 0.9048, 0.9027, 0.9062], [0.1003, 0.0918, 0.0952, 0.0973, 0.0938])), ('max_itr=1000, solver=saga, vect=TfidfVectorizer, tol=0.001', ([0.8995, 0.9077, 0.9047, 0.9029, 0.907], [0.1005, 0.0923, 0.0953, 0.0971, 0.093])), ('max_itr=1000, solver=lbfgs, vect=CountVectorizer, tol=1', ([0.9, 0.9049, 0.9021, 0.8958, 0.9028], [0.1, 0.0951, 0.0979, 0.1042, 0.0972])), ('max_itr=1000, solver=lbfgs, vect=CountVectorizer, tol=0.01', ([0.9001, 0.9048, 0.9023, 0.8956, 0.9027], [0.0999, 0.0952, 0.0977, 0.1044, 0.0973])), ('max_itr=1000, solver=lbfgs, vect=CountVectorizer, tol=0.001', ([0.9001, 0.9048, 0.9023, 0.8956, 0.9027], [0.0999, 0.0952, 0.0977, 0.1044, 0.0973])), ('max_itr=1000, solver=lbfgs, vect=TfidfVectorizer, tol=1', ([0.8993, 0.908, 0.9049, 0.903, 0.907], [0.1007, 0.092, 0.0951, 0.097, 0.093])), ('max_itr=1000, solver=lbfgs, vect=TfidfVectorizer, tol=0.01', ([0.8995, 0.9079, 0.9047, 0.9029, 0.9069], [0.1005, 0.0921, 0.0953, 0.0971, 0.0931])), ('max_itr=1000, solver=lbfgs, vect=TfidfVectorizer, tol=0.001', ([0.8995, 0.9079, 0.9047, 0.9029, 0.9069], [0.1005, 0.0921, 0.0953, 0.0971, 0.0931])), ('max_itr=3000, solver=newton-cg, vect=CountVectorizer, tol=1', ([0.9002, 0.9052, 0.9022, 0.8958, 0.9031], [0.0998, 0.0948, 0.0978, 0.1042, 0.0969])), ('max_itr=3000, solver=newton-cg, vect=CountVectorizer, tol=0.01', ([0.9001, 0.9048, 0.9023, 0.8956, 0.9027], [0.0999, 0.0952, 0.0977, 0.1044, 0.0973])), ('max_itr=3000, solver=newton-cg, vect=CountVectorizer, tol=0.001', ([0.9001, 0.9048, 0.9023, 0.8956, 0.9027], [0.0999, 0.0952, 0.0977, 0.1044, 0.0973])), ('max_itr=3000, solver=newton-cg, vect=TfidfVectorizer, tol=1', ([0.8991, 0.9077, 0.9048, 0.9029, 0.9061], [0.1009, 0.0923, 0.0952, 0.0971, 0.0939])), ('max_itr=3000, solver=newton-cg, vect=TfidfVectorizer, tol=0.01', ([0.8995, 0.9079, 0.9047, 0.9029, 0.9068], [0.1005, 0.0921, 0.0953, 0.0971, 0.0932])), ('max_itr=3000, solver=newton-cg, vect=TfidfVectorizer, tol=0.001', ([0.8995, 0.9079, 0.9047, 0.9029, 0.9068], [0.1005, 0.0921, 0.0953, 0.0971, 0.0932])), ('max_itr=3000, solver=sag, vect=CountVectorizer, tol=1', ([0.8362, 0.843, 0.8462, 0.8431, 0.8477], [0.1638, 0.157, 0.1538, 0.1569, 0.1523])), ('max_itr=3000, solver=sag, vect=CountVectorizer, tol=0.01', ([0.8998, 0.9029, 0.9059, 0.8985, 0.905], [0.1002, 0.0971, 0.0941, 0.1015, 0.095])), ('max_itr=3000, solver=sag, vect=CountVectorizer, tol=0.001', ([0.9018, 0.9071, 0.9061, 0.9019, 0.9054], [0.0982, 0.0929, 0.0939, 0.0981, 0.0946])), ('max_itr=3000, solver=sag, vect=TfidfVectorizer, tol=1', ([0.8993, 0.9034, 0.9006, 0.8966, 0.9019], [0.1007, 0.0966, 0.0994, 0.1034, 0.0981])), ('max_itr=3000, solver=sag, vect=TfidfVectorizer, tol=0.01', ([0.8997, 0.9076, 0.9048, 0.903, 0.9066], [0.1003, 0.0924, 0.0952, 0.097, 0.0934])), ('max_itr=3000, solver=sag, vect=TfidfVectorizer, tol=0.001', ([0.8996, 0.9078, 0.9047, 0.9029, 0.9068], [0.1004, 0.0922, 0.0953, 0.0971, 0.0932])), ('max_itr=3000, solver=saga, vect=CountVectorizer, tol=1', ([0.8364, 0.8428, 0.8481, 0.8425, 0.8479], [0.1636, 0.1572, 0.1519, 0.1575, 0.1521])), ('max_itr=3000, solver=saga, vect=CountVectorizer, tol=0.01', ([0.8958, 0.8995, 0.9013, 0.8955, 0.9027], [0.1042, 0.1005, 0.0987, 0.1045, 0.0973])), ('max_itr=3000, solver=saga, vect=CountVectorizer, tol=0.001', ([0.9005, 0.9076, 0.9052, 0.9017, 0.9065], [0.0995, 0.0924, 0.0948, 0.0983, 0.0935])), ('max_itr=3000, solver=saga, vect=TfidfVectorizer, tol=1', ([0.8818, 0.9016, 0.8839, 0.8986, 0.8976], [0.1182, 0.0984, 0.1161, 0.1014, 0.1024])), ('max_itr=3000, solver=saga, vect=TfidfVectorizer, tol=0.01', ([0.8987, 0.9077, 0.9048, 0.9029, 0.907], [0.1013, 0.0923, 0.0952, 0.0971, 0.093])), ('max_itr=3000, solver=saga, vect=TfidfVectorizer, tol=0.001', ([0.8995, 0.9079, 0.9047, 0.9029, 0.9068], [0.1005, 0.0921, 0.0953, 0.0971, 0.0932])), ('max_itr=3000, solver=lbfgs, vect=CountVectorizer, tol=1', ([0.9, 0.9049, 0.9021, 0.8958, 0.9028], [0.1, 0.0951, 0.0979, 0.1042, 0.0972])), ('max_itr=3000, solver=lbfgs, vect=CountVectorizer, tol=0.01', ([0.9001, 0.9048, 0.9023, 0.8956, 0.9027], [0.0999, 0.0952, 0.0977, 0.1044, 0.0973])), ('max_itr=3000, solver=lbfgs, vect=CountVectorizer, tol=0.001', ([0.9001, 0.9048, 0.9023, 0.8956, 0.9027], [0.0999, 0.0952, 0.0977, 0.1044, 0.0973])), ('max_itr=3000, solver=lbfgs, vect=TfidfVectorizer, tol=1', ([0.8993, 0.908, 0.9049, 0.903, 0.907], [0.1007, 0.092, 0.0951, 0.097, 0.093])), ('max_itr=3000, solver=lbfgs, vect=TfidfVectorizer, tol=0.01', ([0.8995, 0.9079, 0.9047, 0.9029, 0.9069], [0.1005, 0.0921, 0.0953, 0.0971, 0.0931])), ('max_itr=3000, solver=lbfgs, vect=TfidfVectorizer, tol=0.001', ([0.8995, 0.9079, 0.9047, 0.9029, 0.9069], [0.1005, 0.0921, 0.0953, 0.0971, 0.0931])), ('max_itr=9000, solver=newton-cg, vect=CountVectorizer, tol=1', ([0.9002, 0.9052, 0.9022, 0.8958, 0.9031], [0.0998, 0.0948, 0.0978, 0.1042, 0.0969])), ('max_itr=9000, solver=newton-cg, vect=CountVectorizer, tol=0.01', ([0.9001, 0.9048, 0.9023, 0.8956, 0.9027], [0.0999, 0.0952, 0.0977, 0.1044, 0.0973])), ('max_itr=9000, solver=newton-cg, vect=CountVectorizer, tol=0.001', ([0.9001, 0.9048, 0.9023, 0.8956, 0.9027], [0.0999, 0.0952, 0.0977, 0.1044, 0.0973])), ('max_itr=9000, solver=newton-cg, vect=TfidfVectorizer, tol=1', ([0.8991, 0.9077, 0.9048, 0.9029, 0.9061], [0.1009, 0.0923, 0.0952, 0.0971, 0.0939])), ('max_itr=9000, solver=newton-cg, vect=TfidfVectorizer, tol=0.01', ([0.8995, 0.9079, 0.9047, 0.9029, 0.9068], [0.1005, 0.0921, 0.0953, 0.0971, 0.0932])), ('max_itr=9000, solver=newton-cg, vect=TfidfVectorizer, tol=0.001', ([0.8995, 0.9079, 0.9047, 0.9029, 0.9068], [0.1005, 0.0921, 0.0953, 0.0971, 0.0932])), ('max_itr=9000, solver=sag, vect=CountVectorizer, tol=1', ([0.8358, 0.8416, 0.8442, 0.8402, 0.8489], [0.1642, 0.1584, 0.1558, 0.1598, 0.1511])), ('max_itr=9000, solver=sag, vect=CountVectorizer, tol=0.01', ([0.8992, 0.9029, 0.9057, 0.8974, 0.9052], [0.1008, 0.0971, 0.0943, 0.1026, 0.0948])), ('max_itr=9000, solver=sag, vect=CountVectorizer, tol=0.001', ([0.9015, 0.9073, 0.9057, 0.9019, 0.9058], [0.0985, 0.0927, 0.0943, 0.0981, 0.0942])), ('max_itr=9000, solver=sag, vect=TfidfVectorizer, tol=1', ([0.895, 0.905, 0.8987, 0.8988, 0.9065], [0.105, 0.095, 0.1013, 0.1012, 0.0935])), ('max_itr=9000, solver=sag, vect=TfidfVectorizer, tol=0.01', ([0.8997, 0.9078, 0.9049, 0.9027, 0.9066], [0.1003, 0.0922, 0.0951, 0.0973, 0.0934])), ('max_itr=9000, solver=sag, vect=TfidfVectorizer, tol=0.001', ([0.8996, 0.9079, 0.9048, 0.9029, 0.9068], [0.1004, 0.0921, 0.0952, 0.0971, 0.0932])), ('max_itr=9000, solver=saga, vect=CountVectorizer, tol=1', ([0.8383, 0.8442, 0.8456, 0.8426, 0.8462], [0.1617, 0.1558, 0.1544, 0.1574, 0.1538])), ('max_itr=9000, solver=saga, vect=CountVectorizer, tol=0.01', ([0.8955, 0.8991, 0.9019, 0.8956, 0.9018], [0.1045, 0.1009, 0.0981, 0.1044, 0.0982])), ('max_itr=9000, solver=saga, vect=CountVectorizer, tol=0.001', ([0.9008, 0.9077, 0.9051, 0.902, 0.9065], [0.0992, 0.0923, 0.0949, 0.098, 0.0935])), ('max_itr=9000, solver=saga, vect=TfidfVectorizer, tol=1', ([0.8951, 0.8987, 0.898, 0.895, 0.9017], [0.1049, 0.1013, 0.102, 0.105, 0.0983])), ('max_itr=9000, solver=saga, vect=TfidfVectorizer, tol=0.01', ([0.9003, 0.9078, 0.9052, 0.9028, 0.9055], [0.0997, 0.0922, 0.0948, 0.0972, 0.0945])), ('max_itr=9000, solver=saga, vect=TfidfVectorizer, tol=0.001', ([0.8995, 0.9079, 0.9048, 0.9029, 0.9069], [0.1005, 0.0921, 0.0952, 0.0971, 0.0931])), ('max_itr=9000, solver=lbfgs, vect=CountVectorizer, tol=1', ([0.9, 0.9049, 0.9021, 0.8958, 0.9028], [0.1, 0.0951, 0.0979, 0.1042, 0.0972])), ('max_itr=9000, solver=lbfgs, vect=CountVectorizer, tol=0.01', ([0.9001, 0.9048, 0.9023, 0.8956, 0.9027], [0.0999, 0.0952, 0.0977, 0.1044, 0.0973])), ('max_itr=9000, solver=lbfgs, vect=CountVectorizer, tol=0.001', ([0.9001, 0.9048, 0.9023, 0.8956, 0.9027], [0.0999, 0.0952, 0.0977, 0.1044, 0.0973])), ('max_itr=9000, solver=lbfgs, vect=TfidfVectorizer, tol=1', ([0.8993, 0.908, 0.9049, 0.903, 0.907], [0.1007, 0.092, 0.0951, 0.097, 0.093])), ('max_itr=9000, solver=lbfgs, vect=TfidfVectorizer, tol=0.01', ([0.8995, 0.9079, 0.9047, 0.9029, 0.9069], [0.1005, 0.0921, 0.0953, 0.0971, 0.0931])), ('max_itr=9000, solver=lbfgs, vect=TfidfVectorizer, tol=0.001', ([0.8995, 0.9079, 0.9047, 0.9029, 0.9069], [0.1005, 0.0921, 0.0953, 0.0971, 0.0931])), ('max_itr=12000, solver=newton-cg, vect=CountVectorizer, tol=1', ([0.9002, 0.9052, 0.9022, 0.8958, 0.9031], [0.0998, 0.0948, 0.0978, 0.1042, 0.0969])), ('max_itr=12000, solver=newton-cg, vect=CountVectorizer, tol=0.01', ([0.9001, 0.9048, 0.9023, 0.8956, 0.9027], [0.0999, 0.0952, 0.0977, 0.1044, 0.0973])), ('max_itr=12000, solver=newton-cg, vect=CountVectorizer, tol=0.001', ([0.9001, 0.9048, 0.9023, 0.8956, 0.9027], [0.0999, 0.0952, 0.0977, 0.1044, 0.0973])), ('max_itr=12000, solver=newton-cg, vect=TfidfVectorizer, tol=1', ([0.8991, 0.9077, 0.9048, 0.9029, 0.9061], [0.1009, 0.0923, 0.0952, 0.0971, 0.0939])), ('max_itr=12000, solver=newton-cg, vect=TfidfVectorizer, tol=0.01', ([0.8995, 0.9079, 0.9047, 0.9029, 0.9068], [0.1005, 0.0921, 0.0953, 0.0971, 0.0932])), ('max_itr=12000, solver=newton-cg, vect=TfidfVectorizer, tol=0.001', ([0.8995, 0.9079, 0.9047, 0.9029, 0.9068], [0.1005, 0.0921, 0.0953, 0.0971, 0.0932])), ('max_itr=12000, solver=sag, vect=CountVectorizer, tol=1', ([0.8358, 0.8446, 0.848, 0.8422, 0.8486], [0.1642, 0.1554, 0.152, 0.1578, 0.1514])), ('max_itr=12000, solver=sag, vect=CountVectorizer, tol=0.01', ([0.8992, 0.9017, 0.9051, 0.8985, 0.9059], [0.1008, 0.0983, 0.0949, 0.1015, 0.0941])), ('max_itr=12000, solver=sag, vect=CountVectorizer, tol=0.001', ([0.9018, 0.9073, 0.9059, 0.9014, 0.9054], [0.0982, 0.0927, 0.0941, 0.0986, 0.0946])), ('max_itr=12000, solver=sag, vect=TfidfVectorizer, tol=1', ([0.897, 0.9008, 0.8943, 0.8916, 0.9046], [0.103, 0.0992, 0.1057, 0.1084, 0.0954])), ('max_itr=12000, solver=sag, vect=TfidfVectorizer, tol=0.01', ([0.8996, 0.9079, 0.9049, 0.9025, 0.9067], [0.1004, 0.0921, 0.0951, 0.0975, 0.0933])), ('max_itr=12000, solver=sag, vect=TfidfVectorizer, tol=0.001', ([0.8995, 0.9079, 0.9047, 0.9029, 0.9068], [0.1005, 0.0921, 0.0953, 0.0971, 0.0932])), ('max_itr=12000, solver=saga, vect=CountVectorizer, tol=1', ([0.8365, 0.8428, 0.8466, 0.8422, 0.8477], [0.1635, 0.1572, 0.1534, 0.1578, 0.1523])), ('max_itr=12000, solver=saga, vect=CountVectorizer, tol=0.01', ([0.8963, 0.8994, 0.9012, 0.8953, 0.9018], [0.1037, 0.1006, 0.0988, 0.1047, 0.0982])), ('max_itr=12000, solver=saga, vect=CountVectorizer, tol=0.001', ([0.9008, 0.9079, 0.905, 0.902, 0.9067], [0.0992, 0.0921, 0.095, 0.098, 0.0933])), ('max_itr=12000, solver=saga, vect=TfidfVectorizer, tol=1', ([0.8696, 0.9015, 0.8891, 0.8942, 0.9022], [0.1304, 0.0985, 0.1109, 0.1058, 0.0978])), ('max_itr=12000, solver=saga, vect=TfidfVectorizer, tol=0.01', ([0.8997, 0.9081, 0.9054, 0.903, 0.9067], [0.1003, 0.0919, 0.0946, 0.097, 0.0933])), ('max_itr=12000, solver=saga, vect=TfidfVectorizer, tol=0.001', ([0.8995, 0.9079, 0.9047, 0.9029, 0.9069], [0.1005, 0.0921, 0.0953, 0.0971, 0.0931])), ('max_itr=12000, solver=lbfgs, vect=CountVectorizer, tol=1', ([0.9, 0.9049, 0.9021, 0.8958, 0.9028], [0.1, 0.0951, 0.0979, 0.1042, 0.0972])), ('max_itr=12000, solver=lbfgs, vect=CountVectorizer, tol=0.01', ([0.9001, 0.9048, 0.9023, 0.8956, 0.9027], [0.0999, 0.0952, 0.0977, 0.1044, 0.0973])), ('max_itr=12000, solver=lbfgs, vect=CountVectorizer, tol=0.001', ([0.9001, 0.9048, 0.9023, 0.8956, 0.9027], [0.0999, 0.0952, 0.0977, 0.1044, 0.0973])), ('max_itr=12000, solver=lbfgs, vect=TfidfVectorizer, tol=1', ([0.8993, 0.908, 0.9049, 0.903, 0.907], [0.1007, 0.092, 0.0951, 0.097, 0.093])), ('max_itr=12000, solver=lbfgs, vect=TfidfVectorizer, tol=0.01', ([0.8995, 0.9079, 0.9047, 0.9029, 0.9069], [0.1005, 0.0921, 0.0953, 0.0971, 0.0931])), ('max_itr=12000, solver=lbfgs, vect=TfidfVectorizer, tol=0.001', ([0.8995, 0.9079, 0.9047, 0.9029, 0.9069], [0.1005, 0.0921, 0.0953, 0.0971, 0.0931]))]
2021-02-24 12:58:49 INFO     Best result is ('max_itr=12000, solver=sag, vect=CountVectorizer, tol=0.001', ([0.9018, 0.9073, 0.9059, 0.9014, 0.9054], [0.0982, 0.0927, 0.0941, 0.0986, 0.0946]))
