2021-02-24 22:13:49 INFO     
Training with Gridsearch with MultinomialNB (sklearn)
Done without stemming

2021-02-24 22:14:42 INFO     vect=CountVectorizer
2021-02-24 22:14:42 INFO     Starting CV 0/5 Test_Set[0:10000]
2021-02-24 22:15:18 INFO     Starting CV 1/5 Test_Set[10000:20000]
2021-02-24 22:15:57 INFO     Starting CV 2/5 Test_Set[20000:30000]
2021-02-24 22:16:33 INFO     Starting CV 3/5 Test_Set[30000:40000]
2021-02-24 22:17:29 INFO     Starting CV 4/5 Test_Set[40000:50000]
2021-02-24 22:18:06 INFO     ACC: avg: 0.86928, [0.8649, 0.8693, 0.8746, 0.8697, 0.8679]
2021-02-24 22:18:06 INFO     ERR: avg: 0.13072, [0.1351, 0.1307, 0.1254, 0.1303, 0.1321]
2021-02-24 22:18:06 INFO     vect=TfidfVectorizer
2021-02-24 22:18:06 INFO     Starting CV 0/5 Test_Set[0:10000]
2021-02-24 22:18:44 INFO     Starting CV 1/5 Test_Set[10000:20000]
2021-02-24 22:19:21 INFO     Starting CV 2/5 Test_Set[20000:30000]
2021-02-24 22:19:57 INFO     Starting CV 3/5 Test_Set[30000:40000]
2021-02-24 22:20:35 INFO     Starting CV 4/5 Test_Set[40000:50000]
2021-02-24 22:21:11 INFO     ACC: avg: 0.8781599999999999, [0.8753, 0.8783, 0.8801, 0.8792, 0.8779]
2021-02-24 22:21:11 INFO     ERR: avg: 0.12184, [0.1247, 0.1217, 0.1199, 0.1208, 0.1221]
2021-02-24 22:21:11 INFO     Training complete!
2021-02-24 22:21:11 INFO     [('vect=CountVectorizer', ([0.8649, 0.8693, 0.8746, 0.8697, 0.8679], [0.1351, 0.1307, 0.1254, 0.1303, 0.1321])), ('vect=TfidfVectorizer', ([0.8753, 0.8783, 0.8801, 0.8792, 0.8779], [0.1247, 0.1217, 0.1199, 0.1208, 0.1221]))]
2021-02-24 22:21:11 INFO     Best result is ('vect=TfidfVectorizer', ([0.8753, 0.8783, 0.8801, 0.8792, 0.8779], [0.1247, 0.1217, 0.1199, 0.1208, 0.1221]))
