2021-02-24 17:30:07 INFO     
Training with Gridsearch with Bernoulli (self implemented)
Done without stemming

2021-02-24 17:31:16 INFO     vect=CountVectorizer
2021-02-24 17:31:16 INFO     Starting CV 0/5 Test_Set[0:10000]
2021-02-24 17:32:15 INFO     Starting CV 1/5 Test_Set[10000:20000]
2021-02-24 17:33:09 INFO     Starting CV 2/5 Test_Set[20000:30000]
2021-02-24 17:34:03 INFO     Starting CV 3/5 Test_Set[30000:40000]
2021-02-24 17:34:56 INFO     Starting CV 4/5 Test_Set[40000:50000]
2021-02-24 17:35:50 INFO     ACC: avg: 0.5, [0.5061, 0.5012, 0.4959, 0.4974, 0.4994]
2021-02-24 17:35:50 INFO     ERR: avg: 0.5, [0.4939, 0.4988, 0.5041, 0.5026, 0.5006]
2021-02-24 17:35:50 INFO     vect=TfidfVectorizer
2021-02-24 17:35:50 INFO     Starting CV 0/5 Test_Set[0:10000]
2021-02-24 17:36:43 INFO     Starting CV 1/5 Test_Set[10000:20000]
2021-02-24 17:37:36 INFO     Starting CV 2/5 Test_Set[20000:30000]
2021-02-24 17:38:27 INFO     Starting CV 3/5 Test_Set[30000:40000]
2021-02-24 17:39:21 INFO     Starting CV 4/5 Test_Set[40000:50000]
2021-02-24 17:40:13 INFO     ACC: avg: 0.87882, [0.8768, 0.88, 0.8802, 0.8794, 0.8777]
2021-02-24 17:40:13 INFO     ERR: avg: 0.12118, [0.1232, 0.12, 0.1198, 0.1206, 0.1223]
2021-02-24 17:40:13 INFO     Training complete!
2021-02-24 17:40:13 INFO     [('vect=CountVectorizer', ([0.5061, 0.5012, 0.4959, 0.4974, 0.4994], [0.4939, 0.4988, 0.5041, 0.5026, 0.5006])), ('vect=TfidfVectorizer', ([0.8768, 0.88, 0.8802, 0.8794, 0.8777], [0.1232, 0.12, 0.1198, 0.1206, 0.1223]))]
2021-02-24 17:40:13 INFO     Best result is ('vect=TfidfVectorizer', ([0.8768, 0.88, 0.8802, 0.8794, 0.8777], [0.1232, 0.12, 0.1198, 0.1206, 0.1223]))
