2021-02-24 23:32:12 INFO     
Testing with different training size
BernoulliBayes(), TfidfVectorizer()

2021-02-24 23:33:07 INFO     Starting 'CV' 0/5 Train=0.2, Test=0.8
2021-02-24 23:33:42 INFO     Starting 'CV' 1/5 Train=0.2, Test=0.8
2021-02-24 23:34:18 INFO     Starting 'CV' 2/5 Train=0.2, Test=0.8
2021-02-24 23:34:53 INFO     Starting 'CV' 3/5 Train=0.2, Test=0.8
2021-02-24 23:35:29 INFO     Starting 'CV' 4/5 Train=0.2, Test=0.8
2021-02-24 23:36:05 INFO     ACC: avg: 0.831985, [0.826725, 0.805525, 0.87405, 0.869175, 0.78445]
2021-02-24 23:36:05 INFO     ERR: avg: 0.168015, [0.173275, 0.194475, 0.12595, 0.130825, 0.21555]
2021-02-24 23:36:05 INFO     Starting 'CV' 0/5 Train=0.4, Test=0.6
2021-02-24 23:36:46 INFO     Starting 'CV' 1/5 Train=0.4, Test=0.6
2021-02-24 23:37:26 INFO     Starting 'CV' 2/5 Train=0.4, Test=0.6
2021-02-24 23:38:05 INFO     Starting 'CV' 3/5 Train=0.4, Test=0.6
2021-02-24 23:38:46 INFO     Starting 'CV' 4/5 Train=0.4, Test=0.6
2021-02-24 23:39:27 INFO     ACC: avg: 0.8687133333333333, [0.8538666666666667, 0.8723, 0.8760333333333333, 0.8730333333333333, 0.8683333333333333]
2021-02-24 23:39:27 INFO     ERR: avg: 0.13128666666666666, [0.14613333333333334, 0.1277, 0.12396666666666667, 0.12696666666666667, 0.13166666666666665]
2021-02-24 23:39:27 INFO     Starting 'CV' 0/5 Train=0.6, Test=0.4
2021-02-24 23:40:13 INFO     Starting 'CV' 1/5 Train=0.6, Test=0.4
2021-02-24 23:40:58 INFO     Starting 'CV' 2/5 Train=0.6, Test=0.4
2021-02-24 23:41:44 INFO     Starting 'CV' 3/5 Train=0.6, Test=0.4
2021-02-24 23:42:30 INFO     Starting 'CV' 4/5 Train=0.6, Test=0.4
2021-02-24 23:43:16 INFO     ACC: avg: 0.87731, [0.8806, 0.8759, 0.87555, 0.87695, 0.87755]
2021-02-24 23:43:16 INFO     ERR: avg: 0.12269000000000001, [0.1194, 0.1241, 0.12445, 0.12305, 0.12245]
2021-02-24 23:43:16 INFO     Starting 'CV' 0/5 Train=0.8, Test=0.19999999999999996
2021-02-24 23:44:06 INFO     Starting 'CV' 1/5 Train=0.8, Test=0.19999999999999996
2021-02-24 23:44:56 INFO     Starting 'CV' 2/5 Train=0.8, Test=0.19999999999999996
2021-02-24 23:45:46 INFO     Starting 'CV' 3/5 Train=0.8, Test=0.19999999999999996
2021-02-24 23:46:37 INFO     Starting 'CV' 4/5 Train=0.8, Test=0.19999999999999996
2021-02-24 23:47:27 INFO     ACC: avg: 0.8794799999999999, [0.8812, 0.8775, 0.8831, 0.8792, 0.8764]
2021-02-24 23:47:27 INFO     ERR: avg: 0.12052, [0.1188, 0.1225, 0.1169, 0.1208, 0.1236]
2021-02-24 23:47:27 INFO     Training complete!
2021-02-24 23:47:27 INFO     [('0.2', ([0.826725, 0.805525, 0.87405, 0.869175, 0.78445], [0.173275, 0.194475, 0.12595, 0.130825, 0.21555])), ('0.4', ([0.8538666666666667, 0.8723, 0.8760333333333333, 0.8730333333333333, 0.8683333333333333], [0.14613333333333334, 0.1277, 0.12396666666666667, 0.12696666666666667, 0.13166666666666665])), ('0.6', ([0.8806, 0.8759, 0.87555, 0.87695, 0.87755], [0.1194, 0.1241, 0.12445, 0.12305, 0.12245])), ('0.8', ([0.8812, 0.8775, 0.8831, 0.8792, 0.8764], [0.1188, 0.1225, 0.1169, 0.1208, 0.1236]))]
