2021-02-24 17:53:26 INFO     
Training with Gridsearch with Bernuilli, (self implemented)
Done without stemming

2021-02-24 17:53:54 INFO     vect=CountVectorizer
2021-02-24 17:53:54 INFO     Starting CV 0/5 Test_Set[0:3770]
2021-02-24 17:54:17 INFO     Starting CV 1/5 Test_Set[3770:7540]
2021-02-24 17:54:35 INFO     Starting CV 2/5 Test_Set[7540:11310]
2021-02-24 17:54:54 INFO     Starting CV 3/5 Test_Set[11310:15080]
2021-02-24 17:55:14 INFO     Starting CV 4/5 Test_Set[15080:18850]
2021-02-24 17:55:32 INFO     ACC: avg: 0.4904469277677841, [0.489920424403183, 0.48514588859416446, 0.4920424403183024, 0.5039787798408488, 0.4811471056824217]
2021-02-24 17:55:32 INFO     ERR: avg: 29.191480748452932, [27.483554376657825, 31.775066312997346, 30.053846153846155, 27.041909814323606, 29.603027084439724]
2021-02-24 17:55:32 INFO     vect=TfidfVectorizer
2021-02-24 17:55:32 INFO     Starting CV 0/5 Test_Set[0:3770]
2021-02-24 17:55:51 INFO     Starting CV 1/5 Test_Set[3770:7540]
2021-02-24 17:56:09 INFO     Starting CV 2/5 Test_Set[7540:11310]
2021-02-24 17:56:28 INFO     Starting CV 3/5 Test_Set[11310:15080]
2021-02-24 17:56:48 INFO     Starting CV 4/5 Test_Set[15080:18850]
2021-02-24 17:57:07 INFO     ACC: avg: 0.6708082226708044, [0.6785145888594164, 0.6610079575596817, 0.6485411140583555, 0.6822281167108754, 0.683749336165693]
2021-02-24 17:57:07 INFO     ERR: avg: 17.045427621987038, [15.147214854111406, 19.413793103448278, 19.606366047745357, 15.23209549071618, 15.827668613913968]
2021-02-24 17:57:07 INFO     Training complete!
2021-02-24 17:57:07 INFO     [('vect=CountVectorizer', ([0.489920424403183, 0.48514588859416446, 0.4920424403183024, 0.5039787798408488, 0.4811471056824217], [27.483554376657825, 31.775066312997346, 30.053846153846155, 27.041909814323606, 29.603027084439724])), ('vect=TfidfVectorizer', ([0.6785145888594164, 0.6610079575596817, 0.6485411140583555, 0.6822281167108754, 0.683749336165693], [15.147214854111406, 19.413793103448278, 19.606366047745357, 15.23209549071618, 15.827668613913968]))]
2021-02-24 17:57:07 INFO     Best result is ('vect=TfidfVectorizer', ([0.6785145888594164, 0.6610079575596817, 0.6485411140583555, 0.6822281167108754, 0.683749336165693], [15.147214854111406, 19.413793103448278, 19.606366047745357, 15.23209549071618, 15.827668613913968]))
