2021-02-24 05:50:18 INFO     
Training with Gridsearch with Logisitc Regression
Done without stemming

2021-02-24 05:50:29 INFO     max_itr=1000, solver=newton-cg, vect=CountVectorizer, tol=1
2021-02-24 05:50:29 INFO     Starting CV 0/5 Test_Set[0:3770]
2021-02-24 06:30:20 INFO     Starting CV 1/5 Test_Set[3770:7540]
2021-02-24 06:51:19 INFO     Starting CV 2/5 Test_Set[7540:11310]
2021-02-24 07:06:28 INFO     Starting CV 3/5 Test_Set[11310:15080]
2021-02-24 07:42:12 INFO     Starting CV 4/5 Test_Set[15080:18850]
2021-02-24 08:11:01 INFO     ACC: avg: 0.6771750029229839, [0.6816976127320955, 0.670026525198939, 0.676923076923077, 0.670026525198939, 0.6872012745618693]
2021-02-24 08:11:01 INFO     ERR: avg: 17.86255405407309, [16.589389920424402, 19.03527851458886, 19.135013262599468, 17.76710875331565, 16.785979819437067]
2021-02-24 08:11:01 INFO     max_itr=1000, solver=newton-cg, vect=CountVectorizer, tol=0.01
2021-02-24 08:11:01 INFO     Starting CV 0/5 Test_Set[0:3770]
2021-02-24 08:49:56 INFO     Starting CV 1/5 Test_Set[3770:7540]
2021-02-24 09:15:19 INFO     Starting CV 2/5 Test_Set[7540:11310]
2021-02-24 09:34:11 INFO     Starting CV 3/5 Test_Set[11310:15080]
2021-02-24 10:07:34 INFO     Starting CV 4/5 Test_Set[15080:18850]
2021-02-24 10:35:15 INFO     ACC: avg: 0.67701585172935, [0.6811671087533157, 0.670026525198939, 0.6763925729442971, 0.6702917771883289, 0.6872012745618693]
2021-02-24 10:35:15 INFO     ERR: avg: 17.873694637627466, [16.571087533156497, 19.03527851458886, 19.17347480106101, 17.8026525198939, 16.785979819437067]
2021-02-24 10:35:15 INFO     max_itr=1000, solver=newton-cg, vect=CountVectorizer, tol=0.001
2021-02-24 10:35:15 INFO     Starting CV 0/5 Test_Set[0:3770]
2021-02-24 11:20:38 INFO     Starting CV 1/5 Test_Set[3770:7540]
2021-02-24 11:43:47 INFO     Starting CV 2/5 Test_Set[7540:11310]
2021-02-24 12:01:27 INFO     Starting CV 3/5 Test_Set[11310:15080]
2021-02-24 12:36:02 INFO     Starting CV 4/5 Test_Set[15080:18850]
2021-02-24 13:05:28 INFO     ACC: avg: 0.67701585172935, [0.6811671087533157, 0.670026525198939, 0.6763925729442971, 0.6702917771883289, 0.6872012745618693]
2021-02-24 13:05:28 INFO     ERR: avg: 17.873694637627466, [16.571087533156497, 19.03527851458886, 19.17347480106101, 17.8026525198939, 16.785979819437067]
2021-02-24 13:05:28 INFO     max_itr=1000, solver=newton-cg, vect=TfidfVectorizer, tol=1
2021-02-24 13:05:28 INFO     Starting CV 0/5 Test_Set[0:3770]
2021-02-24 13:06:20 INFO     Starting CV 1/5 Test_Set[3770:7540]
2021-02-24 13:07:06 INFO     Starting CV 2/5 Test_Set[7540:11310]
2021-02-24 13:08:01 INFO     Starting CV 3/5 Test_Set[11310:15080]
2021-02-24 13:08:50 INFO     Starting CV 4/5 Test_Set[15080:18850]
2021-02-24 13:09:39 INFO     ACC: avg: 0.7331556816469007, [0.7381962864721485, 0.7244031830238726, 0.7281167108753316, 0.7289124668435013, 0.7461497610196495]
2021-02-24 13:09:39 INFO     ERR: avg: 14.869710842932225, [14.282493368700266, 15.983819628647215, 15.884084880636605, 14.435809018567639, 13.7623473181094]
2021-02-24 13:09:39 INFO     max_itr=1000, solver=newton-cg, vect=TfidfVectorizer, tol=0.01
2021-02-24 13:09:39 INFO     Starting CV 0/5 Test_Set[0:3770]
2021-02-24 13:10:50 INFO     Starting CV 1/5 Test_Set[3770:7540]
2021-02-24 13:12:01 INFO     Starting CV 2/5 Test_Set[7540:11310]
2021-02-24 13:13:30 INFO     Starting CV 3/5 Test_Set[11310:15080]
2021-02-24 13:14:44 INFO     Starting CV 4/5 Test_Set[15080:18850]
2021-02-24 13:17:21 INFO     ACC: avg: 0.7331556253002222, [0.7381962864721485, 0.7244031830238726, 0.7281167108753316, 0.7291777188328913, 0.7458842272968667]
2021-02-24 13:17:21 INFO     ERR: avg: 14.847590855497534, [14.191511936339522, 15.988063660477454, 15.856233421750662, 14.430238726790451, 13.77190653212958]
2021-02-24 13:17:21 INFO     max_itr=1000, solver=newton-cg, vect=TfidfVectorizer, tol=0.001
2021-02-24 13:17:21 INFO     Starting CV 0/5 Test_Set[0:3770]
2021-02-24 13:19:12 INFO     Starting CV 1/5 Test_Set[3770:7540]
2021-02-24 13:21:05 INFO     Starting CV 2/5 Test_Set[7540:11310]
2021-02-24 13:23:10 INFO     Starting CV 3/5 Test_Set[11310:15080]
2021-02-24 13:26:59 INFO     Starting CV 4/5 Test_Set[15080:18850]
2021-02-24 13:30:06 INFO     ACC: avg: 0.7331556253002222, [0.7381962864721485, 0.7244031830238726, 0.7281167108753316, 0.7291777188328913, 0.7458842272968667]
2021-02-24 13:30:06 INFO     ERR: avg: 14.847590855497534, [14.191511936339522, 15.988063660477454, 15.856233421750662, 14.430238726790451, 13.77190653212958]
2021-02-24 13:30:06 INFO     max_itr=1000, solver=sag, vect=CountVectorizer, tol=1
2021-02-24 13:30:06 INFO     Starting CV 0/5 Test_Set[0:3770]
2021-02-24 13:30:17 INFO     Starting CV 1/5 Test_Set[3770:7540]
2021-02-24 13:30:27 INFO     Starting CV 2/5 Test_Set[7540:11310]
2021-02-24 13:30:39 INFO     Starting CV 3/5 Test_Set[11310:15080]
2021-02-24 13:30:50 INFO     Starting CV 4/5 Test_Set[15080:18850]
2021-02-24 13:31:02 INFO     ACC: avg: 0.20481273885709214, [0.23209549071618038, 0.2323607427055703, 0.1793103448275862, 0.2002652519893899, 0.18003186404673394]
2021-02-24 13:31:02 INFO     ERR: avg: 53.27195780760708, [40.217506631299734, 46.16976127320955, 65.8498673740053, 54.02148541114058, 60.10116834838024]
2021-02-24 13:31:02 INFO     max_itr=1000, solver=sag, vect=CountVectorizer, tol=0.01
2021-02-24 13:31:02 INFO     Starting CV 0/5 Test_Set[0:3770]
2021-02-24 13:32:43 INFO     Starting CV 1/5 Test_Set[3770:7540]
2021-02-24 13:34:58 INFO     Starting CV 2/5 Test_Set[7540:11310]
2021-02-24 13:37:36 INFO     Starting CV 3/5 Test_Set[11310:15080]
2021-02-24 13:40:14 INFO     Starting CV 4/5 Test_Set[15080:18850]
2021-02-24 13:41:32 INFO     ACC: avg: 0.2406319561735534, [0.23978779840848807, 0.246684350132626, 0.23872679045092837, 0.24986737400530504, 0.22809346787041954]
2021-02-24 13:41:32 INFO     ERR: avg: 49.17753939689332, [49.783819628647215, 48.83766578249337, 50.34350132625995, 45.5183023872679, 51.40440785979819]
2021-02-24 13:41:32 INFO     max_itr=1000, solver=sag, vect=CountVectorizer, tol=0.001
2021-02-24 13:41:32 INFO     Starting CV 0/5 Test_Set[0:3770]
2021-02-24 13:49:53 INFO     Starting CV 1/5 Test_Set[3770:7540]
2021-02-24 13:56:13 INFO     Starting CV 2/5 Test_Set[7540:11310]
2021-02-24 14:02:26 INFO     Starting CV 3/5 Test_Set[11310:15080]
2021-02-24 14:08:47 INFO     Starting CV 4/5 Test_Set[15080:18850]
2021-02-24 14:15:18 INFO     ACC: avg: 0.3511080151741605, [0.35251989389920424, 0.3376657824933687, 0.36710875331564985, 0.35172413793103446, 0.3465215082315454]
2021-02-24 14:15:18 INFO     ERR: avg: 37.625346736329945, [37.03368700265252, 38.15305039787798, 38.62387267904509, 36.61962864721485, 37.69649495485927]
2021-02-24 14:15:18 INFO     max_itr=1000, solver=sag, vect=TfidfVectorizer, tol=1
2021-02-24 14:15:18 INFO     Starting CV 0/5 Test_Set[0:3770]
2021-02-24 14:15:27 INFO     Starting CV 1/5 Test_Set[3770:7540]
2021-02-24 14:15:36 INFO     Starting CV 2/5 Test_Set[7540:11310]
2021-02-24 14:15:44 INFO     Starting CV 3/5 Test_Set[11310:15080]
2021-02-24 14:15:53 INFO     Starting CV 4/5 Test_Set[15080:18850]
2021-02-24 14:16:02 INFO     ACC: avg: 0.7038656075369317, [0.7045092838196286, 0.7031830238726791, 0.6952254641909814, 0.6997347480106101, 0.7166755177907594]
2021-02-24 14:16:02 INFO     ERR: avg: 16.62043868706604, [16.00238726790451, 17.337931034482757, 18.137665782493368, 16.306896551724137, 15.317312798725439]
2021-02-24 14:16:02 INFO     max_itr=1000, solver=sag, vect=TfidfVectorizer, tol=0.01
2021-02-24 14:16:02 INFO     Starting CV 0/5 Test_Set[0:3770]
2021-02-24 14:16:16 INFO     Starting CV 1/5 Test_Set[3770:7540]
2021-02-24 14:16:28 INFO     Starting CV 2/5 Test_Set[7540:11310]
2021-02-24 14:16:42 INFO     Starting CV 3/5 Test_Set[11310:15080]
2021-02-24 14:16:56 INFO     Starting CV 4/5 Test_Set[15080:18850]
2021-02-24 14:17:09 INFO     ACC: avg: 0.7330494681577876, [0.7379310344827587, 0.7244031830238726, 0.7281167108753316, 0.7291777188328913, 0.745618693574084]
2021-02-24 14:17:09 INFO     ERR: avg: 14.837770728182214, [14.194694960212201, 15.97214854111406, 15.856233421750662, 14.421220159151193, 13.744556558682953]
2021-02-24 14:17:09 INFO     max_itr=1000, solver=sag, vect=TfidfVectorizer, tol=0.001
2021-02-24 14:17:09 INFO     Starting CV 0/5 Test_Set[0:3770]
2021-02-24 14:17:25 INFO     Starting CV 1/5 Test_Set[3770:7540]
2021-02-24 14:17:39 INFO     Starting CV 2/5 Test_Set[7540:11310]
2021-02-24 14:17:54 INFO     Starting CV 3/5 Test_Set[11310:15080]
2021-02-24 14:18:09 INFO     Starting CV 4/5 Test_Set[15080:18850]
2021-02-24 14:18:25 INFO     ACC: avg: 0.7330495245044661, [0.7381962864721485, 0.7241379310344828, 0.7281167108753316, 0.7289124668435013, 0.7458842272968667]
2021-02-24 14:18:25 INFO     ERR: avg: 14.848917115444484, [14.191511936339522, 15.992307692307692, 15.856233421750662, 14.43262599469496, 13.77190653212958]
2021-02-24 14:18:25 INFO     max_itr=1000, solver=saga, vect=CountVectorizer, tol=1
2021-02-24 14:18:25 INFO     Starting CV 0/5 Test_Set[0:3770]
2021-02-24 14:18:33 INFO     Starting CV 1/5 Test_Set[3770:7540]
2021-02-24 14:18:42 INFO     Starting CV 2/5 Test_Set[7540:11310]
2021-02-24 14:18:51 INFO     Starting CV 3/5 Test_Set[11310:15080]
2021-02-24 14:19:00 INFO     Starting CV 4/5 Test_Set[15080:18850]
2021-02-24 14:19:09 INFO     ACC: avg: 0.22523838166704466, [0.229973474801061, 0.23952254641909815, 0.2413793103448276, 0.22944297082228116, 0.18587360594795538]
2021-02-24 14:19:09 INFO     ERR: avg: 48.15272361531559, [48.80769230769231, 41.19336870026525, 47.235543766578246, 47.816976127320956, 55.71003717472119]
2021-02-24 14:19:09 INFO     max_itr=1000, solver=saga, vect=CountVectorizer, tol=0.01
2021-02-24 14:19:09 INFO     Starting CV 0/5 Test_Set[0:3770]
2021-02-24 14:20:08 INFO     Starting CV 1/5 Test_Set[3770:7540]
2021-02-24 14:21:05 INFO     Starting CV 2/5 Test_Set[7540:11310]
2021-02-24 14:22:06 INFO     Starting CV 3/5 Test_Set[11310:15080]
2021-02-24 14:23:05 INFO     Starting CV 4/5 Test_Set[15080:18850]
2021-02-24 14:24:02 INFO     ACC: avg: 0.23426478149462382, [0.23474801061007958, 0.2416445623342175, 0.22917771883289126, 0.24297082228116712, 0.22278279341476367]
2021-02-24 14:24:02 INFO     ERR: avg: 50.187294584661586, [50.87771883289125, 49.64031830238727, 51.48488063660477, 46.557824933687, 52.375730217737654]
2021-02-24 14:24:02 INFO     max_itr=1000, solver=saga, vect=CountVectorizer, tol=0.001
2021-02-24 14:24:02 INFO     Starting CV 0/5 Test_Set[0:3770]
2021-02-24 14:31:53 INFO     Starting CV 1/5 Test_Set[3770:7540]
2021-02-24 14:39:25 INFO     Starting CV 2/5 Test_Set[7540:11310]
2021-02-24 14:46:47 INFO     Starting CV 3/5 Test_Set[11310:15080]
2021-02-24 14:54:23 INFO     Starting CV 4/5 Test_Set[15080:18850]
2021-02-24 15:02:11 INFO     ACC: avg: 0.3015482940338728, [0.3053050397877984, 0.29602122015915117, 0.30610079575596816, 0.3039787798408488, 0.2963356346255975]
2021-02-24 15:02:11 INFO     ERR: avg: 41.96164957718861, [41.776657824933686, 41.97029177718833, 43.39893899204244, 40.63872679045093, 42.02363250132767]
2021-02-24 15:02:11 INFO     max_itr=1000, solver=saga, vect=TfidfVectorizer, tol=1
2021-02-24 15:02:11 INFO     Starting CV 0/5 Test_Set[0:3770]
2021-02-24 15:02:20 INFO     Starting CV 1/5 Test_Set[3770:7540]
2021-02-24 15:02:28 INFO     Starting CV 2/5 Test_Set[7540:11310]
2021-02-24 15:02:37 INFO     Starting CV 3/5 Test_Set[11310:15080]
2021-02-24 15:02:46 INFO     Starting CV 4/5 Test_Set[15080:18850]
2021-02-24 15:02:54 INFO     ACC: avg: 0.6562163768803944, [0.6838196286472149, 0.6249336870026525, 0.636870026525199, 0.6657824933687002, 0.669676048858205]
2021-02-24 15:02:54 INFO     ERR: avg: 19.45295680604487, [17.509549071618036, 20.23368700265252, 17.352519893899203, 16.610079575596817, 25.55894848645778]
2021-02-24 15:02:54 INFO     max_itr=1000, solver=saga, vect=TfidfVectorizer, tol=0.01
2021-02-24 15:02:54 INFO     Starting CV 0/5 Test_Set[0:3770]
2021-02-24 15:03:09 INFO     Starting CV 1/5 Test_Set[3770:7540]
2021-02-24 15:03:22 INFO     Starting CV 2/5 Test_Set[7540:11310]
2021-02-24 15:03:35 INFO     Starting CV 3/5 Test_Set[11310:15080]
2021-02-24 15:03:48 INFO     Starting CV 4/5 Test_Set[15080:18850]
2021-02-24 15:04:02 INFO     ACC: avg: 0.7328904860041894, [0.7384615384615385, 0.7238726790450929, 0.7270557029177719, 0.7286472148541114, 0.7464152947424323]
2021-02-24 15:04:02 INFO     ERR: avg: 14.89554216069791, [14.203713527851459, 16.225464190981434, 16.00159151193634, 14.304509283819629, 13.742432288900691]
2021-02-24 15:04:02 INFO     max_itr=1000, solver=saga, vect=TfidfVectorizer, tol=0.001
2021-02-24 15:04:02 INFO     Starting CV 0/5 Test_Set[0:3770]
2021-02-24 15:04:18 INFO     Starting CV 1/5 Test_Set[3770:7540]
2021-02-24 15:04:34 INFO     Starting CV 2/5 Test_Set[7540:11310]
2021-02-24 15:04:55 INFO     Starting CV 3/5 Test_Set[11310:15080]
2021-02-24 15:05:17 INFO     Starting CV 4/5 Test_Set[15080:18850]
2021-02-24 15:05:49 INFO     ACC: avg: 0.7329965304532667, [0.7381962864721485, 0.7238726790450929, 0.7278514588859416, 0.7289124668435013, 0.7461497610196495]
2021-02-24 15:05:49 INFO     ERR: avg: 14.857716945277515, [14.192307692307692, 15.976127320954907, 15.93289124668435, 14.446153846153846, 13.741104620286777]
2021-02-24 15:05:49 INFO     max_itr=1000, solver=lbfgs, vect=CountVectorizer, tol=1
2021-02-24 15:05:49 INFO     Starting CV 0/5 Test_Set[0:3770]
2021-02-24 15:09:58 INFO     Starting CV 1/5 Test_Set[3770:7540]
2021-02-24 15:13:31 INFO     Starting CV 2/5 Test_Set[7540:11310]
2021-02-24 15:16:43 INFO     Starting CV 3/5 Test_Set[11310:15080]
2021-02-24 15:18:41 INFO     Starting CV 4/5 Test_Set[15080:18850]
2021-02-24 15:21:28 INFO     ACC: avg: 0.6773341541166179, [0.6809018567639258, 0.669761273209549, 0.6777188328912467, 0.6710875331564987, 0.6872012745618693]
2021-02-24 15:21:28 INFO     ERR: avg: 17.813767409362846, [16.55835543766578, 19.106366047745357, 19.00557029177719, 17.519628647214855, 16.878916622411047]
2021-02-24 15:21:28 INFO     max_itr=1000, solver=lbfgs, vect=CountVectorizer, tol=0.01
2021-02-24 15:21:28 INFO     Starting CV 0/5 Test_Set[0:3770]
2021-02-24 15:25:26 INFO     Starting CV 1/5 Test_Set[3770:7540]
2021-02-24 15:29:43 INFO     Starting CV 2/5 Test_Set[7540:11310]
2021-02-24 15:34:14 INFO     Starting CV 3/5 Test_Set[11310:15080]
2021-02-24 15:38:45 INFO     Starting CV 4/5 Test_Set[15080:18850]
2021-02-24 15:44:51 INFO     ACC: avg: 0.67701585172935, [0.6811671087533157, 0.670026525198939, 0.6763925729442971, 0.6702917771883289, 0.6872012745618693]
2021-02-24 15:44:51 INFO     ERR: avg: 17.875553373686948, [16.571087533156497, 19.03527851458886, 19.17347480106101, 17.8026525198939, 16.795273499734467]
2021-02-24 15:44:51 INFO     max_itr=1000, solver=lbfgs, vect=CountVectorizer, tol=0.001
2021-02-24 15:44:51 INFO     Starting CV 0/5 Test_Set[0:3770]
2021-02-24 15:48:58 INFO     Starting CV 1/5 Test_Set[3770:7540]
2021-02-24 15:53:18 INFO     Starting CV 2/5 Test_Set[7540:11310]
2021-02-24 15:59:02 INFO     Starting CV 3/5 Test_Set[11310:15080]
2021-02-24 16:02:08 INFO     Starting CV 4/5 Test_Set[15080:18850]
2021-02-24 16:06:36 INFO     ACC: avg: 0.67701585172935, [0.6811671087533157, 0.670026525198939, 0.6763925729442971, 0.6702917771883289, 0.6872012745618693]
2021-02-24 16:06:36 INFO     ERR: avg: 17.875553373686948, [16.571087533156497, 19.03527851458886, 19.17347480106101, 17.8026525198939, 16.795273499734467]
2021-02-24 16:06:36 INFO     max_itr=1000, solver=lbfgs, vect=TfidfVectorizer, tol=1
2021-02-24 16:06:36 INFO     Starting CV 0/5 Test_Set[0:3770]
2021-02-24 16:08:02 INFO     Starting CV 1/5 Test_Set[3770:7540]
2021-02-24 16:09:18 INFO     Starting CV 2/5 Test_Set[7540:11310]
2021-02-24 16:10:45 INFO     Starting CV 3/5 Test_Set[11310:15080]
2021-02-24 16:12:03 INFO     Starting CV 4/5 Test_Set[15080:18850]
2021-02-24 16:13:21 INFO     ACC: avg: 0.7330495245044661, [0.7381962864721485, 0.7246684350132626, 0.7278514588859416, 0.7286472148541114, 0.7458842272968667]
2021-02-24 16:13:21 INFO     ERR: avg: 14.897720945891693, [14.197347480106101, 16.00026525198939, 15.89522546419098, 14.63580901856764, 13.759957514604356]
2021-02-24 16:13:21 INFO     max_itr=1000, solver=lbfgs, vect=TfidfVectorizer, tol=0.01
2021-02-24 16:13:21 INFO     Starting CV 0/5 Test_Set[0:3770]
2021-02-24 16:15:23 INFO     Starting CV 1/5 Test_Set[3770:7540]
2021-02-24 16:17:08 INFO     Starting CV 2/5 Test_Set[7540:11310]
2021-02-24 16:19:12 INFO     Starting CV 3/5 Test_Set[11310:15080]
2021-02-24 16:21:17 INFO     Starting CV 4/5 Test_Set[15080:18850]
2021-02-24 16:23:18 INFO     ACC: avg: 0.7330495245044661, [0.7381962864721485, 0.7241379310344828, 0.7281167108753316, 0.7289124668435013, 0.7458842272968667]
2021-02-24 16:23:18 INFO     ERR: avg: 14.84637069634634, [14.191511936339522, 15.975066312997347, 15.856233421750662, 14.437135278514589, 13.77190653212958]
2021-02-24 16:23:18 INFO     max_itr=1000, solver=lbfgs, vect=TfidfVectorizer, tol=0.001
2021-02-24 16:23:18 INFO     Starting CV 0/5 Test_Set[0:3770]
2021-02-24 16:25:22 INFO     Starting CV 1/5 Test_Set[3770:7540]
2021-02-24 16:27:07 INFO     Starting CV 2/5 Test_Set[7540:11310]
2021-02-24 16:29:10 INFO     Starting CV 3/5 Test_Set[11310:15080]
2021-02-24 16:31:14 INFO     Starting CV 4/5 Test_Set[15080:18850]
2021-02-24 16:33:16 INFO     ACC: avg: 0.7330495245044661, [0.7381962864721485, 0.7241379310344828, 0.7281167108753316, 0.7289124668435013, 0.7458842272968667]
2021-02-24 16:33:16 INFO     ERR: avg: 14.84637069634634, [14.191511936339522, 15.975066312997347, 15.856233421750662, 14.437135278514589, 13.77190653212958]
2021-02-24 16:33:16 INFO     max_itr=3000, solver=newton-cg, vect=CountVectorizer, tol=1
2021-02-24 16:33:16 INFO     Starting CV 0/5 Test_Set[0:3770]
2021-02-24 17:06:31 INFO     Starting CV 1/5 Test_Set[3770:7540]
2021-02-24 17:21:23 INFO     Starting CV 2/5 Test_Set[7540:11310]
2021-02-24 17:37:36 INFO     Starting CV 3/5 Test_Set[11310:15080]
2021-02-24 18:02:17 INFO     Starting CV 4/5 Test_Set[15080:18850]
2021-02-24 18:22:48 INFO     ACC: avg: 0.6771750029229839, [0.6816976127320955, 0.670026525198939, 0.676923076923077, 0.670026525198939, 0.6872012745618693]
2021-02-24 18:22:48 INFO     ERR: avg: 17.86255405407309, [16.589389920424402, 19.03527851458886, 19.135013262599468, 17.76710875331565, 16.785979819437067]
2021-02-24 18:22:48 INFO     max_itr=3000, solver=newton-cg, vect=CountVectorizer, tol=0.01
2021-02-24 18:22:48 INFO     Starting CV 0/5 Test_Set[0:3770]
2021-02-24 18:51:15 INFO     Starting CV 1/5 Test_Set[3770:7540]
2021-02-24 19:06:44 INFO     Starting CV 2/5 Test_Set[7540:11310]
2021-02-24 19:19:04 INFO     Starting CV 3/5 Test_Set[11310:15080]
2021-02-24 19:42:05 INFO     Starting CV 4/5 Test_Set[15080:18850]
2021-02-24 20:01:48 INFO     ACC: avg: 0.67701585172935, [0.6811671087533157, 0.670026525198939, 0.6763925729442971, 0.6702917771883289, 0.6872012745618693]
2021-02-24 20:01:48 INFO     ERR: avg: 17.873694637627466, [16.571087533156497, 19.03527851458886, 19.17347480106101, 17.8026525198939, 16.785979819437067]
2021-02-24 20:01:48 INFO     max_itr=3000, solver=newton-cg, vect=CountVectorizer, tol=0.001
2021-02-24 20:01:48 INFO     Starting CV 0/5 Test_Set[0:3770]
2021-02-24 20:30:21 INFO     Starting CV 1/5 Test_Set[3770:7540]
2021-02-24 20:45:53 INFO     Starting CV 2/5 Test_Set[7540:11310]
2021-02-24 20:58:11 INFO     Starting CV 3/5 Test_Set[11310:15080]
2021-02-24 21:31:17 INFO     Starting CV 4/5 Test_Set[15080:18850]
2021-02-24 22:05:52 INFO     ACC: avg: 0.67701585172935, [0.6811671087533157, 0.670026525198939, 0.6763925729442971, 0.6702917771883289, 0.6872012745618693]
2021-02-24 22:05:52 INFO     ERR: avg: 17.873694637627466, [16.571087533156497, 19.03527851458886, 19.17347480106101, 17.8026525198939, 16.785979819437067]
2021-02-24 22:05:52 INFO     max_itr=3000, solver=newton-cg, vect=TfidfVectorizer, tol=1
2021-02-24 22:05:52 INFO     Starting CV 0/5 Test_Set[0:3770]
2021-02-24 22:07:14 INFO     Starting CV 1/5 Test_Set[3770:7540]
2021-02-24 22:08:14 INFO     Starting CV 2/5 Test_Set[7540:11310]
2021-02-24 22:09:09 INFO     Starting CV 3/5 Test_Set[11310:15080]
2021-02-24 22:10:02 INFO     Starting CV 4/5 Test_Set[15080:18850]
2021-02-24 22:10:52 INFO     ACC: avg: 0.7331556816469007, [0.7381962864721485, 0.7244031830238726, 0.7281167108753316, 0.7289124668435013, 0.7461497610196495]
2021-02-24 22:10:52 INFO     ERR: avg: 14.869710842932225, [14.282493368700266, 15.983819628647215, 15.884084880636605, 14.435809018567639, 13.7623473181094]
2021-02-24 22:10:52 INFO     max_itr=3000, solver=newton-cg, vect=TfidfVectorizer, tol=0.01
2021-02-24 22:10:52 INFO     Starting CV 0/5 Test_Set[0:3770]
2021-02-24 22:12:07 INFO     Starting CV 1/5 Test_Set[3770:7540]
2021-02-24 22:13:15 INFO     Starting CV 2/5 Test_Set[7540:11310]
2021-02-24 22:15:33 INFO     Starting CV 3/5 Test_Set[11310:15080]
2021-02-24 22:17:53 INFO     Starting CV 4/5 Test_Set[15080:18850]
2021-02-24 22:19:43 INFO     ACC: avg: 0.7331556253002222, [0.7381962864721485, 0.7244031830238726, 0.7281167108753316, 0.7291777188328913, 0.7458842272968667]
2021-02-24 22:19:43 INFO     ERR: avg: 14.847590855497534, [14.191511936339522, 15.988063660477454, 15.856233421750662, 14.430238726790451, 13.77190653212958]
2021-02-24 22:19:43 INFO     max_itr=3000, solver=newton-cg, vect=TfidfVectorizer, tol=0.001
2021-02-24 22:19:43 INFO     Starting CV 0/5 Test_Set[0:3770]
2021-02-24 22:21:47 INFO     Starting CV 1/5 Test_Set[3770:7540]
2021-02-24 22:23:16 INFO     Starting CV 2/5 Test_Set[7540:11310]
2021-02-24 22:26:12 INFO     Starting CV 3/5 Test_Set[11310:15080]
2021-02-24 22:29:03 INFO     Starting CV 4/5 Test_Set[15080:18850]
2021-02-24 22:31:07 INFO     ACC: avg: 0.7331556253002222, [0.7381962864721485, 0.7244031830238726, 0.7281167108753316, 0.7291777188328913, 0.7458842272968667]
2021-02-24 22:31:07 INFO     ERR: avg: 14.847590855497534, [14.191511936339522, 15.988063660477454, 15.856233421750662, 14.430238726790451, 13.77190653212958]
2021-02-24 22:31:07 INFO     max_itr=3000, solver=sag, vect=CountVectorizer, tol=1
2021-02-24 22:31:07 INFO     Starting CV 0/5 Test_Set[0:3770]
2021-02-24 22:31:18 INFO     Starting CV 1/5 Test_Set[3770:7540]
2021-02-24 22:31:32 INFO     Starting CV 2/5 Test_Set[7540:11310]
2021-02-24 22:31:45 INFO     Starting CV 3/5 Test_Set[11310:15080]
2021-02-24 22:31:57 INFO     Starting CV 4/5 Test_Set[15080:18850]
2021-02-24 22:32:13 INFO     ACC: avg: 0.22487102949607757, [0.2740053050397878, 0.22572944297082229, 0.1970822281167109, 0.22281167108753316, 0.2047265002655337]
2021-02-24 22:32:13 INFO     ERR: avg: 46.25953612596864, [37.84005305039788, 47.63766578249337, 50.63474801061008, 49.12122015915119, 46.063993627190655]
2021-02-24 22:32:13 INFO     max_itr=3000, solver=sag, vect=CountVectorizer, tol=0.01
2021-02-24 22:32:13 INFO     Starting CV 0/5 Test_Set[0:3770]
2021-02-24 22:33:49 INFO     Starting CV 1/5 Test_Set[3770:7540]
2021-02-24 22:35:17 INFO     Starting CV 2/5 Test_Set[7540:11310]
2021-02-24 22:37:24 INFO     Starting CV 3/5 Test_Set[11310:15080]
2021-02-24 22:39:11 INFO     Starting CV 4/5 Test_Set[15080:18850]
2021-02-24 22:42:05 INFO     ACC: avg: 0.2406319561735534, [0.23925729442970822, 0.246684350132626, 0.2389920424403183, 0.25013262599469493, 0.22809346787041954]
2021-02-24 22:42:05 INFO     ERR: avg: 49.28805627906256, [49.96896551724138, 48.98488063660477, 50.37771883289125, 45.643501326259944, 51.46521508231545]
2021-02-24 22:42:05 INFO     max_itr=3000, solver=sag, vect=CountVectorizer, tol=0.001
2021-02-24 22:42:05 INFO     Starting CV 0/5 Test_Set[0:3770]
2021-02-24 22:52:40 INFO     Starting CV 1/5 Test_Set[3770:7540]
2021-02-24 23:07:14 INFO     Starting CV 2/5 Test_Set[7540:11310]
2021-02-24 23:13:39 INFO     Starting CV 3/5 Test_Set[11310:15080]
2021-02-24 23:20:24 INFO     Starting CV 4/5 Test_Set[15080:18850]
2021-02-24 23:32:38 INFO     ACC: avg: 0.35116112191871707, [0.35251989389920424, 0.3376657824933687, 0.36710875331564985, 0.35172413793103446, 0.3467870419543282]
2021-02-24 23:32:38 INFO     ERR: avg: 37.62258090326543, [37.03368700265252, 38.16976127320955, 38.62387267904509, 36.62307692307692, 37.66250663834307]
2021-02-24 23:32:38 INFO     max_itr=3000, solver=sag, vect=TfidfVectorizer, tol=1
2021-02-24 23:32:38 INFO     Starting CV 0/5 Test_Set[0:3770]
2021-02-24 23:32:55 INFO     Starting CV 1/5 Test_Set[3770:7540]
2021-02-24 23:33:09 INFO     Starting CV 2/5 Test_Set[7540:11310]
2021-02-24 23:33:20 INFO     Starting CV 3/5 Test_Set[11310:15080]
2021-02-24 23:33:31 INFO     Starting CV 4/5 Test_Set[15080:18850]
2021-02-24 23:33:42 INFO     ACC: avg: 0.7083759055967747, [0.7116710875331564, 0.7029177718832891, 0.6984084880636605, 0.7074270557029178, 0.7214551248008497]
2021-02-24 23:33:42 INFO     ERR: avg: 16.158047672107408, [16.485676392572945, 16.806100795755967, 17.010610079575596, 14.438196286472149, 16.049654806160383]
2021-02-24 23:33:42 INFO     max_itr=3000, solver=sag, vect=TfidfVectorizer, tol=0.01
2021-02-24 23:33:42 INFO     Starting CV 0/5 Test_Set[0:3770]
2021-02-24 23:34:01 INFO     Starting CV 1/5 Test_Set[3770:7540]
2021-02-24 23:34:19 INFO     Starting CV 2/5 Test_Set[7540:11310]
2021-02-24 23:34:37 INFO     Starting CV 3/5 Test_Set[11310:15080]
2021-02-24 23:34:56 INFO     Starting CV 4/5 Test_Set[15080:18850]
2021-02-24 23:35:15 INFO     ACC: avg: 0.7332086756981001, [0.7381962864721485, 0.7241379310344828, 0.7286472148541114, 0.7291777188328913, 0.7458842272968667]
2021-02-24 23:35:15 INFO     ERR: avg: 14.853368841131948, [14.187533156498674, 16.049336870026526, 15.850928381962865, 14.428381962864721, 13.750663834306957]
2021-02-24 23:35:15 INFO     max_itr=3000, solver=sag, vect=TfidfVectorizer, tol=0.001
2021-02-24 23:35:15 INFO     Starting CV 0/5 Test_Set[0:3770]
2021-02-24 23:35:36 INFO     Starting CV 1/5 Test_Set[3770:7540]
2021-02-24 23:35:58 INFO     Starting CV 2/5 Test_Set[7540:11310]
2021-02-24 23:36:19 INFO     Starting CV 3/5 Test_Set[11310:15080]
2021-02-24 23:36:41 INFO     Starting CV 4/5 Test_Set[15080:18850]
2021-02-24 23:37:02 INFO     ACC: avg: 0.7331025749023442, [0.7381962864721485, 0.7241379310344828, 0.7281167108753316, 0.7291777188328913, 0.7458842272968667]
2021-02-24 23:37:02 INFO     ERR: avg: 14.848439661863582, [14.191511936339522, 15.992307692307692, 15.856233421750662, 14.430238726790451, 13.77190653212958]
2021-02-24 23:37:02 INFO     max_itr=3000, solver=saga, vect=CountVectorizer, tol=1
2021-02-24 23:37:02 INFO     Starting CV 0/5 Test_Set[0:3770]
2021-02-24 23:37:14 INFO     Starting CV 1/5 Test_Set[3770:7540]
2021-02-24 23:37:25 INFO     Starting CV 2/5 Test_Set[7540:11310]
2021-02-24 23:37:36 INFO     Starting CV 3/5 Test_Set[11310:15080]
2021-02-24 23:37:48 INFO     Starting CV 4/5 Test_Set[15080:18850]
2021-02-24 23:37:59 INFO     ACC: avg: 0.21558275847982297, [0.21777188328912467, 0.22811671087533156, 0.21007957559681698, 0.23819628647214855, 0.18374933616569306]
2021-02-24 23:37:59 INFO     ERR: avg: 49.829680077645726, [49.790185676392575, 50.16100795755968, 47.01750663129973, 44.06233421750663, 58.117365905469995]
2021-02-24 23:37:59 INFO     max_itr=3000, solver=saga, vect=CountVectorizer, tol=0.01
2021-02-24 23:37:59 INFO     Starting CV 0/5 Test_Set[0:3770]
2021-02-24 23:39:27 INFO     Starting CV 1/5 Test_Set[3770:7540]
2021-02-24 23:40:55 INFO     Starting CV 2/5 Test_Set[7540:11310]
2021-02-24 23:42:26 INFO     Starting CV 3/5 Test_Set[11310:15080]
2021-02-24 23:43:55 INFO     Starting CV 4/5 Test_Set[15080:18850]
2021-02-24 23:45:24 INFO     ACC: avg: 0.23458302753521315, [0.23607427055702918, 0.2413793103448276, 0.22917771883289126, 0.24376657824933687, 0.22251725969198088]
2021-02-24 23:45:24 INFO     ERR: avg: 50.11096354229029, [50.776923076923076, 49.761273209549074, 51.62413793103448, 46.226790450928384, 52.16569304301646]
2021-02-24 23:45:24 INFO     max_itr=3000, solver=saga, vect=CountVectorizer, tol=0.001
2021-02-24 23:45:24 INFO     Starting CV 0/5 Test_Set[0:3770]
2021-02-24 23:54:02 INFO     Starting CV 1/5 Test_Set[3770:7540]
2021-02-25 00:02:18 INFO     Starting CV 2/5 Test_Set[7540:11310]
2021-02-25 00:15:27 INFO     Starting CV 3/5 Test_Set[11310:15080]
2021-02-25 00:27:27 INFO     Starting CV 4/5 Test_Set[15080:18850]
2021-02-25 00:40:11 INFO     ACC: avg: 0.30149518728931624, [0.3053050397877984, 0.29602122015915117, 0.30610079575596816, 0.3039787798408488, 0.29607010090281466]
2021-02-25 00:40:11 INFO     ERR: avg: 41.97035666038871, [41.770291777188326, 42.00716180371353, 43.37984084880637, 40.63872679045093, 42.05576208178439]
2021-02-25 00:40:11 INFO     max_itr=3000, solver=saga, vect=TfidfVectorizer, tol=1
2021-02-25 00:40:11 INFO     Starting CV 0/5 Test_Set[0:3770]
2021-02-25 00:40:23 INFO     Starting CV 1/5 Test_Set[3770:7540]
2021-02-25 00:40:34 INFO     Starting CV 2/5 Test_Set[7540:11310]
2021-02-25 00:40:46 INFO     Starting CV 3/5 Test_Set[11310:15080]
2021-02-25 00:40:58 INFO     Starting CV 4/5 Test_Set[15080:18850]
2021-02-25 00:41:10 INFO     ACC: avg: 0.6686363681184858, [0.6689655172413793, 0.649867374005305, 0.6541114058355437, 0.6713527851458886, 0.6988847583643123]
2021-02-25 00:41:10 INFO     ERR: avg: 17.455789748003568, [15.880636604774535, 17.893368700265253, 18.454907161803714, 16.140848806366048, 18.909187466808284]
2021-02-25 00:41:10 INFO     max_itr=3000, solver=saga, vect=TfidfVectorizer, tol=0.01
2021-02-25 00:41:10 INFO     Starting CV 0/5 Test_Set[0:3770]
2021-02-25 00:41:26 INFO     Starting CV 1/5 Test_Set[3770:7540]
2021-02-25 00:41:39 INFO     Starting CV 2/5 Test_Set[7540:11310]
2021-02-25 00:41:53 INFO     Starting CV 3/5 Test_Set[11310:15080]
2021-02-25 00:42:08 INFO     Starting CV 4/5 Test_Set[15080:18850]
2021-02-25 00:42:22 INFO     ACC: avg: 0.7333679395850913, [0.7387267904509284, 0.7241379310344828, 0.7283819628647215, 0.7291777188328913, 0.7464152947424323]
2021-02-25 00:42:22 INFO     ERR: avg: 14.846894607763728, [14.171087533156498, 16.114323607427057, 15.886206896551725, 14.322015915119364, 13.740839086563994]
2021-02-25 00:42:22 INFO     max_itr=3000, solver=saga, vect=TfidfVectorizer, tol=0.001
2021-02-25 00:42:22 INFO     Starting CV 0/5 Test_Set[0:3770]
2021-02-25 00:42:43 INFO     Starting CV 1/5 Test_Set[3770:7540]
2021-02-25 00:43:06 INFO     Starting CV 2/5 Test_Set[7540:11310]
2021-02-25 00:43:30 INFO     Starting CV 3/5 Test_Set[11310:15080]
2021-02-25 00:43:54 INFO     Starting CV 4/5 Test_Set[15080:18850]
2021-02-25 00:44:18 INFO     ACC: avg: 0.7332086756981001, [0.7384615384615385, 0.7244031830238726, 0.7283819628647215, 0.7289124668435013, 0.7458842272968667]
2021-02-25 00:44:18 INFO     ERR: avg: 14.849708363678367, [14.188063660477454, 15.940318302387269, 15.855172413793104, 14.514323607427055, 13.750663834306957]
2021-02-25 00:44:18 INFO     max_itr=3000, solver=lbfgs, vect=CountVectorizer, tol=1
2021-02-25 00:44:18 INFO     Starting CV 0/5 Test_Set[0:3770]
2021-02-25 00:48:01 INFO     Starting CV 1/5 Test_Set[3770:7540]
2021-02-25 00:50:33 INFO     Starting CV 2/5 Test_Set[7540:11310]
2021-02-25 00:53:38 INFO     Starting CV 3/5 Test_Set[11310:15080]
2021-02-25 00:55:41 INFO     Starting CV 4/5 Test_Set[15080:18850]
2021-02-25 00:58:27 INFO     ACC: avg: 0.6773341541166179, [0.6809018567639258, 0.669761273209549, 0.6777188328912467, 0.6710875331564987, 0.6872012745618693]
2021-02-25 00:58:27 INFO     ERR: avg: 17.813767409362846, [16.55835543766578, 19.106366047745357, 19.00557029177719, 17.519628647214855, 16.878916622411047]
2021-02-25 00:58:27 INFO     max_itr=3000, solver=lbfgs, vect=CountVectorizer, tol=0.01
2021-02-25 00:58:27 INFO     Starting CV 0/5 Test_Set[0:3770]
2021-02-25 01:02:38 INFO     Starting CV 1/5 Test_Set[3770:7540]
2021-02-25 01:06:59 INFO     Starting CV 2/5 Test_Set[7540:11310]
2021-02-25 01:11:31 INFO     Starting CV 3/5 Test_Set[11310:15080]
2021-02-25 01:14:41 INFO     Starting CV 4/5 Test_Set[15080:18850]
2021-02-25 01:19:15 INFO     ACC: avg: 0.67701585172935, [0.6811671087533157, 0.670026525198939, 0.6763925729442971, 0.6702917771883289, 0.6872012745618693]
2021-02-25 01:19:15 INFO     ERR: avg: 17.875553373686948, [16.571087533156497, 19.03527851458886, 19.17347480106101, 17.8026525198939, 16.795273499734467]
2021-02-25 01:19:15 INFO     max_itr=3000, solver=lbfgs, vect=CountVectorizer, tol=0.001
2021-02-25 01:19:15 INFO     Starting CV 0/5 Test_Set[0:3770]
2021-02-25 01:23:19 INFO     Starting CV 1/5 Test_Set[3770:7540]
2021-02-25 01:27:39 INFO     Starting CV 2/5 Test_Set[7540:11310]
2021-02-25 01:32:04 INFO     Starting CV 3/5 Test_Set[11310:15080]
2021-02-25 01:35:14 INFO     Starting CV 4/5 Test_Set[15080:18850]
2021-02-25 01:40:03 INFO     ACC: avg: 0.67701585172935, [0.6811671087533157, 0.670026525198939, 0.6763925729442971, 0.6702917771883289, 0.6872012745618693]
2021-02-25 01:40:03 INFO     ERR: avg: 17.875553373686948, [16.571087533156497, 19.03527851458886, 19.17347480106101, 17.8026525198939, 16.795273499734467]
2021-02-25 01:40:03 INFO     max_itr=3000, solver=lbfgs, vect=TfidfVectorizer, tol=1
2021-02-25 01:40:03 INFO     Starting CV 0/5 Test_Set[0:3770]
2021-02-25 01:41:31 INFO     Starting CV 1/5 Test_Set[3770:7540]
2021-02-25 01:42:44 INFO     Starting CV 2/5 Test_Set[7540:11310]
2021-02-25 01:44:15 INFO     Starting CV 3/5 Test_Set[11310:15080]
2021-02-25 01:45:35 INFO     Starting CV 4/5 Test_Set[15080:18850]
2021-02-25 01:46:55 INFO     ACC: avg: 0.7330495245044661, [0.7381962864721485, 0.7246684350132626, 0.7278514588859416, 0.7286472148541114, 0.7458842272968667]
2021-02-25 01:46:55 INFO     ERR: avg: 14.897720945891693, [14.197347480106101, 16.00026525198939, 15.89522546419098, 14.63580901856764, 13.759957514604356]
2021-02-25 01:46:55 INFO     max_itr=3000, solver=lbfgs, vect=TfidfVectorizer, tol=0.01
2021-02-25 01:46:55 INFO     Starting CV 0/5 Test_Set[0:3770]
2021-02-25 01:49:01 INFO     Starting CV 1/5 Test_Set[3770:7540]
2021-02-25 01:50:48 INFO     Starting CV 2/5 Test_Set[7540:11310]
2021-02-25 01:52:57 INFO     Starting CV 3/5 Test_Set[11310:15080]
2021-02-25 01:55:05 INFO     Starting CV 4/5 Test_Set[15080:18850]
2021-02-25 01:57:09 INFO     ACC: avg: 0.7330495245044661, [0.7381962864721485, 0.7241379310344828, 0.7281167108753316, 0.7289124668435013, 0.7458842272968667]
2021-02-25 01:57:09 INFO     ERR: avg: 14.84637069634634, [14.191511936339522, 15.975066312997347, 15.856233421750662, 14.437135278514589, 13.77190653212958]
2021-02-25 01:57:09 INFO     max_itr=3000, solver=lbfgs, vect=TfidfVectorizer, tol=0.001
2021-02-25 01:57:09 INFO     Starting CV 0/5 Test_Set[0:3770]
2021-02-25 01:59:14 INFO     Starting CV 1/5 Test_Set[3770:7540]
2021-02-25 02:01:01 INFO     Starting CV 2/5 Test_Set[7540:11310]
2021-02-25 02:03:09 INFO     Starting CV 3/5 Test_Set[11310:15080]
2021-02-25 02:05:14 INFO     Starting CV 4/5 Test_Set[15080:18850]
2021-02-25 02:07:19 INFO     ACC: avg: 0.7330495245044661, [0.7381962864721485, 0.7241379310344828, 0.7281167108753316, 0.7289124668435013, 0.7458842272968667]
2021-02-25 02:07:19 INFO     ERR: avg: 14.84637069634634, [14.191511936339522, 15.975066312997347, 15.856233421750662, 14.437135278514589, 13.77190653212958]
2021-02-25 02:07:19 INFO     max_itr=9000, solver=newton-cg, vect=CountVectorizer, tol=1
2021-02-25 02:07:19 INFO     Starting CV 0/5 Test_Set[0:3770]
2021-02-25 02:33:48 INFO     Starting CV 1/5 Test_Set[3770:7540]
2021-02-25 02:48:41 INFO     Starting CV 2/5 Test_Set[7540:11310]
2021-02-25 02:59:36 INFO     Starting CV 3/5 Test_Set[11310:15080]
2021-02-25 03:22:10 INFO     Starting CV 4/5 Test_Set[15080:18850]
2021-02-25 03:41:39 INFO     ACC: avg: 0.6771750029229839, [0.6816976127320955, 0.670026525198939, 0.676923076923077, 0.670026525198939, 0.6872012745618693]
2021-02-25 03:41:39 INFO     ERR: avg: 17.86255405407309, [16.589389920424402, 19.03527851458886, 19.135013262599468, 17.76710875331565, 16.785979819437067]
2021-02-25 03:41:39 INFO     max_itr=9000, solver=newton-cg, vect=CountVectorizer, tol=0.01
2021-02-25 03:41:39 INFO     Starting CV 0/5 Test_Set[0:3770]
2021-02-25 04:09:39 INFO     Starting CV 1/5 Test_Set[3770:7540]
2021-02-25 04:24:56 INFO     Starting CV 2/5 Test_Set[7540:11310]
2021-02-25 04:40:17 INFO     Starting CV 3/5 Test_Set[11310:15080]
2021-02-25 05:09:43 INFO     Starting CV 4/5 Test_Set[15080:18850]
2021-02-25 05:29:50 INFO     ACC: avg: 0.67701585172935, [0.6811671087533157, 0.670026525198939, 0.6763925729442971, 0.6702917771883289, 0.6872012745618693]
2021-02-25 05:29:50 INFO     ERR: avg: 17.873694637627466, [16.571087533156497, 19.03527851458886, 19.17347480106101, 17.8026525198939, 16.785979819437067]
2021-02-25 05:29:50 INFO     max_itr=9000, solver=newton-cg, vect=CountVectorizer, tol=0.001
2021-02-25 05:29:50 INFO     Starting CV 0/5 Test_Set[0:3770]
2021-02-25 05:57:02 INFO     Starting CV 1/5 Test_Set[3770:7540]
2021-02-25 06:12:19 INFO     Starting CV 2/5 Test_Set[7540:11310]
2021-02-25 06:24:39 INFO     Starting CV 3/5 Test_Set[11310:15080]
2021-02-25 06:48:29 INFO     Starting CV 4/5 Test_Set[15080:18850]
2021-02-25 07:08:39 INFO     ACC: avg: 0.67701585172935, [0.6811671087533157, 0.670026525198939, 0.6763925729442971, 0.6702917771883289, 0.6872012745618693]
2021-02-25 07:08:39 INFO     ERR: avg: 17.873694637627466, [16.571087533156497, 19.03527851458886, 19.17347480106101, 17.8026525198939, 16.785979819437067]
2021-02-25 07:08:39 INFO     max_itr=9000, solver=newton-cg, vect=TfidfVectorizer, tol=1
2021-02-25 07:08:39 INFO     Starting CV 0/5 Test_Set[0:3770]
2021-02-25 07:09:32 INFO     Starting CV 1/5 Test_Set[3770:7540]
2021-02-25 07:10:21 INFO     Starting CV 2/5 Test_Set[7540:11310]
2021-02-25 07:11:16 INFO     Starting CV 3/5 Test_Set[11310:15080]
2021-02-25 07:12:07 INFO     Starting CV 4/5 Test_Set[15080:18850]
2021-02-25 07:12:56 INFO     ACC: avg: 0.7331556816469007, [0.7381962864721485, 0.7244031830238726, 0.7281167108753316, 0.7289124668435013, 0.7461497610196495]
2021-02-25 07:12:56 INFO     ERR: avg: 14.869710842932225, [14.282493368700266, 15.983819628647215, 15.884084880636605, 14.435809018567639, 13.7623473181094]
2021-02-25 07:12:56 INFO     max_itr=9000, solver=newton-cg, vect=TfidfVectorizer, tol=0.01
2021-02-25 07:12:56 INFO     Starting CV 0/5 Test_Set[0:3770]
2021-02-25 07:14:09 INFO     Starting CV 1/5 Test_Set[3770:7540]
2021-02-25 07:15:13 INFO     Starting CV 2/5 Test_Set[7540:11310]
2021-02-25 07:16:31 INFO     Starting CV 3/5 Test_Set[11310:15080]
2021-02-25 07:17:46 INFO     Starting CV 4/5 Test_Set[15080:18850]
2021-02-25 07:18:58 INFO     ACC: avg: 0.7331556253002222, [0.7381962864721485, 0.7244031830238726, 0.7281167108753316, 0.7291777188328913, 0.7458842272968667]
2021-02-25 07:18:58 INFO     ERR: avg: 14.847590855497534, [14.191511936339522, 15.988063660477454, 15.856233421750662, 14.430238726790451, 13.77190653212958]
2021-02-25 07:18:58 INFO     max_itr=9000, solver=newton-cg, vect=TfidfVectorizer, tol=0.001
2021-02-25 07:18:58 INFO     Starting CV 0/5 Test_Set[0:3770]
2021-02-25 07:20:30 INFO     Starting CV 1/5 Test_Set[3770:7540]
2021-02-25 07:21:47 INFO     Starting CV 2/5 Test_Set[7540:11310]
2021-02-25 07:23:20 INFO     Starting CV 3/5 Test_Set[11310:15080]
2021-02-25 07:24:53 INFO     Starting CV 4/5 Test_Set[15080:18850]
2021-02-25 07:26:17 INFO     ACC: avg: 0.7331556253002222, [0.7381962864721485, 0.7244031830238726, 0.7281167108753316, 0.7291777188328913, 0.7458842272968667]
2021-02-25 07:26:17 INFO     ERR: avg: 14.847590855497534, [14.191511936339522, 15.988063660477454, 15.856233421750662, 14.430238726790451, 13.77190653212958]
2021-02-25 07:26:17 INFO     max_itr=9000, solver=sag, vect=CountVectorizer, tol=1
2021-02-25 07:26:17 INFO     Starting CV 0/5 Test_Set[0:3770]
2021-02-25 07:26:26 INFO     Starting CV 1/5 Test_Set[3770:7540]
2021-02-25 07:26:34 INFO     Starting CV 2/5 Test_Set[7540:11310]
2021-02-25 07:26:43 INFO     Starting CV 3/5 Test_Set[11310:15080]
2021-02-25 07:26:51 INFO     Starting CV 4/5 Test_Set[15080:18850]
2021-02-25 07:27:00 INFO     ACC: avg: 0.2205780605754968, [0.24429708222811672, 0.18541114058355437, 0.21644562334217507, 0.2326259946949602, 0.22411046202867765]
2021-02-25 07:27:00 INFO     ERR: avg: 53.18870973149399, [46.244562334217505, 61.87771883289125, 58.76790450928382, 49.50875331564987, 49.54460966542751]
2021-02-25 07:27:00 INFO     max_itr=9000, solver=sag, vect=CountVectorizer, tol=0.01
2021-02-25 07:27:00 INFO     Starting CV 0/5 Test_Set[0:3770]
2021-02-25 07:27:54 INFO     Starting CV 1/5 Test_Set[3770:7540]
2021-02-25 07:28:47 INFO     Starting CV 2/5 Test_Set[7540:11310]
2021-02-25 07:29:43 INFO     Starting CV 3/5 Test_Set[11310:15080]
2021-02-25 07:30:36 INFO     Starting CV 4/5 Test_Set[15080:18850]
2021-02-25 07:31:27 INFO     ACC: avg: 0.24089720816294333, [0.2403183023872679, 0.24694960212201592, 0.23978779840848807, 0.2493368700265252, 0.22809346787041954]
2021-02-25 07:31:27 INFO     ERR: avg: 49.197113754083375, [49.80716180371353, 48.99787798408488, 50.248541114058355, 45.53342175066313, 51.398566117896976]
2021-02-25 07:31:27 INFO     max_itr=9000, solver=sag, vect=CountVectorizer, tol=0.001
2021-02-25 07:31:27 INFO     Starting CV 0/5 Test_Set[0:3770]
2021-02-25 07:38:06 INFO     Starting CV 1/5 Test_Set[3770:7540]
2021-02-25 07:44:33 INFO     Starting CV 2/5 Test_Set[7540:11310]
2021-02-25 07:51:00 INFO     Starting CV 3/5 Test_Set[11310:15080]
2021-02-25 07:57:32 INFO     Starting CV 4/5 Test_Set[15080:18850]
2021-02-25 08:04:18 INFO     ACC: avg: 0.35116112191871707, [0.35251989389920424, 0.3376657824933687, 0.36710875331564985, 0.35172413793103446, 0.3467870419543282]
2021-02-25 08:04:18 INFO     ERR: avg: 37.62327771446603, [37.03368700265252, 38.16339522546419, 38.60344827586207, 36.61962864721485, 37.696229421136486]
2021-02-25 08:04:18 INFO     max_itr=9000, solver=sag, vect=TfidfVectorizer, tol=1
2021-02-25 08:04:18 INFO     Starting CV 0/5 Test_Set[0:3770]
2021-02-25 08:04:26 INFO     Starting CV 1/5 Test_Set[3770:7540]
2021-02-25 08:04:35 INFO     Starting CV 2/5 Test_Set[7540:11310]
2021-02-25 08:04:43 INFO     Starting CV 3/5 Test_Set[11310:15080]
2021-02-25 08:04:52 INFO     Starting CV 4/5 Test_Set[15080:18850]
2021-02-25 08:05:01 INFO     ACC: avg: 0.7059884686522298, [0.7103448275862069, 0.7087533156498673, 0.6960212201591512, 0.6941644562334217, 0.7206585236325014]
2021-02-25 08:05:01 INFO     ERR: avg: 15.823104251216032, [14.60424403183024, 15.990981432360742, 17.348010610079577, 15.543501326259946, 15.628783855549655]
2021-02-25 08:05:01 INFO     max_itr=9000, solver=sag, vect=TfidfVectorizer, tol=0.01
2021-02-25 08:05:01 INFO     Starting CV 0/5 Test_Set[0:3770]
2021-02-25 08:05:14 INFO     Starting CV 1/5 Test_Set[3770:7540]
2021-02-25 08:05:28 INFO     Starting CV 2/5 Test_Set[7540:11310]
2021-02-25 08:05:42 INFO     Starting CV 3/5 Test_Set[11310:15080]
2021-02-25 08:05:56 INFO     Starting CV 4/5 Test_Set[15080:18850]
2021-02-25 08:06:09 INFO     ACC: avg: 0.7330495245044661, [0.7384615384615385, 0.7241379310344828, 0.7278514588859416, 0.7289124668435013, 0.7458842272968667]
2021-02-25 08:06:09 INFO     ERR: avg: 14.872894542965046, [14.177718832891246, 16.0604774535809, 15.935278514588859, 14.425464190981433, 13.765533722782793]
2021-02-25 08:06:09 INFO     max_itr=9000, solver=sag, vect=TfidfVectorizer, tol=0.001
2021-02-25 08:06:09 INFO     Starting CV 0/5 Test_Set[0:3770]
2021-02-25 08:06:24 INFO     Starting CV 1/5 Test_Set[3770:7540]
2021-02-25 08:06:40 INFO     Starting CV 2/5 Test_Set[7540:11310]
2021-02-25 08:06:56 INFO     Starting CV 3/5 Test_Set[11310:15080]
2021-02-25 08:07:11 INFO     Starting CV 4/5 Test_Set[15080:18850]
2021-02-25 08:07:27 INFO     ACC: avg: 0.7332086756981001, [0.7384615384615385, 0.7244031830238726, 0.7281167108753316, 0.7291777188328913, 0.7458842272968667]
2021-02-25 08:07:27 INFO     ERR: avg: 14.844354781226977, [14.175331564986738, 15.988063660477454, 15.856233421750662, 14.430238726790451, 13.77190653212958]
2021-02-25 08:07:27 INFO     max_itr=9000, solver=saga, vect=CountVectorizer, tol=1
2021-02-25 08:07:27 INFO     Starting CV 0/5 Test_Set[0:3770]
2021-02-25 08:07:36 INFO     Starting CV 1/5 Test_Set[3770:7540]
2021-02-25 08:07:45 INFO     Starting CV 2/5 Test_Set[7540:11310]
2021-02-25 08:07:53 INFO     Starting CV 3/5 Test_Set[11310:15080]
2021-02-25 08:08:02 INFO     Starting CV 4/5 Test_Set[15080:18850]
2021-02-25 08:08:11 INFO     ACC: avg: 0.21691662522838012, [0.21856763925729442, 0.1907161803713528, 0.21273209549071617, 0.24297082228116712, 0.21959638874137016]
2021-02-25 08:08:11 INFO     ERR: avg: 51.596829766823355, [50.87957559681698, 59.52864721485411, 53.94562334217507, 38.57002652519894, 55.06027615507169]
2021-02-25 08:08:11 INFO     max_itr=9000, solver=saga, vect=CountVectorizer, tol=0.01
2021-02-25 08:08:11 INFO     Starting CV 0/5 Test_Set[0:3770]
2021-02-25 08:09:11 INFO     Starting CV 1/5 Test_Set[3770:7540]
2021-02-25 08:10:09 INFO     Starting CV 2/5 Test_Set[7540:11310]
2021-02-25 08:11:10 INFO     Starting CV 3/5 Test_Set[11310:15080]
2021-02-25 08:12:10 INFO     Starting CV 4/5 Test_Set[15080:18850]
2021-02-25 08:13:07 INFO     ACC: avg: 0.2345831402285703, [0.23607427055702918, 0.24190981432360742, 0.22838196286472148, 0.24350132625994694, 0.22304832713754646]
2021-02-25 08:13:07 INFO     ERR: avg: 50.13256770405597, [50.813262599469496, 49.49416445623342, 51.61352785145888, 46.26657824933687, 52.4753053637812]
2021-02-25 08:13:07 INFO     max_itr=9000, solver=saga, vect=CountVectorizer, tol=0.001
2021-02-25 08:13:07 INFO     Starting CV 0/5 Test_Set[0:3770]
2021-02-25 08:21:03 INFO     Starting CV 1/5 Test_Set[3770:7540]
2021-02-25 08:28:36 INFO     Starting CV 2/5 Test_Set[7540:11310]
2021-02-25 08:36:12 INFO     Starting CV 3/5 Test_Set[11310:15080]
2021-02-25 08:43:55 INFO     Starting CV 4/5 Test_Set[15080:18850]
2021-02-25 08:51:48 INFO     ACC: avg: 0.3016013444317508, [0.3053050397877984, 0.29602122015915117, 0.30610079575596816, 0.30424403183023874, 0.2963356346255975]
2021-02-25 08:51:48 INFO     ERR: avg: 41.959686712467125, [41.770291777188326, 41.98700265251989, 43.37984084880637, 40.63766578249337, 42.02363250132767]
2021-02-25 08:51:48 INFO     max_itr=9000, solver=saga, vect=TfidfVectorizer, tol=1
2021-02-25 08:51:48 INFO     Starting CV 0/5 Test_Set[0:3770]
2021-02-25 08:51:56 INFO     Starting CV 1/5 Test_Set[3770:7540]
2021-02-25 08:52:05 INFO     Starting CV 2/5 Test_Set[7540:11310]
2021-02-25 08:52:14 INFO     Starting CV 3/5 Test_Set[11310:15080]
2021-02-25 08:52:23 INFO     Starting CV 4/5 Test_Set[15080:18850]
2021-02-25 08:52:31 INFO     ACC: avg: 0.6677843499917593, [0.6639257294429708, 0.673474801061008, 0.6440318302387268, 0.6737400530503979, 0.683749336165693]
2021-02-25 08:52:31 INFO     ERR: avg: 17.942143512172997, [17.615649867374007, 18.092838196286472, 23.287002652519895, 15.86392572944297, 14.851301115241636]
2021-02-25 08:52:31 INFO     max_itr=9000, solver=saga, vect=TfidfVectorizer, tol=0.01
2021-02-25 08:52:31 INFO     Starting CV 0/5 Test_Set[0:3770]
2021-02-25 08:52:44 INFO     Starting CV 1/5 Test_Set[3770:7540]
2021-02-25 08:52:58 INFO     Starting CV 2/5 Test_Set[7540:11310]
2021-02-25 08:53:12 INFO     Starting CV 3/5 Test_Set[11310:15080]
2021-02-25 08:53:26 INFO     Starting CV 4/5 Test_Set[15080:18850]
2021-02-25 08:53:40 INFO     ACC: avg: 0.7334738713408114, [0.7397877984084881, 0.7241379310344828, 0.7283819628647215, 0.7294429708222812, 0.745618693574084]
2021-02-25 08:53:40 INFO     ERR: avg: 14.832257994537189, [14.228381962864722, 15.975066312997347, 15.883023872679045, 14.309018567639257, 13.765799256505575]
2021-02-25 08:53:40 INFO     max_itr=9000, solver=saga, vect=TfidfVectorizer, tol=0.001
2021-02-25 08:53:40 INFO     Starting CV 0/5 Test_Set[0:3770]
2021-02-25 08:53:56 INFO     Starting CV 1/5 Test_Set[3770:7540]
2021-02-25 08:54:12 INFO     Starting CV 2/5 Test_Set[7540:11310]
2021-02-25 08:54:28 INFO     Starting CV 3/5 Test_Set[11310:15080]
2021-02-25 08:54:45 INFO     Starting CV 4/5 Test_Set[15080:18850]
2021-02-25 08:55:01 INFO     ACC: avg: 0.7332086756981001, [0.7381962864721485, 0.7246684350132626, 0.7281167108753316, 0.7291777188328913, 0.7458842272968667]
2021-02-25 08:55:01 INFO     ERR: avg: 14.844512580100325, [14.192307692307692, 15.960212201591512, 15.856233421750662, 14.448275862068966, 13.765533722782793]
2021-02-25 08:55:01 INFO     max_itr=9000, solver=lbfgs, vect=CountVectorizer, tol=1
2021-02-25 08:55:01 INFO     Starting CV 0/5 Test_Set[0:3770]
2021-02-25 08:57:46 INFO     Starting CV 1/5 Test_Set[3770:7540]
2021-02-25 09:00:19 INFO     Starting CV 2/5 Test_Set[7540:11310]
2021-02-25 09:02:58 INFO     Starting CV 3/5 Test_Set[11310:15080]
2021-02-25 09:04:57 INFO     Starting CV 4/5 Test_Set[15080:18850]
2021-02-25 09:07:44 INFO     ACC: avg: 0.6773341541166179, [0.6809018567639258, 0.669761273209549, 0.6777188328912467, 0.6710875331564987, 0.6872012745618693]
2021-02-25 09:07:44 INFO     ERR: avg: 17.813767409362846, [16.55835543766578, 19.106366047745357, 19.00557029177719, 17.519628647214855, 16.878916622411047]
2021-02-25 09:07:44 INFO     max_itr=9000, solver=lbfgs, vect=CountVectorizer, tol=0.01
2021-02-25 09:07:44 INFO     Starting CV 0/5 Test_Set[0:3770]
2021-02-25 09:11:44 INFO     Starting CV 1/5 Test_Set[3770:7540]
2021-02-25 09:16:06 INFO     Starting CV 2/5 Test_Set[7540:11310]
2021-02-25 09:20:32 INFO     Starting CV 3/5 Test_Set[11310:15080]
2021-02-25 09:23:46 INFO     Starting CV 4/5 Test_Set[15080:18850]
2021-02-25 09:28:23 INFO     ACC: avg: 0.67701585172935, [0.6811671087533157, 0.670026525198939, 0.6763925729442971, 0.6702917771883289, 0.6872012745618693]
2021-02-25 09:28:23 INFO     ERR: avg: 17.875553373686948, [16.571087533156497, 19.03527851458886, 19.17347480106101, 17.8026525198939, 16.795273499734467]
2021-02-25 09:28:23 INFO     max_itr=9000, solver=lbfgs, vect=CountVectorizer, tol=0.001
2021-02-25 09:28:23 INFO     Starting CV 0/5 Test_Set[0:3770]
2021-02-25 09:32:32 INFO     Starting CV 1/5 Test_Set[3770:7540]
2021-02-25 09:36:57 INFO     Starting CV 2/5 Test_Set[7540:11310]
2021-02-25 09:41:29 INFO     Starting CV 3/5 Test_Set[11310:15080]
2021-02-25 09:44:41 INFO     Starting CV 4/5 Test_Set[15080:18850]
2021-02-25 09:49:23 INFO     ACC: avg: 0.67701585172935, [0.6811671087533157, 0.670026525198939, 0.6763925729442971, 0.6702917771883289, 0.6872012745618693]
2021-02-25 09:49:23 INFO     ERR: avg: 17.875553373686948, [16.571087533156497, 19.03527851458886, 19.17347480106101, 17.8026525198939, 16.795273499734467]
2021-02-25 09:49:23 INFO     max_itr=9000, solver=lbfgs, vect=TfidfVectorizer, tol=1
2021-02-25 09:49:23 INFO     Starting CV 0/5 Test_Set[0:3770]
2021-02-25 09:50:52 INFO     Starting CV 1/5 Test_Set[3770:7540]
2021-02-25 09:52:11 INFO     Starting CV 2/5 Test_Set[7540:11310]
2021-02-25 09:53:47 INFO     Starting CV 3/5 Test_Set[11310:15080]
2021-02-25 09:55:12 INFO     Starting CV 4/5 Test_Set[15080:18850]
2021-02-25 09:56:37 INFO     ACC: avg: 0.7330495245044661, [0.7381962864721485, 0.7246684350132626, 0.7278514588859416, 0.7286472148541114, 0.7458842272968667]
2021-02-25 09:56:37 INFO     ERR: avg: 14.897720945891693, [14.197347480106101, 16.00026525198939, 15.89522546419098, 14.63580901856764, 13.759957514604356]
2021-02-25 09:56:37 INFO     max_itr=9000, solver=lbfgs, vect=TfidfVectorizer, tol=0.01
2021-02-25 09:56:37 INFO     Starting CV 0/5 Test_Set[0:3770]
2021-02-25 09:58:48 INFO     Starting CV 1/5 Test_Set[3770:7540]
2021-02-25 10:00:38 INFO     Starting CV 2/5 Test_Set[7540:11310]
2021-02-25 10:02:53 INFO     Starting CV 3/5 Test_Set[11310:15080]
2021-02-25 10:05:10 INFO     Starting CV 4/5 Test_Set[15080:18850]
2021-02-25 10:07:20 INFO     ACC: avg: 0.7330495245044661, [0.7381962864721485, 0.7241379310344828, 0.7281167108753316, 0.7289124668435013, 0.7458842272968667]
2021-02-25 10:07:20 INFO     ERR: avg: 14.84637069634634, [14.191511936339522, 15.975066312997347, 15.856233421750662, 14.437135278514589, 13.77190653212958]
2021-02-25 10:07:20 INFO     max_itr=9000, solver=lbfgs, vect=TfidfVectorizer, tol=0.001
2021-02-25 10:07:20 INFO     Starting CV 0/5 Test_Set[0:3770]
2021-02-25 10:09:32 INFO     Starting CV 1/5 Test_Set[3770:7540]
2021-02-25 10:11:22 INFO     Starting CV 2/5 Test_Set[7540:11310]
2021-02-25 10:13:34 INFO     Starting CV 3/5 Test_Set[11310:15080]
2021-02-25 10:15:46 INFO     Starting CV 4/5 Test_Set[15080:18850]
2021-02-25 10:17:57 INFO     ACC: avg: 0.7330495245044661, [0.7381962864721485, 0.7241379310344828, 0.7281167108753316, 0.7289124668435013, 0.7458842272968667]
2021-02-25 10:17:57 INFO     ERR: avg: 14.84637069634634, [14.191511936339522, 15.975066312997347, 15.856233421750662, 14.437135278514589, 13.77190653212958]
2021-02-25 10:17:57 INFO     max_itr=12000, solver=newton-cg, vect=CountVectorizer, tol=1
2021-02-25 10:17:57 INFO     Starting CV 0/5 Test_Set[0:3770]
2021-02-25 10:44:45 INFO     Starting CV 1/5 Test_Set[3770:7540]
2021-02-25 11:00:33 INFO     Starting CV 2/5 Test_Set[7540:11310]
2021-02-25 11:12:04 INFO     Starting CV 3/5 Test_Set[11310:15080]
2021-02-25 11:34:34 INFO     Starting CV 4/5 Test_Set[15080:18850]
2021-02-25 11:54:29 INFO     ACC: avg: 0.6771750029229839, [0.6816976127320955, 0.670026525198939, 0.676923076923077, 0.670026525198939, 0.6872012745618693]
2021-02-25 11:54:29 INFO     ERR: avg: 17.86255405407309, [16.589389920424402, 19.03527851458886, 19.135013262599468, 17.76710875331565, 16.785979819437067]
2021-02-25 11:54:29 INFO     max_itr=12000, solver=newton-cg, vect=CountVectorizer, tol=0.01
2021-02-25 11:54:29 INFO     Starting CV 0/5 Test_Set[0:3770]
2021-02-25 12:23:02 INFO     Starting CV 1/5 Test_Set[3770:7540]
2021-02-25 12:38:21 INFO     Starting CV 2/5 Test_Set[7540:11310]
2021-02-25 12:50:41 INFO     Starting CV 3/5 Test_Set[11310:15080]
2021-02-25 13:16:10 INFO     Starting CV 4/5 Test_Set[15080:18850]
2021-02-25 13:44:50 INFO     ACC: avg: 0.67701585172935, [0.6811671087533157, 0.670026525198939, 0.6763925729442971, 0.6702917771883289, 0.6872012745618693]
2021-02-25 13:44:50 INFO     ERR: avg: 17.873694637627466, [16.571087533156497, 19.03527851458886, 19.17347480106101, 17.8026525198939, 16.785979819437067]
2021-02-25 13:44:50 INFO     max_itr=12000, solver=newton-cg, vect=CountVectorizer, tol=0.001
2021-02-25 13:44:50 INFO     Starting CV 0/5 Test_Set[0:3770]
2021-02-25 14:21:59 INFO     Starting CV 1/5 Test_Set[3770:7540]
2021-02-25 14:38:46 INFO     Starting CV 2/5 Test_Set[7540:11310]
2021-02-25 14:51:33 INFO     Starting CV 3/5 Test_Set[11310:15080]
2021-02-25 15:16:26 INFO     Starting CV 4/5 Test_Set[15080:18850]
2021-02-25 15:42:32 INFO     ACC: avg: 0.67701585172935, [0.6811671087533157, 0.670026525198939, 0.6763925729442971, 0.6702917771883289, 0.6872012745618693]
2021-02-25 15:42:32 INFO     ERR: avg: 17.873694637627466, [16.571087533156497, 19.03527851458886, 19.17347480106101, 17.8026525198939, 16.785979819437067]
2021-02-25 15:42:32 INFO     max_itr=12000, solver=newton-cg, vect=TfidfVectorizer, tol=1
2021-02-25 15:42:32 INFO     Starting CV 0/5 Test_Set[0:3770]
2021-02-25 15:43:40 INFO     Starting CV 1/5 Test_Set[3770:7540]
2021-02-25 15:44:59 INFO     Starting CV 2/5 Test_Set[7540:11310]
2021-02-25 15:46:00 INFO     Starting CV 3/5 Test_Set[11310:15080]
2021-02-25 15:46:57 INFO     Starting CV 4/5 Test_Set[15080:18850]
2021-02-25 15:47:49 INFO     ACC: avg: 0.7331556816469007, [0.7381962864721485, 0.7244031830238726, 0.7281167108753316, 0.7289124668435013, 0.7461497610196495]
2021-02-25 15:47:49 INFO     ERR: avg: 14.869710842932225, [14.282493368700266, 15.983819628647215, 15.884084880636605, 14.435809018567639, 13.7623473181094]
2021-02-25 15:47:49 INFO     max_itr=12000, solver=newton-cg, vect=TfidfVectorizer, tol=0.01
2021-02-25 15:47:49 INFO     Starting CV 0/5 Test_Set[0:3770]
2021-02-25 15:49:04 INFO     Starting CV 1/5 Test_Set[3770:7540]
2021-02-25 15:50:10 INFO     Starting CV 2/5 Test_Set[7540:11310]
2021-02-25 15:51:33 INFO     Starting CV 3/5 Test_Set[11310:15080]
2021-02-25 15:52:50 INFO     Starting CV 4/5 Test_Set[15080:18850]
2021-02-25 15:54:04 INFO     ACC: avg: 0.7331556253002222, [0.7381962864721485, 0.7244031830238726, 0.7281167108753316, 0.7291777188328913, 0.7458842272968667]
2021-02-25 15:54:04 INFO     ERR: avg: 14.847590855497534, [14.191511936339522, 15.988063660477454, 15.856233421750662, 14.430238726790451, 13.77190653212958]
2021-02-25 15:54:04 INFO     max_itr=12000, solver=newton-cg, vect=TfidfVectorizer, tol=0.001
2021-02-25 15:54:04 INFO     Starting CV 0/5 Test_Set[0:3770]
2021-02-25 15:55:38 INFO     Starting CV 1/5 Test_Set[3770:7540]
2021-02-25 15:56:58 INFO     Starting CV 2/5 Test_Set[7540:11310]
2021-02-25 15:58:32 INFO     Starting CV 3/5 Test_Set[11310:15080]
2021-02-25 16:00:08 INFO     Starting CV 4/5 Test_Set[15080:18850]
2021-02-25 16:01:33 INFO     ACC: avg: 0.7331556253002222, [0.7381962864721485, 0.7244031830238726, 0.7281167108753316, 0.7291777188328913, 0.7458842272968667]
2021-02-25 16:01:33 INFO     ERR: avg: 14.847590855497534, [14.191511936339522, 15.988063660477454, 15.856233421750662, 14.430238726790451, 13.77190653212958]
2021-02-25 16:01:33 INFO     max_itr=12000, solver=sag, vect=CountVectorizer, tol=1
2021-02-25 16:01:33 INFO     Starting CV 0/5 Test_Set[0:3770]
2021-02-25 16:01:42 INFO     Starting CV 1/5 Test_Set[3770:7540]
2021-02-25 16:01:50 INFO     Starting CV 2/5 Test_Set[7540:11310]
2021-02-25 16:01:59 INFO     Starting CV 3/5 Test_Set[11310:15080]
2021-02-25 16:02:08 INFO     Starting CV 4/5 Test_Set[15080:18850]
2021-02-25 16:02:17 INFO     ACC: avg: 0.21824711117622284, [0.24774535809018566, 0.2273209549071618, 0.20610079575596818, 0.17055702917771884, 0.23951141795007966]
2021-02-25 16:02:17 INFO     ERR: avg: 46.958745835628285, [38.271087533156496, 39.4185676392573, 55.52387267904509, 53.99045092838196, 47.58975039830059]
2021-02-25 16:02:17 INFO     max_itr=12000, solver=sag, vect=CountVectorizer, tol=0.01
2021-02-25 16:02:17 INFO     Starting CV 0/5 Test_Set[0:3770]
2021-02-25 16:03:14 INFO     Starting CV 1/5 Test_Set[3770:7540]
2021-02-25 16:04:10 INFO     Starting CV 2/5 Test_Set[7540:11310]
2021-02-25 16:05:07 INFO     Starting CV 3/5 Test_Set[11310:15080]
2021-02-25 16:06:01 INFO     Starting CV 4/5 Test_Set[15080:18850]
2021-02-25 16:06:56 INFO     ACC: avg: 0.24100342165205643, [0.23978779840848807, 0.2482758620689655, 0.23925729442970822, 0.2490716180371353, 0.22862453531598512]
2021-02-25 16:06:56 INFO     ERR: avg: 49.12017242083644, [49.91511936339523, 48.48912466843501, 50.186472148541114, 45.69761273209549, 51.312533191715346]
2021-02-25 16:06:56 INFO     max_itr=12000, solver=sag, vect=CountVectorizer, tol=0.001
2021-02-25 16:06:56 INFO     Starting CV 0/5 Test_Set[0:3770]
2021-02-25 16:13:41 INFO     Starting CV 1/5 Test_Set[3770:7540]
2021-02-25 16:20:12 INFO     Starting CV 2/5 Test_Set[7540:11310]
2021-02-25 16:26:43 INFO     Starting CV 3/5 Test_Set[11310:15080]
2021-02-25 16:33:33 INFO     Starting CV 4/5 Test_Set[15080:18850]
2021-02-25 16:40:28 INFO     ACC: avg: 0.3512672790611516, [0.35251989389920424, 0.3376657824933687, 0.3673740053050398, 0.35172413793103446, 0.347052575677111]
2021-02-25 16:40:28 INFO     ERR: avg: 37.61743495832459, [37.03368700265252, 38.172944297082225, 38.59522546419098, 36.62307692307692, 37.662241104620286]
2021-02-25 16:40:28 INFO     max_itr=12000, solver=sag, vect=TfidfVectorizer, tol=1
2021-02-25 16:40:28 INFO     Starting CV 0/5 Test_Set[0:3770]
2021-02-25 16:40:37 INFO     Starting CV 1/5 Test_Set[3770:7540]
2021-02-25 16:40:45 INFO     Starting CV 2/5 Test_Set[7540:11310]
2021-02-25 16:40:54 INFO     Starting CV 3/5 Test_Set[11310:15080]
2021-02-25 16:41:03 INFO     Starting CV 4/5 Test_Set[15080:18850]
2021-02-25 16:41:12 INFO     ACC: avg: 0.7089076492024832, [0.7106100795755969, 0.7026525198938992, 0.7005305039787798, 0.7034482758620689, 0.7272968667020712]
2021-02-25 16:41:12 INFO     ERR: avg: 16.054995597915735, [15.402387267904508, 17.05809018567639, 16.651724137931033, 15.496021220159152, 15.666755177907595]
2021-02-25 16:41:12 INFO     max_itr=12000, solver=sag, vect=TfidfVectorizer, tol=0.01
2021-02-25 16:41:12 INFO     Starting CV 0/5 Test_Set[0:3770]
2021-02-25 16:41:27 INFO     Starting CV 1/5 Test_Set[3770:7540]
2021-02-25 16:41:42 INFO     Starting CV 2/5 Test_Set[7540:11310]
2021-02-25 16:41:56 INFO     Starting CV 3/5 Test_Set[11310:15080]
2021-02-25 16:42:11 INFO     Starting CV 4/5 Test_Set[15080:18850]
2021-02-25 16:42:24 INFO     ACC: avg: 0.7331555689535436, [0.7384615384615385, 0.7244031830238726, 0.7281167108753316, 0.7291777188328913, 0.745618693574084]
2021-02-25 16:42:24 INFO     ERR: avg: 14.83353481027369, [14.190185676392574, 15.906896551724138, 15.856233421750662, 14.431564986737401, 13.782793414763676]
2021-02-25 16:42:24 INFO     max_itr=12000, solver=sag, vect=TfidfVectorizer, tol=0.001
2021-02-25 16:42:24 INFO     Starting CV 0/5 Test_Set[0:3770]
2021-02-25 16:42:40 INFO     Starting CV 1/5 Test_Set[3770:7540]
2021-02-25 16:42:55 INFO     Starting CV 2/5 Test_Set[7540:11310]
2021-02-25 16:43:12 INFO     Starting CV 3/5 Test_Set[11310:15080]
2021-02-25 16:43:30 INFO     Starting CV 4/5 Test_Set[15080:18850]
2021-02-25 16:43:46 INFO     ACC: avg: 0.7331025749023442, [0.7381962864721485, 0.7241379310344828, 0.7281167108753316, 0.7291777188328913, 0.7458842272968667]
2021-02-25 16:43:46 INFO     ERR: avg: 14.848439661863582, [14.191511936339522, 15.992307692307692, 15.856233421750662, 14.430238726790451, 13.77190653212958]
2021-02-25 16:43:46 INFO     max_itr=12000, solver=saga, vect=CountVectorizer, tol=1
2021-02-25 16:43:46 INFO     Starting CV 0/5 Test_Set[0:3770]
2021-02-25 16:43:55 INFO     Starting CV 1/5 Test_Set[3770:7540]
2021-02-25 16:44:04 INFO     Starting CV 2/5 Test_Set[7540:11310]
2021-02-25 16:44:13 INFO     Starting CV 3/5 Test_Set[11310:15080]
2021-02-25 16:44:22 INFO     Starting CV 4/5 Test_Set[15080:18850]
2021-02-25 16:44:31 INFO     ACC: avg: 0.21462965441173362, [0.2490716180371353, 0.18381962864721485, 0.22891246684350133, 0.21909814323607427, 0.19224641529474243]
2021-02-25 16:44:31 INFO     ERR: avg: 53.65224957070874, [44.41273209549072, 65.32758620689656, 54.183289124668434, 47.36153846153846, 56.97610196494955]
2021-02-25 16:44:31 INFO     max_itr=12000, solver=saga, vect=CountVectorizer, tol=0.01
2021-02-25 16:44:31 INFO     Starting CV 0/5 Test_Set[0:3770]
2021-02-25 16:45:34 INFO     Starting CV 1/5 Test_Set[3770:7540]
2021-02-25 16:46:35 INFO     Starting CV 2/5 Test_Set[7540:11310]
2021-02-25 16:47:37 INFO     Starting CV 3/5 Test_Set[11310:15080]
2021-02-25 16:48:39 INFO     Starting CV 4/5 Test_Set[15080:18850]
2021-02-25 16:49:43 INFO     ACC: avg: 0.23468924102432626, [0.23474801061007958, 0.2416445623342175, 0.23023872679045093, 0.24376657824933687, 0.22304832713754646]
2021-02-25 16:49:43 INFO     ERR: avg: 50.15408959967094, [50.857294429708226, 49.794429708222815, 51.56472148541114, 46.15676392572944, 52.39723844928306]
2021-02-25 16:49:43 INFO     max_itr=12000, solver=saga, vect=CountVectorizer, tol=0.001
2021-02-25 16:49:43 INFO     Starting CV 0/5 Test_Set[0:3770]
2021-02-25 16:57:49 INFO     Starting CV 1/5 Test_Set[3770:7540]
2021-02-25 17:06:08 INFO     Starting CV 2/5 Test_Set[7540:11310]
2021-02-25 17:13:52 INFO     Starting CV 3/5 Test_Set[11310:15080]
2021-02-25 17:21:54 INFO     Starting CV 4/5 Test_Set[15080:18850]
2021-02-25 17:30:14 INFO     ACC: avg: 0.3016012880850722, [0.30583554376657823, 0.29602122015915117, 0.30610079575596816, 0.3039787798408488, 0.29607010090281466]
2021-02-25 17:30:14 INFO     ERR: avg: 41.94738628888097, [41.70212201591512, 41.98700265251989, 43.351193633952256, 40.63872679045093, 42.05788635156665]
2021-02-25 17:30:14 INFO     max_itr=12000, solver=saga, vect=TfidfVectorizer, tol=1
2021-02-25 17:30:14 INFO     Starting CV 0/5 Test_Set[0:3770]
2021-02-25 17:30:23 INFO     Starting CV 1/5 Test_Set[3770:7540]
2021-02-25 17:30:32 INFO     Starting CV 2/5 Test_Set[7540:11310]
2021-02-25 17:30:41 INFO     Starting CV 3/5 Test_Set[11310:15080]
2021-02-25 17:30:49 INFO     Starting CV 4/5 Test_Set[15080:18850]
2021-02-25 17:30:58 INFO     ACC: avg: 0.6383881187393557, [0.613262599469496, 0.5843501326259947, 0.646684350132626, 0.6936339522546419, 0.6540095592140202]
2021-02-25 17:30:58 INFO     ERR: avg: 22.964738840188144, [20.56153846153846, 35.16790450928382, 23.05702917771883, 16.455437665782494, 19.5817843866171]
2021-02-25 17:30:58 INFO     max_itr=12000, solver=saga, vect=TfidfVectorizer, tol=0.01
2021-02-25 17:30:58 INFO     Starting CV 0/5 Test_Set[0:3770]
2021-02-25 17:31:13 INFO     Starting CV 1/5 Test_Set[3770:7540]
2021-02-25 17:31:28 INFO     Starting CV 2/5 Test_Set[7540:11310]
2021-02-25 17:31:43 INFO     Starting CV 3/5 Test_Set[11310:15080]
2021-02-25 17:31:58 INFO     Starting CV 4/5 Test_Set[15080:18850]
2021-02-25 17:32:13 INFO     ACC: avg: 0.7333678832384126, [0.7389920424403184, 0.7244031830238726, 0.7281167108753316, 0.7291777188328913, 0.7461497610196495]
2021-02-25 17:32:13 INFO     ERR: avg: 14.837994818922905, [14.254641909814323, 15.955968169761274, 15.821485411140584, 14.357294429708222, 13.800584174190123]
2021-02-25 17:32:13 INFO     max_itr=12000, solver=saga, vect=TfidfVectorizer, tol=0.001
2021-02-25 17:32:13 INFO     Starting CV 0/5 Test_Set[0:3770]
2021-02-25 17:32:30 INFO     Starting CV 1/5 Test_Set[3770:7540]
2021-02-25 17:32:46 INFO     Starting CV 2/5 Test_Set[7540:11310]
2021-02-25 17:33:03 INFO     Starting CV 3/5 Test_Set[11310:15080]
2021-02-25 17:33:20 INFO     Starting CV 4/5 Test_Set[15080:18850]
2021-02-25 17:33:37 INFO     ACC: avg: 0.7331025749023441, [0.7381962864721485, 0.7244031830238726, 0.7281167108753316, 0.7289124668435013, 0.7458842272968667]
2021-02-25 17:33:37 INFO     ERR: avg: 14.829925073004166, [14.192307692307692, 15.97082228116711, 15.856233421750662, 14.358355437665782, 13.77190653212958]
2021-02-25 17:33:37 INFO     max_itr=12000, solver=lbfgs, vect=CountVectorizer, tol=1
2021-02-25 17:33:37 INFO     Starting CV 0/5 Test_Set[0:3770]
2021-02-25 17:36:27 INFO     Starting CV 1/5 Test_Set[3770:7540]
2021-02-25 17:39:04 INFO     Starting CV 2/5 Test_Set[7540:11310]
2021-02-25 17:41:52 INFO     Starting CV 3/5 Test_Set[11310:15080]
2021-02-25 17:43:58 INFO     Starting CV 4/5 Test_Set[15080:18850]
2021-02-25 17:46:53 INFO     ACC: avg: 0.6773341541166179, [0.6809018567639258, 0.669761273209549, 0.6777188328912467, 0.6710875331564987, 0.6872012745618693]
2021-02-25 17:46:53 INFO     ERR: avg: 17.813767409362846, [16.55835543766578, 19.106366047745357, 19.00557029177719, 17.519628647214855, 16.878916622411047]
2021-02-25 17:46:53 INFO     max_itr=12000, solver=lbfgs, vect=CountVectorizer, tol=0.01
2021-02-25 17:46:53 INFO     Starting CV 0/5 Test_Set[0:3770]
2021-02-25 17:51:15 INFO     Starting CV 1/5 Test_Set[3770:7540]
2021-02-25 17:56:05 INFO     Starting CV 2/5 Test_Set[7540:11310]
2021-02-25 18:00:45 INFO     Starting CV 3/5 Test_Set[11310:15080]
2021-02-25 18:03:59 INFO     Starting CV 4/5 Test_Set[15080:18850]
2021-02-25 18:08:39 INFO     ACC: avg: 0.67701585172935, [0.6811671087533157, 0.670026525198939, 0.6763925729442971, 0.6702917771883289, 0.6872012745618693]
2021-02-25 18:08:39 INFO     ERR: avg: 17.875553373686948, [16.571087533156497, 19.03527851458886, 19.17347480106101, 17.8026525198939, 16.795273499734467]
2021-02-25 18:08:39 INFO     max_itr=12000, solver=lbfgs, vect=CountVectorizer, tol=0.001
2021-02-25 18:08:39 INFO     Starting CV 0/5 Test_Set[0:3770]
2021-02-25 18:12:55 INFO     Starting CV 1/5 Test_Set[3770:7540]
2021-02-25 18:17:27 INFO     Starting CV 2/5 Test_Set[7540:11310]
2021-02-25 18:22:07 INFO     Starting CV 3/5 Test_Set[11310:15080]
2021-02-25 18:25:27 INFO     Starting CV 4/5 Test_Set[15080:18850]
2021-02-25 18:30:18 INFO     ACC: avg: 0.67701585172935, [0.6811671087533157, 0.670026525198939, 0.6763925729442971, 0.6702917771883289, 0.6872012745618693]
2021-02-25 18:30:18 INFO     ERR: avg: 17.875553373686948, [16.571087533156497, 19.03527851458886, 19.17347480106101, 17.8026525198939, 16.795273499734467]
2021-02-25 18:30:18 INFO     max_itr=12000, solver=lbfgs, vect=TfidfVectorizer, tol=1
2021-02-25 18:30:18 INFO     Starting CV 0/5 Test_Set[0:3770]
2021-02-25 18:31:49 INFO     Starting CV 1/5 Test_Set[3770:7540]
2021-02-25 18:33:08 INFO     Starting CV 2/5 Test_Set[7540:11310]
2021-02-25 18:34:44 INFO     Starting CV 3/5 Test_Set[11310:15080]
2021-02-25 18:36:08 INFO     Starting CV 4/5 Test_Set[15080:18850]
2021-02-25 18:37:33 INFO     ACC: avg: 0.7330495245044661, [0.7381962864721485, 0.7246684350132626, 0.7278514588859416, 0.7286472148541114, 0.7458842272968667]
2021-02-25 18:37:33 INFO     ERR: avg: 14.897720945891693, [14.197347480106101, 16.00026525198939, 15.89522546419098, 14.63580901856764, 13.759957514604356]
2021-02-25 18:37:33 INFO     max_itr=12000, solver=lbfgs, vect=TfidfVectorizer, tol=0.01
2021-02-25 18:37:33 INFO     Starting CV 0/5 Test_Set[0:3770]
2021-02-25 18:39:47 INFO     Starting CV 1/5 Test_Set[3770:7540]
2021-02-25 18:41:40 INFO     Starting CV 2/5 Test_Set[7540:11310]
2021-02-25 18:44:07 INFO     Starting CV 3/5 Test_Set[11310:15080]
2021-02-25 18:46:21 INFO     Starting CV 4/5 Test_Set[15080:18850]
2021-02-25 18:48:33 INFO     ACC: avg: 0.7330495245044661, [0.7381962864721485, 0.7241379310344828, 0.7281167108753316, 0.7289124668435013, 0.7458842272968667]
2021-02-25 18:48:33 INFO     ERR: avg: 14.84637069634634, [14.191511936339522, 15.975066312997347, 15.856233421750662, 14.437135278514589, 13.77190653212958]
2021-02-25 18:48:33 INFO     max_itr=12000, solver=lbfgs, vect=TfidfVectorizer, tol=0.001
2021-02-25 18:48:33 INFO     Starting CV 0/5 Test_Set[0:3770]
2021-02-25 18:50:47 INFO     Starting CV 1/5 Test_Set[3770:7540]
2021-02-25 18:52:40 INFO     Starting CV 2/5 Test_Set[7540:11310]
2021-02-25 18:54:57 INFO     Starting CV 3/5 Test_Set[11310:15080]
2021-02-25 18:57:11 INFO     Starting CV 4/5 Test_Set[15080:18850]
2021-02-25 18:59:20 INFO     ACC: avg: 0.7330495245044661, [0.7381962864721485, 0.7241379310344828, 0.7281167108753316, 0.7289124668435013, 0.7458842272968667]
2021-02-25 18:59:20 INFO     ERR: avg: 14.84637069634634, [14.191511936339522, 15.975066312997347, 15.856233421750662, 14.437135278514589, 13.77190653212958]
2021-02-25 18:59:20 INFO     Training complete!
2021-02-25 18:59:20 INFO     [('max_itr=1000, solver=newton-cg, vect=CountVectorizer, tol=1', ([0.6816976127320955, 0.670026525198939, 0.676923076923077, 0.670026525198939, 0.6872012745618693], [16.589389920424402, 19.03527851458886, 19.135013262599468, 17.76710875331565, 16.785979819437067])), ('max_itr=1000, solver=newton-cg, vect=CountVectorizer, tol=0.01', ([0.6811671087533157, 0.670026525198939, 0.6763925729442971, 0.6702917771883289, 0.6872012745618693], [16.571087533156497, 19.03527851458886, 19.17347480106101, 17.8026525198939, 16.785979819437067])), ('max_itr=1000, solver=newton-cg, vect=CountVectorizer, tol=0.001', ([0.6811671087533157, 0.670026525198939, 0.6763925729442971, 0.6702917771883289, 0.6872012745618693], [16.571087533156497, 19.03527851458886, 19.17347480106101, 17.8026525198939, 16.785979819437067])), ('max_itr=1000, solver=newton-cg, vect=TfidfVectorizer, tol=1', ([0.7381962864721485, 0.7244031830238726, 0.7281167108753316, 0.7289124668435013, 0.7461497610196495], [14.282493368700266, 15.983819628647215, 15.884084880636605, 14.435809018567639, 13.7623473181094])), ('max_itr=1000, solver=newton-cg, vect=TfidfVectorizer, tol=0.01', ([0.7381962864721485, 0.7244031830238726, 0.7281167108753316, 0.7291777188328913, 0.7458842272968667], [14.191511936339522, 15.988063660477454, 15.856233421750662, 14.430238726790451, 13.77190653212958])), ('max_itr=1000, solver=newton-cg, vect=TfidfVectorizer, tol=0.001', ([0.7381962864721485, 0.7244031830238726, 0.7281167108753316, 0.7291777188328913, 0.7458842272968667], [14.191511936339522, 15.988063660477454, 15.856233421750662, 14.430238726790451, 13.77190653212958])), ('max_itr=1000, solver=sag, vect=CountVectorizer, tol=1', ([0.23209549071618038, 0.2323607427055703, 0.1793103448275862, 0.2002652519893899, 0.18003186404673394], [40.217506631299734, 46.16976127320955, 65.8498673740053, 54.02148541114058, 60.10116834838024])), ('max_itr=1000, solver=sag, vect=CountVectorizer, tol=0.01', ([0.23978779840848807, 0.246684350132626, 0.23872679045092837, 0.24986737400530504, 0.22809346787041954], [49.783819628647215, 48.83766578249337, 50.34350132625995, 45.5183023872679, 51.40440785979819])), ('max_itr=1000, solver=sag, vect=CountVectorizer, tol=0.001', ([0.35251989389920424, 0.3376657824933687, 0.36710875331564985, 0.35172413793103446, 0.3465215082315454], [37.03368700265252, 38.15305039787798, 38.62387267904509, 36.61962864721485, 37.69649495485927])), ('max_itr=1000, solver=sag, vect=TfidfVectorizer, tol=1', ([0.7045092838196286, 0.7031830238726791, 0.6952254641909814, 0.6997347480106101, 0.7166755177907594], [16.00238726790451, 17.337931034482757, 18.137665782493368, 16.306896551724137, 15.317312798725439])), ('max_itr=1000, solver=sag, vect=TfidfVectorizer, tol=0.01', ([0.7379310344827587, 0.7244031830238726, 0.7281167108753316, 0.7291777188328913, 0.745618693574084], [14.194694960212201, 15.97214854111406, 15.856233421750662, 14.421220159151193, 13.744556558682953])), ('max_itr=1000, solver=sag, vect=TfidfVectorizer, tol=0.001', ([0.7381962864721485, 0.7241379310344828, 0.7281167108753316, 0.7289124668435013, 0.7458842272968667], [14.191511936339522, 15.992307692307692, 15.856233421750662, 14.43262599469496, 13.77190653212958])), ('max_itr=1000, solver=saga, vect=CountVectorizer, tol=1', ([0.229973474801061, 0.23952254641909815, 0.2413793103448276, 0.22944297082228116, 0.18587360594795538], [48.80769230769231, 41.19336870026525, 47.235543766578246, 47.816976127320956, 55.71003717472119])), ('max_itr=1000, solver=saga, vect=CountVectorizer, tol=0.01', ([0.23474801061007958, 0.2416445623342175, 0.22917771883289126, 0.24297082228116712, 0.22278279341476367], [50.87771883289125, 49.64031830238727, 51.48488063660477, 46.557824933687, 52.375730217737654])), ('max_itr=1000, solver=saga, vect=CountVectorizer, tol=0.001', ([0.3053050397877984, 0.29602122015915117, 0.30610079575596816, 0.3039787798408488, 0.2963356346255975], [41.776657824933686, 41.97029177718833, 43.39893899204244, 40.63872679045093, 42.02363250132767])), ('max_itr=1000, solver=saga, vect=TfidfVectorizer, tol=1', ([0.6838196286472149, 0.6249336870026525, 0.636870026525199, 0.6657824933687002, 0.669676048858205], [17.509549071618036, 20.23368700265252, 17.352519893899203, 16.610079575596817, 25.55894848645778])), ('max_itr=1000, solver=saga, vect=TfidfVectorizer, tol=0.01', ([0.7384615384615385, 0.7238726790450929, 0.7270557029177719, 0.7286472148541114, 0.7464152947424323], [14.203713527851459, 16.225464190981434, 16.00159151193634, 14.304509283819629, 13.742432288900691])), ('max_itr=1000, solver=saga, vect=TfidfVectorizer, tol=0.001', ([0.7381962864721485, 0.7238726790450929, 0.7278514588859416, 0.7289124668435013, 0.7461497610196495], [14.192307692307692, 15.976127320954907, 15.93289124668435, 14.446153846153846, 13.741104620286777])), ('max_itr=1000, solver=lbfgs, vect=CountVectorizer, tol=1', ([0.6809018567639258, 0.669761273209549, 0.6777188328912467, 0.6710875331564987, 0.6872012745618693], [16.55835543766578, 19.106366047745357, 19.00557029177719, 17.519628647214855, 16.878916622411047])), ('max_itr=1000, solver=lbfgs, vect=CountVectorizer, tol=0.01', ([0.6811671087533157, 0.670026525198939, 0.6763925729442971, 0.6702917771883289, 0.6872012745618693], [16.571087533156497, 19.03527851458886, 19.17347480106101, 17.8026525198939, 16.795273499734467])), ('max_itr=1000, solver=lbfgs, vect=CountVectorizer, tol=0.001', ([0.6811671087533157, 0.670026525198939, 0.6763925729442971, 0.6702917771883289, 0.6872012745618693], [16.571087533156497, 19.03527851458886, 19.17347480106101, 17.8026525198939, 16.795273499734467])), ('max_itr=1000, solver=lbfgs, vect=TfidfVectorizer, tol=1', ([0.7381962864721485, 0.7246684350132626, 0.7278514588859416, 0.7286472148541114, 0.7458842272968667], [14.197347480106101, 16.00026525198939, 15.89522546419098, 14.63580901856764, 13.759957514604356])), ('max_itr=1000, solver=lbfgs, vect=TfidfVectorizer, tol=0.01', ([0.7381962864721485, 0.7241379310344828, 0.7281167108753316, 0.7289124668435013, 0.7458842272968667], [14.191511936339522, 15.975066312997347, 15.856233421750662, 14.437135278514589, 13.77190653212958])), ('max_itr=1000, solver=lbfgs, vect=TfidfVectorizer, tol=0.001', ([0.7381962864721485, 0.7241379310344828, 0.7281167108753316, 0.7289124668435013, 0.7458842272968667], [14.191511936339522, 15.975066312997347, 15.856233421750662, 14.437135278514589, 13.77190653212958])), ('max_itr=3000, solver=newton-cg, vect=CountVectorizer, tol=1', ([0.6816976127320955, 0.670026525198939, 0.676923076923077, 0.670026525198939, 0.6872012745618693], [16.589389920424402, 19.03527851458886, 19.135013262599468, 17.76710875331565, 16.785979819437067])), ('max_itr=3000, solver=newton-cg, vect=CountVectorizer, tol=0.01', ([0.6811671087533157, 0.670026525198939, 0.6763925729442971, 0.6702917771883289, 0.6872012745618693], [16.571087533156497, 19.03527851458886, 19.17347480106101, 17.8026525198939, 16.785979819437067])), ('max_itr=3000, solver=newton-cg, vect=CountVectorizer, tol=0.001', ([0.6811671087533157, 0.670026525198939, 0.6763925729442971, 0.6702917771883289, 0.6872012745618693], [16.571087533156497, 19.03527851458886, 19.17347480106101, 17.8026525198939, 16.785979819437067])), ('max_itr=3000, solver=newton-cg, vect=TfidfVectorizer, tol=1', ([0.7381962864721485, 0.7244031830238726, 0.7281167108753316, 0.7289124668435013, 0.7461497610196495], [14.282493368700266, 15.983819628647215, 15.884084880636605, 14.435809018567639, 13.7623473181094])), ('max_itr=3000, solver=newton-cg, vect=TfidfVectorizer, tol=0.01', ([0.7381962864721485, 0.7244031830238726, 0.7281167108753316, 0.7291777188328913, 0.7458842272968667], [14.191511936339522, 15.988063660477454, 15.856233421750662, 14.430238726790451, 13.77190653212958])), ('max_itr=3000, solver=newton-cg, vect=TfidfVectorizer, tol=0.001', ([0.7381962864721485, 0.7244031830238726, 0.7281167108753316, 0.7291777188328913, 0.7458842272968667], [14.191511936339522, 15.988063660477454, 15.856233421750662, 14.430238726790451, 13.77190653212958])), ('max_itr=3000, solver=sag, vect=CountVectorizer, tol=1', ([0.2740053050397878, 0.22572944297082229, 0.1970822281167109, 0.22281167108753316, 0.2047265002655337], [37.84005305039788, 47.63766578249337, 50.63474801061008, 49.12122015915119, 46.063993627190655])), ('max_itr=3000, solver=sag, vect=CountVectorizer, tol=0.01', ([0.23925729442970822, 0.246684350132626, 0.2389920424403183, 0.25013262599469493, 0.22809346787041954], [49.96896551724138, 48.98488063660477, 50.37771883289125, 45.643501326259944, 51.46521508231545])), ('max_itr=3000, solver=sag, vect=CountVectorizer, tol=0.001', ([0.35251989389920424, 0.3376657824933687, 0.36710875331564985, 0.35172413793103446, 0.3467870419543282], [37.03368700265252, 38.16976127320955, 38.62387267904509, 36.62307692307692, 37.66250663834307])), ('max_itr=3000, solver=sag, vect=TfidfVectorizer, tol=1', ([0.7116710875331564, 0.7029177718832891, 0.6984084880636605, 0.7074270557029178, 0.7214551248008497], [16.485676392572945, 16.806100795755967, 17.010610079575596, 14.438196286472149, 16.049654806160383])), ('max_itr=3000, solver=sag, vect=TfidfVectorizer, tol=0.01', ([0.7381962864721485, 0.7241379310344828, 0.7286472148541114, 0.7291777188328913, 0.7458842272968667], [14.187533156498674, 16.049336870026526, 15.850928381962865, 14.428381962864721, 13.750663834306957])), ('max_itr=3000, solver=sag, vect=TfidfVectorizer, tol=0.001', ([0.7381962864721485, 0.7241379310344828, 0.7281167108753316, 0.7291777188328913, 0.7458842272968667], [14.191511936339522, 15.992307692307692, 15.856233421750662, 14.430238726790451, 13.77190653212958])), ('max_itr=3000, solver=saga, vect=CountVectorizer, tol=1', ([0.21777188328912467, 0.22811671087533156, 0.21007957559681698, 0.23819628647214855, 0.18374933616569306], [49.790185676392575, 50.16100795755968, 47.01750663129973, 44.06233421750663, 58.117365905469995])), ('max_itr=3000, solver=saga, vect=CountVectorizer, tol=0.01', ([0.23607427055702918, 0.2413793103448276, 0.22917771883289126, 0.24376657824933687, 0.22251725969198088], [50.776923076923076, 49.761273209549074, 51.62413793103448, 46.226790450928384, 52.16569304301646])), ('max_itr=3000, solver=saga, vect=CountVectorizer, tol=0.001', ([0.3053050397877984, 0.29602122015915117, 0.30610079575596816, 0.3039787798408488, 0.29607010090281466], [41.770291777188326, 42.00716180371353, 43.37984084880637, 40.63872679045093, 42.05576208178439])), ('max_itr=3000, solver=saga, vect=TfidfVectorizer, tol=1', ([0.6689655172413793, 0.649867374005305, 0.6541114058355437, 0.6713527851458886, 0.6988847583643123], [15.880636604774535, 17.893368700265253, 18.454907161803714, 16.140848806366048, 18.909187466808284])), ('max_itr=3000, solver=saga, vect=TfidfVectorizer, tol=0.01', ([0.7387267904509284, 0.7241379310344828, 0.7283819628647215, 0.7291777188328913, 0.7464152947424323], [14.171087533156498, 16.114323607427057, 15.886206896551725, 14.322015915119364, 13.740839086563994])), ('max_itr=3000, solver=saga, vect=TfidfVectorizer, tol=0.001', ([0.7384615384615385, 0.7244031830238726, 0.7283819628647215, 0.7289124668435013, 0.7458842272968667], [14.188063660477454, 15.940318302387269, 15.855172413793104, 14.514323607427055, 13.750663834306957])), ('max_itr=3000, solver=lbfgs, vect=CountVectorizer, tol=1', ([0.6809018567639258, 0.669761273209549, 0.6777188328912467, 0.6710875331564987, 0.6872012745618693], [16.55835543766578, 19.106366047745357, 19.00557029177719, 17.519628647214855, 16.878916622411047])), ('max_itr=3000, solver=lbfgs, vect=CountVectorizer, tol=0.01', ([0.6811671087533157, 0.670026525198939, 0.6763925729442971, 0.6702917771883289, 0.6872012745618693], [16.571087533156497, 19.03527851458886, 19.17347480106101, 17.8026525198939, 16.795273499734467])), ('max_itr=3000, solver=lbfgs, vect=CountVectorizer, tol=0.001', ([0.6811671087533157, 0.670026525198939, 0.6763925729442971, 0.6702917771883289, 0.6872012745618693], [16.571087533156497, 19.03527851458886, 19.17347480106101, 17.8026525198939, 16.795273499734467])), ('max_itr=3000, solver=lbfgs, vect=TfidfVectorizer, tol=1', ([0.7381962864721485, 0.7246684350132626, 0.7278514588859416, 0.7286472148541114, 0.7458842272968667], [14.197347480106101, 16.00026525198939, 15.89522546419098, 14.63580901856764, 13.759957514604356])), ('max_itr=3000, solver=lbfgs, vect=TfidfVectorizer, tol=0.01', ([0.7381962864721485, 0.7241379310344828, 0.7281167108753316, 0.7289124668435013, 0.7458842272968667], [14.191511936339522, 15.975066312997347, 15.856233421750662, 14.437135278514589, 13.77190653212958])), ('max_itr=3000, solver=lbfgs, vect=TfidfVectorizer, tol=0.001', ([0.7381962864721485, 0.7241379310344828, 0.7281167108753316, 0.7289124668435013, 0.7458842272968667], [14.191511936339522, 15.975066312997347, 15.856233421750662, 14.437135278514589, 13.77190653212958])), ('max_itr=9000, solver=newton-cg, vect=CountVectorizer, tol=1', ([0.6816976127320955, 0.670026525198939, 0.676923076923077, 0.670026525198939, 0.6872012745618693], [16.589389920424402, 19.03527851458886, 19.135013262599468, 17.76710875331565, 16.785979819437067])), ('max_itr=9000, solver=newton-cg, vect=CountVectorizer, tol=0.01', ([0.6811671087533157, 0.670026525198939, 0.6763925729442971, 0.6702917771883289, 0.6872012745618693], [16.571087533156497, 19.03527851458886, 19.17347480106101, 17.8026525198939, 16.785979819437067])), ('max_itr=9000, solver=newton-cg, vect=CountVectorizer, tol=0.001', ([0.6811671087533157, 0.670026525198939, 0.6763925729442971, 0.6702917771883289, 0.6872012745618693], [16.571087533156497, 19.03527851458886, 19.17347480106101, 17.8026525198939, 16.785979819437067])), ('max_itr=9000, solver=newton-cg, vect=TfidfVectorizer, tol=1', ([0.7381962864721485, 0.7244031830238726, 0.7281167108753316, 0.7289124668435013, 0.7461497610196495], [14.282493368700266, 15.983819628647215, 15.884084880636605, 14.435809018567639, 13.7623473181094])), ('max_itr=9000, solver=newton-cg, vect=TfidfVectorizer, tol=0.01', ([0.7381962864721485, 0.7244031830238726, 0.7281167108753316, 0.7291777188328913, 0.7458842272968667], [14.191511936339522, 15.988063660477454, 15.856233421750662, 14.430238726790451, 13.77190653212958])), ('max_itr=9000, solver=newton-cg, vect=TfidfVectorizer, tol=0.001', ([0.7381962864721485, 0.7244031830238726, 0.7281167108753316, 0.7291777188328913, 0.7458842272968667], [14.191511936339522, 15.988063660477454, 15.856233421750662, 14.430238726790451, 13.77190653212958])), ('max_itr=9000, solver=sag, vect=CountVectorizer, tol=1', ([0.24429708222811672, 0.18541114058355437, 0.21644562334217507, 0.2326259946949602, 0.22411046202867765], [46.244562334217505, 61.87771883289125, 58.76790450928382, 49.50875331564987, 49.54460966542751])), ('max_itr=9000, solver=sag, vect=CountVectorizer, tol=0.01', ([0.2403183023872679, 0.24694960212201592, 0.23978779840848807, 0.2493368700265252, 0.22809346787041954], [49.80716180371353, 48.99787798408488, 50.248541114058355, 45.53342175066313, 51.398566117896976])), ('max_itr=9000, solver=sag, vect=CountVectorizer, tol=0.001', ([0.35251989389920424, 0.3376657824933687, 0.36710875331564985, 0.35172413793103446, 0.3467870419543282], [37.03368700265252, 38.16339522546419, 38.60344827586207, 36.61962864721485, 37.696229421136486])), ('max_itr=9000, solver=sag, vect=TfidfVectorizer, tol=1', ([0.7103448275862069, 0.7087533156498673, 0.6960212201591512, 0.6941644562334217, 0.7206585236325014], [14.60424403183024, 15.990981432360742, 17.348010610079577, 15.543501326259946, 15.628783855549655])), ('max_itr=9000, solver=sag, vect=TfidfVectorizer, tol=0.01', ([0.7384615384615385, 0.7241379310344828, 0.7278514588859416, 0.7289124668435013, 0.7458842272968667], [14.177718832891246, 16.0604774535809, 15.935278514588859, 14.425464190981433, 13.765533722782793])), ('max_itr=9000, solver=sag, vect=TfidfVectorizer, tol=0.001', ([0.7384615384615385, 0.7244031830238726, 0.7281167108753316, 0.7291777188328913, 0.7458842272968667], [14.175331564986738, 15.988063660477454, 15.856233421750662, 14.430238726790451, 13.77190653212958])), ('max_itr=9000, solver=saga, vect=CountVectorizer, tol=1', ([0.21856763925729442, 0.1907161803713528, 0.21273209549071617, 0.24297082228116712, 0.21959638874137016], [50.87957559681698, 59.52864721485411, 53.94562334217507, 38.57002652519894, 55.06027615507169])), ('max_itr=9000, solver=saga, vect=CountVectorizer, tol=0.01', ([0.23607427055702918, 0.24190981432360742, 0.22838196286472148, 0.24350132625994694, 0.22304832713754646], [50.813262599469496, 49.49416445623342, 51.61352785145888, 46.26657824933687, 52.4753053637812])), ('max_itr=9000, solver=saga, vect=CountVectorizer, tol=0.001', ([0.3053050397877984, 0.29602122015915117, 0.30610079575596816, 0.30424403183023874, 0.2963356346255975], [41.770291777188326, 41.98700265251989, 43.37984084880637, 40.63766578249337, 42.02363250132767])), ('max_itr=9000, solver=saga, vect=TfidfVectorizer, tol=1', ([0.6639257294429708, 0.673474801061008, 0.6440318302387268, 0.6737400530503979, 0.683749336165693], [17.615649867374007, 18.092838196286472, 23.287002652519895, 15.86392572944297, 14.851301115241636])), ('max_itr=9000, solver=saga, vect=TfidfVectorizer, tol=0.01', ([0.7397877984084881, 0.7241379310344828, 0.7283819628647215, 0.7294429708222812, 0.745618693574084], [14.228381962864722, 15.975066312997347, 15.883023872679045, 14.309018567639257, 13.765799256505575])), ('max_itr=9000, solver=saga, vect=TfidfVectorizer, tol=0.001', ([0.7381962864721485, 0.7246684350132626, 0.7281167108753316, 0.7291777188328913, 0.7458842272968667], [14.192307692307692, 15.960212201591512, 15.856233421750662, 14.448275862068966, 13.765533722782793])), ('max_itr=9000, solver=lbfgs, vect=CountVectorizer, tol=1', ([0.6809018567639258, 0.669761273209549, 0.6777188328912467, 0.6710875331564987, 0.6872012745618693], [16.55835543766578, 19.106366047745357, 19.00557029177719, 17.519628647214855, 16.878916622411047])), ('max_itr=9000, solver=lbfgs, vect=CountVectorizer, tol=0.01', ([0.6811671087533157, 0.670026525198939, 0.6763925729442971, 0.6702917771883289, 0.6872012745618693], [16.571087533156497, 19.03527851458886, 19.17347480106101, 17.8026525198939, 16.795273499734467])), ('max_itr=9000, solver=lbfgs, vect=CountVectorizer, tol=0.001', ([0.6811671087533157, 0.670026525198939, 0.6763925729442971, 0.6702917771883289, 0.6872012745618693], [16.571087533156497, 19.03527851458886, 19.17347480106101, 17.8026525198939, 16.795273499734467])), ('max_itr=9000, solver=lbfgs, vect=TfidfVectorizer, tol=1', ([0.7381962864721485, 0.7246684350132626, 0.7278514588859416, 0.7286472148541114, 0.7458842272968667], [14.197347480106101, 16.00026525198939, 15.89522546419098, 14.63580901856764, 13.759957514604356])), ('max_itr=9000, solver=lbfgs, vect=TfidfVectorizer, tol=0.01', ([0.7381962864721485, 0.7241379310344828, 0.7281167108753316, 0.7289124668435013, 0.7458842272968667], [14.191511936339522, 15.975066312997347, 15.856233421750662, 14.437135278514589, 13.77190653212958])), ('max_itr=9000, solver=lbfgs, vect=TfidfVectorizer, tol=0.001', ([0.7381962864721485, 0.7241379310344828, 0.7281167108753316, 0.7289124668435013, 0.7458842272968667], [14.191511936339522, 15.975066312997347, 15.856233421750662, 14.437135278514589, 13.77190653212958])), ('max_itr=12000, solver=newton-cg, vect=CountVectorizer, tol=1', ([0.6816976127320955, 0.670026525198939, 0.676923076923077, 0.670026525198939, 0.6872012745618693], [16.589389920424402, 19.03527851458886, 19.135013262599468, 17.76710875331565, 16.785979819437067])), ('max_itr=12000, solver=newton-cg, vect=CountVectorizer, tol=0.01', ([0.6811671087533157, 0.670026525198939, 0.6763925729442971, 0.6702917771883289, 0.6872012745618693], [16.571087533156497, 19.03527851458886, 19.17347480106101, 17.8026525198939, 16.785979819437067])), ('max_itr=12000, solver=newton-cg, vect=CountVectorizer, tol=0.001', ([0.6811671087533157, 0.670026525198939, 0.6763925729442971, 0.6702917771883289, 0.6872012745618693], [16.571087533156497, 19.03527851458886, 19.17347480106101, 17.8026525198939, 16.785979819437067])), ('max_itr=12000, solver=newton-cg, vect=TfidfVectorizer, tol=1', ([0.7381962864721485, 0.7244031830238726, 0.7281167108753316, 0.7289124668435013, 0.7461497610196495], [14.282493368700266, 15.983819628647215, 15.884084880636605, 14.435809018567639, 13.7623473181094])), ('max_itr=12000, solver=newton-cg, vect=TfidfVectorizer, tol=0.01', ([0.7381962864721485, 0.7244031830238726, 0.7281167108753316, 0.7291777188328913, 0.7458842272968667], [14.191511936339522, 15.988063660477454, 15.856233421750662, 14.430238726790451, 13.77190653212958])), ('max_itr=12000, solver=newton-cg, vect=TfidfVectorizer, tol=0.001', ([0.7381962864721485, 0.7244031830238726, 0.7281167108753316, 0.7291777188328913, 0.7458842272968667], [14.191511936339522, 15.988063660477454, 15.856233421750662, 14.430238726790451, 13.77190653212958])), ('max_itr=12000, solver=sag, vect=CountVectorizer, tol=1', ([0.24774535809018566, 0.2273209549071618, 0.20610079575596818, 0.17055702917771884, 0.23951141795007966], [38.271087533156496, 39.4185676392573, 55.52387267904509, 53.99045092838196, 47.58975039830059])), ('max_itr=12000, solver=sag, vect=CountVectorizer, tol=0.01', ([0.23978779840848807, 0.2482758620689655, 0.23925729442970822, 0.2490716180371353, 0.22862453531598512], [49.91511936339523, 48.48912466843501, 50.186472148541114, 45.69761273209549, 51.312533191715346])), ('max_itr=12000, solver=sag, vect=CountVectorizer, tol=0.001', ([0.35251989389920424, 0.3376657824933687, 0.3673740053050398, 0.35172413793103446, 0.347052575677111], [37.03368700265252, 38.172944297082225, 38.59522546419098, 36.62307692307692, 37.662241104620286])), ('max_itr=12000, solver=sag, vect=TfidfVectorizer, tol=1', ([0.7106100795755969, 0.7026525198938992, 0.7005305039787798, 0.7034482758620689, 0.7272968667020712], [15.402387267904508, 17.05809018567639, 16.651724137931033, 15.496021220159152, 15.666755177907595])), ('max_itr=12000, solver=sag, vect=TfidfVectorizer, tol=0.01', ([0.7384615384615385, 0.7244031830238726, 0.7281167108753316, 0.7291777188328913, 0.745618693574084], [14.190185676392574, 15.906896551724138, 15.856233421750662, 14.431564986737401, 13.782793414763676])), ('max_itr=12000, solver=sag, vect=TfidfVectorizer, tol=0.001', ([0.7381962864721485, 0.7241379310344828, 0.7281167108753316, 0.7291777188328913, 0.7458842272968667], [14.191511936339522, 15.992307692307692, 15.856233421750662, 14.430238726790451, 13.77190653212958])), ('max_itr=12000, solver=saga, vect=CountVectorizer, tol=1', ([0.2490716180371353, 0.18381962864721485, 0.22891246684350133, 0.21909814323607427, 0.19224641529474243], [44.41273209549072, 65.32758620689656, 54.183289124668434, 47.36153846153846, 56.97610196494955])), ('max_itr=12000, solver=saga, vect=CountVectorizer, tol=0.01', ([0.23474801061007958, 0.2416445623342175, 0.23023872679045093, 0.24376657824933687, 0.22304832713754646], [50.857294429708226, 49.794429708222815, 51.56472148541114, 46.15676392572944, 52.39723844928306])), ('max_itr=12000, solver=saga, vect=CountVectorizer, tol=0.001', ([0.30583554376657823, 0.29602122015915117, 0.30610079575596816, 0.3039787798408488, 0.29607010090281466], [41.70212201591512, 41.98700265251989, 43.351193633952256, 40.63872679045093, 42.05788635156665])), ('max_itr=12000, solver=saga, vect=TfidfVectorizer, tol=1', ([0.613262599469496, 0.5843501326259947, 0.646684350132626, 0.6936339522546419, 0.6540095592140202], [20.56153846153846, 35.16790450928382, 23.05702917771883, 16.455437665782494, 19.5817843866171])), ('max_itr=12000, solver=saga, vect=TfidfVectorizer, tol=0.01', ([0.7389920424403184, 0.7244031830238726, 0.7281167108753316, 0.7291777188328913, 0.7461497610196495], [14.254641909814323, 15.955968169761274, 15.821485411140584, 14.357294429708222, 13.800584174190123])), ('max_itr=12000, solver=saga, vect=TfidfVectorizer, tol=0.001', ([0.7381962864721485, 0.7244031830238726, 0.7281167108753316, 0.7289124668435013, 0.7458842272968667], [14.192307692307692, 15.97082228116711, 15.856233421750662, 14.358355437665782, 13.77190653212958])), ('max_itr=12000, solver=lbfgs, vect=CountVectorizer, tol=1', ([0.6809018567639258, 0.669761273209549, 0.6777188328912467, 0.6710875331564987, 0.6872012745618693], [16.55835543766578, 19.106366047745357, 19.00557029177719, 17.519628647214855, 16.878916622411047])), ('max_itr=12000, solver=lbfgs, vect=CountVectorizer, tol=0.01', ([0.6811671087533157, 0.670026525198939, 0.6763925729442971, 0.6702917771883289, 0.6872012745618693], [16.571087533156497, 19.03527851458886, 19.17347480106101, 17.8026525198939, 16.795273499734467])), ('max_itr=12000, solver=lbfgs, vect=CountVectorizer, tol=0.001', ([0.6811671087533157, 0.670026525198939, 0.6763925729442971, 0.6702917771883289, 0.6872012745618693], [16.571087533156497, 19.03527851458886, 19.17347480106101, 17.8026525198939, 16.795273499734467])), ('max_itr=12000, solver=lbfgs, vect=TfidfVectorizer, tol=1', ([0.7381962864721485, 0.7246684350132626, 0.7278514588859416, 0.7286472148541114, 0.7458842272968667], [14.197347480106101, 16.00026525198939, 15.89522546419098, 14.63580901856764, 13.759957514604356])), ('max_itr=12000, solver=lbfgs, vect=TfidfVectorizer, tol=0.01', ([0.7381962864721485, 0.7241379310344828, 0.7281167108753316, 0.7289124668435013, 0.7458842272968667], [14.191511936339522, 15.975066312997347, 15.856233421750662, 14.437135278514589, 13.77190653212958])), ('max_itr=12000, solver=lbfgs, vect=TfidfVectorizer, tol=0.001', ([0.7381962864721485, 0.7241379310344828, 0.7281167108753316, 0.7289124668435013, 0.7458842272968667], [14.191511936339522, 15.975066312997347, 15.856233421750662, 14.437135278514589, 13.77190653212958]))]
2021-02-25 18:59:20 INFO     Best result is ('max_itr=9000, solver=saga, vect=TfidfVectorizer, tol=0.01', ([0.7397877984084881, 0.7241379310344828, 0.7283819628647215, 0.7294429708222812, 0.745618693574084], [14.228381962864722, 15.975066312997347, 15.883023872679045, 14.309018567639257, 13.765799256505575]))
