2021-02-24 21:48:16 INFO     
Training with Gridsearch with MultinomialNB (sk learn)
Done without stemming

2021-02-24 21:48:44 INFO     vect=CountVectorizer
2021-02-24 21:48:44 INFO     Starting CV 0/5 Test_Set[0:3770]
2021-02-24 21:49:06 INFO     Starting CV 1/5 Test_Set[3770:7540]
2021-02-24 21:49:32 INFO     Starting CV 2/5 Test_Set[7540:11310]
2021-02-24 21:49:59 INFO     Starting CV 3/5 Test_Set[11310:15080]
2021-02-24 21:50:25 INFO     Starting CV 4/5 Test_Set[15080:18850]
2021-02-24 21:50:54 INFO     ACC: avg: 0.6563745701804925, [0.6445623342175066, 0.6604774535809018, 0.6517241379310345, 0.659946949602122, 0.6651619755708975]
2021-02-24 21:50:54 INFO     ERR: avg: 18.061050499302006, [18.049071618037136, 18.614854111405837, 18.572944297082227, 17.367904509283818, 17.700477960701008]
2021-02-24 21:50:54 INFO     vect=TfidfVectorizer
2021-02-24 21:50:54 INFO     Starting CV 0/5 Test_Set[0:3770]
2021-02-24 21:51:23 INFO     Starting CV 1/5 Test_Set[3770:7540]
2021-02-24 21:51:49 INFO     Starting CV 2/5 Test_Set[7540:11310]
2021-02-24 21:52:10 INFO     Starting CV 3/5 Test_Set[11310:15080]
2021-02-24 21:52:24 INFO     Starting CV 4/5 Test_Set[15080:18850]
2021-02-24 21:52:36 INFO     ACC: avg: 0.6809959838904845, [0.6859416445623342, 0.6710875331564987, 0.6625994694960212, 0.6917771883289124, 0.6935740839086564]
2021-02-24 21:52:36 INFO     ERR: avg: 16.601933705315325, [14.774801061007958, 19.115649867374007, 18.912997347480108, 15.093633952254642, 15.112586298459904]
2021-02-24 21:52:36 INFO     Training complete!
2021-02-24 21:52:36 INFO     [('vect=CountVectorizer', ([0.6445623342175066, 0.6604774535809018, 0.6517241379310345, 0.659946949602122, 0.6651619755708975], [18.049071618037136, 18.614854111405837, 18.572944297082227, 17.367904509283818, 17.700477960701008])), ('vect=TfidfVectorizer', ([0.6859416445623342, 0.6710875331564987, 0.6625994694960212, 0.6917771883289124, 0.6935740839086564], [14.774801061007958, 19.115649867374007, 18.912997347480108, 15.093633952254642, 15.112586298459904]))]
2021-02-24 21:52:36 INFO     Best result is ('vect=TfidfVectorizer', ([0.6859416445623342, 0.6710875331564987, 0.6625994694960212, 0.6917771883289124, 0.6935740839086564], [14.774801061007958, 19.115649867374007, 18.912997347480108, 15.093633952254642, 15.112586298459904]))
