2021-02-25 00:42:30 INFO     
Testing with different training size
MultiNomialBayes(), TfidfVectorizer()

2021-02-25 00:42:41 INFO     Starting 'CV' 0/5 Train=0.2, Test=0.8
2021-02-25 00:42:52 INFO     Starting 'CV' 1/5 Train=0.2, Test=0.8
2021-02-25 00:43:03 INFO     Starting 'CV' 2/5 Train=0.2, Test=0.8
2021-02-25 00:43:14 INFO     Starting 'CV' 3/5 Train=0.2, Test=0.8
2021-02-25 00:43:26 INFO     Starting 'CV' 4/5 Train=0.2, Test=0.8
2021-02-25 00:43:37 INFO     ACC: avg: 0.5764542017642768, [0.5752470650659945, 0.5949459441533461, 0.5573389931684022, 0.5349207402003051, 0.6198182662333356]
2021-02-25 00:43:37 INFO     ERR: avg: 19.515566757312463, [18.911786164356304, 19.080785302115807, 19.722557537971745, 21.512502487232208, 18.35020229488625]
2021-02-25 00:43:37 INFO     Starting 'CV' 0/5 Train=0.4, Test=0.6
2021-02-25 00:43:50 INFO     Starting 'CV' 1/5 Train=0.4, Test=0.6
2021-02-25 00:44:03 INFO     Starting 'CV' 2/5 Train=0.4, Test=0.6
2021-02-25 00:44:17 INFO     Starting 'CV' 3/5 Train=0.4, Test=0.6
2021-02-25 00:44:30 INFO     Starting 'CV' 4/5 Train=0.4, Test=0.6
2021-02-25 00:44:43 INFO     ACC: avg: 0.6377785638486028, [0.6408737177219668, 0.6257516802263884, 0.6189423417049876, 0.6522815705695083, 0.6510435090201627]
2021-02-25 00:44:43 INFO     ERR: avg: 18.51266360099045, [18.496639547223204, 20.848956490979837, 19.17288645206933, 16.926158471878317, 17.118677042801558]
2021-02-25 00:44:43 INFO     Starting 'CV' 0/5 Train=0.6, Test=0.4
2021-02-25 00:45:01 INFO     Starting 'CV' 1/5 Train=0.6, Test=0.4
2021-02-25 00:45:21 INFO     Starting 'CV' 2/5 Train=0.6, Test=0.4
2021-02-25 00:45:40 INFO     Starting 'CV' 3/5 Train=0.6, Test=0.4
2021-02-25 00:46:00 INFO     Starting 'CV' 4/5 Train=0.6, Test=0.4
2021-02-25 00:46:19 INFO     ACC: avg: 0.6638100291854603, [0.6672857521889095, 0.648580525338286, 0.6698063146723269, 0.6759087291058636, 0.6574688246219156]
2021-02-25 00:46:19 INFO     ERR: avg: 17.11430087556381, [16.9989387105333, 18.218360307773946, 16.098434598036615, 16.956089148315204, 17.29968161315999]
2021-02-25 00:46:19 INFO     Starting 'CV' 0/5 Train=0.8, Test=0.19999999999999996
2021-02-25 00:46:41 INFO     Starting 'CV' 1/5 Train=0.8, Test=0.19999999999999996
2021-02-25 00:47:03 INFO     Starting 'CV' 2/5 Train=0.8, Test=0.19999999999999996
2021-02-25 00:47:25 INFO     Starting 'CV' 3/5 Train=0.8, Test=0.19999999999999996
2021-02-25 00:47:48 INFO     Starting 'CV' 4/5 Train=0.8, Test=0.19999999999999996
2021-02-25 00:48:09 INFO     ACC: avg: 0.6789068718492969, [0.6826744494560891, 0.6866542849562218, 0.6691430087556381, 0.6739188113557973, 0.6821438047227382]
2021-02-25 00:48:09 INFO     ERR: avg: 16.45709737330857, [16.741045370124702, 15.365083576545503, 17.004775802600157, 17.24170867604139, 15.932873441231095]
2021-02-25 00:48:09 INFO     Training complete!
2021-02-25 00:48:09 INFO     [('0.2', ([0.5752470650659945, 0.5949459441533461, 0.5573389931684022, 0.5349207402003051, 0.6198182662333356], [18.911786164356304, 19.080785302115807, 19.722557537971745, 21.512502487232208, 18.35020229488625])), ('0.4', ([0.6408737177219668, 0.6257516802263884, 0.6189423417049876, 0.6522815705695083, 0.6510435090201627], [18.496639547223204, 20.848956490979837, 19.17288645206933, 16.926158471878317, 17.118677042801558])), ('0.6', ([0.6672857521889095, 0.648580525338286, 0.6698063146723269, 0.6759087291058636, 0.6574688246219156], [16.9989387105333, 18.218360307773946, 16.098434598036615, 16.956089148315204, 17.29968161315999])), ('0.8', ([0.6826744494560891, 0.6866542849562218, 0.6691430087556381, 0.6739188113557973, 0.6821438047227382], [16.741045370124702, 15.365083576545503, 17.004775802600157, 17.24170867604139, 15.932873441231095]))]
