2021-02-24 21:47:16 INFO     
Training with Gridsearch with BernoulliNB (sk learn)
Done without stemming

2021-02-24 21:47:42 INFO     vect=CountVectorizer
2021-02-24 21:47:42 INFO     Starting CV 0/5 Test_Set[0:3770]
2021-02-24 21:48:07 INFO     Starting CV 1/5 Test_Set[3770:7540]
2021-02-24 21:48:37 INFO     Starting CV 2/5 Test_Set[7540:11310]
2021-02-24 21:49:01 INFO     Starting CV 3/5 Test_Set[11310:15080]
2021-02-24 21:49:30 INFO     Starting CV 4/5 Test_Set[15080:18850]
2021-02-24 21:49:59 INFO     ACC: avg: 0.44173922475422284, [0.42679045092838197, 0.46021220159151194, 0.4196286472148541, 0.4559681697612732, 0.44609665427509293]
2021-02-24 21:49:59 INFO     ERR: avg: 23.827033305113037, [22.50238726790451, 26.051193633952256, 23.717241379310344, 22.719893899204244, 24.14445034519384]
2021-02-24 21:49:59 INFO     vect=TfidfVectorizer
2021-02-24 21:49:59 INFO     Starting CV 0/5 Test_Set[0:3770]
2021-02-24 21:50:28 INFO     Starting CV 1/5 Test_Set[3770:7540]
2021-02-24 21:50:58 INFO     Starting CV 2/5 Test_Set[7540:11310]
2021-02-24 21:51:30 INFO     Starting CV 3/5 Test_Set[11310:15080]
2021-02-24 21:51:56 INFO     Starting CV 4/5 Test_Set[15080:18850]
2021-02-24 21:52:16 INFO     ACC: avg: 0.44173922475422284, [0.42679045092838197, 0.46021220159151194, 0.4196286472148541, 0.4559681697612732, 0.44609665427509293]
2021-02-24 21:52:16 INFO     ERR: avg: 23.827033305113037, [22.50238726790451, 26.051193633952256, 23.717241379310344, 22.719893899204244, 24.14445034519384]
2021-02-24 21:52:16 INFO     Training complete!
2021-02-24 21:52:16 INFO     [('vect=CountVectorizer', ([0.42679045092838197, 0.46021220159151194, 0.4196286472148541, 0.4559681697612732, 0.44609665427509293], [22.50238726790451, 26.051193633952256, 23.717241379310344, 22.719893899204244, 24.14445034519384])), ('vect=TfidfVectorizer', ([0.42679045092838197, 0.46021220159151194, 0.4196286472148541, 0.4559681697612732, 0.44609665427509293], [22.50238726790451, 26.051193633952256, 23.717241379310344, 22.719893899204244, 24.14445034519384]))]
2021-02-24 21:52:16 INFO     Best result is ('vect=CountVectorizer', ([0.42679045092838197, 0.46021220159151194, 0.4196286472148541, 0.4559681697612732, 0.44609665427509293], [22.50238726790451, 26.051193633952256, 23.717241379310344, 22.719893899204244, 24.14445034519384]))
