2021-02-24 15:54:23 INFO     
Training with Gridsearch with Bernuilli, (self implemented)
Done without stemming

2021-02-24 15:54:37 INFO     vect=CountVectorizer
2021-02-24 15:54:37 INFO     Starting CV 0/5 Test_Set[0:3770]
2021-02-24 15:55:06 INFO     Starting CV 1/5 Test_Set[3770:7540]
2021-02-24 15:55:35 INFO     Starting CV 2/5 Test_Set[7540:11310]
2021-02-24 15:55:59 INFO     Starting CV 3/5 Test_Set[11310:15080]
2021-02-24 15:56:19 INFO     Starting CV 4/5 Test_Set[15080:18850]
2021-02-24 15:56:39 INFO     ACC: avg: 0.0, [0.0, 0.0, 0.0, 0.0, 0.0]
2021-02-24 15:56:39 INFO     vect=TfidfVectorizer
2021-02-24 15:56:39 INFO     Starting CV 0/5 Test_Set[0:3770]
2021-02-24 15:57:00 INFO     Starting CV 1/5 Test_Set[3770:7540]
2021-02-24 15:57:21 INFO     Starting CV 2/5 Test_Set[7540:11310]
2021-02-24 15:57:41 INFO     Starting CV 3/5 Test_Set[11310:15080]
2021-02-24 15:58:01 INFO     Starting CV 4/5 Test_Set[15080:18850]
2021-02-24 15:58:23 INFO     ACC: avg: 0.0, [0.0, 0.0, 0.0, 0.0, 0.0]
2021-02-24 15:58:23 INFO     Training complete!
2021-02-24 15:58:23 INFO     [('vect=CountVectorizer', ([0.0, 0.0, 0.0, 0.0, 0.0], [[], [], [], [], []])), ('vect=TfidfVectorizer', ([0.0, 0.0, 0.0, 0.0, 0.0], [[], [], [], [], []]))]
2021-02-24 15:58:23 INFO     Best result is ('vect=CountVectorizer', ([0.0, 0.0, 0.0, 0.0, 0.0], [[], [], [], [], []]))
