2021-02-25 22:42:49 INFO     
Testing Logistic regression on custom train size
max_itr=9000, solver=saga, vect=TfidfVectorizer, tol=0.01

2021-02-25 22:43:00 INFO     Starting 'CV' 0/5 Train=0.2, Test=0.8
2021-02-25 22:43:11 INFO     Starting 'CV' 1/5 Train=0.2, Test=0.8
2021-02-25 22:43:23 INFO     Starting 'CV' 2/5 Train=0.2, Test=0.8
2021-02-25 22:43:33 INFO     Starting 'CV' 3/5 Train=0.2, Test=0.8
2021-02-25 22:43:41 INFO     Starting 'CV' 4/5 Train=0.2, Test=0.8
2021-02-25 22:43:49 INFO     ACC: avg: 0.6680639384492937, [0.6664455793592889, 0.6774557272666977, 0.6687006698945414, 0.6651190555150229, 0.6625986602109173]
2021-02-25 22:43:49 INFO     ERR: avg: 17.36167672613915, [17.001658154805334, 16.33959010413212, 18.6530476885322, 17.747230881475094, 17.066856801751012]
2021-02-25 22:43:49 INFO     Starting 'CV' 0/5 Train=0.4, Test=0.6
2021-02-25 22:44:01 INFO     Starting 'CV' 1/5 Train=0.4, Test=0.6
2021-02-25 22:44:14 INFO     Starting 'CV' 2/5 Train=0.4, Test=0.6
2021-02-25 22:44:28 INFO     Starting 'CV' 3/5 Train=0.4, Test=0.6
2021-02-25 22:44:44 INFO     Starting 'CV' 4/5 Train=0.4, Test=0.6
2021-02-25 22:44:57 INFO     ACC: avg: 0.7066678457729042, [0.7120622568093385, 0.7005659709939865, 0.7079943402900601, 0.705518217191369, 0.7071984435797666]
2021-02-25 22:44:57 INFO     ERR: avg: 16.399434029006013, [15.897240891404316, 16.96719136894234, 16.40210470463389, 16.651574106827024, 16.079059073222496]
2021-02-25 22:44:57 INFO     Starting 'CV' 0/5 Train=0.6, Test=0.4
2021-02-25 22:45:12 INFO     Starting 'CV' 1/5 Train=0.6, Test=0.4
2021-02-25 22:45:31 INFO     Starting 'CV' 2/5 Train=0.6, Test=0.4
2021-02-25 22:45:57 INFO     Starting 'CV' 3/5 Train=0.6, Test=0.4
2021-02-25 22:46:21 INFO     Starting 'CV' 4/5 Train=0.6, Test=0.4
2021-02-25 22:46:50 INFO     ACC: avg: 0.7224993366940833, [0.7237994162907934, 0.7188909525072964, 0.721278853807376, 0.7289732024409658, 0.7195542584239851]
2021-02-25 22:46:50 INFO     ERR: avg: 15.662801804192094, [15.409657734146988, 15.99641814804988, 15.590209604669674, 15.820907402494031, 15.496816131599894]
2021-02-25 22:46:50 INFO     Starting 'CV' 0/5 Train=0.8, Test=0.19999999999999996
2021-02-25 22:47:20 INFO     Starting 'CV' 1/5 Train=0.8, Test=0.19999999999999996
2021-02-25 22:47:44 INFO     Starting 'CV' 2/5 Train=0.8, Test=0.19999999999999996
2021-02-25 22:48:11 INFO     Starting 'CV' 3/5 Train=0.8, Test=0.19999999999999996
2021-02-25 22:48:40 INFO     Starting 'CV' 4/5 Train=0.8, Test=0.19999999999999996
2021-02-25 22:49:07 INFO     ACC: avg: 0.7375431148845848, [0.7460864950915362, 0.7378615017245954, 0.726187317590873, 0.741841337224728, 0.7357389227911914]
2021-02-25 22:49:07 INFO     ERR: avg: 14.432687715574422, [15.007429026266914, 14.494295569116476, 15.0650039798355, 13.072433006102415, 14.524276996550809]
2021-02-25 22:49:07 INFO     Training complete!
2021-02-25 22:49:07 INFO     [('0.2', ([0.6664455793592889, 0.6774557272666977, 0.6687006698945414, 0.6651190555150229, 0.6625986602109173], [17.001658154805334, 16.33959010413212, 18.6530476885322, 17.747230881475094, 17.066856801751012])), ('0.4', ([0.7120622568093385, 0.7005659709939865, 0.7079943402900601, 0.705518217191369, 0.7071984435797666], [15.897240891404316, 16.96719136894234, 16.40210470463389, 16.651574106827024, 16.079059073222496])), ('0.6', ([0.7237994162907934, 0.7188909525072964, 0.721278853807376, 0.7289732024409658, 0.7195542584239851], [15.409657734146988, 15.99641814804988, 15.590209604669674, 15.820907402494031, 15.496816131599894])), ('0.8', ([0.7460864950915362, 0.7378615017245954, 0.726187317590873, 0.741841337224728, 0.7357389227911914], [15.007429026266914, 14.494295569116476, 15.0650039798355, 13.072433006102415, 14.524276996550809]))]
