2021-02-24 21:22:53 INFO     
Training with Gridsearch with BernoulliBayes (self implemented)
Done without stemming

2021-02-24 21:23:25 INFO     vect=CountVectorizer
2021-02-24 21:23:25 INFO     Starting CV 0/5 Test_Set[0:3770]
2021-02-24 21:24:07 INFO     Starting CV 1/5 Test_Set[3770:7540]
2021-02-24 21:24:35 INFO     Starting CV 2/5 Test_Set[7540:11310]
2021-02-24 21:25:03 INFO     Starting CV 3/5 Test_Set[11310:15080]
2021-02-24 21:25:33 INFO     Starting CV 4/5 Test_Set[15080:18850]
2021-02-24 21:25:57 INFO     ACC: avg: 0.042395945293009774, [0.0389920424403183, 0.04482758620689655, 0.05013262599469496, 0.03713527851458886, 0.040892193308550186]
2021-02-24 21:25:57 INFO     ERR: avg: 117.30627251225893, [117.56021220159151, 117.39602122015916, 114.92387267904509, 118.09204244031831, 118.55921402018056]
2021-02-24 21:25:57 INFO     vect=TfidfVectorizer
2021-02-24 21:25:57 INFO     Starting CV 0/5 Test_Set[0:3770]
2021-02-24 21:26:23 INFO     Starting CV 1/5 Test_Set[3770:7540]
2021-02-24 21:26:57 INFO     Starting CV 2/5 Test_Set[7540:11310]
2021-02-24 21:27:31 INFO     Starting CV 3/5 Test_Set[11310:15080]
2021-02-24 21:27:55 INFO     Starting CV 4/5 Test_Set[15080:18850]
2021-02-24 21:28:15 INFO     ACC: avg: 0.11812557139053742, [0.055437665782493366, 0.12493368700265252, 0.12785145888594165, 0.1156498673740053, 0.16675517790759425]
2021-02-24 21:28:15 INFO     ERR: avg: 48.011891008619635, [52.43183023872679, 60.63713527851459, 51.69230769230769, 28.26180371352785, 47.03637812002124]
2021-02-24 21:28:15 INFO     Training complete!
2021-02-24 21:28:15 INFO     [('vect=CountVectorizer', ([0.0389920424403183, 0.04482758620689655, 0.05013262599469496, 0.03713527851458886, 0.040892193308550186], [117.56021220159151, 117.39602122015916, 114.92387267904509, 118.09204244031831, 118.55921402018056])), ('vect=TfidfVectorizer', ([0.055437665782493366, 0.12493368700265252, 0.12785145888594165, 0.1156498673740053, 0.16675517790759425], [52.43183023872679, 60.63713527851459, 51.69230769230769, 28.26180371352785, 47.03637812002124]))]
2021-02-24 21:28:15 INFO     Best result is ('vect=TfidfVectorizer', ([0.055437665782493366, 0.12493368700265252, 0.12785145888594165, 0.1156498673740053, 0.16675517790759425], [52.43183023872679, 60.63713527851459, 51.69230769230769, 28.26180371352785, 47.03637812002124]))
