2021-04-22 18:07:43 INFO     All arguments used for this run
    Namespace(arch='vgg13', batch_size=256, data='/home/dataset/ILSVRC/Data/CLS-LOC', dist_backend='nccl', dist_url='tcp://224.66.41.62:23456', epochs=90, evaluate=True, gpu=None, img=256, keep_logs=True, lr=0.1, momentum=0.9, multiprocessing_distributed=False, normalize=True, pretrained=True, print_freq=10, rank=-1, resume='', seed=None, start_epoch=0, weight_decay=0.0001, workers=4, world_size=-1)
    
2021-04-22 18:07:45 INFO     => using pre-trained model 'vgg13'
2021-04-22 18:09:00 INFO     Test: [  0/196]	Time 59.558 (59.558)	Loss 7.2214e-01 (7.2214e-01)	Acc@1  81.64 ( 81.64)	Acc@5  94.92 ( 94.92)
2021-04-22 18:09:26 INFO     Test: [ 10/196]	Time  2.659 ( 7.848)	Loss 9.9874e-01 (8.3663e-01)	Acc@1  73.05 ( 78.48)	Acc@5  92.97 ( 93.61)
2021-04-22 18:09:53 INFO     Test: [ 20/196]	Time  2.685 ( 5.379)	Loss 9.6737e-01 (8.4999e-01)	Acc@1  78.91 ( 78.20)	Acc@5  90.62 ( 93.55)
2021-04-22 18:10:21 INFO     Test: [ 30/196]	Time  3.617 ( 4.559)	Loss 8.4843e-01 (8.0964e-01)	Acc@1  78.91 ( 79.40)	Acc@5  94.53 ( 93.86)
2021-04-22 18:10:58 INFO     Test: [ 40/196]	Time  6.911 ( 4.349)	Loss 8.8643e-01 (8.6450e-01)	Acc@1  76.17 ( 77.52)	Acc@5  94.53 ( 93.71)
2021-04-22 18:11:33 INFO     Test: [ 50/196]	Time  2.703 ( 4.173)	Loss 5.7723e-01 (8.6272e-01)	Acc@1  87.50 ( 77.28)	Acc@5  97.27 ( 94.00)
2021-04-22 18:11:59 INFO     Test: [ 60/196]	Time  2.668 ( 3.927)	Loss 1.1415e+00 (8.7077e-01)	Acc@1  70.31 ( 76.97)	Acc@5  91.02 ( 94.13)
2021-04-22 18:12:26 INFO     Test: [ 70/196]	Time  2.698 ( 3.751)	Loss 9.7760e-01 (8.5973e-01)	Acc@1  73.05 ( 77.20)	Acc@5  91.41 ( 94.19)
2021-04-22 18:12:56 INFO     Test: [ 80/196]	Time  2.668 ( 3.651)	Loss 1.6435e+00 (8.8359e-01)	Acc@1  59.77 ( 76.71)	Acc@5  84.77 ( 93.79)
2021-04-22 18:13:22 INFO     Test: [ 90/196]	Time  2.694 ( 3.544)	Loss 2.2552e+00 (9.4882e-01)	Acc@1  49.61 ( 75.41)	Acc@5  77.34 ( 92.97)
2021-04-22 18:13:49 INFO     Test: [100/196]	Time  2.654 ( 3.458)	Loss 1.6993e+00 (1.0116e+00)	Acc@1  58.20 ( 74.08)	Acc@5  83.20 ( 92.17)
2021-04-22 18:14:16 INFO     Test: [110/196]	Time  2.658 ( 3.387)	Loss 1.1426e+00 (1.0364e+00)	Acc@1  73.05 ( 73.62)	Acc@5  89.45 ( 91.81)
2021-04-22 18:14:43 INFO     Test: [120/196]	Time  2.713 ( 3.328)	Loss 1.6275e+00 (1.0595e+00)	Acc@1  59.77 ( 73.26)	Acc@5  82.42 ( 91.46)
2021-04-22 18:15:09 INFO     Test: [130/196]	Time  2.672 ( 3.278)	Loss 9.5657e-01 (1.0949e+00)	Acc@1  75.39 ( 72.45)	Acc@5  92.19 ( 91.06)
2021-04-22 18:15:36 INFO     Test: [140/196]	Time  2.670 ( 3.235)	Loss 1.4048e+00 (1.1175e+00)	Acc@1  67.97 ( 72.09)	Acc@5  87.89 ( 90.74)
2021-04-22 18:16:03 INFO     Test: [150/196]	Time  2.670 ( 3.198)	Loss 1.3037e+00 (1.1396e+00)	Acc@1  75.78 ( 71.69)	Acc@5  85.55 ( 90.37)
2021-04-22 18:16:30 INFO     Test: [160/196]	Time  2.695 ( 3.166)	Loss 9.8997e-01 (1.1585e+00)	Acc@1  78.52 ( 71.34)	Acc@5  91.02 ( 90.09)
2021-04-22 18:16:56 INFO     Test: [170/196]	Time  2.656 ( 3.137)	Loss 7.9746e-01 (1.1788e+00)	Acc@1  79.69 ( 70.86)	Acc@5  95.70 ( 89.83)
2021-04-22 18:17:23 INFO     Test: [180/196]	Time  2.672 ( 3.112)	Loss 1.2982e+00 (1.1952e+00)	Acc@1  63.28 ( 70.47)	Acc@5  91.80 ( 89.62)
2021-04-22 18:17:51 INFO     Test: [190/196]	Time  2.674 ( 3.096)	Loss 1.3167e+00 (1.1914e+00)	Acc@1  61.33 ( 70.47)	Acc@5  91.80 ( 89.72)
2021-04-22 18:18:19 INFO      * Acc@1 70.634 Acc@5 89.778
