2021-04-22 18:00:12 INFO     All arguments used for this run
    Namespace(arch='vgg11', batch_size=256, data='/home/dataset/ILSVRC/Data/CLS-LOC', dist_backend='nccl', dist_url='tcp://224.66.41.62:23456', epochs=90, evaluate=True, gpu=None, img=256, keep_logs=True, lr=0.1, momentum=0.9, multiprocessing_distributed=False, normalize=True, pretrained=True, print_freq=10, rank=-1, resume='', seed=None, start_epoch=0, weight_decay=0.0001, workers=4, world_size=-1)
    
2021-04-22 18:00:14 INFO     => using pre-trained model 'vgg11'
2021-04-22 18:00:54 INFO     Test: [  0/196]	Time 24.838 (24.838)	Loss 7.2249e-01 (7.2249e-01)	Acc@1  80.86 ( 80.86)	Acc@5  96.09 ( 96.09)
2021-04-22 18:01:11 INFO     Test: [ 10/196]	Time  1.736 ( 3.815)	Loss 1.0525e+00 (8.5352e-01)	Acc@1  70.70 ( 77.81)	Acc@5  91.80 ( 93.89)
2021-04-22 18:01:28 INFO     Test: [ 20/196]	Time  1.695 ( 2.809)	Loss 1.0088e+00 (8.8191e-01)	Acc@1  78.91 ( 77.36)	Acc@5  89.84 ( 93.25)
2021-04-22 18:01:45 INFO     Test: [ 30/196]	Time  1.694 ( 2.471)	Loss 8.8616e-01 (8.4560e-01)	Acc@1  76.17 ( 78.36)	Acc@5  93.75 ( 93.50)
2021-04-22 18:02:02 INFO     Test: [ 40/196]	Time  1.675 ( 2.284)	Loss 9.4435e-01 (8.9902e-01)	Acc@1  76.95 ( 76.54)	Acc@5  94.14 ( 93.37)
2021-04-22 18:02:20 INFO     Test: [ 50/196]	Time  1.729 ( 2.173)	Loss 6.4689e-01 (8.9599e-01)	Acc@1  83.98 ( 76.28)	Acc@5  94.92 ( 93.60)
2021-04-22 18:02:45 INFO     Test: [ 60/196]	Time  4.496 ( 2.231)	Loss 1.1437e+00 (9.0491e-01)	Acc@1  67.58 ( 76.01)	Acc@5  93.36 ( 93.69)
2021-04-22 18:03:13 INFO     Test: [ 70/196]	Time  1.736 ( 2.316)	Loss 9.8806e-01 (8.9156e-01)	Acc@1  72.66 ( 76.39)	Acc@5  94.14 ( 93.83)
2021-04-22 18:03:30 INFO     Test: [ 80/196]	Time  1.697 ( 2.241)	Loss 1.6624e+00 (9.1419e-01)	Acc@1  60.16 ( 76.01)	Acc@5  85.94 ( 93.51)
2021-04-22 18:03:49 INFO     Test: [ 90/196]	Time  1.677 ( 2.206)	Loss 2.2630e+00 (9.7721e-01)	Acc@1  51.17 ( 74.67)	Acc@5  80.08 ( 92.74)
2021-04-22 18:04:10 INFO     Test: [100/196]	Time  1.671 ( 2.189)	Loss 1.7278e+00 (1.0410e+00)	Acc@1  56.64 ( 73.29)	Acc@5  80.86 ( 91.89)
2021-04-22 18:04:34 INFO     Test: [110/196]	Time  1.796 ( 2.213)	Loss 1.0931e+00 (1.0652e+00)	Acc@1  71.88 ( 72.82)	Acc@5  89.84 ( 91.52)
2021-04-22 18:04:52 INFO     Test: [120/196]	Time  1.681 ( 2.174)	Loss 1.7009e+00 (1.0900e+00)	Acc@1  61.72 ( 72.48)	Acc@5  81.64 ( 91.13)
2021-04-22 18:05:09 INFO     Test: [130/196]	Time  1.707 ( 2.141)	Loss 1.0758e+00 (1.1281e+00)	Acc@1  73.44 ( 71.64)	Acc@5  92.19 ( 90.66)
2021-04-22 18:05:26 INFO     Test: [140/196]	Time  1.680 ( 2.111)	Loss 1.4269e+00 (1.1532e+00)	Acc@1  66.80 ( 71.24)	Acc@5  87.89 ( 90.28)
2021-04-22 18:05:44 INFO     Test: [150/196]	Time  1.689 ( 2.086)	Loss 1.3386e+00 (1.1762e+00)	Acc@1  72.66 ( 70.81)	Acc@5  85.16 ( 89.91)
2021-04-22 18:06:01 INFO     Test: [160/196]	Time  1.722 ( 2.062)	Loss 1.0132e+00 (1.1958e+00)	Acc@1  77.34 ( 70.42)	Acc@5  92.19 ( 89.65)
2021-04-22 18:06:18 INFO     Test: [170/196]	Time  1.681 ( 2.045)	Loss 7.9065e-01 (1.2164e+00)	Acc@1  80.08 ( 69.91)	Acc@5  96.09 ( 89.36)
2021-04-22 18:06:42 INFO     Test: [180/196]	Time  4.145 ( 2.064)	Loss 1.3915e+00 (1.2340e+00)	Acc@1  62.89 ( 69.50)	Acc@5  90.62 ( 89.20)
2021-04-22 18:07:17 INFO     Test: [190/196]	Time  3.981 ( 2.137)	Loss 1.3578e+00 (1.2303e+00)	Acc@1  62.11 ( 69.56)	Acc@5  91.80 ( 89.28)
2021-04-22 18:07:39 INFO      * Acc@1 69.736 Acc@5 89.342
