2021-04-22 18:18:22 INFO     All arguments used for this run
    Namespace(arch='vgg16', batch_size=256, data='/home/dataset/ILSVRC/Data/CLS-LOC', dist_backend='nccl', dist_url='tcp://224.66.41.62:23456', epochs=90, evaluate=True, gpu=None, img=256, keep_logs=True, lr=0.1, momentum=0.9, multiprocessing_distributed=False, normalize=True, pretrained=True, print_freq=10, rank=-1, resume='', seed=None, start_epoch=0, weight_decay=0.0001, workers=4, world_size=-1)
    
2021-04-22 18:18:22 INFO     => using pre-trained model 'vgg16'
2021-04-22 18:19:44 INFO     Test: [  0/196]	Time 60.639 (60.639)	Loss 5.8537e-01 (5.8537e-01)	Acc@1  85.94 ( 85.94)	Acc@5  97.27 ( 97.27)
2021-04-22 18:20:17 INFO     Test: [ 10/196]	Time  3.303 ( 8.523)	Loss 1.0008e+00 (7.5370e-01)	Acc@1  73.05 ( 80.61)	Acc@5  94.53 ( 95.03)
2021-04-22 18:20:50 INFO     Test: [ 20/196]	Time  3.324 ( 6.042)	Loss 8.3515e-01 (7.8023e-01)	Acc@1  83.59 ( 80.06)	Acc@5  91.02 ( 94.40)
2021-04-22 18:21:23 INFO     Test: [ 30/196]	Time  3.302 ( 5.161)	Loss 7.9053e-01 (7.5263e-01)	Acc@1  80.08 ( 80.75)	Acc@5  94.92 ( 94.59)
2021-04-22 18:21:57 INFO     Test: [ 40/196]	Time  3.314 ( 4.712)	Loss 7.7912e-01 (8.0236e-01)	Acc@1  80.86 ( 78.96)	Acc@5  95.70 ( 94.56)
2021-04-22 18:22:30 INFO     Test: [ 50/196]	Time  3.312 ( 4.441)	Loss 5.1760e-01 (7.9684e-01)	Acc@1  86.33 ( 79.04)	Acc@5  97.66 ( 94.85)
2021-04-22 18:23:03 INFO     Test: [ 60/196]	Time  3.308 ( 4.256)	Loss 1.1102e+00 (8.0961e-01)	Acc@1  68.75 ( 78.54)	Acc@5  92.97 ( 94.89)
2021-04-22 18:23:36 INFO     Test: [ 70/196]	Time  3.312 ( 4.125)	Loss 8.7469e-01 (7.9406e-01)	Acc@1  75.39 ( 78.87)	Acc@5  93.36 ( 95.00)
2021-04-22 18:24:09 INFO     Test: [ 80/196]	Time  3.322 ( 4.026)	Loss 1.6407e+00 (8.1829e-01)	Acc@1  60.55 ( 78.42)	Acc@5  87.89 ( 94.74)
2021-04-22 18:24:43 INFO     Test: [ 90/196]	Time  3.314 ( 3.948)	Loss 2.0897e+00 (8.7740e-01)	Acc@1  53.12 ( 77.06)	Acc@5  81.64 ( 94.08)
2021-04-22 18:25:16 INFO     Test: [100/196]	Time  3.318 ( 3.885)	Loss 1.4540e+00 (9.3399e-01)	Acc@1  58.98 ( 75.77)	Acc@5  87.89 ( 93.36)
2021-04-22 18:25:49 INFO     Test: [110/196]	Time  3.311 ( 3.832)	Loss 1.0812e+00 (9.5702e-01)	Acc@1  74.22 ( 75.35)	Acc@5  90.62 ( 93.02)
2021-04-22 18:26:22 INFO     Test: [120/196]	Time  3.306 ( 3.788)	Loss 1.5279e+00 (9.7888e-01)	Acc@1  62.89 ( 75.03)	Acc@5  84.38 ( 92.66)
2021-04-22 18:26:55 INFO     Test: [130/196]	Time  3.333 ( 3.752)	Loss 8.8387e-01 (1.0144e+00)	Acc@1  78.91 ( 74.29)	Acc@5  94.53 ( 92.23)
2021-04-22 18:27:28 INFO     Test: [140/196]	Time  3.304 ( 3.721)	Loss 1.1885e+00 (1.0347e+00)	Acc@1  71.09 ( 73.90)	Acc@5  88.67 ( 91.94)
2021-04-22 18:28:01 INFO     Test: [150/196]	Time  3.317 ( 3.693)	Loss 1.1088e+00 (1.0554e+00)	Acc@1  77.34 ( 73.49)	Acc@5  90.62 ( 91.61)
2021-04-22 18:28:34 INFO     Test: [160/196]	Time  3.321 ( 3.669)	Loss 8.9427e-01 (1.0715e+00)	Acc@1  80.86 ( 73.24)	Acc@5  93.36 ( 91.35)
2021-04-22 18:29:07 INFO     Test: [170/196]	Time  3.301 ( 3.648)	Loss 7.0110e-01 (1.0918e+00)	Acc@1  80.86 ( 72.76)	Acc@5  96.48 ( 91.09)
2021-04-22 18:29:40 INFO     Test: [180/196]	Time  3.298 ( 3.629)	Loss 1.2511e+00 (1.1070e+00)	Acc@1  68.36 ( 72.41)	Acc@5  91.80 ( 90.92)
2021-04-22 18:30:13 INFO     Test: [190/196]	Time  3.294 ( 3.612)	Loss 1.3686e+00 (1.1064e+00)	Acc@1  62.50 ( 72.42)	Acc@5  92.19 ( 91.01)
2021-04-22 18:30:41 INFO      * Acc@1 72.546 Acc@5 91.046
