2021-04-24 04:00:36 INFO     All arguments used for this run
    Namespace(arch='custom', batch_size=175, data='/home/dataset/ILSVRC/Data/CLS-LOC', dist_backend='nccl', dist_url='tcp://224.66.41.62:23456', epochs=90, evaluate=False, gpu=None, img=256, jitter_val=[], keep_logs=True, lr=0.1, momentum=0.9, multiprocessing_distributed=False, normalize=True, pretrained=False, print_freq=10, rank=-1, resume='', seed=None, start_epoch=0, weight_decay=0.0001, workers=4, world_size=-1)
    
2021-04-24 04:00:36 INFO     => using custom model
2021-04-24 04:00:39 INFO     Model Config
    VGG(
  (features): Sequential(
    (0): Conv2d(3, 64, kernel_size=(3, 3), stride=(1, 1), padding=(1, 1))
    (1): ReLU(inplace=True)
    (2): MaxPool2d(kernel_size=2, stride=2, padding=0, dilation=1, ceil_mode=False)
    (3): Conv2d(64, 128, kernel_size=(3, 3), stride=(1, 1), padding=(1, 1))
    (4): ReLU(inplace=True)
    (5): MaxPool2d(kernel_size=2, stride=2, padding=0, dilation=1, ceil_mode=False)
    (6): Conv2d(128, 256, kernel_size=(3, 3), stride=(1, 1), padding=(1, 1))
    (7): ReLU(inplace=True)
    (8): Conv2d(256, 256, kernel_size=(3, 3), stride=(1, 1), padding=(1, 1))
    (9): ReLU(inplace=True)
    (10): MaxPool2d(kernel_size=2, stride=2, padding=0, dilation=1, ceil_mode=False)
    (11): Conv2d(256, 512, kernel_size=(3, 3), stride=(1, 1), padding=(1, 1))
    (12): ReLU(inplace=True)
    (13): Conv2d(512, 512, kernel_size=(3, 3), stride=(1, 1), padding=(1, 1))
    (14): ReLU(inplace=True)
    (15): MaxPool2d(kernel_size=2, stride=2, padding=0, dilation=1, ceil_mode=False)
  )
  (avgpool): AdaptiveAvgPool2d(output_size=(7, 7))
  (classifier): Sequential(
    (0): Linear(in_features=25088, out_features=4096, bias=True)
    (1): ReLU(inplace=True)
    (2): Dropout(p=0.5, inplace=False)
    (3): Linear(in_features=4096, out_features=4096, bias=True)
    (4): ReLU(inplace=True)
    (5): Dropout(p=0.5, inplace=False)
    (6): Linear(in_features=4096, out_features=1000, bias=True)
  )
)
    
2021-04-24 04:00:58 INFO     Epoch: [0][   0/7321]	Time 10.997 (10.997)	Data  3.096 ( 3.096)	Loss 6.9113e+00 (6.9113e+00)	Acc@1   0.00 (  0.00)	Acc@5   0.57 (  0.57)
2021-04-24 04:01:06 INFO     Epoch: [0][  10/7321]	Time  0.856 ( 1.734)	Data  0.000 ( 0.285)	Loss 6.9269e+00 (6.9165e+00)	Acc@1   0.00 (  0.16)	Acc@5   0.00 (  0.42)
2021-04-24 04:01:15 INFO     Epoch: [0][  20/7321]	Time  0.838 ( 1.315)	Data  0.000 ( 0.177)	Loss 6.9063e+00 (6.9132e+00)	Acc@1   0.00 (  0.14)	Acc@5   0.00 (  0.46)
2021-04-24 04:01:23 INFO     Epoch: [0][  30/7321]	Time  0.849 ( 1.165)	Data  0.000 ( 0.139)	Loss 6.9102e+00 (6.9119e+00)	Acc@1   0.00 (  0.13)	Acc@5   0.57 (  0.48)
2021-04-24 04:01:32 INFO     Epoch: [0][  40/7321]	Time  0.852 ( 1.089)	Data  0.000 ( 0.120)	Loss 6.9085e+00 (6.9103e+00)	Acc@1   0.00 (  0.15)	Acc@5   0.57 (  0.57)
2021-04-24 04:01:40 INFO     Epoch: [0][  50/7321]	Time  0.849 ( 1.042)	Data  0.000 ( 0.108)	Loss 6.8978e+00 (6.9090e+00)	Acc@1   0.00 (  0.15)	Acc@5   0.57 (  0.56)
2021-04-24 04:01:49 INFO     Epoch: [0][  60/7321]	Time  0.850 ( 1.011)	Data  0.000 ( 0.100)	Loss 6.8963e+00 (6.9084e+00)	Acc@1   0.57 (  0.18)	Acc@5   0.57 (  0.56)
2021-04-24 04:01:57 INFO     Epoch: [0][  70/7321]	Time  0.847 ( 0.989)	Data  0.000 ( 0.095)	Loss 6.8888e+00 (6.9074e+00)	Acc@1   0.57 (  0.18)	Acc@5   1.14 (  0.57)
2021-04-24 04:02:06 INFO     Epoch: [0][  80/7321]	Time  0.846 ( 0.972)	Data  0.001 ( 0.091)	Loss 6.8850e+00 (6.9064e+00)	Acc@1   0.00 (  0.18)	Acc@5   0.00 (  0.60)
2021-04-24 04:02:14 INFO     Epoch: [0][  90/7321]	Time  0.849 ( 0.959)	Data  0.000 ( 0.087)	Loss 6.9054e+00 (6.9051e+00)	Acc@1   0.00 (  0.18)	Acc@5   1.71 (  0.65)
2021-04-24 04:02:23 INFO     Epoch: [0][ 100/7321]	Time  0.852 ( 0.948)	Data  0.001 ( 0.085)	Loss 6.8923e+00 (6.9038e+00)	Acc@1   0.57 (  0.17)	Acc@5   1.14 (  0.65)
2021-04-24 04:02:31 INFO     Epoch: [0][ 110/7321]	Time  0.851 ( 0.940)	Data  0.000 ( 0.082)	Loss 6.9045e+00 (6.9024e+00)	Acc@1   0.00 (  0.19)	Acc@5   0.00 (  0.66)
2021-04-24 04:02:40 INFO     Epoch: [0][ 120/7321]	Time  0.852 ( 0.933)	Data  0.000 ( 0.081)	Loss 6.8572e+00 (6.9008e+00)	Acc@1   0.00 (  0.18)	Acc@5   1.14 (  0.68)
2021-04-24 04:02:49 INFO     Epoch: [0][ 130/7321]	Time  0.853 ( 0.927)	Data  0.000 ( 0.079)	Loss 6.8946e+00 (6.8996e+00)	Acc@1   0.00 (  0.17)	Acc@5   0.00 (  0.67)
2021-04-24 04:02:57 INFO     Epoch: [0][ 140/7321]	Time  0.848 ( 0.922)	Data  0.000 ( 0.078)	Loss 6.8824e+00 (6.8980e+00)	Acc@1   0.00 (  0.18)	Acc@5   0.57 (  0.69)
2021-04-24 04:03:06 INFO     Epoch: [0][ 150/7321]	Time  0.851 ( 0.917)	Data  0.000 ( 0.077)	Loss 6.8506e+00 (6.8960e+00)	Acc@1   0.57 (  0.17)	Acc@5   0.57 (  0.68)
2021-04-24 04:03:14 INFO     Epoch: [0][ 160/7321]	Time  0.850 ( 0.913)	Data  0.008 ( 0.076)	Loss 6.8622e+00 (6.8946e+00)	Acc@1   0.00 (  0.17)	Acc@5   1.14 (  0.69)
2021-04-24 04:03:23 INFO     Epoch: [0][ 170/7321]	Time  0.847 ( 0.910)	Data  0.001 ( 0.075)	Loss 6.8807e+00 (6.8933e+00)	Acc@1   0.57 (  0.18)	Acc@5   0.57 (  0.71)
2021-04-24 04:03:31 INFO     Epoch: [0][ 180/7321]	Time  0.845 ( 0.907)	Data  0.006 ( 0.074)	Loss 6.8872e+00 (6.8932e+00)	Acc@1   0.00 (  0.18)	Acc@5   0.00 (  0.70)
2021-04-24 04:03:40 INFO     Epoch: [0][ 190/7321]	Time  0.849 ( 0.904)	Data  0.000 ( 0.073)	Loss 6.8845e+00 (6.8925e+00)	Acc@1   0.57 (  0.18)	Acc@5   0.57 (  0.71)
2021-04-24 04:03:48 INFO     Epoch: [0][ 200/7321]	Time  0.854 ( 0.902)	Data  0.000 ( 0.073)	Loss 6.8947e+00 (6.8921e+00)	Acc@1   0.00 (  0.18)	Acc@5   0.57 (  0.72)
2021-04-24 04:03:57 INFO     Epoch: [0][ 210/7321]	Time  0.848 ( 0.899)	Data  0.000 ( 0.072)	Loss 6.8930e+00 (6.8920e+00)	Acc@1   0.00 (  0.17)	Acc@5   0.00 (  0.72)
2021-04-24 04:04:05 INFO     Epoch: [0][ 220/7321]	Time  0.848 ( 0.897)	Data  0.000 ( 0.071)	Loss 6.8395e+00 (6.8911e+00)	Acc@1   0.00 (  0.18)	Acc@5   0.57 (  0.73)
2021-04-24 04:04:14 INFO     Epoch: [0][ 230/7321]	Time  0.851 ( 0.895)	Data  0.000 ( 0.071)	Loss 6.8892e+00 (6.8904e+00)	Acc@1   0.00 (  0.18)	Acc@5   1.71 (  0.75)
2021-04-24 04:04:22 INFO     Epoch: [0][ 240/7321]	Time  0.849 ( 0.894)	Data  0.000 ( 0.071)	Loss 6.8211e+00 (6.8887e+00)	Acc@1   0.00 (  0.17)	Acc@5   1.71 (  0.77)
2021-04-24 04:04:31 INFO     Epoch: [0][ 250/7321]	Time  0.848 ( 0.892)	Data  0.000 ( 0.070)	Loss 6.8179e+00 (6.8871e+00)	Acc@1   0.57 (  0.18)	Acc@5   1.14 (  0.78)
2021-04-24 04:04:40 INFO     Epoch: [0][ 260/7321]	Time  0.849 ( 0.890)	Data  0.000 ( 0.070)	Loss 6.8672e+00 (6.8866e+00)	Acc@1   0.00 (  0.18)	Acc@5   0.57 (  0.79)
2021-04-24 04:04:48 INFO     Epoch: [0][ 270/7321]	Time  0.853 ( 0.889)	Data  0.000 ( 0.069)	Loss 6.8652e+00 (6.8859e+00)	Acc@1   0.00 (  0.18)	Acc@5   1.14 (  0.78)
2021-04-24 04:04:57 INFO     Epoch: [0][ 280/7321]	Time  0.851 ( 0.888)	Data  0.000 ( 0.069)	Loss 6.8850e+00 (6.8854e+00)	Acc@1   0.00 (  0.18)	Acc@5   0.00 (  0.78)
2021-04-24 04:05:05 INFO     Epoch: [0][ 290/7321]	Time  0.849 ( 0.886)	Data  0.000 ( 0.069)	Loss 6.8367e+00 (6.8842e+00)	Acc@1   0.57 (  0.18)	Acc@5   1.71 (  0.79)
2021-04-24 04:05:14 INFO     Epoch: [0][ 300/7321]	Time  0.843 ( 0.885)	Data  0.000 ( 0.068)	Loss 6.8584e+00 (6.8834e+00)	Acc@1   0.00 (  0.18)	Acc@5   1.14 (  0.80)
2021-04-24 04:05:22 INFO     Epoch: [0][ 310/7321]	Time  0.850 ( 0.884)	Data  0.000 ( 0.068)	Loss 6.8936e+00 (6.8827e+00)	Acc@1   0.00 (  0.18)	Acc@5   0.57 (  0.80)
2021-04-24 04:05:31 INFO     Epoch: [0][ 320/7321]	Time  0.847 ( 0.883)	Data  0.001 ( 0.068)	Loss 6.7564e+00 (6.8816e+00)	Acc@1   0.57 (  0.18)	Acc@5   1.71 (  0.80)
2021-04-24 04:05:39 INFO     Epoch: [0][ 330/7321]	Time  0.858 ( 0.882)	Data  0.000 ( 0.068)	Loss 6.8724e+00 (6.8812e+00)	Acc@1   0.00 (  0.18)	Acc@5   0.00 (  0.79)
2021-04-24 04:05:48 INFO     Epoch: [0][ 340/7321]	Time  0.848 ( 0.882)	Data  0.000 ( 0.068)	Loss 6.9417e+00 (6.8806e+00)	Acc@1   0.00 (  0.18)	Acc@5   0.00 (  0.80)
2021-04-24 04:05:56 INFO     Epoch: [0][ 350/7321]	Time  0.848 ( 0.881)	Data  0.001 ( 0.067)	Loss 6.8694e+00 (6.8798e+00)	Acc@1   0.00 (  0.18)	Acc@5   0.00 (  0.81)
2021-04-24 04:06:05 INFO     Epoch: [0][ 360/7321]	Time  0.855 ( 0.880)	Data  0.000 ( 0.067)	Loss 6.8900e+00 (6.8794e+00)	Acc@1   0.00 (  0.19)	Acc@5   0.00 (  0.81)
2021-04-24 04:06:13 INFO     Epoch: [0][ 370/7321]	Time  0.847 ( 0.879)	Data  0.000 ( 0.067)	Loss 6.7816e+00 (6.8785e+00)	Acc@1   0.00 (  0.19)	Acc@5   1.71 (  0.82)
2021-04-24 04:06:22 INFO     Epoch: [0][ 380/7321]	Time  0.848 ( 0.879)	Data  0.000 ( 0.067)	Loss 6.8432e+00 (6.8776e+00)	Acc@1   0.00 (  0.19)	Acc@5   0.57 (  0.83)
2021-04-24 04:06:30 INFO     Epoch: [0][ 390/7321]	Time  0.852 ( 0.878)	Data  0.000 ( 0.067)	Loss 6.8079e+00 (6.8766e+00)	Acc@1   1.14 (  0.19)	Acc@5   2.29 (  0.84)
2021-04-24 04:06:39 INFO     Epoch: [0][ 400/7321]	Time  0.849 ( 0.878)	Data  0.000 ( 0.066)	Loss 6.8625e+00 (6.8759e+00)	Acc@1   0.57 (  0.19)	Acc@5   0.57 (  0.84)
2021-04-24 04:06:48 INFO     Epoch: [0][ 410/7321]	Time  0.848 ( 0.877)	Data  0.000 ( 0.066)	Loss 6.8222e+00 (6.8753e+00)	Acc@1   1.14 (  0.19)	Acc@5   1.14 (  0.85)
2021-04-24 04:06:56 INFO     Epoch: [0][ 420/7321]	Time  0.852 ( 0.876)	Data  0.000 ( 0.066)	Loss 6.8829e+00 (6.8744e+00)	Acc@1   0.57 (  0.20)	Acc@5   0.57 (  0.85)
2021-04-24 04:07:05 INFO     Epoch: [0][ 430/7321]	Time  0.848 ( 0.876)	Data  0.000 ( 0.066)	Loss 6.8691e+00 (6.8735e+00)	Acc@1   0.00 (  0.20)	Acc@5   0.57 (  0.86)
2021-04-24 04:07:13 INFO     Epoch: [0][ 440/7321]	Time  0.851 ( 0.875)	Data  0.000 ( 0.066)	Loss 6.8218e+00 (6.8728e+00)	Acc@1   1.14 (  0.20)	Acc@5   1.71 (  0.86)
2021-04-24 04:07:22 INFO     Epoch: [0][ 450/7321]	Time  0.850 ( 0.875)	Data  0.000 ( 0.066)	Loss 6.8183e+00 (6.8723e+00)	Acc@1   0.00 (  0.20)	Acc@5   1.71 (  0.86)
