2021-04-27 02:39:12 INFO     All arguments used for this run
    Namespace(arch='custom', batch_size=128, data='/home/dataset/ILSVRC/Data/CLS-LOC', dist_backend='nccl', dist_url='tcp://224.66.41.62:23456', epochs=90, evaluate=False, gpu=None, img=256, jitter_train=[], jitter_val=[], keep_logs=True, lr=0.001, momentum=0.9, multiprocessing_distributed=False, normalize=True, pretrained=True, print_freq=500, rank=-1, resume='', seed=None, start_epoch=0, weight_decay=0.0001, workers=4, world_size=-1)
    
2021-04-27 02:39:12 INFO     => using custom model
2021-04-27 02:39:13 INFO     Model Config: ** Changed to kernel size of 5 **
    VGG(
  (features): Sequential(
    (0): Conv2d(3, 64, kernel_size=(3, 3), stride=(1, 1), padding=(1, 1))
    (1): ReLU(inplace=True)
    (2): MaxPool2d(kernel_size=2, stride=2, padding=0, dilation=1, ceil_mode=False)
    (3): Conv2d(64, 128, kernel_size=(3, 3), stride=(1, 1), padding=(1, 1))
    (4): ReLU(inplace=True)
    (5): MaxPool2d(kernel_size=2, stride=2, padding=0, dilation=1, ceil_mode=False)
    (6): Conv2d(128, 256, kernel_size=(3, 3), stride=(1, 1), padding=(1, 1))
    (7): ReLU(inplace=True)
    (8): Conv2d(256, 256, kernel_size=(3, 3), stride=(1, 1), padding=(1, 1))
    (9): ReLU(inplace=True)
    (10): MaxPool2d(kernel_size=2, stride=2, padding=0, dilation=1, ceil_mode=False)
    (11): Conv2d(256, 512, kernel_size=(3, 3), stride=(1, 1), padding=(1, 1))
    (12): ReLU(inplace=True)
    (13): Conv2d(512, 512, kernel_size=(3, 3), stride=(1, 1), padding=(1, 1))
    (14): ReLU(inplace=True)
    (15): MaxPool2d(kernel_size=2, stride=2, padding=0, dilation=1, ceil_mode=False)
  )
  (avgpool): AdaptiveAvgPool2d(output_size=(7, 7))
  (classifier): Sequential(
    (0): Linear(in_features=25088, out_features=4096, bias=True)
    (1): ReLU(inplace=True)
    (2): Dropout(p=0.5, inplace=False)
    (3): Linear(in_features=4096, out_features=4096, bias=True)
    (4): ReLU(inplace=True)
    (5): Dropout(p=0.5, inplace=False)
    (6): Linear(in_features=4096, out_features=1000, bias=True)
  )
)
    
2021-04-27 02:39:29 INFO     Epoch: [0][    0/10010]	Time  8.258 ( 8.258)	Data  2.417 ( 2.417)	Loss 7.6448e+00 (7.6448e+00)	Acc@1   0.00 (  0.00)	Acc@5   0.00 (  0.00)
2021-04-27 02:44:09 INFO     Epoch: [0][  500/10010]	Time  0.559 ( 0.575)	Data  0.001 ( 0.025)	Loss 5.5333e+00 (5.9829e+00)	Acc@1   3.91 (  1.95)	Acc@5  11.72 (  7.35)
2021-04-27 02:48:49 INFO     Epoch: [0][ 1000/10010]	Time  0.568 ( 0.567)	Data  0.000 ( 0.013)	Loss 4.7046e+00 (5.4713e+00)	Acc@1   6.25 (  4.70)	Acc@5  24.22 ( 14.65)
2021-04-27 02:53:28 INFO     Epoch: [0][ 1500/10010]	Time  0.555 ( 0.564)	Data  0.000 ( 0.010)	Loss 4.1575e+00 (5.1346e+00)	Acc@1  13.28 (  7.38)	Acc@5  39.06 ( 20.51)
2021-04-27 02:58:07 INFO     Epoch: [0][ 2000/10010]	Time  0.579 ( 0.563)	Data  0.000 ( 0.008)	Loss 4.2013e+00 (4.8872e+00)	Acc@1  12.50 (  9.75)	Acc@5  42.19 ( 25.04)
2021-04-27 03:02:46 INFO     Epoch: [0][ 2500/10010]	Time  0.556 ( 0.562)	Data  0.000 ( 0.007)	Loss 3.6380e+00 (4.7004e+00)	Acc@1  24.22 ( 11.78)	Acc@5  53.12 ( 28.60)
2021-04-27 03:07:25 INFO     Epoch: [0][ 3000/10010]	Time  0.560 ( 0.561)	Data  0.001 ( 0.006)	Loss 3.6888e+00 (4.5448e+00)	Acc@1  25.78 ( 13.59)	Acc@5  50.00 ( 31.59)
2021-04-27 03:12:04 INFO     Epoch: [0][ 3500/10010]	Time  0.548 ( 0.561)	Data  0.000 ( 0.005)	Loss 3.4333e+00 (4.4127e+00)	Acc@1  31.25 ( 15.25)	Acc@5  53.91 ( 34.14)
2021-04-27 03:16:43 INFO     Epoch: [0][ 4000/10010]	Time  0.557 ( 0.560)	Data  0.000 ( 0.005)	Loss 2.9726e+00 (4.3004e+00)	Acc@1  35.16 ( 16.67)	Acc@5  60.94 ( 36.34)
2021-04-27 03:21:22 INFO     Epoch: [0][ 4500/10010]	Time  0.556 ( 0.560)	Data  0.000 ( 0.005)	Loss 3.6041e+00 (4.2032e+00)	Acc@1  30.47 ( 17.93)	Acc@5  50.78 ( 38.21)
2021-04-27 03:26:00 INFO     Epoch: [0][ 5000/10010]	Time  0.554 ( 0.560)	Data  0.000 ( 0.004)	Loss 3.2111e+00 (4.1188e+00)	Acc@1  34.38 ( 19.06)	Acc@5  57.03 ( 39.84)
2021-04-27 03:30:40 INFO     Epoch: [0][ 5500/10010]	Time  0.556 ( 0.560)	Data  0.000 ( 0.004)	Loss 3.3027e+00 (4.0429e+00)	Acc@1  28.91 ( 20.10)	Acc@5  54.69 ( 41.30)
2021-04-27 03:35:21 INFO     Epoch: [0][ 6000/10010]	Time  0.563 ( 0.560)	Data  0.000 ( 0.005)	Loss 3.1685e+00 (3.9749e+00)	Acc@1  26.56 ( 21.02)	Acc@5  62.50 ( 42.58)
2021-04-27 03:40:00 INFO     Epoch: [0][ 6500/10010]	Time  0.556 ( 0.560)	Data  0.000 ( 0.005)	Loss 3.1385e+00 (3.9128e+00)	Acc@1  33.59 ( 21.88)	Acc@5  62.50 ( 43.75)
2021-04-27 03:44:39 INFO     Epoch: [0][ 7000/10010]	Time  0.554 ( 0.560)	Data  0.000 ( 0.005)	Loss 3.2000e+00 (3.8578e+00)	Acc@1  35.16 ( 22.66)	Acc@5  57.81 ( 44.79)
2021-04-27 03:49:18 INFO     Epoch: [0][ 7500/10010]	Time  0.556 ( 0.560)	Data  0.000 ( 0.005)	Loss 2.9748e+00 (3.8081e+00)	Acc@1  34.38 ( 23.38)	Acc@5  65.62 ( 45.74)
2021-04-27 03:53:59 INFO     Epoch: [0][ 8000/10010]	Time  0.562 ( 0.560)	Data  0.000 ( 0.005)	Loss 2.7785e+00 (3.7611e+00)	Acc@1  39.06 ( 24.07)	Acc@5  67.19 ( 46.63)
2021-04-27 03:58:39 INFO     Epoch: [0][ 8500/10010]	Time  0.556 ( 0.560)	Data  0.000 ( 0.005)	Loss 3.0501e+00 (3.7177e+00)	Acc@1  34.38 ( 24.71)	Acc@5  62.50 ( 47.45)
2021-04-27 04:03:18 INFO     Epoch: [0][ 9000/10010]	Time  0.556 ( 0.560)	Data  0.000 ( 0.005)	Loss 3.0758e+00 (3.6775e+00)	Acc@1  35.94 ( 25.32)	Acc@5  60.16 ( 48.21)
2021-04-27 04:07:57 INFO     Epoch: [0][ 9500/10010]	Time  0.556 ( 0.560)	Data  0.000 ( 0.005)	Loss 2.9166e+00 (3.6394e+00)	Acc@1  39.06 ( 25.89)	Acc@5  60.94 ( 48.92)
2021-04-27 04:12:36 INFO     Epoch: [0][10000/10010]	Time  0.555 ( 0.559)	Data  0.000 ( 0.005)	Loss 2.6838e+00 (3.6037e+00)	Acc@1  36.72 ( 26.43)	Acc@5  68.75 ( 49.59)
/opt/conda/lib/python3.7/site-packages/PIL/TiffImagePlugin.py:793: UserWarning: Corrupt EXIF data.  Expecting to read 4 bytes but only got 0. 
  warnings.warn(str(msg))
2021-04-27 04:12:45 INFO     Test: [  0/391]	Time  2.992 ( 2.992)	Loss 1.9741e+00 (1.9741e+00)	Acc@1  57.03 ( 57.03)	Acc@5  80.47 ( 80.47)
2021-04-27 04:16:14 INFO      * Acc@1 47.298 Acc@5 73.276
2021-04-27 04:16:22 INFO     Epoch: [1][    0/10010]	Time  3.157 ( 3.157)	Data  2.830 ( 2.830)	Loss 3.1257e+00 (3.1257e+00)	Acc@1  31.25 ( 31.25)	Acc@5  56.25 ( 56.25)
2021-04-27 04:21:01 INFO     Epoch: [1][  500/10010]	Time  0.556 ( 0.564)	Data  0.000 ( 0.008)	Loss 2.7755e+00 (2.8887e+00)	Acc@1  38.28 ( 37.40)	Acc@5  64.06 ( 62.84)
2021-04-27 04:25:40 INFO     Epoch: [1][ 1000/10010]	Time  0.557 ( 0.561)	Data  0.000 ( 0.005)	Loss 2.3967e+00 (2.8754e+00)	Acc@1  40.62 ( 37.55)	Acc@5  70.31 ( 63.17)
2021-04-27 04:30:19 INFO     Epoch: [1][ 1500/10010]	Time  0.556 ( 0.560)	Data  0.000 ( 0.004)	Loss 3.2212e+00 (2.8679e+00)	Acc@1  33.59 ( 37.74)	Acc@5  57.03 ( 63.30)
2021-04-27 04:34:57 INFO     Epoch: [1][ 2000/10010]	Time  0.555 ( 0.559)	Data  0.000 ( 0.003)	Loss 2.7333e+00 (2.8586e+00)	Acc@1  40.62 ( 37.89)	Acc@5  69.53 ( 63.45)
2021-04-27 04:39:36 INFO     Epoch: [1][ 2500/10010]	Time  0.558 ( 0.559)	Data  0.000 ( 0.003)	Loss 2.8018e+00 (2.8460e+00)	Acc@1  35.16 ( 38.13)	Acc@5  63.28 ( 63.65)
2021-04-27 04:44:15 INFO     Epoch: [1][ 3000/10010]	Time  0.556 ( 0.559)	Data  0.000 ( 0.002)	Loss 2.8490e+00 (2.8379e+00)	Acc@1  32.81 ( 38.32)	Acc@5  63.28 ( 63.82)
2021-04-27 04:48:54 INFO     Epoch: [1][ 3500/10010]	Time  0.565 ( 0.559)	Data  0.000 ( 0.002)	Loss 2.5926e+00 (2.8283e+00)	Acc@1  41.41 ( 38.52)	Acc@5  67.97 ( 63.98)
2021-04-27 04:53:33 INFO     Epoch: [1][ 4000/10010]	Time  0.555 ( 0.558)	Data  0.000 ( 0.002)	Loss 2.8849e+00 (2.8207e+00)	Acc@1  35.16 ( 38.62)	Acc@5  64.06 ( 64.11)
2021-04-27 04:58:12 INFO     Epoch: [1][ 4500/10010]	Time  0.556 ( 0.558)	Data  0.000 ( 0.002)	Loss 2.7242e+00 (2.8123e+00)	Acc@1  40.62 ( 38.76)	Acc@5  69.53 ( 64.26)
2021-04-27 05:02:51 INFO     Epoch: [1][ 5000/10010]	Time  0.562 ( 0.558)	Data  0.001 ( 0.002)	Loss 2.9421e+00 (2.8038e+00)	Acc@1  33.59 ( 38.92)	Acc@5  61.72 ( 64.42)
2021-04-27 05:07:29 INFO     Epoch: [1][ 5500/10010]	Time  0.556 ( 0.558)	Data  0.000 ( 0.002)	Loss 2.5901e+00 (2.7967e+00)	Acc@1  38.28 ( 39.05)	Acc@5  69.53 ( 64.54)
2021-04-27 05:12:08 INFO     Epoch: [1][ 6000/10010]	Time  0.556 ( 0.558)	Data  0.000 ( 0.002)	Loss 2.7742e+00 (2.7885e+00)	Acc@1  37.50 ( 39.21)	Acc@5  60.94 ( 64.67)
2021-04-27 05:16:47 INFO     Epoch: [1][ 6500/10010]	Time  0.556 ( 0.558)	Data  0.000 ( 0.002)	Loss 2.6988e+00 (2.7812e+00)	Acc@1  43.75 ( 39.33)	Acc@5  67.97 ( 64.81)
2021-04-27 05:21:26 INFO     Epoch: [1][ 7000/10010]	Time  0.555 ( 0.558)	Data  0.000 ( 0.002)	Loss 2.8803e+00 (2.7749e+00)	Acc@1  37.50 ( 39.44)	Acc@5  59.38 ( 64.92)
2021-04-27 05:26:05 INFO     Epoch: [1][ 7500/10010]	Time  0.556 ( 0.558)	Data  0.000 ( 0.002)	Loss 2.9651e+00 (2.7670e+00)	Acc@1  36.72 ( 39.60)	Acc@5  60.94 ( 65.06)
2021-04-27 05:30:44 INFO     Epoch: [1][ 8000/10010]	Time  0.558 ( 0.558)	Data  0.000 ( 0.002)	Loss 2.8104e+00 (2.7609e+00)	Acc@1  39.06 ( 39.69)	Acc@5  64.84 ( 65.15)
2021-04-27 05:35:22 INFO     Epoch: [1][ 8500/10010]	Time  0.557 ( 0.558)	Data  0.000 ( 0.002)	Loss 2.8575e+00 (2.7549e+00)	Acc@1  40.62 ( 39.81)	Acc@5  61.72 ( 65.25)
2021-04-27 05:40:01 INFO     Epoch: [1][ 9000/10010]	Time  0.556 ( 0.558)	Data  0.000 ( 0.002)	Loss 2.4283e+00 (2.7485e+00)	Acc@1  50.78 ( 39.94)	Acc@5  69.53 ( 65.36)
2021-04-27 05:44:40 INFO     Epoch: [1][ 9500/10010]	Time  0.556 ( 0.558)	Data  0.000 ( 0.002)	Loss 2.5141e+00 (2.7427e+00)	Acc@1  49.22 ( 40.06)	Acc@5  70.31 ( 65.46)
2021-04-27 05:49:19 INFO     Epoch: [1][10000/10010]	Time  0.553 ( 0.558)	Data  0.001 ( 0.002)	Loss 2.6910e+00 (2.7368e+00)	Acc@1  38.28 ( 40.16)	Acc@5  66.41 ( 65.56)
/opt/conda/lib/python3.7/site-packages/PIL/TiffImagePlugin.py:793: UserWarning: Corrupt EXIF data.  Expecting to read 4 bytes but only got 0. 
  warnings.warn(str(msg))
2021-04-27 05:49:26 INFO     Test: [  0/391]	Time  2.698 ( 2.698)	Loss 1.7836e+00 (1.7836e+00)	Acc@1  53.12 ( 53.12)	Acc@5  85.94 ( 85.94)
2021-04-27 05:52:55 INFO      * Acc@1 52.112 Acc@5 77.188
2021-04-27 05:53:09 INFO     Epoch: [2][    0/10010]	Time  2.164 ( 2.164)	Data  1.954 ( 1.954)	Loss 2.3054e+00 (2.3054e+00)	Acc@1  47.66 ( 47.66)	Acc@5  71.09 ( 71.09)
2021-04-27 05:57:48 INFO     Epoch: [2][  500/10010]	Time  0.561 ( 0.561)	Data  0.000 ( 0.008)	Loss 2.1384e+00 (2.5895e+00)	Acc@1  50.00 ( 42.90)	Acc@5  73.44 ( 68.06)
2021-04-27 06:02:27 INFO     Epoch: [2][ 1000/10010]	Time  0.557 ( 0.560)	Data  0.000 ( 0.004)	Loss 2.4077e+00 (2.5882e+00)	Acc@1  45.31 ( 42.86)	Acc@5  71.88 ( 68.15)
2021-04-27 06:07:06 INFO     Epoch: [2][ 1500/10010]	Time  0.555 ( 0.559)	Data  0.000 ( 0.003)	Loss 2.6252e+00 (2.5848e+00)	Acc@1  42.19 ( 42.96)	Acc@5  64.84 ( 68.21)
2021-04-27 06:11:45 INFO     Epoch: [2][ 2000/10010]	Time  0.557 ( 0.559)	Data  0.000 ( 0.003)	Loss 2.2421e+00 (2.5820e+00)	Acc@1  50.00 ( 43.02)	Acc@5  71.09 ( 68.28)
2021-04-27 06:16:24 INFO     Epoch: [2][ 2500/10010]	Time  0.556 ( 0.558)	Data  0.000 ( 0.002)	Loss 2.4663e+00 (2.5798e+00)	Acc@1  45.31 ( 43.06)	Acc@5  71.09 ( 68.31)
2021-04-27 06:21:02 INFO     Epoch: [2][ 3000/10010]	Time  0.556 ( 0.558)	Data  0.000 ( 0.002)	Loss 2.3143e+00 (2.5751e+00)	Acc@1  46.09 ( 43.11)	Acc@5  71.09 ( 68.39)
2021-04-27 06:25:41 INFO     Epoch: [2][ 3500/10010]	Time  0.556 ( 0.558)	Data  0.000 ( 0.002)	Loss 2.2458e+00 (2.5714e+00)	Acc@1  48.44 ( 43.19)	Acc@5  70.31 ( 68.43)
2021-04-27 06:30:20 INFO     Epoch: [2][ 4000/10010]	Time  0.554 ( 0.558)	Data  0.000 ( 0.002)	Loss 2.5657e+00 (2.5676e+00)	Acc@1  47.66 ( 43.25)	Acc@5  70.31 ( 68.48)
2021-04-27 06:34:59 INFO     Epoch: [2][ 4500/10010]	Time  0.556 ( 0.558)	Data  0.000 ( 0.002)	Loss 2.5845e+00 (2.5672e+00)	Acc@1  39.84 ( 43.26)	Acc@5  69.53 ( 68.50)
2021-04-27 06:39:37 INFO     Epoch: [2][ 5000/10010]	Time  0.557 ( 0.558)	Data  0.000 ( 0.002)	Loss 2.5250e+00 (2.5651e+00)	Acc@1  42.97 ( 43.30)	Acc@5  67.19 ( 68.54)
2021-04-27 06:44:16 INFO     Epoch: [2][ 5500/10010]	Time  0.559 ( 0.558)	Data  0.000 ( 0.002)	Loss 2.3348e+00 (2.5631e+00)	Acc@1  50.00 ( 43.35)	Acc@5  66.41 ( 68.57)
2021-04-27 06:48:55 INFO     Epoch: [2][ 6000/10010]	Time  0.556 ( 0.558)	Data  0.000 ( 0.002)	Loss 2.4073e+00 (2.5597e+00)	Acc@1  46.88 ( 43.41)	Acc@5  74.22 ( 68.64)
2021-04-27 06:53:34 INFO     Epoch: [2][ 6500/10010]	Time  0.557 ( 0.558)	Data  0.001 ( 0.002)	Loss 2.7250e+00 (2.5554e+00)	Acc@1  39.84 ( 43.48)	Acc@5  65.62 ( 68.71)
2021-04-27 06:58:13 INFO     Epoch: [2][ 7000/10010]	Time  0.556 ( 0.558)	Data  0.000 ( 0.002)	Loss 2.5608e+00 (2.5533e+00)	Acc@1  42.19 ( 43.53)	Acc@5  66.41 ( 68.75)
2021-04-27 07:02:52 INFO     Epoch: [2][ 7500/10010]	Time  0.563 ( 0.558)	Data  0.000 ( 0.002)	Loss 2.1740e+00 (2.5501e+00)	Acc@1  51.56 ( 43.59)	Acc@5  73.44 ( 68.81)
2021-04-27 07:07:31 INFO     Epoch: [2][ 8000/10010]	Time  0.557 ( 0.558)	Data  0.000 ( 0.002)	Loss 2.5753e+00 (2.5461e+00)	Acc@1  38.28 ( 43.67)	Acc@5  68.75 ( 68.87)
2021-04-27 07:12:10 INFO     Epoch: [2][ 8500/10010]	Time  0.555 ( 0.558)	Data  0.000 ( 0.002)	Loss 2.7797e+00 (2.5435e+00)	Acc@1  46.88 ( 43.71)	Acc@5  65.62 ( 68.91)
2021-04-27 07:16:49 INFO     Epoch: [2][ 9000/10010]	Time  0.555 ( 0.558)	Data  0.000 ( 0.002)	Loss 2.8531e+00 (2.5414e+00)	Acc@1  38.28 ( 43.75)	Acc@5  64.84 ( 68.94)
2021-04-27 07:21:28 INFO     Epoch: [2][ 9500/10010]	Time  0.556 ( 0.558)	Data  0.000 ( 0.002)	Loss 2.6354e+00 (2.5383e+00)	Acc@1  41.41 ( 43.82)	Acc@5  67.97 ( 68.99)
2021-04-27 07:26:06 INFO     Epoch: [2][10000/10010]	Time  0.555 ( 0.558)	Data  0.000 ( 0.002)	Loss 2.3192e+00 (2.5348e+00)	Acc@1  46.88 ( 43.89)	Acc@5  73.44 ( 69.05)
/opt/conda/lib/python3.7/site-packages/PIL/TiffImagePlugin.py:793: UserWarning: Corrupt EXIF data.  Expecting to read 4 bytes but only got 0. 
  warnings.warn(str(msg))
2021-04-27 07:26:13 INFO     Test: [  0/391]	Time  2.240 ( 2.240)	Loss 1.7107e+00 (1.7107e+00)	Acc@1  59.38 ( 59.38)	Acc@5  80.47 ( 80.47)
2021-04-27 07:29:39 INFO      * Acc@1 54.700 Acc@5 78.984
2021-04-27 07:29:53 INFO     Epoch: [3][    0/10010]	Time  2.129 ( 2.129)	Data  1.914 ( 1.914)	Loss 2.2440e+00 (2.2440e+00)	Acc@1  50.00 ( 50.00)	Acc@5  74.22 ( 74.22)
2021-04-27 07:34:32 INFO     Epoch: [3][  500/10010]	Time  0.556 ( 0.561)	Data  0.000 ( 0.010)	Loss 2.5330e+00 (2.4680e+00)	Acc@1  38.28 ( 45.22)	Acc@5  71.09 ( 70.09)
2021-04-27 07:39:11 INFO     Epoch: [3][ 1000/10010]	Time  0.556 ( 0.559)	Data  0.000 ( 0.006)	Loss 1.9998e+00 (2.4584e+00)	Acc@1  53.91 ( 45.20)	Acc@5  76.56 ( 70.23)
2021-04-27 07:43:50 INFO     Epoch: [3][ 1500/10010]	Time  0.559 ( 0.559)	Data  0.000 ( 0.004)	Loss 2.6926e+00 (2.4541e+00)	Acc@1  38.28 ( 45.30)	Acc@5  64.84 ( 70.40)
2021-04-27 07:48:28 INFO     Epoch: [3][ 2000/10010]	Time  0.564 ( 0.558)	Data  0.000 ( 0.003)	Loss 2.2655e+00 (2.4504e+00)	Acc@1  50.00 ( 45.39)	Acc@5  75.00 ( 70.41)
2021-04-27 07:53:07 INFO     Epoch: [3][ 2500/10010]	Time  0.557 ( 0.558)	Data  0.000 ( 0.003)	Loss 1.9664e+00 (2.4483e+00)	Acc@1  58.59 ( 45.45)	Acc@5  78.91 ( 70.41)
2021-04-27 07:57:46 INFO     Epoch: [3][ 3000/10010]	Time  0.558 ( 0.558)	Data  0.000 ( 0.003)	Loss 2.2800e+00 (2.4474e+00)	Acc@1  45.31 ( 45.45)	Acc@5  72.66 ( 70.41)
2021-04-27 08:02:25 INFO     Epoch: [3][ 3500/10010]	Time  0.573 ( 0.558)	Data  0.000 ( 0.002)	Loss 2.6892e+00 (2.4459e+00)	Acc@1  41.41 ( 45.45)	Acc@5  67.97 ( 70.43)
2021-04-27 08:07:04 INFO     Epoch: [3][ 4000/10010]	Time  0.573 ( 0.558)	Data  0.000 ( 0.002)	Loss 2.6684e+00 (2.4448e+00)	Acc@1  42.97 ( 45.49)	Acc@5  67.19 ( 70.45)
2021-04-27 08:11:43 INFO     Epoch: [3][ 4500/10010]	Time  0.578 ( 0.558)	Data  0.000 ( 0.002)	Loss 2.1890e+00 (2.4434e+00)	Acc@1  49.22 ( 45.54)	Acc@5  75.78 ( 70.45)
2021-04-27 08:16:21 INFO     Epoch: [3][ 5000/10010]	Time  0.570 ( 0.558)	Data  0.000 ( 0.002)	Loss 2.2853e+00 (2.4412e+00)	Acc@1  49.22 ( 45.59)	Acc@5  73.44 ( 70.51)
2021-04-27 08:21:00 INFO     Epoch: [3][ 5500/10010]	Time  0.556 ( 0.558)	Data  0.000 ( 0.002)	Loss 2.4021e+00 (2.4387e+00)	Acc@1  41.41 ( 45.64)	Acc@5  70.31 ( 70.54)
2021-04-27 08:25:39 INFO     Epoch: [3][ 6000/10010]	Time  0.563 ( 0.558)	Data  0.000 ( 0.002)	Loss 2.5934e+00 (2.4378e+00)	Acc@1  44.53 ( 45.68)	Acc@5  70.31 ( 70.56)
2021-04-27 08:30:18 INFO     Epoch: [3][ 6500/10010]	Time  0.561 ( 0.558)	Data  0.000 ( 0.002)	Loss 2.3550e+00 (2.4359e+00)	Acc@1  47.66 ( 45.72)	Acc@5  72.66 ( 70.60)
2021-04-27 08:34:57 INFO     Epoch: [3][ 7000/10010]	Time  0.557 ( 0.558)	Data  0.000 ( 0.002)	Loss 2.7655e+00 (2.4339e+00)	Acc@1  42.19 ( 45.77)	Acc@5  63.28 ( 70.64)
2021-04-27 08:39:36 INFO     Epoch: [3][ 7500/10010]	Time  0.557 ( 0.558)	Data  0.000 ( 0.002)	Loss 2.5632e+00 (2.4319e+00)	Acc@1  41.41 ( 45.82)	Acc@5  71.09 ( 70.68)
2021-04-27 08:44:15 INFO     Epoch: [3][ 8000/10010]	Time  0.556 ( 0.558)	Data  0.000 ( 0.002)	Loss 2.4058e+00 (2.4308e+00)	Acc@1  49.22 ( 45.84)	Acc@5  73.44 ( 70.69)
2021-04-27 08:48:54 INFO     Epoch: [3][ 8500/10010]	Time  0.556 ( 0.558)	Data  0.000 ( 0.002)	Loss 2.2410e+00 (2.4295e+00)	Acc@1  56.25 ( 45.87)	Acc@5  75.78 ( 70.71)
2021-04-27 08:53:33 INFO     Epoch: [3][ 9000/10010]	Time  0.573 ( 0.558)	Data  0.000 ( 0.002)	Loss 2.3323e+00 (2.4275e+00)	Acc@1  41.41 ( 45.93)	Acc@5  71.88 ( 70.74)
2021-04-27 08:58:12 INFO     Epoch: [3][ 9500/10010]	Time  0.555 ( 0.558)	Data  0.001 ( 0.002)	Loss 2.1871e+00 (2.4264e+00)	Acc@1  52.34 ( 45.95)	Acc@5  77.34 ( 70.75)
2021-04-27 09:02:50 INFO     Epoch: [3][10000/10010]	Time  0.556 ( 0.558)	Data  0.000 ( 0.002)	Loss 2.2489e+00 (2.4252e+00)	Acc@1  42.97 ( 45.98)	Acc@5  75.00 ( 70.78)
/opt/conda/lib/python3.7/site-packages/PIL/TiffImagePlugin.py:793: UserWarning: Corrupt EXIF data.  Expecting to read 4 bytes but only got 0. 
  warnings.warn(str(msg))
2021-04-27 09:02:58 INFO     Test: [  0/391]	Time  2.464 ( 2.464)	Loss 1.6014e+00 (1.6014e+00)	Acc@1  60.16 ( 60.16)	Acc@5  85.16 ( 85.16)
2021-04-27 09:06:23 INFO      * Acc@1 55.928 Acc@5 79.934
2021-04-27 09:06:37 INFO     Epoch: [4][    0/10010]	Time  2.267 ( 2.267)	Data  2.054 ( 2.054)	Loss 2.3049e+00 (2.3049e+00)	Acc@1  46.09 ( 46.09)	Acc@5  71.88 ( 71.88)
2021-04-27 09:11:17 INFO     Epoch: [4][  500/10010]	Time  0.553 ( 0.562)	Data  0.000 ( 0.008)	Loss 2.1454e+00 (2.3670e+00)	Acc@1  51.56 ( 46.95)	Acc@5  75.00 ( 71.85)
2021-04-27 09:15:55 INFO     Epoch: [4][ 1000/10010]	Time  0.556 ( 0.560)	Data  0.001 ( 0.004)	Loss 2.3387e+00 (2.3628e+00)	Acc@1  51.56 ( 46.96)	Acc@5  73.44 ( 71.95)
2021-04-27 09:20:34 INFO     Epoch: [4][ 1500/10010]	Time  0.559 ( 0.559)	Data  0.000 ( 0.003)	Loss 2.2599e+00 (2.3610e+00)	Acc@1  50.00 ( 47.05)	Acc@5  74.22 ( 71.94)
2021-04-27 09:25:13 INFO     Epoch: [4][ 2000/10010]	Time  0.555 ( 0.559)	Data  0.001 ( 0.003)	Loss 2.5554e+00 (2.3644e+00)	Acc@1  41.41 ( 47.02)	Acc@5  68.75 ( 71.89)
2021-04-27 09:29:52 INFO     Epoch: [4][ 2500/10010]	Time  0.557 ( 0.558)	Data  0.000 ( 0.002)	Loss 2.2761e+00 (2.3679e+00)	Acc@1  52.34 ( 47.02)	Acc@5  74.22 ( 71.82)
2021-04-27 09:34:31 INFO     Epoch: [4][ 3000/10010]	Time  0.556 ( 0.558)	Data  0.000 ( 0.002)	Loss 2.1624e+00 (2.3659e+00)	Acc@1  48.44 ( 47.03)	Acc@5  76.56 ( 71.87)
2021-04-27 09:39:10 INFO     Epoch: [4][ 3500/10010]	Time  0.562 ( 0.558)	Data  0.000 ( 0.002)	Loss 2.5269e+00 (2.3649e+00)	Acc@1  48.44 ( 47.09)	Acc@5  68.75 ( 71.83)
2021-04-27 09:43:49 INFO     Epoch: [4][ 4000/10010]	Time  0.556 ( 0.558)	Data  0.000 ( 0.002)	Loss 2.5557e+00 (2.3650e+00)	Acc@1  42.19 ( 47.09)	Acc@5  69.53 ( 71.82)
2021-04-27 09:48:28 INFO     Epoch: [4][ 4500/10010]	Time  0.563 ( 0.558)	Data  0.000 ( 0.002)	Loss 2.4537e+00 (2.3634e+00)	Acc@1  46.88 ( 47.11)	Acc@5  72.66 ( 71.85)
2021-04-27 09:53:07 INFO     Epoch: [4][ 5000/10010]	Time  0.555 ( 0.558)	Data  0.000 ( 0.002)	Loss 2.4787e+00 (2.3619e+00)	Acc@1  46.09 ( 47.15)	Acc@5  67.19 ( 71.85)
2021-04-27 09:57:45 INFO     Epoch: [4][ 5500/10010]	Time  0.555 ( 0.558)	Data  0.000 ( 0.002)	Loss 2.4763e+00 (2.3611e+00)	Acc@1  42.97 ( 47.17)	Acc@5  67.19 ( 71.85)
2021-04-27 10:02:24 INFO     Epoch: [4][ 6000/10010]	Time  0.548 ( 0.558)	Data  0.000 ( 0.002)	Loss 2.6807e+00 (2.3606e+00)	Acc@1  42.97 ( 47.20)	Acc@5  67.97 ( 71.85)
2021-04-27 10:07:03 INFO     Epoch: [4][ 6500/10010]	Time  0.556 ( 0.558)	Data  0.000 ( 0.002)	Loss 2.5184e+00 (2.3589e+00)	Acc@1  44.53 ( 47.22)	Acc@5  68.75 ( 71.87)
2021-04-27 10:11:42 INFO     Epoch: [4][ 7000/10010]	Time  0.555 ( 0.558)	Data  0.000 ( 0.002)	Loss 2.4638e+00 (2.3574e+00)	Acc@1  47.66 ( 47.23)	Acc@5  70.31 ( 71.89)
2021-04-27 10:16:21 INFO     Epoch: [4][ 7500/10010]	Time  0.560 ( 0.558)	Data  0.000 ( 0.002)	Loss 2.6117e+00 (2.3563e+00)	Acc@1  47.66 ( 47.26)	Acc@5  65.62 ( 71.92)
2021-04-27 10:20:59 INFO     Epoch: [4][ 8000/10010]	Time  0.556 ( 0.558)	Data  0.000 ( 0.002)	Loss 2.1878e+00 (2.3556e+00)	Acc@1  47.66 ( 47.27)	Acc@5  73.44 ( 71.92)
2021-04-27 10:25:38 INFO     Epoch: [4][ 8500/10010]	Time  0.556 ( 0.558)	Data  0.000 ( 0.002)	Loss 2.0933e+00 (2.3558e+00)	Acc@1  52.34 ( 47.26)	Acc@5  75.78 ( 71.92)
2021-04-27 10:30:17 INFO     Epoch: [4][ 9000/10010]	Time  0.556 ( 0.558)	Data  0.000 ( 0.002)	Loss 2.3039e+00 (2.3558e+00)	Acc@1  50.00 ( 47.25)	Acc@5  69.53 ( 71.92)
2021-04-27 10:34:56 INFO     Epoch: [4][ 9500/10010]	Time  0.555 ( 0.558)	Data  0.000 ( 0.002)	Loss 2.3284e+00 (2.3548e+00)	Acc@1  47.66 ( 47.27)	Acc@5  71.09 ( 71.93)
2021-04-27 10:39:35 INFO     Epoch: [4][10000/10010]	Time  0.556 ( 0.558)	Data  0.000 ( 0.001)	Loss 2.4099e+00 (2.3543e+00)	Acc@1  42.19 ( 47.29)	Acc@5  70.31 ( 71.94)
/opt/conda/lib/python3.7/site-packages/PIL/TiffImagePlugin.py:793: UserWarning: Corrupt EXIF data.  Expecting to read 4 bytes but only got 0. 
  warnings.warn(str(msg))
2021-04-27 10:39:42 INFO     Test: [  0/391]	Time  2.412 ( 2.412)	Loss 1.5874e+00 (1.5874e+00)	Acc@1  55.47 ( 55.47)	Acc@5  85.94 ( 85.94)
2021-04-27 10:43:08 INFO      * Acc@1 56.872 Acc@5 80.758
2021-04-27 10:43:22 INFO     Epoch: [5][    0/10010]	Time  2.556 ( 2.556)	Data  2.353 ( 2.353)	Loss 2.5320e+00 (2.5320e+00)	Acc@1  48.44 ( 48.44)	Acc@5  68.75 ( 68.75)
2021-04-27 10:48:01 INFO     Epoch: [5][  500/10010]	Time  0.552 ( 0.562)	Data  0.001 ( 0.006)	Loss 2.5609e+00 (2.3056e+00)	Acc@1  44.53 ( 48.32)	Acc@5  71.09 ( 72.76)
2021-04-27 10:52:40 INFO     Epoch: [5][ 1000/10010]	Time  0.559 ( 0.560)	Data  0.000 ( 0.004)	Loss 2.5543e+00 (2.3117e+00)	Acc@1  45.31 ( 48.20)	Acc@5  70.31 ( 72.62)
2021-04-27 10:57:19 INFO     Epoch: [5][ 1500/10010]	Time  0.557 ( 0.559)	Data  0.000 ( 0.003)	Loss 2.5887e+00 (2.3098e+00)	Acc@1  45.31 ( 48.22)	Acc@5  67.19 ( 72.69)
2021-04-27 11:01:58 INFO     Epoch: [5][ 2000/10010]	Time  0.555 ( 0.559)	Data  0.000 ( 0.002)	Loss 2.0834e+00 (2.3066e+00)	Acc@1  56.25 ( 48.25)	Acc@5  76.56 ( 72.73)
2021-04-27 11:06:37 INFO     Epoch: [5][ 2500/10010]	Time  0.555 ( 0.559)	Data  0.000 ( 0.002)	Loss 2.1111e+00 (2.3050e+00)	Acc@1  53.12 ( 48.29)	Acc@5  77.34 ( 72.74)
2021-04-27 11:11:16 INFO     Epoch: [5][ 3000/10010]	Time  0.558 ( 0.558)	Data  0.000 ( 0.002)	Loss 2.2949e+00 (2.3035e+00)	Acc@1  48.44 ( 48.26)	Acc@5  70.31 ( 72.76)
2021-04-27 11:15:54 INFO     Epoch: [5][ 3500/10010]	Time  0.556 ( 0.558)	Data  0.000 ( 0.002)	Loss 2.3820e+00 (2.3063e+00)	Acc@1  44.53 ( 48.23)	Acc@5  73.44 ( 72.70)
2021-04-27 11:20:33 INFO     Epoch: [5][ 4000/10010]	Time  0.557 ( 0.558)	Data  0.000 ( 0.002)	Loss 2.5223e+00 (2.3053e+00)	Acc@1  49.22 ( 48.24)	Acc@5  67.19 ( 72.71)
2021-04-27 11:25:12 INFO     Epoch: [5][ 4500/10010]	Time  0.559 ( 0.558)	Data  0.001 ( 0.002)	Loss 2.6472e+00 (2.3070e+00)	Acc@1  46.88 ( 48.21)	Acc@5  64.06 ( 72.68)
2021-04-27 11:29:51 INFO     Epoch: [5][ 5000/10010]	Time  0.555 ( 0.558)	Data  0.000 ( 0.002)	Loss 1.8756e+00 (2.3075e+00)	Acc@1  53.91 ( 48.23)	Acc@5  78.12 ( 72.69)
2021-04-27 11:34:29 INFO     Epoch: [5][ 5500/10010]	Time  0.555 ( 0.558)	Data  0.000 ( 0.002)	Loss 2.4098e+00 (2.3067e+00)	Acc@1  45.31 ( 48.23)	Acc@5  73.44 ( 72.70)
2021-04-27 11:39:08 INFO     Epoch: [5][ 6000/10010]	Time  0.561 ( 0.558)	Data  0.000 ( 0.002)	Loss 2.3401e+00 (2.3059e+00)	Acc@1  49.22 ( 48.24)	Acc@5  72.66 ( 72.71)
2021-04-27 11:43:47 INFO     Epoch: [5][ 6500/10010]	Time  0.555 ( 0.558)	Data  0.000 ( 0.002)	Loss 2.3846e+00 (2.3052e+00)	Acc@1  49.22 ( 48.26)	Acc@5  72.66 ( 72.72)
2021-04-27 11:48:25 INFO     Epoch: [5][ 7000/10010]	Time  0.555 ( 0.558)	Data  0.000 ( 0.002)	Loss 2.2642e+00 (2.3054e+00)	Acc@1  49.22 ( 48.25)	Acc@5  77.34 ( 72.72)
2021-04-27 11:53:04 INFO     Epoch: [5][ 7500/10010]	Time  0.557 ( 0.558)	Data  0.000 ( 0.002)	Loss 2.2717e+00 (2.3055e+00)	Acc@1  46.88 ( 48.25)	Acc@5  76.56 ( 72.71)
2021-04-27 11:57:43 INFO     Epoch: [5][ 8000/10010]	Time  0.563 ( 0.558)	Data  0.000 ( 0.001)	Loss 2.3594e+00 (2.3041e+00)	Acc@1  46.09 ( 48.25)	Acc@5  71.88 ( 72.73)
2021-04-27 12:02:22 INFO     Epoch: [5][ 8500/10010]	Time  0.556 ( 0.558)	Data  0.000 ( 0.001)	Loss 2.2702e+00 (2.3034e+00)	Acc@1  46.09 ( 48.26)	Acc@5  73.44 ( 72.73)
2021-04-27 12:07:00 INFO     Epoch: [5][ 9000/10010]	Time  0.554 ( 0.558)	Data  0.000 ( 0.001)	Loss 2.3501e+00 (2.3018e+00)	Acc@1  49.22 ( 48.29)	Acc@5  75.00 ( 72.76)
2021-04-27 12:11:40 INFO     Epoch: [5][ 9500/10010]	Time  0.556 ( 0.558)	Data  0.000 ( 0.001)	Loss 2.2133e+00 (2.3007e+00)	Acc@1  46.88 ( 48.32)	Acc@5  71.09 ( 72.78)
2021-04-27 12:16:18 INFO     Epoch: [5][10000/10010]	Time  0.556 ( 0.558)	Data  0.000 ( 0.001)	Loss 2.1476e+00 (2.2994e+00)	Acc@1  50.78 ( 48.34)	Acc@5  75.00 ( 72.80)
/opt/conda/lib/python3.7/site-packages/PIL/TiffImagePlugin.py:793: UserWarning: Corrupt EXIF data.  Expecting to read 4 bytes but only got 0. 
  warnings.warn(str(msg))
2021-04-27 12:16:25 INFO     Test: [  0/391]	Time  2.371 ( 2.371)	Loss 1.8876e+00 (1.8876e+00)	Acc@1  57.81 ( 57.81)	Acc@5  77.34 ( 77.34)
2021-04-27 12:19:51 INFO      * Acc@1 58.350 Acc@5 81.626
2021-04-27 12:20:05 INFO     Epoch: [6][    0/10010]	Time  2.252 ( 2.252)	Data  2.039 ( 2.039)	Loss 2.0865e+00 (2.0865e+00)	Acc@1  50.00 ( 50.00)	Acc@5  72.66 ( 72.66)
2021-04-27 12:24:44 INFO     Epoch: [6][  500/10010]	Time  0.563 ( 0.561)	Data  0.000 ( 0.006)	Loss 2.3798e+00 (2.2547e+00)	Acc@1  47.66 ( 49.05)	Acc@5  72.66 ( 73.44)
2021-04-27 12:29:23 INFO     Epoch: [6][ 1000/10010]	Time  0.561 ( 0.559)	Data  0.001 ( 0.004)	Loss 2.0609e+00 (2.2683e+00)	Acc@1  51.56 ( 48.84)	Acc@5  77.34 ( 73.24)
2021-04-27 12:34:01 INFO     Epoch: [6][ 1500/10010]	Time  0.556 ( 0.559)	Data  0.000 ( 0.003)	Loss 2.1876e+00 (2.2645e+00)	Acc@1  55.47 ( 48.98)	Acc@5  69.53 ( 73.31)
2021-04-27 12:38:40 INFO     Epoch: [6][ 2000/10010]	Time  0.557 ( 0.558)	Data  0.000 ( 0.002)	Loss 2.6134e+00 (2.2600e+00)	Acc@1  44.53 ( 49.03)	Acc@5  69.53 ( 73.41)
2021-04-27 12:43:21 INFO     Epoch: [6][ 2500/10010]	Time  0.557 ( 0.559)	Data  0.000 ( 0.005)	Loss 2.7578e+00 (2.2592e+00)	Acc@1  43.75 ( 49.01)	Acc@5  66.41 ( 73.46)
2021-04-27 12:48:00 INFO     Epoch: [6][ 3000/10010]	Time  0.556 ( 0.559)	Data  0.000 ( 0.004)	Loss 1.9096e+00 (2.2582e+00)	Acc@1  57.81 ( 49.03)	Acc@5  77.34 ( 73.49)
2021-04-27 12:52:39 INFO     Epoch: [6][ 3500/10010]	Time  0.555 ( 0.559)	Data  0.000 ( 0.004)	Loss 2.2062e+00 (2.2595e+00)	Acc@1  47.66 ( 49.02)	Acc@5  73.44 ( 73.47)
2021-04-27 12:57:18 INFO     Epoch: [6][ 4000/10010]	Time  0.556 ( 0.559)	Data  0.000 ( 0.004)	Loss 2.2210e+00 (2.2594e+00)	Acc@1  51.56 ( 49.03)	Acc@5  75.78 ( 73.46)
2021-04-27 13:01:57 INFO     Epoch: [6][ 4500/10010]	Time  0.556 ( 0.559)	Data  0.001 ( 0.003)	Loss 2.0915e+00 (2.2591e+00)	Acc@1  53.91 ( 49.03)	Acc@5  79.69 ( 73.48)
2021-04-27 13:06:36 INFO     Epoch: [6][ 5000/10010]	Time  0.546 ( 0.559)	Data  0.000 ( 0.003)	Loss 2.0650e+00 (2.2591e+00)	Acc@1  47.66 ( 49.04)	Acc@5  74.22 ( 73.47)
2021-04-27 13:11:16 INFO     Epoch: [6][ 5500/10010]	Time  0.573 ( 0.559)	Data  0.000 ( 0.003)	Loss 2.3199e+00 (2.2593e+00)	Acc@1  47.66 ( 49.04)	Acc@5  77.34 ( 73.46)
2021-04-27 13:15:55 INFO     Epoch: [6][ 6000/10010]	Time  0.555 ( 0.559)	Data  0.000 ( 0.003)	Loss 2.1608e+00 (2.2604e+00)	Acc@1  51.56 ( 49.03)	Acc@5  74.22 ( 73.46)
2021-04-27 13:20:33 INFO     Epoch: [6][ 6500/10010]	Time  0.556 ( 0.558)	Data  0.001 ( 0.003)	Loss 2.3906e+00 (2.2610e+00)	Acc@1  42.97 ( 49.03)	Acc@5  76.56 ( 73.45)
2021-04-27 13:25:12 INFO     Epoch: [6][ 7000/10010]	Time  0.566 ( 0.558)	Data  0.000 ( 0.003)	Loss 2.5771e+00 (2.2605e+00)	Acc@1  45.31 ( 49.03)	Acc@5  71.09 ( 73.45)
2021-04-27 13:29:51 INFO     Epoch: [6][ 7500/10010]	Time  0.557 ( 0.558)	Data  0.001 ( 0.003)	Loss 2.3581e+00 (2.2602e+00)	Acc@1  43.75 ( 49.04)	Acc@5  71.88 ( 73.45)
2021-04-27 13:34:30 INFO     Epoch: [6][ 8000/10010]	Time  0.556 ( 0.558)	Data  0.000 ( 0.002)	Loss 2.3398e+00 (2.2600e+00)	Acc@1  51.56 ( 49.05)	Acc@5  75.78 ( 73.45)
2021-04-27 13:39:09 INFO     Epoch: [6][ 8500/10010]	Time  0.562 ( 0.558)	Data  0.000 ( 0.002)	Loss 1.9512e+00 (2.2592e+00)	Acc@1  48.44 ( 49.08)	Acc@5  76.56 ( 73.47)
2021-04-27 13:43:48 INFO     Epoch: [6][ 9000/10010]	Time  0.555 ( 0.558)	Data  0.000 ( 0.002)	Loss 2.0354e+00 (2.2585e+00)	Acc@1  55.47 ( 49.11)	Acc@5  75.78 ( 73.48)
2021-04-27 13:48:27 INFO     Epoch: [6][ 9500/10010]	Time  0.556 ( 0.558)	Data  0.001 ( 0.002)	Loss 2.2416e+00 (2.2587e+00)	Acc@1  48.44 ( 49.11)	Acc@5  75.78 ( 73.48)
2021-04-27 13:53:06 INFO     Epoch: [6][10000/10010]	Time  0.559 ( 0.558)	Data  0.000 ( 0.002)	Loss 1.9160e+00 (2.2578e+00)	Acc@1  56.25 ( 49.13)	Acc@5  77.34 ( 73.50)
/opt/conda/lib/python3.7/site-packages/PIL/TiffImagePlugin.py:793: UserWarning: Corrupt EXIF data.  Expecting to read 4 bytes but only got 0. 
  warnings.warn(str(msg))
2021-04-27 13:53:13 INFO     Test: [  0/391]	Time  2.628 ( 2.628)	Loss 1.6618e+00 (1.6618e+00)	Acc@1  59.38 ( 59.38)	Acc@5  83.59 ( 83.59)
2021-04-27 13:56:39 INFO      * Acc@1 58.310 Acc@5 81.558
2021-04-27 13:56:48 INFO     Epoch: [7][    0/10010]	Time  2.188 ( 2.188)	Data  1.976 ( 1.976)	Loss 2.2033e+00 (2.2033e+00)	Acc@1  54.69 ( 54.69)	Acc@5  76.56 ( 76.56)
2021-04-27 14:01:27 INFO     Epoch: [7][  500/10010]	Time  0.562 ( 0.561)	Data  0.000 ( 0.005)	Loss 2.2524e+00 (2.2224e+00)	Acc@1  52.34 ( 50.02)	Acc@5  71.09 ( 74.10)
2021-04-27 14:06:06 INFO     Epoch: [7][ 1000/10010]	Time  0.562 ( 0.559)	Data  0.000 ( 0.003)	Loss 2.2111e+00 (2.2201e+00)	Acc@1  49.22 ( 49.89)	Acc@5  76.56 ( 74.12)
2021-04-27 14:10:45 INFO     Epoch: [7][ 1500/10010]	Time  0.554 ( 0.559)	Data  0.000 ( 0.003)	Loss 2.5535e+00 (2.2208e+00)	Acc@1  37.50 ( 49.91)	Acc@5  71.88 ( 74.13)
2021-04-27 14:15:24 INFO     Epoch: [7][ 2000/10010]	Time  0.556 ( 0.559)	Data  0.000 ( 0.002)	Loss 1.9673e+00 (2.2222e+00)	Acc@1  52.34 ( 49.90)	Acc@5  78.91 ( 74.06)
2021-04-27 14:20:03 INFO     Epoch: [7][ 2500/10010]	Time  0.556 ( 0.558)	Data  0.000 ( 0.002)	Loss 2.5527e+00 (2.2272e+00)	Acc@1  48.44 ( 49.81)	Acc@5  68.75 ( 73.97)
2021-04-27 14:24:41 INFO     Epoch: [7][ 3000/10010]	Time  0.549 ( 0.558)	Data  0.000 ( 0.002)	Loss 2.3487e+00 (2.2253e+00)	Acc@1  46.88 ( 49.78)	Acc@5  69.53 ( 74.01)
2021-04-27 14:29:20 INFO     Epoch: [7][ 3500/10010]	Time  0.554 ( 0.558)	Data  0.000 ( 0.002)	Loss 2.2813e+00 (2.2248e+00)	Acc@1  49.22 ( 49.82)	Acc@5  75.00 ( 74.02)
2021-04-27 14:33:59 INFO     Epoch: [7][ 4000/10010]	Time  0.575 ( 0.558)	Data  0.000 ( 0.002)	Loss 1.9236e+00 (2.2243e+00)	Acc@1  55.47 ( 49.83)	Acc@5  78.12 ( 74.04)
2021-04-27 14:38:38 INFO     Epoch: [7][ 4500/10010]	Time  0.558 ( 0.558)	Data  0.000 ( 0.002)	Loss 1.9541e+00 (2.2249e+00)	Acc@1  54.69 ( 49.80)	Acc@5  78.12 ( 74.02)
2021-04-27 14:43:17 INFO     Epoch: [7][ 5000/10010]	Time  0.556 ( 0.558)	Data  0.000 ( 0.002)	Loss 2.2838e+00 (2.2253e+00)	Acc@1  49.22 ( 49.79)	Acc@5  75.78 ( 73.99)
2021-04-27 14:47:56 INFO     Epoch: [7][ 5500/10010]	Time  0.556 ( 0.558)	Data  0.000 ( 0.002)	Loss 2.1914e+00 (2.2248e+00)	Acc@1  47.66 ( 49.79)	Acc@5  75.00 ( 74.00)
2021-04-27 14:52:35 INFO     Epoch: [7][ 6000/10010]	Time  0.556 ( 0.558)	Data  0.000 ( 0.002)	Loss 2.1056e+00 (2.2245e+00)	Acc@1  52.34 ( 49.81)	Acc@5  75.00 ( 74.00)
2021-04-27 14:57:13 INFO     Epoch: [7][ 6500/10010]	Time  0.554 ( 0.558)	Data  0.001 ( 0.002)	Loss 2.5560e+00 (2.2239e+00)	Acc@1  50.00 ( 49.81)	Acc@5  71.88 ( 74.02)
2021-04-27 15:01:52 INFO     Epoch: [7][ 7000/10010]	Time  0.557 ( 0.558)	Data  0.001 ( 0.001)	Loss 2.0527e+00 (2.2235e+00)	Acc@1  57.03 ( 49.81)	Acc@5  78.12 ( 74.03)
2021-04-27 15:06:31 INFO     Epoch: [7][ 7500/10010]	Time  0.551 ( 0.558)	Data  0.000 ( 0.001)	Loss 2.4080e+00 (2.2235e+00)	Acc@1  48.44 ( 49.80)	Acc@5  71.88 ( 74.04)
2021-04-27 15:11:10 INFO     Epoch: [7][ 8000/10010]	Time  0.555 ( 0.558)	Data  0.000 ( 0.001)	Loss 1.8874e+00 (2.2226e+00)	Acc@1  52.34 ( 49.83)	Acc@5  79.69 ( 74.05)
2021-04-27 15:15:49 INFO     Epoch: [7][ 8500/10010]	Time  0.556 ( 0.558)	Data  0.000 ( 0.001)	Loss 2.3166e+00 (2.2224e+00)	Acc@1  46.09 ( 49.84)	Acc@5  71.88 ( 74.06)
2021-04-27 15:20:28 INFO     Epoch: [7][ 9000/10010]	Time  0.556 ( 0.558)	Data  0.000 ( 0.001)	Loss 2.2734e+00 (2.2225e+00)	Acc@1  45.31 ( 49.84)	Acc@5  71.88 ( 74.05)
2021-04-27 15:25:07 INFO     Epoch: [7][ 9500/10010]	Time  0.556 ( 0.558)	Data  0.000 ( 0.001)	Loss 1.9962e+00 (2.2217e+00)	Acc@1  50.78 ( 49.84)	Acc@5  76.56 ( 74.06)
2021-04-27 15:29:46 INFO     Epoch: [7][10000/10010]	Time  0.561 ( 0.558)	Data  0.141 ( 0.002)	Loss 2.4094e+00 (2.2220e+00)	Acc@1  46.88 ( 49.84)	Acc@5  68.75 ( 74.06)
/opt/conda/lib/python3.7/site-packages/PIL/TiffImagePlugin.py:793: UserWarning: Corrupt EXIF data.  Expecting to read 4 bytes but only got 0. 
  warnings.warn(str(msg))
2021-04-27 15:29:53 INFO     Test: [  0/391]	Time  2.514 ( 2.514)	Loss 1.6490e+00 (1.6490e+00)	Acc@1  66.41 ( 66.41)	Acc@5  85.16 ( 85.16)
2021-04-27 15:33:24 INFO      * Acc@1 59.566 Acc@5 82.352
2021-04-27 15:33:38 INFO     Epoch: [8][    0/10010]	Time  2.214 ( 2.214)	Data  2.011 ( 2.011)	Loss 2.1420e+00 (2.1420e+00)	Acc@1  47.66 ( 47.66)	Acc@5  76.56 ( 76.56)
2021-04-27 15:38:19 INFO     Epoch: [8][  500/10010]	Time  0.555 ( 0.565)	Data  0.001 ( 0.043)	Loss 2.1603e+00 (2.1989e+00)	Acc@1  50.78 ( 50.39)	Acc@5  73.44 ( 74.22)
2021-04-27 15:42:58 INFO     Epoch: [8][ 1000/10010]	Time  0.574 ( 0.561)	Data  0.001 ( 0.022)	Loss 2.1582e+00 (2.1920e+00)	Acc@1  51.56 ( 50.46)	Acc@5  75.00 ( 74.40)
2021-04-27 15:47:37 INFO     Epoch: [8][ 1500/10010]	Time  0.575 ( 0.560)	Data  0.000 ( 0.015)	Loss 2.1902e+00 (2.1913e+00)	Acc@1  56.25 ( 50.45)	Acc@5  75.78 ( 74.48)
2021-04-27 15:52:16 INFO     Epoch: [8][ 2000/10010]	Time  0.556 ( 0.560)	Data  0.001 ( 0.012)	Loss 2.1373e+00 (2.1919e+00)	Acc@1  46.09 ( 50.42)	Acc@5  75.78 ( 74.51)
2021-04-27 15:56:55 INFO     Epoch: [8][ 2500/10010]	Time  0.556 ( 0.559)	Data  0.000 ( 0.010)	Loss 2.1532e+00 (2.1915e+00)	Acc@1  46.88 ( 50.40)	Acc@5  78.91 ( 74.53)
2021-04-27 16:01:34 INFO     Epoch: [8][ 3000/10010]	Time  0.556 ( 0.559)	Data  0.001 ( 0.008)	Loss 2.2370e+00 (2.1898e+00)	Acc@1  47.66 ( 50.43)	Acc@5  71.88 ( 74.56)
2021-04-27 16:06:13 INFO     Epoch: [8][ 3500/10010]	Time  0.551 ( 0.559)	Data  0.000 ( 0.007)	Loss 1.8965e+00 (2.1905e+00)	Acc@1  49.22 ( 50.41)	Acc@5  82.81 ( 74.53)
2021-04-27 16:10:52 INFO     Epoch: [8][ 4000/10010]	Time  0.558 ( 0.559)	Data  0.000 ( 0.006)	Loss 2.3504e+00 (2.1903e+00)	Acc@1  47.66 ( 50.43)	Acc@5  74.22 ( 74.53)
2021-04-27 16:15:31 INFO     Epoch: [8][ 4500/10010]	Time  0.556 ( 0.559)	Data  0.000 ( 0.006)	Loss 2.6089e+00 (2.1921e+00)	Acc@1  45.31 ( 50.39)	Acc@5  66.41 ( 74.51)
2021-04-27 16:20:09 INFO     Epoch: [8][ 5000/10010]	Time  0.555 ( 0.559)	Data  0.000 ( 0.005)	Loss 2.4421e+00 (2.1924e+00)	Acc@1  46.88 ( 50.37)	Acc@5  72.66 ( 74.49)
2021-04-27 16:24:48 INFO     Epoch: [8][ 5500/10010]	Time  0.563 ( 0.558)	Data  0.000 ( 0.005)	Loss 1.9807e+00 (2.1918e+00)	Acc@1  52.34 ( 50.39)	Acc@5  76.56 ( 74.49)
2021-04-27 16:29:27 INFO     Epoch: [8][ 6000/10010]	Time  0.559 ( 0.558)	Data  0.000 ( 0.005)	Loss 2.2852e+00 (2.1919e+00)	Acc@1  51.56 ( 50.40)	Acc@5  73.44 ( 74.49)
2021-04-27 16:34:06 INFO     Epoch: [8][ 6500/10010]	Time  0.555 ( 0.558)	Data  0.000 ( 0.004)	Loss 1.9590e+00 (2.1924e+00)	Acc@1  51.56 ( 50.38)	Acc@5  78.91 ( 74.48)
2021-04-27 16:38:45 INFO     Epoch: [8][ 7000/10010]	Time  0.555 ( 0.558)	Data  0.000 ( 0.004)	Loss 2.4660e+00 (2.1927e+00)	Acc@1  46.88 ( 50.36)	Acc@5  67.19 ( 74.49)
2021-04-27 16:43:24 INFO     Epoch: [8][ 7500/10010]	Time  0.573 ( 0.558)	Data  0.000 ( 0.004)	Loss 1.9416e+00 (2.1927e+00)	Acc@1  57.03 ( 50.35)	Acc@5  81.25 ( 74.49)
2021-04-27 16:48:03 INFO     Epoch: [8][ 8000/10010]	Time  0.560 ( 0.558)	Data  0.000 ( 0.004)	Loss 1.9414e+00 (2.1922e+00)	Acc@1  55.47 ( 50.37)	Acc@5  78.91 ( 74.48)
2021-04-27 16:52:42 INFO     Epoch: [8][ 8500/10010]	Time  0.555 ( 0.558)	Data  0.000 ( 0.004)	Loss 1.8889e+00 (2.1919e+00)	Acc@1  57.03 ( 50.38)	Acc@5  82.03 ( 74.49)
2021-04-27 16:57:21 INFO     Epoch: [8][ 9000/10010]	Time  0.556 ( 0.558)	Data  0.000 ( 0.004)	Loss 2.1652e+00 (2.1922e+00)	Acc@1  56.25 ( 50.37)	Acc@5  76.56 ( 74.49)
2021-04-27 17:02:00 INFO     Epoch: [8][ 9500/10010]	Time  0.554 ( 0.558)	Data  0.000 ( 0.003)	Loss 2.2704e+00 (2.1916e+00)	Acc@1  49.22 ( 50.37)	Acc@5  75.78 ( 74.51)
2021-04-27 17:06:39 INFO     Epoch: [8][10000/10010]	Time  0.553 ( 0.558)	Data  0.000 ( 0.003)	Loss 1.9620e+00 (2.1910e+00)	Acc@1  48.44 ( 50.39)	Acc@5  76.56 ( 74.52)
/opt/conda/lib/python3.7/site-packages/PIL/TiffImagePlugin.py:793: UserWarning: Corrupt EXIF data.  Expecting to read 4 bytes but only got 0. 
  warnings.warn(str(msg))
2021-04-27 17:06:46 INFO     Test: [  0/391]	Time  2.384 ( 2.384)	Loss 1.4439e+00 (1.4439e+00)	Acc@1  65.62 ( 65.62)	Acc@5  89.84 ( 89.84)
2021-04-27 17:10:12 INFO      * Acc@1 59.630 Acc@5 82.368
2021-04-27 17:10:27 INFO     Epoch: [9][    0/10010]	Time  2.389 ( 2.389)	Data  2.180 ( 2.180)	Loss 2.1264e+00 (2.1264e+00)	Acc@1  48.44 ( 48.44)	Acc@5  74.22 ( 74.22)
2021-04-27 17:15:06 INFO     Epoch: [9][  500/10010]	Time  0.554 ( 0.562)	Data  0.001 ( 0.007)	Loss 2.1741e+00 (2.1568e+00)	Acc@1  52.34 ( 50.91)	Acc@5  75.00 ( 75.08)
2021-04-27 17:19:45 INFO     Epoch: [9][ 1000/10010]	Time  0.556 ( 0.560)	Data  0.000 ( 0.004)	Loss 2.0150e+00 (2.1614e+00)	Acc@1  46.88 ( 50.94)	Acc@5  75.78 ( 74.93)
2021-04-27 17:24:24 INFO     Epoch: [9][ 1500/10010]	Time  0.557 ( 0.559)	Data  0.000 ( 0.003)	Loss 1.8282e+00 (2.1642e+00)	Acc@1  58.59 ( 50.86)	Acc@5  84.38 ( 74.91)
2021-04-27 17:29:03 INFO     Epoch: [9][ 2000/10010]	Time  0.555 ( 0.559)	Data  0.000 ( 0.003)	Loss 2.4501e+00 (2.1611e+00)	Acc@1  45.31 ( 50.87)	Acc@5  69.53 ( 74.99)
2021-04-27 17:33:42 INFO     Epoch: [9][ 2500/10010]	Time  0.561 ( 0.559)	Data  0.000 ( 0.002)	Loss 2.0474e+00 (2.1624e+00)	Acc@1  55.47 ( 50.84)	Acc@5  76.56 ( 74.99)
2021-04-27 17:38:21 INFO     Epoch: [9][ 3000/10010]	Time  0.555 ( 0.559)	Data  0.000 ( 0.002)	Loss 2.3022e+00 (2.1659e+00)	Acc@1  50.00 ( 50.80)	Acc@5  73.44 ( 74.94)
2021-04-27 17:43:00 INFO     Epoch: [9][ 3500/10010]	Time  0.556 ( 0.558)	Data  0.000 ( 0.002)	Loss 1.9876e+00 (2.1657e+00)	Acc@1  58.59 ( 50.80)	Acc@5  76.56 ( 74.92)
2021-04-27 17:47:38 INFO     Epoch: [9][ 4000/10010]	Time  0.556 ( 0.558)	Data  0.000 ( 0.002)	Loss 1.9318e+00 (2.1664e+00)	Acc@1  51.56 ( 50.79)	Acc@5  81.25 ( 74.90)
2021-04-27 17:52:17 INFO     Epoch: [9][ 4500/10010]	Time  0.553 ( 0.558)	Data  0.000 ( 0.002)	Loss 1.8325e+00 (2.1666e+00)	Acc@1  59.38 ( 50.78)	Acc@5  78.91 ( 74.88)
2021-04-27 17:56:57 INFO     Epoch: [9][ 5000/10010]	Time  0.552 ( 0.558)	Data  0.001 ( 0.002)	Loss 2.4498e+00 (2.1664e+00)	Acc@1  49.22 ( 50.81)	Acc@5  71.88 ( 74.90)
2021-04-27 18:01:36 INFO     Epoch: [9][ 5500/10010]	Time  0.554 ( 0.558)	Data  0.000 ( 0.002)	Loss 2.2168e+00 (2.1681e+00)	Acc@1  47.66 ( 50.79)	Acc@5  79.69 ( 74.86)
2021-04-27 18:06:14 INFO     Epoch: [9][ 6000/10010]	Time  0.557 ( 0.558)	Data  0.001 ( 0.002)	Loss 1.8047e+00 (2.1679e+00)	Acc@1  60.16 ( 50.80)	Acc@5  78.12 ( 74.88)
2021-04-27 18:10:53 INFO     Epoch: [9][ 6500/10010]	Time  0.566 ( 0.558)	Data  0.000 ( 0.002)	Loss 2.2938e+00 (2.1673e+00)	Acc@1  51.56 ( 50.83)	Acc@5  75.00 ( 74.88)
2021-04-27 18:15:32 INFO     Epoch: [9][ 7000/10010]	Time  0.556 ( 0.558)	Data  0.000 ( 0.002)	Loss 2.0449e+00 (2.1677e+00)	Acc@1  55.47 ( 50.81)	Acc@5  75.78 ( 74.87)
2021-04-27 18:20:11 INFO     Epoch: [9][ 7500/10010]	Time  0.556 ( 0.558)	Data  0.000 ( 0.002)	Loss 2.0592e+00 (2.1677e+00)	Acc@1  52.34 ( 50.83)	Acc@5  78.12 ( 74.88)
2021-04-27 18:24:50 INFO     Epoch: [9][ 8000/10010]	Time  0.562 ( 0.558)	Data  0.000 ( 0.002)	Loss 2.3563e+00 (2.1670e+00)	Acc@1  46.09 ( 50.83)	Acc@5  69.53 ( 74.90)
2021-04-27 18:29:29 INFO     Epoch: [9][ 8500/10010]	Time  0.556 ( 0.558)	Data  0.000 ( 0.002)	Loss 2.0334e+00 (2.1667e+00)	Acc@1  53.91 ( 50.83)	Acc@5  71.88 ( 74.91)
2021-04-27 18:34:08 INFO     Epoch: [9][ 9000/10010]	Time  0.566 ( 0.558)	Data  0.000 ( 0.002)	Loss 2.0637e+00 (2.1663e+00)	Acc@1  51.56 ( 50.84)	Acc@5  77.34 ( 74.91)
2021-04-27 18:38:47 INFO     Epoch: [9][ 9500/10010]	Time  0.563 ( 0.558)	Data  0.001 ( 0.002)	Loss 1.9022e+00 (2.1661e+00)	Acc@1  53.91 ( 50.83)	Acc@5  82.03 ( 74.92)
2021-04-27 18:43:26 INFO     Epoch: [9][10000/10010]	Time  0.554 ( 0.558)	Data  0.000 ( 0.002)	Loss 1.9519e+00 (2.1658e+00)	Acc@1  53.91 ( 50.82)	Acc@5  81.25 ( 74.92)
/opt/conda/lib/python3.7/site-packages/PIL/TiffImagePlugin.py:793: UserWarning: Corrupt EXIF data.  Expecting to read 4 bytes but only got 0. 
  warnings.warn(str(msg))
2021-04-27 18:43:32 INFO     Test: [  0/391]	Time  2.268 ( 2.268)	Loss 1.2999e+00 (1.2999e+00)	Acc@1  69.53 ( 69.53)	Acc@5  88.28 ( 88.28)
2021-04-27 18:46:59 INFO      * Acc@1 59.890 Acc@5 82.770
2021-04-27 18:47:13 INFO     Epoch: [10][    0/10010]	Time  2.199 ( 2.199)	Data  1.987 ( 1.987)	Loss 2.0262e+00 (2.0262e+00)	Acc@1  49.22 ( 49.22)	Acc@5  75.00 ( 75.00)
2021-04-27 18:51:52 INFO     Epoch: [10][  500/10010]	Time  0.558 ( 0.562)	Data  0.000 ( 0.008)	Loss 2.0241e+00 (2.1417e+00)	Acc@1  53.12 ( 51.34)	Acc@5  75.78 ( 75.33)
2021-04-27 18:56:31 INFO     Epoch: [10][ 1000/10010]	Time  0.555 ( 0.560)	Data  0.000 ( 0.004)	Loss 2.2970e+00 (2.1443e+00)	Acc@1  47.66 ( 51.28)	Acc@5  73.44 ( 75.28)
2021-04-27 19:01:11 INFO     Epoch: [10][ 1500/10010]	Time  0.555 ( 0.560)	Data  0.076 ( 0.018)	Loss 2.0705e+00 (2.1485e+00)	Acc@1  50.78 ( 51.19)	Acc@5  78.12 ( 75.24)
2021-04-27 19:05:52 INFO     Epoch: [10][ 2000/10010]	Time  0.557 ( 0.560)	Data  0.000 ( 0.024)	Loss 2.0109e+00 (2.1431e+00)	Acc@1  52.34 ( 51.34)	Acc@5  76.56 ( 75.33)
2021-04-27 19:10:33 INFO     Epoch: [10][ 2500/10010]	Time  0.546 ( 0.561)	Data  0.000 ( 0.029)	Loss 2.2119e+00 (2.1429e+00)	Acc@1  50.00 ( 51.31)	Acc@5  76.56 ( 75.33)
2021-04-27 19:15:15 INFO     Epoch: [10][ 3000/10010]	Time  0.547 ( 0.561)	Data  0.000 ( 0.032)	Loss 2.4601e+00 (2.1441e+00)	Acc@1  46.09 ( 51.29)	Acc@5  70.31 ( 75.31)
2021-04-27 19:19:56 INFO     Epoch: [10][ 3500/10010]	Time  0.566 ( 0.561)	Data  0.000 ( 0.035)	Loss 2.3039e+00 (2.1423e+00)	Acc@1  46.09 ( 51.31)	Acc@5  71.09 ( 75.31)
2021-04-27 19:24:37 INFO     Epoch: [10][ 4000/10010]	Time  0.560 ( 0.561)	Data  0.001 ( 0.036)	Loss 2.2610e+00 (2.1412e+00)	Acc@1  48.44 ( 51.34)	Acc@5  78.12 ( 75.32)
2021-04-27 19:29:18 INFO     Epoch: [10][ 4500/10010]	Time  0.559 ( 0.561)	Data  0.000 ( 0.037)	Loss 2.0601e+00 (2.1393e+00)	Acc@1  51.56 ( 51.39)	Acc@5  75.00 ( 75.35)
2021-04-27 19:34:00 INFO     Epoch: [10][ 5000/10010]	Time  0.554 ( 0.562)	Data  0.000 ( 0.038)	Loss 2.1594e+00 (2.1415e+00)	Acc@1  53.12 ( 51.36)	Acc@5  76.56 ( 75.32)
2021-04-27 19:38:41 INFO     Epoch: [10][ 5500/10010]	Time  0.556 ( 0.562)	Data  0.000 ( 0.039)	Loss 2.2560e+00 (2.1422e+00)	Acc@1  53.12 ( 51.34)	Acc@5  75.00 ( 75.32)
2021-04-27 19:43:21 INFO     Epoch: [10][ 6000/10010]	Time  0.563 ( 0.562)	Data  0.001 ( 0.038)	Loss 2.5007e+00 (2.1427e+00)	Acc@1  42.97 ( 51.34)	Acc@5  67.19 ( 75.30)
2021-04-27 19:48:00 INFO     Epoch: [10][ 6500/10010]	Time  0.553 ( 0.561)	Data  0.000 ( 0.035)	Loss 2.0909e+00 (2.1429e+00)	Acc@1  53.12 ( 51.33)	Acc@5  75.78 ( 75.30)
2021-04-27 19:52:39 INFO     Epoch: [10][ 7000/10010]	Time  0.557 ( 0.561)	Data  0.000 ( 0.033)	Loss 2.2189e+00 (2.1432e+00)	Acc@1  54.69 ( 51.33)	Acc@5  77.34 ( 75.29)
2021-04-27 19:57:18 INFO     Epoch: [10][ 7500/10010]	Time  0.557 ( 0.561)	Data  0.000 ( 0.031)	Loss 2.2840e+00 (2.1442e+00)	Acc@1  50.78 ( 51.32)	Acc@5  67.19 ( 75.28)
2021-04-27 20:01:57 INFO     Epoch: [10][ 8000/10010]	Time  0.555 ( 0.561)	Data  0.000 ( 0.029)	Loss 2.1437e+00 (2.1445e+00)	Acc@1  49.22 ( 51.32)	Acc@5  75.00 ( 75.27)
2021-04-27 20:06:36 INFO     Epoch: [10][ 8500/10010]	Time  0.562 ( 0.561)	Data  0.000 ( 0.027)	Loss 2.1984e+00 (2.1448e+00)	Acc@1  53.91 ( 51.31)	Acc@5  74.22 ( 75.27)
2021-04-27 20:11:15 INFO     Epoch: [10][ 9000/10010]	Time  0.563 ( 0.560)	Data  0.000 ( 0.026)	Loss 1.8736e+00 (2.1453e+00)	Acc@1  56.25 ( 51.30)	Acc@5  79.69 ( 75.26)
2021-04-27 20:15:54 INFO     Epoch: [10][ 9500/10010]	Time  0.557 ( 0.560)	Data  0.000 ( 0.025)	Loss 2.2427e+00 (2.1443e+00)	Acc@1  51.56 ( 51.32)	Acc@5  78.12 ( 75.27)
2021-04-27 20:20:33 INFO     Epoch: [10][10000/10010]	Time  0.555 ( 0.560)	Data  0.000 ( 0.023)	Loss 1.8212e+00 (2.1443e+00)	Acc@1  50.78 ( 51.32)	Acc@5  82.81 ( 75.26)
/opt/conda/lib/python3.7/site-packages/PIL/TiffImagePlugin.py:793: UserWarning: Corrupt EXIF data.  Expecting to read 4 bytes but only got 0. 
  warnings.warn(str(msg))
2021-04-27 20:20:40 INFO     Test: [  0/391]	Time  2.325 ( 2.325)	Loss 1.4913e+00 (1.4913e+00)	Acc@1  63.28 ( 63.28)	Acc@5  83.59 ( 83.59)
2021-04-27 20:24:07 INFO      * Acc@1 60.210 Acc@5 83.006
2021-04-27 20:24:21 INFO     Epoch: [11][    0/10010]	Time  2.144 ( 2.144)	Data  1.934 ( 1.934)	Loss 1.8038e+00 (1.8038e+00)	Acc@1  58.59 ( 58.59)	Acc@5  82.81 ( 82.81)
2021-04-27 20:29:00 INFO     Epoch: [11][  500/10010]	Time  0.556 ( 0.561)	Data  0.000 ( 0.006)	Loss 2.0701e+00 (2.1193e+00)	Acc@1  52.34 ( 51.81)	Acc@5  74.22 ( 75.76)
2021-04-27 20:33:39 INFO     Epoch: [11][ 1000/10010]	Time  0.556 ( 0.560)	Data  0.000 ( 0.004)	Loss 2.3373e+00 (2.1220e+00)	Acc@1  46.09 ( 51.78)	Acc@5  71.09 ( 75.71)
2021-04-27 20:38:18 INFO     Epoch: [11][ 1500/10010]	Time  0.556 ( 0.559)	Data  0.000 ( 0.003)	Loss 2.0448e+00 (2.1221e+00)	Acc@1  53.91 ( 51.78)	Acc@5  74.22 ( 75.64)
2021-04-27 20:42:57 INFO     Epoch: [11][ 2000/10010]	Time  0.556 ( 0.559)	Data  0.000 ( 0.003)	Loss 2.1159e+00 (2.1211e+00)	Acc@1  57.81 ( 51.76)	Acc@5  75.00 ( 75.67)
2021-04-27 20:47:36 INFO     Epoch: [11][ 2500/10010]	Time  0.555 ( 0.559)	Data  0.000 ( 0.002)	Loss 1.6152e+00 (2.1228e+00)	Acc@1  61.72 ( 51.77)	Acc@5  82.03 ( 75.63)
2021-04-27 20:52:15 INFO     Epoch: [11][ 3000/10010]	Time  0.562 ( 0.558)	Data  0.000 ( 0.002)	Loss 2.3500e+00 (2.1232e+00)	Acc@1  47.66 ( 51.76)	Acc@5  73.44 ( 75.61)
2021-04-27 20:56:54 INFO     Epoch: [11][ 3500/10010]	Time  0.555 ( 0.558)	Data  0.000 ( 0.002)	Loss 2.1606e+00 (2.1236e+00)	Acc@1  51.56 ( 51.73)	Acc@5  76.56 ( 75.61)
2021-04-27 21:01:33 INFO     Epoch: [11][ 4000/10010]	Time  0.557 ( 0.558)	Data  0.000 ( 0.002)	Loss 1.7544e+00 (2.1229e+00)	Acc@1  61.72 ( 51.74)	Acc@5  80.47 ( 75.62)
2021-04-27 21:06:12 INFO     Epoch: [11][ 4500/10010]	Time  0.556 ( 0.558)	Data  0.000 ( 0.002)	Loss 2.4456e+00 (2.1239e+00)	Acc@1  46.88 ( 51.73)	Acc@5  69.53 ( 75.62)
2021-04-27 21:10:51 INFO     Epoch: [11][ 5000/10010]	Time  0.557 ( 0.558)	Data  0.000 ( 0.002)	Loss 2.1339e+00 (2.1224e+00)	Acc@1  48.44 ( 51.77)	Acc@5  81.25 ( 75.64)
2021-04-27 21:15:30 INFO     Epoch: [11][ 5500/10010]	Time  0.553 ( 0.558)	Data  0.000 ( 0.002)	Loss 2.2874e+00 (2.1199e+00)	Acc@1  47.66 ( 51.83)	Acc@5  72.66 ( 75.68)
2021-04-27 21:20:09 INFO     Epoch: [11][ 6000/10010]	Time  0.557 ( 0.558)	Data  0.000 ( 0.002)	Loss 2.6582e+00 (2.1187e+00)	Acc@1  40.62 ( 51.82)	Acc@5  66.41 ( 75.69)
2021-04-27 21:24:48 INFO     Epoch: [11][ 6500/10010]	Time  0.556 ( 0.558)	Data  0.000 ( 0.002)	Loss 2.0604e+00 (2.1195e+00)	Acc@1  51.56 ( 51.83)	Acc@5  75.78 ( 75.67)
2021-04-27 21:29:27 INFO     Epoch: [11][ 7000/10010]	Time  0.554 ( 0.558)	Data  0.000 ( 0.002)	Loss 2.4092e+00 (2.1200e+00)	Acc@1  46.88 ( 51.82)	Acc@5  69.53 ( 75.66)
2021-04-27 21:34:06 INFO     Epoch: [11][ 7500/10010]	Time  0.563 ( 0.558)	Data  0.000 ( 0.002)	Loss 2.0348e+00 (2.1212e+00)	Acc@1  53.12 ( 51.80)	Acc@5  77.34 ( 75.64)
2021-04-27 21:38:45 INFO     Epoch: [11][ 8000/10010]	Time  0.557 ( 0.558)	Data  0.000 ( 0.002)	Loss 1.8576e+00 (2.1218e+00)	Acc@1  53.91 ( 51.78)	Acc@5  80.47 ( 75.63)
2021-04-27 21:43:24 INFO     Epoch: [11][ 8500/10010]	Time  0.557 ( 0.558)	Data  0.000 ( 0.002)	Loss 2.3302e+00 (2.1231e+00)	Acc@1  48.44 ( 51.76)	Acc@5  71.09 ( 75.61)
2021-04-27 21:48:03 INFO     Epoch: [11][ 9000/10010]	Time  0.556 ( 0.558)	Data  0.000 ( 0.002)	Loss 2.0066e+00 (2.1235e+00)	Acc@1  56.25 ( 51.76)	Acc@5  76.56 ( 75.60)
2021-04-27 21:52:42 INFO     Epoch: [11][ 9500/10010]	Time  0.555 ( 0.558)	Data  0.000 ( 0.002)	Loss 1.9923e+00 (2.1232e+00)	Acc@1  56.25 ( 51.74)	Acc@5  76.56 ( 75.60)
2021-04-27 21:57:21 INFO     Epoch: [11][10000/10010]	Time  0.557 ( 0.558)	Data  0.000 ( 0.001)	Loss 2.0991e+00 (2.1240e+00)	Acc@1  55.47 ( 51.73)	Acc@5  75.78 ( 75.59)
/opt/conda/lib/python3.7/site-packages/PIL/TiffImagePlugin.py:793: UserWarning: Corrupt EXIF data.  Expecting to read 4 bytes but only got 0. 
  warnings.warn(str(msg))
2021-04-27 21:57:28 INFO     Test: [  0/391]	Time  2.329 ( 2.329)	Loss 1.6217e+00 (1.6217e+00)	Acc@1  60.16 ( 60.16)	Acc@5  80.47 ( 80.47)
2021-04-27 22:00:55 INFO      * Acc@1 60.312 Acc@5 83.004
2021-04-27 22:01:09 INFO     Epoch: [12][    0/10010]	Time  2.387 ( 2.387)	Data  2.180 ( 2.180)	Loss 1.8541e+00 (1.8541e+00)	Acc@1  53.12 ( 53.12)	Acc@5  75.78 ( 75.78)
2021-04-27 22:05:48 INFO     Epoch: [12][  500/10010]	Time  0.556 ( 0.561)	Data  0.000 ( 0.007)	Loss 1.8369e+00 (2.1008e+00)	Acc@1  58.59 ( 52.06)	Acc@5  78.91 ( 75.89)
2021-04-27 22:10:28 INFO     Epoch: [12][ 1000/10010]	Time  0.567 ( 0.561)	Data  0.053 ( 0.013)	Loss 2.1991e+00 (2.0989e+00)	Acc@1  51.56 ( 52.21)	Acc@5  75.00 ( 75.90)
2021-04-27 22:15:07 INFO     Epoch: [12][ 1500/10010]	Time  0.561 ( 0.560)	Data  0.000 ( 0.011)	Loss 2.1934e+00 (2.0983e+00)	Acc@1  49.22 ( 52.17)	Acc@5  79.69 ( 75.93)
2021-04-27 22:19:46 INFO     Epoch: [12][ 2000/10010]	Time  0.555 ( 0.559)	Data  0.000 ( 0.009)	Loss 1.9755e+00 (2.0973e+00)	Acc@1  54.69 ( 52.17)	Acc@5  75.00 ( 76.00)
2021-04-27 22:24:25 INFO     Epoch: [12][ 2500/10010]	Time  0.556 ( 0.559)	Data  0.000 ( 0.007)	Loss 2.3853e+00 (2.0986e+00)	Acc@1  45.31 ( 52.18)	Acc@5  70.31 ( 75.99)
2021-04-27 22:29:04 INFO     Epoch: [12][ 3000/10010]	Time  0.555 ( 0.559)	Data  0.000 ( 0.006)	Loss 1.7400e+00 (2.0990e+00)	Acc@1  58.59 ( 52.17)	Acc@5  82.81 ( 75.97)
2021-04-27 22:33:43 INFO     Epoch: [12][ 3500/10010]	Time  0.564 ( 0.559)	Data  0.000 ( 0.005)	Loss 2.1559e+00 (2.0980e+00)	Acc@1  51.56 ( 52.15)	Acc@5  74.22 ( 75.97)
2021-04-27 22:38:22 INFO     Epoch: [12][ 4000/10010]	Time  0.555 ( 0.559)	Data  0.000 ( 0.005)	Loss 2.2027e+00 (2.0994e+00)	Acc@1  49.22 ( 52.13)	Acc@5  73.44 ( 75.96)
2021-04-27 22:43:01 INFO     Epoch: [12][ 4500/10010]	Time  0.556 ( 0.559)	Data  0.000 ( 0.004)	Loss 2.2296e+00 (2.1001e+00)	Acc@1  46.09 ( 52.11)	Acc@5  75.00 ( 75.96)
2021-04-27 22:47:40 INFO     Epoch: [12][ 5000/10010]	Time  0.558 ( 0.559)	Data  0.000 ( 0.004)	Loss 2.1654e+00 (2.0999e+00)	Acc@1  50.78 ( 52.13)	Acc@5  76.56 ( 75.96)
2021-04-27 22:52:19 INFO     Epoch: [12][ 5500/10010]	Time  0.553 ( 0.559)	Data  0.000 ( 0.004)	Loss 2.2418e+00 (2.0998e+00)	Acc@1  46.88 ( 52.14)	Acc@5  78.12 ( 75.96)
2021-04-27 22:56:58 INFO     Epoch: [12][ 6000/10010]	Time  0.556 ( 0.559)	Data  0.000 ( 0.004)	Loss 1.8614e+00 (2.1011e+00)	Acc@1  56.25 ( 52.11)	Acc@5  80.47 ( 75.95)
2021-04-27 23:01:37 INFO     Epoch: [12][ 6500/10010]	Time  0.557 ( 0.558)	Data  0.000 ( 0.003)	Loss 2.1991e+00 (2.1008e+00)	Acc@1  53.91 ( 52.11)	Acc@5  72.66 ( 75.94)
2021-04-27 23:06:16 INFO     Epoch: [12][ 7000/10010]	Time  0.556 ( 0.558)	Data  0.000 ( 0.003)	Loss 1.9634e+00 (2.1018e+00)	Acc@1  54.69 ( 52.09)	Acc@5  82.03 ( 75.92)
2021-04-27 23:10:55 INFO     Epoch: [12][ 7500/10010]	Time  0.569 ( 0.558)	Data  0.000 ( 0.003)	Loss 2.2942e+00 (2.1027e+00)	Acc@1  52.34 ( 52.08)	Acc@5  72.66 ( 75.90)
2021-04-27 23:15:34 INFO     Epoch: [12][ 8000/10010]	Time  0.557 ( 0.558)	Data  0.000 ( 0.003)	Loss 1.9567e+00 (2.1032e+00)	Acc@1  49.22 ( 52.08)	Acc@5  78.12 ( 75.90)
2021-04-27 23:20:13 INFO     Epoch: [12][ 8500/10010]	Time  0.559 ( 0.558)	Data  0.000 ( 0.003)	Loss 2.0657e+00 (2.1034e+00)	Acc@1  49.22 ( 52.09)	Acc@5  77.34 ( 75.89)
2021-04-27 23:24:52 INFO     Epoch: [12][ 9000/10010]	Time  0.559 ( 0.558)	Data  0.000 ( 0.003)	Loss 1.8622e+00 (2.1041e+00)	Acc@1  50.78 ( 52.07)	Acc@5  78.12 ( 75.88)
2021-04-27 23:29:31 INFO     Epoch: [12][ 9500/10010]	Time  0.558 ( 0.558)	Data  0.000 ( 0.003)	Loss 2.3143e+00 (2.1044e+00)	Acc@1  52.34 ( 52.07)	Acc@5  73.44 ( 75.87)
2021-04-27 23:34:09 INFO     Epoch: [12][10000/10010]	Time  0.556 ( 0.558)	Data  0.000 ( 0.003)	Loss 2.4461e+00 (2.1046e+00)	Acc@1  45.31 ( 52.07)	Acc@5  71.09 ( 75.87)
/opt/conda/lib/python3.7/site-packages/PIL/TiffImagePlugin.py:793: UserWarning: Corrupt EXIF data.  Expecting to read 4 bytes but only got 0. 
  warnings.warn(str(msg))
2021-04-27 23:34:17 INFO     Test: [  0/391]	Time  2.594 ( 2.594)	Loss 1.7216e+00 (1.7216e+00)	Acc@1  62.50 ( 62.50)	Acc@5  85.16 ( 85.16)
2021-04-27 23:37:43 INFO      * Acc@1 61.000 Acc@5 83.428
2021-04-27 23:37:57 INFO     Epoch: [13][    0/10010]	Time  2.272 ( 2.272)	Data  2.060 ( 2.060)	Loss 2.2896e+00 (2.2896e+00)	Acc@1  47.66 ( 47.66)	Acc@5  76.56 ( 76.56)
2021-04-27 23:42:36 INFO     Epoch: [13][  500/10010]	Time  0.556 ( 0.562)	Data  0.002 ( 0.007)	Loss 2.3384e+00 (2.0719e+00)	Acc@1  44.53 ( 52.73)	Acc@5  70.31 ( 76.41)
2021-04-27 23:47:15 INFO     Epoch: [13][ 1000/10010]	Time  0.556 ( 0.560)	Data  0.000 ( 0.004)	Loss 2.0480e+00 (2.0743e+00)	Acc@1  52.34 ( 52.59)	Acc@5  80.47 ( 76.43)
2021-04-27 23:51:54 INFO     Epoch: [13][ 1500/10010]	Time  0.573 ( 0.559)	Data  0.000 ( 0.003)	Loss 2.3488e+00 (2.0757e+00)	Acc@1  46.88 ( 52.61)	Acc@5  73.44 ( 76.35)
2021-04-27 23:56:33 INFO     Epoch: [13][ 2000/10010]	Time  0.555 ( 0.559)	Data  0.000 ( 0.003)	Loss 2.2126e+00 (2.0806e+00)	Acc@1  48.44 ( 52.52)	Acc@5  72.66 ( 76.22)
2021-04-28 00:01:12 INFO     Epoch: [13][ 2500/10010]	Time  0.556 ( 0.559)	Data  0.000 ( 0.002)	Loss 1.9969e+00 (2.0814e+00)	Acc@1  57.03 ( 52.51)	Acc@5  76.56 ( 76.20)
2021-04-28 00:05:51 INFO     Epoch: [13][ 3000/10010]	Time  0.555 ( 0.559)	Data  0.000 ( 0.002)	Loss 1.9959e+00 (2.0839e+00)	Acc@1  54.69 ( 52.49)	Acc@5  78.12 ( 76.18)
2021-04-28 00:10:30 INFO     Epoch: [13][ 3500/10010]	Time  0.562 ( 0.558)	Data  0.000 ( 0.002)	Loss 1.8425e+00 (2.0855e+00)	Acc@1  55.47 ( 52.49)	Acc@5  79.69 ( 76.16)
2021-04-28 00:15:09 INFO     Epoch: [13][ 4000/10010]	Time  0.555 ( 0.558)	Data  0.000 ( 0.002)	Loss 2.2090e+00 (2.0851e+00)	Acc@1  52.34 ( 52.52)	Acc@5  69.53 ( 76.18)
2021-04-28 00:19:48 INFO     Epoch: [13][ 4500/10010]	Time  0.553 ( 0.558)	Data  0.001 ( 0.002)	Loss 1.8990e+00 (2.0851e+00)	Acc@1  58.59 ( 52.53)	Acc@5  78.12 ( 76.17)
2021-04-28 00:24:27 INFO     Epoch: [13][ 5000/10010]	Time  0.555 ( 0.558)	Data  0.000 ( 0.002)	Loss 2.0370e+00 (2.0862e+00)	Acc@1  53.91 ( 52.51)	Acc@5  77.34 ( 76.14)
2021-04-28 00:29:06 INFO     Epoch: [13][ 5500/10010]	Time  0.562 ( 0.558)	Data  0.000 ( 0.002)	Loss 2.0356e+00 (2.0857e+00)	Acc@1  54.69 ( 52.51)	Acc@5  77.34 ( 76.15)
2021-04-28 00:33:45 INFO     Epoch: [13][ 6000/10010]	Time  0.564 ( 0.558)	Data  0.000 ( 0.002)	Loss 1.9638e+00 (2.0877e+00)	Acc@1  50.00 ( 52.46)	Acc@5  80.47 ( 76.12)
2021-04-28 00:38:24 INFO     Epoch: [13][ 6500/10010]	Time  0.564 ( 0.558)	Data  0.000 ( 0.002)	Loss 1.7975e+00 (2.0873e+00)	Acc@1  57.03 ( 52.46)	Acc@5  80.47 ( 76.12)
2021-04-28 00:43:03 INFO     Epoch: [13][ 7000/10010]	Time  0.552 ( 0.558)	Data  0.000 ( 0.002)	Loss 2.0107e+00 (2.0877e+00)	Acc@1  54.69 ( 52.44)	Acc@5  75.78 ( 76.13)
2021-04-28 00:47:42 INFO     Epoch: [13][ 7500/10010]	Time  0.556 ( 0.558)	Data  0.000 ( 0.002)	Loss 2.0598e+00 (2.0878e+00)	Acc@1  54.69 ( 52.43)	Acc@5  75.78 ( 76.13)
2021-04-28 00:52:21 INFO     Epoch: [13][ 8000/10010]	Time  0.563 ( 0.558)	Data  0.000 ( 0.002)	Loss 2.4215e+00 (2.0869e+00)	Acc@1  44.53 ( 52.45)	Acc@5  71.09 ( 76.14)
2021-04-28 00:57:00 INFO     Epoch: [13][ 8500/10010]	Time  0.556 ( 0.558)	Data  0.000 ( 0.002)	Loss 2.0745e+00 (2.0866e+00)	Acc@1  52.34 ( 52.44)	Acc@5  76.56 ( 76.15)
2021-04-28 01:01:39 INFO     Epoch: [13][ 9000/10010]	Time  0.555 ( 0.558)	Data  0.000 ( 0.002)	Loss 1.9942e+00 (2.0863e+00)	Acc@1  49.22 ( 52.45)	Acc@5  78.91 ( 76.15)
2021-04-28 01:06:18 INFO     Epoch: [13][ 9500/10010]	Time  0.562 ( 0.558)	Data  0.000 ( 0.002)	Loss 2.0110e+00 (2.0862e+00)	Acc@1  53.91 ( 52.45)	Acc@5  81.25 ( 76.16)
2021-04-28 01:10:57 INFO     Epoch: [13][10000/10010]	Time  0.562 ( 0.558)	Data  0.001 ( 0.002)	Loss 1.6483e+00 (2.0862e+00)	Acc@1  61.72 ( 52.44)	Acc@5  81.25 ( 76.16)
/opt/conda/lib/python3.7/site-packages/PIL/TiffImagePlugin.py:793: UserWarning: Corrupt EXIF data.  Expecting to read 4 bytes but only got 0. 
  warnings.warn(str(msg))
2021-04-28 01:11:04 INFO     Test: [  0/391]	Time  2.508 ( 2.508)	Loss 1.7496e+00 (1.7496e+00)	Acc@1  56.25 ( 56.25)	Acc@5  81.25 ( 81.25)
2021-04-28 01:14:33 INFO      * Acc@1 61.176 Acc@5 83.716
2021-04-28 01:14:47 INFO     Epoch: [14][    0/10010]	Time  2.476 ( 2.476)	Data  2.273 ( 2.273)	Loss 1.9061e+00 (1.9061e+00)	Acc@1  53.91 ( 53.91)	Acc@5  78.91 ( 78.91)
2021-04-28 01:19:26 INFO     Epoch: [14][  500/10010]	Time  0.555 ( 0.562)	Data  0.000 ( 0.008)	Loss 2.2043e+00 (2.0621e+00)	Acc@1  49.22 ( 53.00)	Acc@5  72.66 ( 76.34)
2021-04-28 01:24:05 INFO     Epoch: [14][ 1000/10010]	Time  0.556 ( 0.560)	Data  0.000 ( 0.005)	Loss 2.1289e+00 (2.0672e+00)	Acc@1  50.78 ( 52.82)	Acc@5  73.44 ( 76.32)
