2021-04-26 15:30:06 INFO     All arguments used for this run
    Namespace(arch='vgg11', batch_size=512, data='/home/dataset/ILSVRC/Data/CLS-LOC', dist_backend='nccl', dist_url='tcp://224.66.41.62:23456', epochs=10, evaluate=False, gpu=None, img=128, jitter_train=[], jitter_val=[], keep_logs=True, lr=0.001, momentum=0.9, multiprocessing_distributed=False, normalize=True, pretrained=True, print_freq=100, rank=-1, resume='', seed=None, start_epoch=0, weight_decay=0.0001, workers=4, world_size=-1)
    
2021-04-26 15:30:07 INFO     => using pre-trained model 'vgg11'
2021-04-26 15:30:30 INFO     Epoch: [0][   0/2503]	Time 14.360 (14.360)	Data  6.165 ( 6.165)	Loss 2.1722e+00 (2.1722e+00)	Acc@1  56.45 ( 56.45)	Acc@5  77.54 ( 77.54)
2021-04-26 15:32:55 INFO     Epoch: [0][ 100/2503]	Time  0.632 ( 1.570)	Data  0.000 ( 1.035)	Loss 1.7656e+00 (1.9936e+00)	Acc@1  58.01 ( 54.30)	Acc@5  81.05 ( 78.41)
2021-04-26 15:35:29 INFO     Epoch: [0][ 200/2503]	Time  0.634 ( 1.555)	Data  0.001 ( 1.023)	Loss 1.8875e+00 (1.9794e+00)	Acc@1  54.88 ( 54.52)	Acc@5  79.10 ( 78.38)
2021-04-26 15:38:00 INFO     Epoch: [0][ 300/2503]	Time  0.630 ( 1.542)	Data  0.000 ( 1.040)	Loss 1.8670e+00 (1.9614e+00)	Acc@1  55.86 ( 54.68)	Acc@5  79.49 ( 78.56)
2021-04-26 15:40:33 INFO     Epoch: [0][ 400/2503]	Time  0.626 ( 1.537)	Data  0.000 ( 1.050)	Loss 2.0054e+00 (1.9499e+00)	Acc@1  53.71 ( 54.92)	Acc@5  78.52 ( 78.66)
2021-04-26 15:43:06 INFO     Epoch: [0][ 500/2503]	Time  0.635 ( 1.536)	Data  0.000 ( 1.057)	Loss 1.8272e+00 (1.9400e+00)	Acc@1  57.81 ( 55.11)	Acc@5  80.27 ( 78.76)
2021-04-26 15:45:39 INFO     Epoch: [0][ 600/2503]	Time  0.642 ( 1.535)	Data  0.000 ( 1.058)	Loss 1.7652e+00 (1.9322e+00)	Acc@1  59.96 ( 55.23)	Acc@5  81.84 ( 78.88)
2021-04-26 15:48:11 INFO     Epoch: [0][ 700/2503]	Time  0.631 ( 1.533)	Data  0.001 ( 1.052)	Loss 1.7582e+00 (1.9269e+00)	Acc@1  61.13 ( 55.31)	Acc@5  81.64 ( 78.93)
2021-04-26 15:50:44 INFO     Epoch: [0][ 800/2503]	Time  0.647 ( 1.533)	Data  0.000 ( 1.052)	Loss 1.8455e+00 (1.9206e+00)	Acc@1  55.47 ( 55.39)	Acc@5  81.25 ( 79.00)
2021-04-26 15:53:15 INFO     Epoch: [0][ 900/2503]	Time  0.632 ( 1.530)	Data  0.000 ( 1.055)	Loss 1.8620e+00 (1.9172e+00)	Acc@1  57.23 ( 55.46)	Acc@5  81.25 ( 79.05)
2021-04-26 15:55:47 INFO     Epoch: [0][1000/2503]	Time  0.633 ( 1.530)	Data  0.000 ( 1.055)	Loss 1.8348e+00 (1.9138e+00)	Acc@1  55.66 ( 55.52)	Acc@5  79.88 ( 79.08)
2021-04-26 15:58:19 INFO     Epoch: [0][1100/2503]	Time  0.637 ( 1.529)	Data  0.000 ( 1.056)	Loss 1.8782e+00 (1.9093e+00)	Acc@1  57.42 ( 55.61)	Acc@5  80.47 ( 79.15)
2021-04-26 16:00:51 INFO     Epoch: [0][1200/2503]	Time  0.634 ( 1.528)	Data  0.003 ( 1.055)	Loss 1.9102e+00 (1.9058e+00)	Acc@1  57.23 ( 55.68)	Acc@5  77.34 ( 79.19)
2021-04-26 16:03:25 INFO     Epoch: [0][1300/2503]	Time  0.638 ( 1.529)	Data  0.001 ( 1.053)	Loss 1.8263e+00 (1.9026e+00)	Acc@1  54.49 ( 55.74)	Acc@5  82.42 ( 79.24)
2021-04-26 16:06:03 INFO     Epoch: [0][1400/2503]	Time  0.630 ( 1.532)	Data  0.001 ( 1.053)	Loss 1.7281e+00 (1.8992e+00)	Acc@1  58.59 ( 55.81)	Acc@5  82.62 ( 79.29)
2021-04-26 16:08:36 INFO     Epoch: [0][1500/2503]	Time  0.626 ( 1.532)	Data  0.000 ( 1.054)	Loss 1.9255e+00 (1.8979e+00)	Acc@1  53.12 ( 55.84)	Acc@5  78.71 ( 79.30)
2021-04-26 16:11:10 INFO     Epoch: [0][1600/2503]	Time  0.630 ( 1.533)	Data  0.000 ( 1.054)	Loss 1.8212e+00 (1.8961e+00)	Acc@1  56.25 ( 55.88)	Acc@5  79.88 ( 79.32)
2021-04-26 16:13:41 INFO     Epoch: [0][1700/2503]	Time  0.633 ( 1.531)	Data  0.000 ( 1.055)	Loss 1.8454e+00 (1.8945e+00)	Acc@1  56.25 ( 55.90)	Acc@5  80.08 ( 79.33)
2021-04-26 16:16:11 INFO     Epoch: [0][1800/2503]	Time  0.637 ( 1.529)	Data  0.000 ( 1.061)	Loss 1.9992e+00 (1.8930e+00)	Acc@1  53.52 ( 55.93)	Acc@5  76.17 ( 79.34)
2021-04-26 16:18:44 INFO     Epoch: [0][1900/2503]	Time  0.632 ( 1.530)	Data  0.000 ( 1.061)	Loss 1.7246e+00 (1.8916e+00)	Acc@1  59.18 ( 55.95)	Acc@5  82.42 ( 79.35)
2021-04-26 16:21:16 INFO     Epoch: [0][2000/2503]	Time  0.632 ( 1.529)	Data  0.000 ( 1.062)	Loss 1.8284e+00 (1.8899e+00)	Acc@1  56.45 ( 55.98)	Acc@5  79.69 ( 79.38)
2021-04-26 16:23:49 INFO     Epoch: [0][2100/2503]	Time  0.635 ( 1.529)	Data  0.000 ( 1.064)	Loss 1.9697e+00 (1.8885e+00)	Acc@1  56.84 ( 56.02)	Acc@5  78.71 ( 79.39)
2021-04-26 16:26:21 INFO     Epoch: [0][2200/2503]	Time  0.646 ( 1.529)	Data  0.000 ( 1.064)	Loss 1.8287e+00 (1.8867e+00)	Acc@1  57.42 ( 56.04)	Acc@5  83.20 ( 79.43)
2021-04-26 16:28:56 INFO     Epoch: [0][2300/2503]	Time  0.650 ( 1.530)	Data  0.000 ( 1.065)	Loss 1.8593e+00 (1.8863e+00)	Acc@1  59.18 ( 56.06)	Acc@5  78.52 ( 79.42)
2021-04-26 16:31:29 INFO     Epoch: [0][2400/2503]	Time  0.632 ( 1.530)	Data  0.000 ( 1.062)	Loss 1.8791e+00 (1.8854e+00)	Acc@1  56.84 ( 56.08)	Acc@5  78.91 ( 79.42)
2021-04-26 16:34:00 INFO     Epoch: [0][2500/2503]	Time  0.633 ( 1.529)	Data  0.000 ( 1.062)	Loss 1.8720e+00 (1.8837e+00)	Acc@1  56.25 ( 56.10)	Acc@5  79.10 ( 79.46)
2021-04-26 16:34:10 INFO     Test: [ 0/98]	Time  7.129 ( 7.129)	Loss 1.6622e+00 (1.6622e+00)	Acc@1  60.16 ( 60.16)	Acc@5  82.62 ( 82.62)
2021-04-26 16:36:54 INFO      * Acc@1 59.418 Acc@5 82.264
2021-04-26 16:37:06 INFO     Epoch: [1][   0/2503]	Time  6.805 ( 6.805)	Data  6.477 ( 6.477)	Loss 1.8211e+00 (1.8211e+00)	Acc@1  58.59 ( 58.59)	Acc@5  78.71 ( 78.71)
2021-04-26 16:39:39 INFO     Epoch: [1][ 100/2503]	Time  3.613 ( 1.583)	Data  3.392 ( 1.145)	Loss 1.6097e+00 (1.8468e+00)	Acc@1  60.94 ( 57.04)	Acc@5  84.38 ( 79.90)
2021-04-26 16:42:11 INFO     Epoch: [1][ 200/2503]	Time  2.851 ( 1.553)	Data  2.630 ( 1.120)	Loss 1.9929e+00 (1.8426e+00)	Acc@1  54.69 ( 57.13)	Acc@5  76.76 ( 79.93)
2021-04-26 16:44:44 INFO     Epoch: [1][ 300/2503]	Time  4.204 ( 1.546)	Data  3.978 ( 1.113)	Loss 1.8794e+00 (1.8448e+00)	Acc@1  57.03 ( 57.03)	Acc@5  79.69 ( 79.94)
2021-04-26 16:47:20 INFO     Epoch: [1][ 400/2503]	Time  4.513 ( 1.548)	Data  4.287 ( 1.092)	Loss 1.7617e+00 (1.8430e+00)	Acc@1  59.38 ( 57.02)	Acc@5  82.42 ( 79.98)
2021-04-26 16:49:55 INFO     Epoch: [1][ 500/2503]	Time  4.078 ( 1.548)	Data  3.852 ( 1.078)	Loss 1.8545e+00 (1.8416e+00)	Acc@1  50.59 ( 56.98)	Acc@5  82.42 ( 80.00)
2021-04-26 16:52:30 INFO     Epoch: [1][ 600/2503]	Time  4.265 ( 1.549)	Data  4.044 ( 1.069)	Loss 1.8561e+00 (1.8429e+00)	Acc@1  57.62 ( 56.91)	Acc@5  79.49 ( 79.97)
2021-04-26 16:55:04 INFO     Epoch: [1][ 700/2503]	Time  4.342 ( 1.548)	Data  4.121 ( 1.061)	Loss 1.8173e+00 (1.8424e+00)	Acc@1  55.47 ( 56.93)	Acc@5  81.25 ( 79.98)
2021-04-26 16:57:38 INFO     Epoch: [1][ 800/2503]	Time  4.052 ( 1.547)	Data  3.832 ( 1.055)	Loss 1.9214e+00 (1.8416e+00)	Acc@1  54.30 ( 56.98)	Acc@5  78.91 ( 80.00)
2021-04-26 17:00:13 INFO     Epoch: [1][ 900/2503]	Time  4.313 ( 1.547)	Data  4.092 ( 1.051)	Loss 1.8384e+00 (1.8416e+00)	Acc@1  55.86 ( 56.99)	Acc@5  78.71 ( 80.01)
2021-04-26 17:02:47 INFO     Epoch: [1][1000/2503]	Time  4.488 ( 1.546)	Data  4.267 ( 1.047)	Loss 1.8954e+00 (1.8417e+00)	Acc@1  56.45 ( 56.97)	Acc@5  77.93 ( 80.00)
2021-04-26 17:05:19 INFO     Epoch: [1][1100/2503]	Time  3.328 ( 1.544)	Data  3.088 ( 1.046)	Loss 1.8674e+00 (1.8419e+00)	Acc@1  57.03 ( 56.95)	Acc@5  80.66 ( 80.00)
2021-04-26 17:07:51 INFO     Epoch: [1][1200/2503]	Time  0.717 ( 1.542)	Data  0.496 ( 1.049)	Loss 1.9755e+00 (1.8419e+00)	Acc@1  54.30 ( 56.96)	Acc@5  79.30 ( 80.00)
2021-04-26 17:10:26 INFO     Epoch: [1][1300/2503]	Time  0.634 ( 1.543)	Data  0.000 ( 1.047)	Loss 1.7090e+00 (1.8400e+00)	Acc@1  59.96 ( 56.99)	Acc@5  80.08 ( 80.02)
2021-04-26 17:13:02 INFO     Epoch: [1][1400/2503]	Time  0.632 ( 1.544)	Data  0.000 ( 1.046)	Loss 1.9239e+00 (1.8396e+00)	Acc@1  55.27 ( 56.98)	Acc@5  79.88 ( 80.03)
2021-04-26 17:15:37 INFO     Epoch: [1][1500/2503]	Time  0.641 ( 1.544)	Data  0.003 ( 1.044)	Loss 1.8306e+00 (1.8385e+00)	Acc@1  56.84 ( 57.01)	Acc@5  79.30 ( 80.05)
2021-04-26 17:18:08 INFO     Epoch: [1][1600/2503]	Time  0.633 ( 1.542)	Data  0.001 ( 1.042)	Loss 2.0047e+00 (1.8383e+00)	Acc@1  55.86 ( 57.01)	Acc@5  76.95 ( 80.05)
2021-04-26 17:20:39 INFO     Epoch: [1][1700/2503]	Time  0.632 ( 1.541)	Data  0.000 ( 1.044)	Loss 1.8288e+00 (1.8390e+00)	Acc@1  56.84 ( 57.00)	Acc@5  78.71 ( 80.04)
2021-04-26 17:23:09 INFO     Epoch: [1][1800/2503]	Time  0.632 ( 1.538)	Data  0.000 ( 1.045)	Loss 1.6667e+00 (1.8389e+00)	Acc@1  58.98 ( 57.01)	Acc@5  83.79 ( 80.03)
2021-04-26 17:25:42 INFO     Epoch: [1][1900/2503]	Time  0.633 ( 1.538)	Data  0.000 ( 1.048)	Loss 1.7022e+00 (1.8384e+00)	Acc@1  61.13 ( 57.03)	Acc@5  81.25 ( 80.04)
2021-04-26 17:28:13 INFO     Epoch: [1][2000/2503]	Time  0.632 ( 1.536)	Data  0.000 ( 1.050)	Loss 1.8253e+00 (1.8379e+00)	Acc@1  58.20 ( 57.05)	Acc@5  81.05 ( 80.06)
2021-04-26 17:30:47 INFO     Epoch: [1][2100/2503]	Time  0.630 ( 1.536)	Data  0.000 ( 1.049)	Loss 1.8046e+00 (1.8379e+00)	Acc@1  56.84 ( 57.05)	Acc@5  80.27 ( 80.06)
2021-04-26 17:33:22 INFO     Epoch: [1][2200/2503]	Time  0.639 ( 1.537)	Data  0.000 ( 1.048)	Loss 1.8608e+00 (1.8376e+00)	Acc@1  57.42 ( 57.06)	Acc@5  79.10 ( 80.05)
2021-04-26 17:35:54 INFO     Epoch: [1][2300/2503]	Time  0.637 ( 1.536)	Data  0.000 ( 1.048)	Loss 1.7887e+00 (1.8373e+00)	Acc@1  55.86 ( 57.07)	Acc@5  81.45 ( 80.06)
2021-04-26 17:38:28 INFO     Epoch: [1][2400/2503]	Time  0.631 ( 1.537)	Data  0.000 ( 1.051)	Loss 1.8366e+00 (1.8370e+00)	Acc@1  57.42 ( 57.07)	Acc@5  79.88 ( 80.05)
2021-04-26 17:41:01 INFO     Epoch: [1][2500/2503]	Time  0.634 ( 1.536)	Data  0.000 ( 1.051)	Loss 1.6716e+00 (1.8366e+00)	Acc@1  60.35 ( 57.08)	Acc@5  81.25 ( 80.05)
2021-04-26 17:41:09 INFO     Test: [ 0/98]	Time  7.156 ( 7.156)	Loss 1.5263e+00 (1.5263e+00)	Acc@1  64.06 ( 64.06)	Acc@5  84.77 ( 84.77)
2021-04-26 17:43:53 INFO      * Acc@1 60.112 Acc@5 82.742
2021-04-26 17:44:12 INFO     Epoch: [2][   0/2503]	Time  6.192 ( 6.192)	Data  5.968 ( 5.968)	Loss 1.8596e+00 (1.8596e+00)	Acc@1  53.32 ( 53.32)	Acc@5  80.47 ( 80.47)
2021-04-26 17:46:46 INFO     Epoch: [2][ 100/2503]	Time  3.931 ( 1.590)	Data  3.706 ( 1.133)	Loss 1.8402e+00 (1.8135e+00)	Acc@1  56.25 ( 57.32)	Acc@5  79.69 ( 80.31)
2021-04-26 17:49:21 INFO     Epoch: [2][ 200/2503]	Time  4.268 ( 1.568)	Data  4.043 ( 1.077)	Loss 1.6376e+00 (1.8102e+00)	Acc@1  58.98 ( 57.36)	Acc@5  83.79 ( 80.44)
2021-04-26 17:51:55 INFO     Epoch: [2][ 300/2503]	Time  4.211 ( 1.559)	Data  3.990 ( 1.057)	Loss 1.7921e+00 (1.8145e+00)	Acc@1  57.62 ( 57.34)	Acc@5  81.05 ( 80.38)
2021-04-26 17:54:28 INFO     Epoch: [2][ 400/2503]	Time  4.107 ( 1.553)	Data  3.887 ( 1.054)	Loss 1.9378e+00 (1.8176e+00)	Acc@1  57.23 ( 57.29)	Acc@5  78.91 ( 80.33)
2021-04-26 17:57:04 INFO     Epoch: [2][ 500/2503]	Time  4.574 ( 1.553)	Data  4.343 ( 1.048)	Loss 1.8664e+00 (1.8174e+00)	Acc@1  57.81 ( 57.30)	Acc@5  81.05 ( 80.35)
2021-04-26 17:59:38 INFO     Epoch: [2][ 600/2503]	Time  4.467 ( 1.551)	Data  4.246 ( 1.042)	Loss 1.8295e+00 (1.8181e+00)	Acc@1  56.05 ( 57.29)	Acc@5  79.49 ( 80.38)
2021-04-26 18:02:13 INFO     Epoch: [2][ 700/2503]	Time  4.156 ( 1.551)	Data  3.934 ( 1.040)	Loss 1.6009e+00 (1.8176e+00)	Acc@1  61.52 ( 57.30)	Acc@5  84.96 ( 80.40)
2021-04-26 18:04:47 INFO     Epoch: [2][ 800/2503]	Time  4.425 ( 1.550)	Data  4.204 ( 1.037)	Loss 1.8470e+00 (1.8173e+00)	Acc@1  59.18 ( 57.32)	Acc@5  79.49 ( 80.39)
2021-04-26 18:07:21 INFO     Epoch: [2][ 900/2503]	Time  4.026 ( 1.548)	Data  3.805 ( 1.034)	Loss 1.8119e+00 (1.8160e+00)	Acc@1  57.23 ( 57.35)	Acc@5  80.66 ( 80.40)
2021-04-26 18:09:54 INFO     Epoch: [2][1000/2503]	Time  3.930 ( 1.547)	Data  3.710 ( 1.031)	Loss 1.8135e+00 (1.8165e+00)	Acc@1  58.79 ( 57.35)	Acc@5  79.69 ( 80.38)
2021-04-26 18:12:27 INFO     Epoch: [2][1100/2503]	Time  3.804 ( 1.545)	Data  3.582 ( 1.036)	Loss 1.8913e+00 (1.8157e+00)	Acc@1  56.05 ( 57.36)	Acc@5  79.49 ( 80.41)
2021-04-26 18:15:00 INFO     Epoch: [2][1200/2503]	Time  4.000 ( 1.544)	Data  3.776 ( 1.034)	Loss 1.7868e+00 (1.8133e+00)	Acc@1  57.81 ( 57.40)	Acc@5  80.66 ( 80.44)
2021-04-26 18:17:26 INFO     Epoch: [2][1300/2503]	Time  3.825 ( 1.538)	Data  3.605 ( 1.027)	Loss 1.8190e+00 (1.8120e+00)	Acc@1  57.81 ( 57.43)	Acc@5  80.08 ( 80.45)
2021-04-26 18:19:55 INFO     Epoch: [2][1400/2503]	Time  4.334 ( 1.534)	Data  4.108 ( 1.021)	Loss 1.6878e+00 (1.8117e+00)	Acc@1  59.77 ( 57.44)	Acc@5  83.20 ( 80.46)
2021-04-26 18:22:21 INFO     Epoch: [2][1500/2503]	Time  3.763 ( 1.530)	Data  3.543 ( 1.016)	Loss 1.8676e+00 (1.8121e+00)	Acc@1  56.05 ( 57.44)	Acc@5  81.64 ( 80.45)
2021-04-26 18:24:49 INFO     Epoch: [2][1600/2503]	Time  4.190 ( 1.526)	Data  3.970 ( 1.012)	Loss 1.9655e+00 (1.8123e+00)	Acc@1  52.93 ( 57.44)	Acc@5  79.69 ( 80.44)
2021-04-26 18:27:14 INFO     Epoch: [2][1700/2503]	Time  3.106 ( 1.522)	Data  2.884 ( 1.009)	Loss 1.6553e+00 (1.8123e+00)	Acc@1  61.33 ( 57.44)	Acc@5  83.20 ( 80.43)
2021-04-26 18:29:40 INFO     Epoch: [2][1800/2503]	Time  4.124 ( 1.518)	Data  3.896 ( 1.010)	Loss 1.9064e+00 (1.8129e+00)	Acc@1  56.25 ( 57.43)	Acc@5  81.45 ( 80.43)
2021-04-26 18:32:03 INFO     Epoch: [2][1900/2503]	Time  2.612 ( 1.513)	Data  2.385 ( 1.009)	Loss 1.7740e+00 (1.8126e+00)	Acc@1  57.62 ( 57.44)	Acc@5  81.25 ( 80.43)
2021-04-26 18:34:27 INFO     Epoch: [2][2000/2503]	Time  0.630 ( 1.510)	Data  0.000 ( 1.011)	Loss 1.7315e+00 (1.8121e+00)	Acc@1  57.81 ( 57.45)	Acc@5  82.81 ( 80.44)
2021-04-26 18:36:53 INFO     Epoch: [2][2100/2503]	Time  0.633 ( 1.508)	Data  0.000 ( 1.012)	Loss 1.8800e+00 (1.8112e+00)	Acc@1  56.64 ( 57.48)	Acc@5  78.32 ( 80.44)
2021-04-26 18:39:17 INFO     Epoch: [2][2200/2503]	Time  0.632 ( 1.504)	Data  0.000 ( 1.012)	Loss 2.0401e+00 (1.8120e+00)	Acc@1  54.49 ( 57.46)	Acc@5  76.76 ( 80.43)
2021-04-26 18:41:39 INFO     Epoch: [2][2300/2503]	Time  0.633 ( 1.501)	Data  0.000 ( 1.015)	Loss 1.7668e+00 (1.8120e+00)	Acc@1  58.59 ( 57.47)	Acc@5  80.47 ( 80.44)
2021-04-26 18:44:04 INFO     Epoch: [2][2400/2503]	Time  0.640 ( 1.499)	Data  0.000 ( 1.015)	Loss 1.8144e+00 (1.8118e+00)	Acc@1  57.81 ( 57.49)	Acc@5  77.93 ( 80.44)
2021-04-26 18:46:29 INFO     Epoch: [2][2500/2503]	Time  0.633 ( 1.497)	Data  0.000 ( 1.014)	Loss 1.7458e+00 (1.8118e+00)	Acc@1  58.59 ( 57.49)	Acc@5  83.01 ( 80.44)
2021-04-26 18:46:39 INFO     Test: [ 0/98]	Time  7.313 ( 7.313)	Loss 1.5572e+00 (1.5572e+00)	Acc@1  60.55 ( 60.55)	Acc@5  83.79 ( 83.79)
2021-04-26 18:49:15 INFO      * Acc@1 60.582 Acc@5 83.220
2021-04-26 18:49:32 INFO     Epoch: [3][   0/2503]	Time  5.744 ( 5.744)	Data  5.507 ( 5.507)	Loss 1.8200e+00 (1.8200e+00)	Acc@1  57.03 ( 57.03)	Acc@5  78.91 ( 78.91)
2021-04-26 18:51:54 INFO     Epoch: [3][ 100/2503]	Time  2.774 ( 1.462)	Data  2.552 ( 1.145)	Loss 1.8127e+00 (1.8000e+00)	Acc@1  57.03 ( 57.58)	Acc@5  79.88 ( 80.67)
2021-04-26 18:54:17 INFO     Epoch: [3][ 200/2503]	Time  1.547 ( 1.447)	Data  1.323 ( 1.121)	Loss 1.8679e+00 (1.8039e+00)	Acc@1  60.16 ( 57.65)	Acc@5  80.08 ( 80.45)
2021-04-26 18:56:41 INFO     Epoch: [3][ 300/2503]	Time  2.148 ( 1.445)	Data  1.920 ( 1.101)	Loss 1.8231e+00 (1.8015e+00)	Acc@1  56.64 ( 57.71)	Acc@5  80.66 ( 80.51)
2021-04-26 18:59:04 INFO     Epoch: [3][ 400/2503]	Time  3.628 ( 1.441)	Data  3.401 ( 1.092)	Loss 1.7395e+00 (1.7979e+00)	Acc@1  58.59 ( 57.82)	Acc@5  81.45 ( 80.58)
2021-04-26 19:01:30 INFO     Epoch: [3][ 500/2503]	Time  3.598 ( 1.443)	Data  3.378 ( 1.075)	Loss 1.8392e+00 (1.7978e+00)	Acc@1  59.18 ( 57.84)	Acc@5  77.93 ( 80.60)
2021-04-26 19:03:54 INFO     Epoch: [3][ 600/2503]	Time  2.266 ( 1.444)	Data  2.045 ( 1.066)	Loss 1.7490e+00 (1.8001e+00)	Acc@1  59.57 ( 57.76)	Acc@5  80.66 ( 80.57)
2021-04-26 19:06:21 INFO     Epoch: [3][ 700/2503]	Time  3.742 ( 1.448)	Data  3.521 ( 1.056)	Loss 1.7117e+00 (1.8011e+00)	Acc@1  59.77 ( 57.75)	Acc@5  81.64 ( 80.54)
2021-04-26 19:08:49 INFO     Epoch: [3][ 800/2503]	Time  3.761 ( 1.451)	Data  3.535 ( 1.042)	Loss 1.8891e+00 (1.8009e+00)	Acc@1  56.05 ( 57.78)	Acc@5  79.69 ( 80.56)
2021-04-26 19:11:15 INFO     Epoch: [3][ 900/2503]	Time  3.697 ( 1.453)	Data  3.474 ( 1.031)	Loss 1.8247e+00 (1.8015e+00)	Acc@1  57.03 ( 57.76)	Acc@5  80.47 ( 80.56)
2021-04-26 19:13:43 INFO     Epoch: [3][1000/2503]	Time  3.995 ( 1.455)	Data  3.768 ( 1.022)	Loss 1.7674e+00 (1.8011e+00)	Acc@1  58.20 ( 57.75)	Acc@5  80.27 ( 80.58)
2021-04-26 19:16:09 INFO     Epoch: [3][1100/2503]	Time  4.025 ( 1.456)	Data  3.804 ( 1.015)	Loss 1.8058e+00 (1.8013e+00)	Acc@1  58.98 ( 57.76)	Acc@5  79.69 ( 80.59)
2021-04-26 19:18:39 INFO     Epoch: [3][1200/2503]	Time  4.165 ( 1.459)	Data  3.942 ( 1.011)	Loss 1.8971e+00 (1.8034e+00)	Acc@1  54.88 ( 57.74)	Acc@5  78.71 ( 80.55)
2021-04-26 19:21:05 INFO     Epoch: [3][1300/2503]	Time  3.864 ( 1.459)	Data  3.644 ( 1.005)	Loss 1.8650e+00 (1.8026e+00)	Acc@1  58.20 ( 57.75)	Acc@5  77.93 ( 80.56)
2021-04-26 19:23:31 INFO     Epoch: [3][1400/2503]	Time  3.814 ( 1.459)	Data  3.593 ( 1.000)	Loss 1.9006e+00 (1.8017e+00)	Acc@1  56.84 ( 57.77)	Acc@5  78.32 ( 80.57)
2021-04-26 19:25:57 INFO     Epoch: [3][1500/2503]	Time  3.765 ( 1.459)	Data  3.544 ( 0.995)	Loss 1.8507e+00 (1.8005e+00)	Acc@1  55.66 ( 57.79)	Acc@5  80.47 ( 80.59)
2021-04-26 19:28:23 INFO     Epoch: [3][1600/2503]	Time  3.090 ( 1.459)	Data  2.870 ( 0.992)	Loss 1.6985e+00 (1.8001e+00)	Acc@1  60.74 ( 57.80)	Acc@5  80.86 ( 80.59)
2021-04-26 19:30:44 INFO     Epoch: [3][1700/2503]	Time  1.665 ( 1.457)	Data  1.444 ( 0.997)	Loss 1.8189e+00 (1.7991e+00)	Acc@1  56.25 ( 57.81)	Acc@5  81.45 ( 80.61)
2021-04-26 19:33:06 INFO     Epoch: [3][1800/2503]	Time  0.638 ( 1.455)	Data  0.000 ( 0.999)	Loss 1.6874e+00 (1.8001e+00)	Acc@1  58.40 ( 57.80)	Acc@5  83.79 ( 80.60)
2021-04-26 19:35:31 INFO     Epoch: [3][1900/2503]	Time  0.785 ( 1.454)	Data  0.565 ( 1.004)	Loss 1.6161e+00 (1.7992e+00)	Acc@1  63.48 ( 57.82)	Acc@5  83.20 ( 80.62)
2021-04-26 19:37:55 INFO     Epoch: [3][2000/2503]	Time  2.089 ( 1.454)	Data  1.869 ( 1.007)	Loss 1.9246e+00 (1.7989e+00)	Acc@1  55.66 ( 57.82)	Acc@5  79.49 ( 80.63)
2021-04-26 19:40:21 INFO     Epoch: [3][2100/2503]	Time  3.982 ( 1.454)	Data  3.753 ( 1.009)	Loss 1.7413e+00 (1.7983e+00)	Acc@1  58.98 ( 57.83)	Acc@5  81.84 ( 80.62)
2021-04-26 19:42:45 INFO     Epoch: [3][2200/2503]	Time  3.399 ( 1.453)	Data  3.171 ( 1.009)	Loss 1.6952e+00 (1.7972e+00)	Acc@1  59.77 ( 57.85)	Acc@5  82.81 ( 80.64)
2021-04-26 19:45:10 INFO     Epoch: [3][2300/2503]	Time  2.049 ( 1.453)	Data  1.828 ( 1.008)	Loss 1.7093e+00 (1.7972e+00)	Acc@1  58.98 ( 57.85)	Acc@5  81.25 ( 80.64)
2021-04-26 19:47:35 INFO     Epoch: [3][2400/2503]	Time  2.756 ( 1.453)	Data  2.536 ( 1.009)	Loss 1.8655e+00 (1.7968e+00)	Acc@1  58.20 ( 57.85)	Acc@5  81.25 ( 80.64)
2021-04-26 19:49:58 INFO     Epoch: [3][2500/2503]	Time  0.796 ( 1.452)	Data  0.577 ( 1.009)	Loss 1.9617e+00 (1.7966e+00)	Acc@1  56.45 ( 57.87)	Acc@5  78.52 ( 80.65)
2021-04-26 19:50:08 INFO     Test: [ 0/98]	Time  7.401 ( 7.401)	Loss 1.6152e+00 (1.6152e+00)	Acc@1  62.30 ( 62.30)	Acc@5  82.81 ( 82.81)
2021-04-26 19:52:42 INFO      * Acc@1 60.924 Acc@5 83.476
2021-04-26 19:53:00 INFO     Epoch: [4][   0/2503]	Time  5.976 ( 5.976)	Data  5.742 ( 5.742)	Loss 1.6921e+00 (1.6921e+00)	Acc@1  61.33 ( 61.33)	Acc@5  81.64 ( 81.64)
2021-04-26 19:55:26 INFO     Epoch: [4][ 100/2503]	Time  3.575 ( 1.509)	Data  3.354 ( 1.085)	Loss 1.6067e+00 (1.7509e+00)	Acc@1  60.94 ( 58.86)	Acc@5  82.03 ( 81.24)
2021-04-26 19:57:54 INFO     Epoch: [4][ 200/2503]	Time  4.014 ( 1.493)	Data  3.782 ( 1.058)	Loss 1.7443e+00 (1.7643e+00)	Acc@1  57.62 ( 58.52)	Acc@5  83.98 ( 81.06)
2021-04-26 20:00:21 INFO     Epoch: [4][ 300/2503]	Time  3.953 ( 1.486)	Data  3.731 ( 1.020)	Loss 1.8257e+00 (1.7694e+00)	Acc@1  54.88 ( 58.45)	Acc@5  80.08 ( 80.96)
2021-04-26 20:02:48 INFO     Epoch: [4][ 400/2503]	Time  4.214 ( 1.483)	Data  3.988 ( 1.002)	Loss 1.8169e+00 (1.7750e+00)	Acc@1  57.81 ( 58.35)	Acc@5  79.69 ( 80.90)
2021-04-26 20:05:16 INFO     Epoch: [4][ 500/2503]	Time  4.432 ( 1.482)	Data  4.204 ( 0.992)	Loss 1.5458e+00 (1.7786e+00)	Acc@1  61.91 ( 58.29)	Acc@5  85.35 ( 80.83)
2021-04-26 20:07:44 INFO     Epoch: [4][ 600/2503]	Time  4.071 ( 1.481)	Data  3.850 ( 0.985)	Loss 1.7930e+00 (1.7802e+00)	Acc@1  54.49 ( 58.27)	Acc@5  80.47 ( 80.79)
2021-04-26 20:10:12 INFO     Epoch: [4][ 700/2503]	Time  3.099 ( 1.481)	Data  2.879 ( 0.981)	Loss 1.8670e+00 (1.7822e+00)	Acc@1  58.40 ( 58.25)	Acc@5  79.49 ( 80.78)
2021-04-26 20:12:39 INFO     Epoch: [4][ 800/2503]	Time  4.083 ( 1.480)	Data  3.862 ( 0.976)	Loss 1.7406e+00 (1.7823e+00)	Acc@1  58.59 ( 58.24)	Acc@5  81.25 ( 80.80)
2021-04-26 20:15:05 INFO     Epoch: [4][ 900/2503]	Time  4.031 ( 1.478)	Data  3.810 ( 0.971)	Loss 1.8340e+00 (1.7814e+00)	Acc@1  57.42 ( 58.25)	Acc@5  79.10 ( 80.83)
2021-04-26 20:17:33 INFO     Epoch: [4][1000/2503]	Time  3.594 ( 1.478)	Data  3.365 ( 0.969)	Loss 1.8026e+00 (1.7819e+00)	Acc@1  55.66 ( 58.23)	Acc@5  81.25 ( 80.82)
2021-04-26 20:20:01 INFO     Epoch: [4][1100/2503]	Time  3.785 ( 1.478)	Data  3.565 ( 0.967)	Loss 1.8285e+00 (1.7818e+00)	Acc@1  57.23 ( 58.22)	Acc@5  79.49 ( 80.82)
2021-04-26 20:22:26 INFO     Epoch: [4][1200/2503]	Time  3.900 ( 1.475)	Data  3.680 ( 0.964)	Loss 1.6673e+00 (1.7831e+00)	Acc@1  60.74 ( 58.21)	Acc@5  83.98 ( 80.79)
2021-04-26 20:24:52 INFO     Epoch: [4][1300/2503]	Time  3.772 ( 1.474)	Data  3.549 ( 0.962)	Loss 1.8481e+00 (1.7829e+00)	Acc@1  58.01 ( 58.20)	Acc@5  78.71 ( 80.79)
2021-04-26 20:27:20 INFO     Epoch: [4][1400/2503]	Time  4.064 ( 1.475)	Data  3.844 ( 0.965)	Loss 1.6829e+00 (1.7818e+00)	Acc@1  59.57 ( 58.23)	Acc@5  84.18 ( 80.81)
2021-04-26 20:29:48 INFO     Epoch: [4][1500/2503]	Time  3.976 ( 1.475)	Data  3.756 ( 0.965)	Loss 1.8326e+00 (1.7813e+00)	Acc@1  54.69 ( 58.23)	Acc@5  80.86 ( 80.83)
2021-04-26 20:32:15 INFO     Epoch: [4][1600/2503]	Time  4.086 ( 1.475)	Data  3.866 ( 0.963)	Loss 2.0421e+00 (1.7812e+00)	Acc@1  52.54 ( 58.21)	Acc@5  78.32 ( 80.84)
2021-04-26 20:34:41 INFO     Epoch: [4][1700/2503]	Time  3.998 ( 1.474)	Data  3.778 ( 0.963)	Loss 1.8802e+00 (1.7822e+00)	Acc@1  54.49 ( 58.19)	Acc@5  80.86 ( 80.83)
2021-04-26 20:37:05 INFO     Epoch: [4][1800/2503]	Time  3.703 ( 1.472)	Data  3.479 ( 0.964)	Loss 1.6461e+00 (1.7816e+00)	Acc@1  61.33 ( 58.21)	Acc@5  82.03 ( 80.82)
2021-04-26 20:39:27 INFO     Epoch: [4][1900/2503]	Time  1.545 ( 1.470)	Data  1.324 ( 0.968)	Loss 1.7005e+00 (1.7821e+00)	Acc@1  58.98 ( 58.18)	Acc@5  82.42 ( 80.82)
2021-04-26 20:41:50 INFO     Epoch: [4][2000/2503]	Time  1.803 ( 1.468)	Data  1.574 ( 0.970)	Loss 1.7945e+00 (1.7816e+00)	Acc@1  58.98 ( 58.18)	Acc@5  79.69 ( 80.82)
2021-04-26 20:44:19 INFO     Epoch: [4][2100/2503]	Time  4.592 ( 1.468)	Data  4.370 ( 0.973)	Loss 1.8563e+00 (1.7817e+00)	Acc@1  56.64 ( 58.18)	Acc@5  80.86 ( 80.82)
2021-04-26 20:46:46 INFO     Epoch: [4][2200/2503]	Time  3.689 ( 1.468)	Data  3.469 ( 0.976)	Loss 1.7746e+00 (1.7822e+00)	Acc@1  58.01 ( 58.17)	Acc@5  80.66 ( 80.82)
2021-04-26 20:49:10 INFO     Epoch: [4][2300/2503]	Time  2.046 ( 1.467)	Data  1.826 ( 0.979)	Loss 1.6874e+00 (1.7822e+00)	Acc@1  58.20 ( 58.16)	Acc@5  82.81 ( 80.82)
2021-04-26 20:51:38 INFO     Epoch: [4][2400/2503]	Time  3.876 ( 1.468)	Data  3.654 ( 0.981)	Loss 1.9687e+00 (1.7819e+00)	Acc@1  56.64 ( 58.16)	Acc@5  77.34 ( 80.82)
2021-04-26 20:54:01 INFO     Epoch: [4][2500/2503]	Time  1.966 ( 1.466)	Data  1.747 ( 0.982)	Loss 1.8419e+00 (1.7823e+00)	Acc@1  59.96 ( 58.15)	Acc@5  80.08 ( 80.81)
2021-04-26 20:54:09 INFO     Test: [ 0/98]	Time  7.224 ( 7.224)	Loss 1.5130e+00 (1.5130e+00)	Acc@1  64.65 ( 64.65)	Acc@5  84.18 ( 84.18)
2021-04-26 20:56:45 INFO      * Acc@1 61.160 Acc@5 83.564
2021-04-26 20:57:04 INFO     Epoch: [5][   0/2503]	Time  6.166 ( 6.166)	Data  5.943 ( 5.943)	Loss 1.5758e+00 (1.5758e+00)	Acc@1  60.94 ( 60.94)	Acc@5  85.16 ( 85.16)
2021-04-26 20:59:33 INFO     Epoch: [5][ 100/2503]	Time  3.962 ( 1.533)	Data  3.741 ( 1.036)	Loss 1.7873e+00 (1.7794e+00)	Acc@1  57.23 ( 58.15)	Acc@5  81.45 ( 81.07)
2021-04-26 21:02:00 INFO     Epoch: [5][ 200/2503]	Time  3.568 ( 1.503)	Data  3.342 ( 1.032)	Loss 1.8503e+00 (1.7746e+00)	Acc@1  58.01 ( 58.26)	Acc@5  80.47 ( 81.08)
2021-04-26 21:04:23 INFO     Epoch: [5][ 300/2503]	Time  1.303 ( 1.479)	Data  1.081 ( 1.023)	Loss 1.9752e+00 (1.7756e+00)	Acc@1  54.69 ( 58.29)	Acc@5  78.52 ( 80.99)
2021-04-26 21:06:49 INFO     Epoch: [5][ 400/2503]	Time  1.845 ( 1.475)	Data  1.623 ( 1.026)	Loss 1.7368e+00 (1.7737e+00)	Acc@1  58.20 ( 58.31)	Acc@5  80.66 ( 81.02)
2021-04-26 21:09:14 INFO     Epoch: [5][ 500/2503]	Time  1.687 ( 1.470)	Data  1.466 ( 1.025)	Loss 1.7665e+00 (1.7711e+00)	Acc@1  58.98 ( 58.37)	Acc@5  80.27 ( 81.07)
2021-04-26 21:11:39 INFO     Epoch: [5][ 600/2503]	Time  1.533 ( 1.467)	Data  1.313 ( 1.025)	Loss 1.9596e+00 (1.7708e+00)	Acc@1  52.93 ( 58.38)	Acc@5  78.12 ( 81.07)
2021-04-26 21:14:05 INFO     Epoch: [5][ 700/2503]	Time  0.631 ( 1.465)	Data  0.000 ( 1.016)	Loss 1.6049e+00 (1.7719e+00)	Acc@1  62.11 ( 58.39)	Acc@5  82.03 ( 81.06)
2021-04-26 21:16:30 INFO     Epoch: [5][ 800/2503]	Time  0.632 ( 1.463)	Data  0.276 ( 1.010)	Loss 1.9354e+00 (1.7737e+00)	Acc@1  56.84 ( 58.38)	Acc@5  77.73 ( 81.02)
2021-04-26 21:18:54 INFO     Epoch: [5][ 900/2503]	Time  1.332 ( 1.461)	Data  1.110 ( 1.011)	Loss 1.6440e+00 (1.7725e+00)	Acc@1  61.13 ( 58.38)	Acc@5  83.59 ( 81.04)
2021-04-26 21:21:16 INFO     Epoch: [5][1000/2503]	Time  1.311 ( 1.457)	Data  1.090 ( 1.012)	Loss 1.9374e+00 (1.7731e+00)	Acc@1  55.47 ( 58.38)	Acc@5  79.30 ( 81.03)
2021-04-26 21:23:43 INFO     Epoch: [5][1100/2503]	Time  0.637 ( 1.458)	Data  0.000 ( 1.016)	Loss 1.6521e+00 (1.7739e+00)	Acc@1  61.33 ( 58.39)	Acc@5  84.18 ( 81.00)
2021-04-26 21:26:09 INFO     Epoch: [5][1200/2503]	Time  0.632 ( 1.458)	Data  0.000 ( 1.016)	Loss 1.8325e+00 (1.7738e+00)	Acc@1  56.45 ( 58.37)	Acc@5  82.42 ( 81.00)
2021-04-26 21:28:34 INFO     Epoch: [5][1300/2503]	Time  0.630 ( 1.457)	Data  0.000 ( 1.017)	Loss 1.6947e+00 (1.7748e+00)	Acc@1  59.18 ( 58.36)	Acc@5  83.40 ( 80.97)
2021-04-26 21:31:01 INFO     Epoch: [5][1400/2503]	Time  0.636 ( 1.458)	Data  0.000 ( 1.015)	Loss 1.8795e+00 (1.7757e+00)	Acc@1  55.08 ( 58.33)	Acc@5  78.32 ( 80.95)
2021-04-26 21:33:27 INFO     Epoch: [5][1500/2503]	Time  0.632 ( 1.459)	Data  0.000 ( 1.010)	Loss 1.6955e+00 (1.7763e+00)	Acc@1  59.57 ( 58.32)	Acc@5  83.40 ( 80.93)
2021-04-26 21:35:53 INFO     Epoch: [5][1600/2503]	Time  0.628 ( 1.459)	Data  0.000 ( 1.005)	Loss 1.7263e+00 (1.7762e+00)	Acc@1  59.77 ( 58.32)	Acc@5  80.66 ( 80.93)
2021-04-26 21:38:18 INFO     Epoch: [5][1700/2503]	Time  0.628 ( 1.458)	Data  0.000 ( 1.006)	Loss 1.7562e+00 (1.7760e+00)	Acc@1  62.11 ( 58.32)	Acc@5  81.84 ( 80.93)
2021-04-26 21:40:43 INFO     Epoch: [5][1800/2503]	Time  0.634 ( 1.458)	Data  0.000 ( 1.007)	Loss 1.7740e+00 (1.7759e+00)	Acc@1  59.38 ( 58.32)	Acc@5  80.08 ( 80.94)
2021-04-26 21:43:08 INFO     Epoch: [5][1900/2503]	Time  0.635 ( 1.457)	Data  0.000 ( 1.008)	Loss 1.7814e+00 (1.7758e+00)	Acc@1  55.86 ( 58.33)	Acc@5  83.20 ( 80.94)
2021-04-26 21:45:32 INFO     Epoch: [5][2000/2503]	Time  0.632 ( 1.456)	Data  0.000 ( 1.008)	Loss 1.7586e+00 (1.7748e+00)	Acc@1  58.98 ( 58.36)	Acc@5  80.27 ( 80.96)
2021-04-26 21:47:56 INFO     Epoch: [5][2100/2503]	Time  0.633 ( 1.456)	Data  0.000 ( 1.009)	Loss 1.8505e+00 (1.7749e+00)	Acc@1  58.59 ( 58.35)	Acc@5  79.69 ( 80.96)
2021-04-26 21:50:22 INFO     Epoch: [5][2200/2503]	Time  0.640 ( 1.456)	Data  0.000 ( 1.009)	Loss 1.8763e+00 (1.7752e+00)	Acc@1  58.40 ( 58.34)	Acc@5  79.88 ( 80.95)
2021-04-26 21:52:48 INFO     Epoch: [5][2300/2503]	Time  0.634 ( 1.456)	Data  0.000 ( 1.007)	Loss 1.8369e+00 (1.7756e+00)	Acc@1  56.64 ( 58.34)	Acc@5  81.05 ( 80.95)
2021-04-26 21:55:15 INFO     Epoch: [5][2400/2503]	Time  0.632 ( 1.457)	Data  0.000 ( 1.005)	Loss 1.7229e+00 (1.7751e+00)	Acc@1  56.05 ( 58.35)	Acc@5  79.49 ( 80.95)
2021-04-26 21:57:42 INFO     Epoch: [5][2500/2503]	Time  0.638 ( 1.457)	Data  0.000 ( 1.002)	Loss 1.6302e+00 (1.7752e+00)	Acc@1  60.35 ( 58.34)	Acc@5  84.18 ( 80.95)
2021-04-26 21:57:49 INFO     Test: [ 0/98]	Time  6.591 ( 6.591)	Loss 1.5961e+00 (1.5961e+00)	Acc@1  63.09 ( 63.09)	Acc@5  83.40 ( 83.40)
2021-04-26 22:00:25 INFO      * Acc@1 61.502 Acc@5 83.822
2021-04-26 22:00:43 INFO     Epoch: [6][   0/2503]	Time  6.021 ( 6.021)	Data  5.787 ( 5.787)	Loss 1.6700e+00 (1.6700e+00)	Acc@1  58.59 ( 58.59)	Acc@5  81.25 ( 81.25)
2021-04-26 22:03:05 INFO     Epoch: [6][ 100/2503]	Time  0.784 ( 1.467)	Data  0.564 ( 1.025)	Loss 1.7382e+00 (1.7813e+00)	Acc@1  59.57 ( 58.17)	Acc@5  81.84 ( 80.83)
2021-04-26 22:05:32 INFO     Epoch: [6][ 200/2503]	Time  0.632 ( 1.466)	Data  0.001 ( 1.004)	Loss 1.8910e+00 (1.7699e+00)	Acc@1  57.42 ( 58.48)	Acc@5  78.91 ( 80.94)
2021-04-26 22:07:59 INFO     Epoch: [6][ 300/2503]	Time  0.632 ( 1.468)	Data  0.001 ( 0.982)	Loss 1.7846e+00 (1.7629e+00)	Acc@1  57.03 ( 58.52)	Acc@5  81.84 ( 81.12)
2021-04-26 22:10:21 INFO     Epoch: [6][ 400/2503]	Time  0.633 ( 1.457)	Data  0.193 ( 0.987)	Loss 1.7250e+00 (1.7625e+00)	Acc@1  58.98 ( 58.58)	Acc@5  81.05 ( 81.09)
2021-04-26 22:12:44 INFO     Epoch: [6][ 500/2503]	Time  1.005 ( 1.452)	Data  0.785 ( 1.006)	Loss 1.6648e+00 (1.7610e+00)	Acc@1  58.59 ( 58.64)	Acc@5  83.01 ( 81.16)
2021-04-26 22:15:06 INFO     Epoch: [6][ 600/2503]	Time  0.633 ( 1.446)	Data  0.000 ( 1.023)	Loss 1.7303e+00 (1.7614e+00)	Acc@1  58.79 ( 58.64)	Acc@5  80.47 ( 81.15)
2021-04-26 22:17:30 INFO     Epoch: [6][ 700/2503]	Time  0.632 ( 1.445)	Data  0.000 ( 1.026)	Loss 1.9556e+00 (1.7623e+00)	Acc@1  56.25 ( 58.62)	Acc@5  78.12 ( 81.12)
2021-04-26 22:19:54 INFO     Epoch: [6][ 800/2503]	Time  0.639 ( 1.444)	Data  0.000 ( 1.036)	Loss 1.8577e+00 (1.7615e+00)	Acc@1  57.81 ( 58.64)	Acc@5  79.30 ( 81.13)
2021-04-26 22:22:21 INFO     Epoch: [6][ 900/2503]	Time  0.646 ( 1.447)	Data  0.000 ( 1.033)	Loss 1.9030e+00 (1.7616e+00)	Acc@1  54.10 ( 58.64)	Acc@5  80.27 ( 81.11)
2021-04-26 22:24:44 INFO     Epoch: [6][1000/2503]	Time  0.639 ( 1.446)	Data  0.000 ( 1.028)	Loss 1.8343e+00 (1.7617e+00)	Acc@1  57.42 ( 58.61)	Acc@5  79.69 ( 81.13)
2021-04-26 22:27:10 INFO     Epoch: [6][1100/2503]	Time  0.628 ( 1.447)	Data  0.000 ( 1.029)	Loss 1.7490e+00 (1.7632e+00)	Acc@1  58.01 ( 58.58)	Acc@5  81.25 ( 81.10)
2021-04-26 22:29:39 INFO     Epoch: [6][1200/2503]	Time  0.636 ( 1.451)	Data  0.000 ( 1.024)	Loss 1.7366e+00 (1.7638e+00)	Acc@1  57.62 ( 58.59)	Acc@5  80.86 ( 81.09)
2021-04-26 22:32:07 INFO     Epoch: [6][1300/2503]	Time  0.633 ( 1.452)	Data  0.000 ( 1.018)	Loss 1.8812e+00 (1.7623e+00)	Acc@1  52.93 ( 58.60)	Acc@5  79.49 ( 81.12)
2021-04-26 22:34:35 INFO     Epoch: [6][1400/2503]	Time  0.657 ( 1.455)	Data  0.001 ( 1.014)	Loss 1.8586e+00 (1.7624e+00)	Acc@1  55.27 ( 58.58)	Acc@5  80.27 ( 81.11)
2021-04-26 22:37:01 INFO     Epoch: [6][1500/2503]	Time  0.638 ( 1.455)	Data  0.000 ( 1.009)	Loss 1.6546e+00 (1.7628e+00)	Acc@1  60.94 ( 58.59)	Acc@5  83.59 ( 81.11)
2021-04-26 22:39:27 INFO     Epoch: [6][1600/2503]	Time  0.643 ( 1.455)	Data  0.000 ( 1.004)	Loss 1.8092e+00 (1.7633e+00)	Acc@1  58.79 ( 58.58)	Acc@5  81.25 ( 81.11)
2021-04-26 22:41:51 INFO     Epoch: [6][1700/2503]	Time  0.636 ( 1.454)	Data  0.000 ( 1.004)	Loss 1.7451e+00 (1.7625e+00)	Acc@1  57.81 ( 58.59)	Acc@5  82.23 ( 81.12)
2021-04-26 22:44:15 INFO     Epoch: [6][1800/2503]	Time  0.639 ( 1.454)	Data  0.000 ( 1.005)	Loss 1.5643e+00 (1.7628e+00)	Acc@1  64.45 ( 58.60)	Acc@5  83.79 ( 81.10)
2021-04-26 22:46:39 INFO     Epoch: [6][1900/2503]	Time  0.633 ( 1.453)	Data  0.083 ( 1.006)	Loss 1.8578e+00 (1.7621e+00)	Acc@1  57.23 ( 58.61)	Acc@5  81.25 ( 81.12)
2021-04-26 22:49:01 INFO     Epoch: [6][2000/2503]	Time  1.836 ( 1.451)	Data  1.609 ( 1.010)	Loss 1.9109e+00 (1.7626e+00)	Acc@1  57.81 ( 58.61)	Acc@5  80.08 ( 81.11)
2021-04-26 22:51:25 INFO     Epoch: [6][2100/2503]	Time  0.640 ( 1.451)	Data  0.000 ( 1.011)	Loss 1.7487e+00 (1.7627e+00)	Acc@1  59.77 ( 58.60)	Acc@5  81.25 ( 81.11)
2021-04-26 22:53:48 INFO     Epoch: [6][2200/2503]	Time  0.644 ( 1.450)	Data  0.000 ( 1.012)	Loss 1.8767e+00 (1.7635e+00)	Acc@1  54.10 ( 58.59)	Acc@5  80.47 ( 81.10)
2021-04-26 22:56:14 INFO     Epoch: [6][2300/2503]	Time  0.633 ( 1.450)	Data  0.000 ( 1.012)	Loss 1.7355e+00 (1.7634e+00)	Acc@1  58.40 ( 58.59)	Acc@5  80.66 ( 81.10)
2021-04-26 22:58:37 INFO     Epoch: [6][2400/2503]	Time  1.636 ( 1.449)	Data  1.416 ( 1.014)	Loss 1.6475e+00 (1.7634e+00)	Acc@1  59.38 ( 58.59)	Acc@5  81.84 ( 81.10)
2021-04-26 23:00:59 INFO     Epoch: [6][2500/2503]	Time  1.620 ( 1.448)	Data  1.401 ( 1.017)	Loss 1.8631e+00 (1.7632e+00)	Acc@1  53.52 ( 58.60)	Acc@5  80.66 ( 81.10)
2021-04-26 23:01:07 INFO     Test: [ 0/98]	Time  7.167 ( 7.167)	Loss 1.4472e+00 (1.4472e+00)	Acc@1  63.28 ( 63.28)	Acc@5  86.72 ( 86.72)
2021-04-26 23:03:43 INFO      * Acc@1 61.734 Acc@5 83.898
2021-04-26 23:04:01 INFO     Epoch: [7][   0/2503]	Time  6.728 ( 6.728)	Data  6.506 ( 6.506)	Loss 1.7661e+00 (1.7661e+00)	Acc@1  57.62 ( 57.62)	Acc@5  80.66 ( 80.66)
2021-04-26 23:06:27 INFO     Epoch: [7][ 100/2503]	Time  3.670 ( 1.509)	Data  3.450 ( 0.985)	Loss 1.8678e+00 (1.7553e+00)	Acc@1  53.91 ( 58.89)	Acc@5  78.32 ( 81.25)
2021-04-26 23:08:52 INFO     Epoch: [7][ 200/2503]	Time  2.999 ( 1.478)	Data  2.779 ( 1.008)	Loss 1.7540e+00 (1.7625e+00)	Acc@1  58.20 ( 58.83)	Acc@5  80.66 ( 81.20)
2021-04-26 23:11:18 INFO     Epoch: [7][ 300/2503]	Time  3.886 ( 1.473)	Data  3.665 ( 1.000)	Loss 1.7065e+00 (1.7592e+00)	Acc@1  56.84 ( 58.71)	Acc@5  80.47 ( 81.27)
2021-04-26 23:13:44 INFO     Epoch: [7][ 400/2503]	Time  3.823 ( 1.470)	Data  3.599 ( 0.991)	Loss 1.8574e+00 (1.7618e+00)	Acc@1  58.59 ( 58.67)	Acc@5  78.52 ( 81.17)
2021-04-26 23:16:12 INFO     Epoch: [7][ 500/2503]	Time  4.073 ( 1.471)	Data  3.846 ( 0.984)	Loss 1.5940e+00 (1.7652e+00)	Acc@1  61.72 ( 58.60)	Acc@5  83.59 ( 81.08)
2021-04-26 23:18:40 INFO     Epoch: [7][ 600/2503]	Time  3.895 ( 1.473)	Data  3.674 ( 0.983)	Loss 1.6481e+00 (1.7617e+00)	Acc@1  59.18 ( 58.67)	Acc@5  80.86 ( 81.15)
2021-04-26 23:21:09 INFO     Epoch: [7][ 700/2503]	Time  3.855 ( 1.475)	Data  3.612 ( 0.980)	Loss 1.6908e+00 (1.7593e+00)	Acc@1  60.94 ( 58.72)	Acc@5  81.84 ( 81.20)
2021-04-26 23:23:37 INFO     Epoch: [7][ 800/2503]	Time  4.039 ( 1.476)	Data  3.814 ( 0.977)	Loss 1.7589e+00 (1.7612e+00)	Acc@1  58.59 ( 58.68)	Acc@5  82.42 ( 81.16)
2021-04-26 23:26:04 INFO     Epoch: [7][ 900/2503]	Time  4.066 ( 1.475)	Data  3.841 ( 0.973)	Loss 1.8790e+00 (1.7617e+00)	Acc@1  56.64 ( 58.68)	Acc@5  80.47 ( 81.14)
2021-04-26 23:28:31 INFO     Epoch: [7][1000/2503]	Time  3.925 ( 1.475)	Data  3.703 ( 0.971)	Loss 1.6495e+00 (1.7629e+00)	Acc@1  56.84 ( 58.66)	Acc@5  81.25 ( 81.13)
2021-04-26 23:31:00 INFO     Epoch: [7][1100/2503]	Time  4.157 ( 1.477)	Data  3.934 ( 0.970)	Loss 1.7199e+00 (1.7636e+00)	Acc@1  58.20 ( 58.63)	Acc@5  82.23 ( 81.11)
2021-04-26 23:33:28 INFO     Epoch: [7][1200/2503]	Time  4.002 ( 1.477)	Data  3.781 ( 0.969)	Loss 1.7549e+00 (1.7654e+00)	Acc@1  58.20 ( 58.58)	Acc@5  80.86 ( 81.08)
2021-04-26 23:35:55 INFO     Epoch: [7][1300/2503]	Time  4.011 ( 1.476)	Data  3.785 ( 0.966)	Loss 1.8066e+00 (1.7653e+00)	Acc@1  57.81 ( 58.59)	Acc@5  78.91 ( 81.09)
2021-04-26 23:38:24 INFO     Epoch: [7][1400/2503]	Time  4.400 ( 1.477)	Data  4.178 ( 0.966)	Loss 1.6897e+00 (1.7635e+00)	Acc@1  60.94 ( 58.61)	Acc@5  80.66 ( 81.11)
2021-04-26 23:40:52 INFO     Epoch: [7][1500/2503]	Time  4.455 ( 1.477)	Data  4.223 ( 0.965)	Loss 1.7086e+00 (1.7648e+00)	Acc@1  60.74 ( 58.60)	Acc@5  81.25 ( 81.09)
2021-04-26 23:43:19 INFO     Epoch: [7][1600/2503]	Time  3.663 ( 1.477)	Data  3.442 ( 0.964)	Loss 1.7431e+00 (1.7640e+00)	Acc@1  58.79 ( 58.63)	Acc@5  80.27 ( 81.09)
2021-04-26 23:45:46 INFO     Epoch: [7][1700/2503]	Time  3.769 ( 1.476)	Data  3.545 ( 0.963)	Loss 1.7220e+00 (1.7639e+00)	Acc@1  61.33 ( 58.64)	Acc@5  81.45 ( 81.10)
2021-04-26 23:48:13 INFO     Epoch: [7][1800/2503]	Time  3.819 ( 1.476)	Data  3.599 ( 0.962)	Loss 1.7666e+00 (1.7642e+00)	Acc@1  57.81 ( 58.66)	Acc@5  81.84 ( 81.08)
2021-04-26 23:50:40 INFO     Epoch: [7][1900/2503]	Time  3.830 ( 1.475)	Data  3.610 ( 0.960)	Loss 1.6295e+00 (1.7634e+00)	Acc@1  62.50 ( 58.67)	Acc@5  80.86 ( 81.10)
2021-04-26 23:53:06 INFO     Epoch: [7][2000/2503]	Time  4.020 ( 1.475)	Data  3.800 ( 0.959)	Loss 1.8038e+00 (1.7635e+00)	Acc@1  57.81 ( 58.67)	Acc@5  80.08 ( 81.10)
2021-04-26 23:55:34 INFO     Epoch: [7][2100/2503]	Time  4.462 ( 1.475)	Data  4.241 ( 0.959)	Loss 1.7096e+00 (1.7630e+00)	Acc@1  58.59 ( 58.67)	Acc@5  81.84 ( 81.11)
2021-04-26 23:58:00 INFO     Epoch: [7][2200/2503]	Time  3.748 ( 1.475)	Data  3.526 ( 0.958)	Loss 1.5886e+00 (1.7628e+00)	Acc@1  60.55 ( 58.67)	Acc@5  83.01 ( 81.12)
2021-04-27 00:00:26 INFO     Epoch: [7][2300/2503]	Time  2.756 ( 1.474)	Data  2.536 ( 0.960)	Loss 1.8667e+00 (1.7623e+00)	Acc@1  58.20 ( 58.68)	Acc@5  80.86 ( 81.12)
2021-04-27 00:02:50 INFO     Epoch: [7][2400/2503]	Time  0.788 ( 1.472)	Data  0.565 ( 0.962)	Loss 1.7570e+00 (1.7626e+00)	Acc@1  57.42 ( 58.67)	Acc@5  81.05 ( 81.11)
2021-04-27 00:05:14 INFO     Epoch: [7][2500/2503]	Time  1.929 ( 1.471)	Data  1.709 ( 0.963)	Loss 1.7873e+00 (1.7624e+00)	Acc@1  59.18 ( 58.67)	Acc@5  81.45 ( 81.12)
2021-04-27 00:05:23 INFO     Test: [ 0/98]	Time  7.090 ( 7.090)	Loss 1.6261e+00 (1.6261e+00)	Acc@1  63.48 ( 63.48)	Acc@5  82.23 ( 82.23)
2021-04-27 00:07:58 INFO      * Acc@1 61.728 Acc@5 84.052
2021-04-27 00:08:10 INFO     Epoch: [8][   0/2503]	Time  5.685 ( 5.685)	Data  5.454 ( 5.454)	Loss 1.7882e+00 (1.7882e+00)	Acc@1  61.13 ( 61.13)	Acc@5  79.88 ( 79.88)
2021-04-27 00:10:48 INFO     Epoch: [8][ 100/2503]	Time  4.300 ( 1.617)	Data  4.052 ( 1.093)	Loss 1.7708e+00 (1.7466e+00)	Acc@1  59.77 ( 59.23)	Acc@5  79.88 ( 81.37)
2021-04-27 00:13:19 INFO     Epoch: [8][ 200/2503]	Time  3.601 ( 1.562)	Data  3.378 ( 1.055)	Loss 1.7349e+00 (1.7466e+00)	Acc@1  59.77 ( 59.05)	Acc@5  82.42 ( 81.30)
2021-04-27 00:15:42 INFO     Epoch: [8][ 300/2503]	Time  2.337 ( 1.520)	Data  2.113 ( 1.038)	Loss 1.8177e+00 (1.7468e+00)	Acc@1  55.47 ( 58.98)	Acc@5  80.08 ( 81.35)
2021-04-27 00:18:09 INFO     Epoch: [8][ 400/2503]	Time  4.189 ( 1.508)	Data  3.961 ( 1.031)	Loss 1.7470e+00 (1.7471e+00)	Acc@1  58.79 ( 59.00)	Acc@5  81.05 ( 81.33)
2021-04-27 00:20:37 INFO     Epoch: [8][ 500/2503]	Time  4.124 ( 1.502)	Data  3.904 ( 1.015)	Loss 1.8425e+00 (1.7484e+00)	Acc@1  56.05 ( 58.96)	Acc@5  79.49 ( 81.32)
2021-04-27 00:23:02 INFO     Epoch: [8][ 600/2503]	Time  3.986 ( 1.493)	Data  3.766 ( 1.011)	Loss 1.6241e+00 (1.7485e+00)	Acc@1  61.52 ( 58.93)	Acc@5  82.62 ( 81.30)
2021-04-27 00:25:28 INFO     Epoch: [8][ 700/2503]	Time  3.896 ( 1.489)	Data  3.675 ( 1.004)	Loss 1.7656e+00 (1.7485e+00)	Acc@1  59.38 ( 58.94)	Acc@5  81.45 ( 81.30)
2021-04-27 00:27:54 INFO     Epoch: [8][ 800/2503]	Time  3.229 ( 1.485)	Data  3.008 ( 0.998)	Loss 1.6999e+00 (1.7474e+00)	Acc@1  60.16 ( 58.95)	Acc@5  81.05 ( 81.31)
2021-04-27 00:30:18 INFO     Epoch: [8][ 900/2503]	Time  3.036 ( 1.480)	Data  2.812 ( 1.000)	Loss 1.7436e+00 (1.7485e+00)	Acc@1  58.20 ( 58.96)	Acc@5  80.27 ( 81.30)
2021-04-27 00:32:44 INFO     Epoch: [8][1000/2503]	Time  3.996 ( 1.478)	Data  3.776 ( 1.002)	Loss 1.8228e+00 (1.7490e+00)	Acc@1  58.40 ( 58.96)	Acc@5  79.69 ( 81.29)
2021-04-27 00:35:09 INFO     Epoch: [8][1100/2503]	Time  3.499 ( 1.475)	Data  3.275 ( 1.004)	Loss 1.6904e+00 (1.7490e+00)	Acc@1  56.84 ( 58.94)	Acc@5  81.84 ( 81.29)
2021-04-27 00:37:34 INFO     Epoch: [8][1200/2503]	Time  4.066 ( 1.474)	Data  3.846 ( 1.004)	Loss 1.6698e+00 (1.7483e+00)	Acc@1  59.96 ( 58.96)	Acc@5  81.84 ( 81.30)
2021-04-27 00:40:01 INFO     Epoch: [8][1300/2503]	Time  4.021 ( 1.473)	Data  3.800 ( 1.002)	Loss 1.7057e+00 (1.7490e+00)	Acc@1  61.13 ( 58.94)	Acc@5  82.23 ( 81.30)
2021-04-27 00:42:29 INFO     Epoch: [8][1400/2503]	Time  3.780 ( 1.473)	Data  3.560 ( 0.999)	Loss 1.7681e+00 (1.7485e+00)	Acc@1  56.05 ( 58.95)	Acc@5  81.45 ( 81.31)
2021-04-27 00:44:54 INFO     Epoch: [8][1500/2503]	Time  3.803 ( 1.472)	Data  3.583 ( 0.999)	Loss 1.8257e+00 (1.7496e+00)	Acc@1  57.62 ( 58.92)	Acc@5  78.71 ( 81.29)
2021-04-27 00:47:22 INFO     Epoch: [8][1600/2503]	Time  3.572 ( 1.472)	Data  3.352 ( 0.997)	Loss 1.8450e+00 (1.7489e+00)	Acc@1  56.64 ( 58.94)	Acc@5  79.30 ( 81.30)
2021-04-27 00:49:49 INFO     Epoch: [8][1700/2503]	Time  1.104 ( 1.473)	Data  0.884 ( 1.000)	Loss 1.8365e+00 (1.7494e+00)	Acc@1  57.81 ( 58.93)	Acc@5  79.69 ( 81.29)
2021-04-27 00:52:17 INFO     Epoch: [8][1800/2503]	Time  0.643 ( 1.472)	Data  0.000 ( 0.999)	Loss 1.9197e+00 (1.7491e+00)	Acc@1  54.69 ( 58.92)	Acc@5  81.05 ( 81.30)
2021-04-27 00:54:44 INFO     Epoch: [8][1900/2503]	Time  0.632 ( 1.473)	Data  0.000 ( 0.996)	Loss 1.6305e+00 (1.7497e+00)	Acc@1  59.38 ( 58.91)	Acc@5  83.40 ( 81.30)
2021-04-27 00:57:09 INFO     Epoch: [8][2000/2503]	Time  1.131 ( 1.472)	Data  0.911 ( 0.995)	Loss 1.9072e+00 (1.7496e+00)	Acc@1  57.03 ( 58.91)	Acc@5  81.25 ( 81.30)
2021-04-27 00:59:36 INFO     Epoch: [8][2100/2503]	Time  3.984 ( 1.471)	Data  3.764 ( 0.999)	Loss 1.6417e+00 (1.7497e+00)	Acc@1  58.40 ( 58.91)	Acc@5  81.25 ( 81.30)
2021-04-27 01:02:03 INFO     Epoch: [8][2200/2503]	Time  3.988 ( 1.471)	Data  3.767 ( 1.002)	Loss 1.7852e+00 (1.7495e+00)	Acc@1  59.38 ( 58.91)	Acc@5  80.66 ( 81.30)
2021-04-27 01:04:27 INFO     Epoch: [8][2300/2503]	Time  2.317 ( 1.470)	Data  2.096 ( 1.003)	Loss 1.7404e+00 (1.7501e+00)	Acc@1  60.16 ( 58.89)	Acc@5  81.05 ( 81.29)
2021-04-27 01:06:48 INFO     Epoch: [8][2400/2503]	Time  1.410 ( 1.468)	Data  1.189 ( 1.006)	Loss 1.7147e+00 (1.7497e+00)	Acc@1  61.33 ( 58.90)	Acc@5  82.81 ( 81.29)
2021-04-27 01:09:13 INFO     Epoch: [8][2500/2503]	Time  0.633 ( 1.467)	Data  0.000 ( 1.008)	Loss 1.7802e+00 (1.7499e+00)	Acc@1  59.57 ( 58.89)	Acc@5  82.62 ( 81.28)
2021-04-27 01:09:21 INFO     Test: [ 0/98]	Time  6.915 ( 6.915)	Loss 1.5663e+00 (1.5663e+00)	Acc@1  63.67 ( 63.67)	Acc@5  84.77 ( 84.77)
2021-04-27 01:11:57 INFO      * Acc@1 62.024 Acc@5 84.182
2021-04-27 01:12:16 INFO     Epoch: [9][   0/2503]	Time  6.269 ( 6.269)	Data  6.025 ( 6.025)	Loss 1.7812e+00 (1.7812e+00)	Acc@1  58.20 ( 58.20)	Acc@5  80.47 ( 80.47)
2021-04-27 01:14:41 INFO     Epoch: [9][ 100/2503]	Time  1.912 ( 1.499)	Data  1.691 ( 1.065)	Loss 1.7943e+00 (1.7386e+00)	Acc@1  57.03 ( 58.90)	Acc@5  82.23 ( 81.45)
2021-04-27 01:17:04 INFO     Epoch: [9][ 200/2503]	Time  0.935 ( 1.467)	Data  0.713 ( 1.077)	Loss 1.8132e+00 (1.7429e+00)	Acc@1  57.81 ( 58.91)	Acc@5  82.62 ( 81.46)
2021-04-27 01:19:32 INFO     Epoch: [9][ 300/2503]	Time  0.639 ( 1.472)	Data  0.001 ( 1.062)	Loss 1.5639e+00 (1.7447e+00)	Acc@1  64.06 ( 58.90)	Acc@5  84.96 ( 81.41)
2021-04-27 01:21:59 INFO     Epoch: [9][ 400/2503]	Time  0.639 ( 1.470)	Data  0.001 ( 1.040)	Loss 1.6931e+00 (1.7443e+00)	Acc@1  59.77 ( 58.95)	Acc@5  80.66 ( 81.41)
2021-04-27 01:24:24 INFO     Epoch: [9][ 500/2503]	Time  0.630 ( 1.466)	Data  0.384 ( 1.042)	Loss 1.7171e+00 (1.7438e+00)	Acc@1  59.18 ( 58.98)	Acc@5  82.03 ( 81.41)
2021-04-27 01:26:51 INFO     Epoch: [9][ 600/2503]	Time  2.821 ( 1.466)	Data  2.600 ( 1.053)	Loss 1.7963e+00 (1.7434e+00)	Acc@1  58.20 ( 58.99)	Acc@5  79.88 ( 81.40)
2021-04-27 01:29:17 INFO     Epoch: [9][ 700/2503]	Time  2.949 ( 1.466)	Data  2.728 ( 1.050)	Loss 1.7554e+00 (1.7422e+00)	Acc@1  58.79 ( 59.04)	Acc@5  81.84 ( 81.40)
2021-04-27 01:31:43 INFO     Epoch: [9][ 800/2503]	Time  0.634 ( 1.465)	Data  0.002 ( 1.042)	Loss 1.7173e+00 (1.7431e+00)	Acc@1  60.35 ( 59.06)	Acc@5  82.62 ( 81.39)
2021-04-27 01:34:12 INFO     Epoch: [9][ 900/2503]	Time  0.633 ( 1.468)	Data  0.006 ( 1.033)	Loss 1.5784e+00 (1.7429e+00)	Acc@1  61.72 ( 59.05)	Acc@5  82.62 ( 81.39)
2021-04-27 01:36:39 INFO     Epoch: [9][1000/2503]	Time  0.638 ( 1.468)	Data  0.000 ( 1.024)	Loss 1.8629e+00 (1.7443e+00)	Acc@1  54.69 ( 59.02)	Acc@5  82.42 ( 81.37)
2021-04-27 01:39:03 INFO     Epoch: [9][1100/2503]	Time  0.632 ( 1.465)	Data  0.039 ( 1.015)	Loss 1.7612e+00 (1.7457e+00)	Acc@1  60.55 ( 59.01)	Acc@5  78.12 ( 81.35)
2021-04-27 01:41:32 INFO     Epoch: [9][1200/2503]	Time  0.631 ( 1.467)	Data  0.000 ( 1.011)	Loss 1.6670e+00 (1.7461e+00)	Acc@1  58.79 ( 59.00)	Acc@5  83.40 ( 81.33)
2021-04-27 01:44:00 INFO     Epoch: [9][1300/2503]	Time  0.636 ( 1.468)	Data  0.092 ( 1.007)	Loss 1.8217e+00 (1.7451e+00)	Acc@1  56.84 ( 59.01)	Acc@5  80.08 ( 81.34)
2021-04-27 01:46:28 INFO     Epoch: [9][1400/2503]	Time  3.219 ( 1.469)	Data  2.998 ( 1.010)	Loss 1.5713e+00 (1.7447e+00)	Acc@1  63.48 ( 59.03)	Acc@5  83.20 ( 81.35)
2021-04-27 01:48:52 INFO     Epoch: [9][1500/2503]	Time  2.873 ( 1.468)	Data  2.652 ( 1.012)	Loss 1.7579e+00 (1.7437e+00)	Acc@1  60.74 ( 59.05)	Acc@5  80.86 ( 81.36)
2021-04-27 01:51:17 INFO     Epoch: [9][1600/2503]	Time  2.583 ( 1.466)	Data  2.362 ( 1.014)	Loss 1.8770e+00 (1.7440e+00)	Acc@1  55.27 ( 59.02)	Acc@5  79.10 ( 81.37)
2021-04-27 01:53:42 INFO     Epoch: [9][1700/2503]	Time  0.634 ( 1.465)	Data  0.000 ( 1.014)	Loss 1.8027e+00 (1.7445e+00)	Acc@1  58.79 ( 59.02)	Acc@5  81.45 ( 81.38)
2021-04-27 01:56:09 INFO     Epoch: [9][1800/2503]	Time  0.639 ( 1.466)	Data  0.070 ( 1.010)	Loss 1.8290e+00 (1.7440e+00)	Acc@1  58.01 ( 59.01)	Acc@5  79.69 ( 81.39)
2021-04-27 01:58:36 INFO     Epoch: [9][1900/2503]	Time  0.633 ( 1.466)	Data  0.000 ( 1.010)	Loss 1.5860e+00 (1.7443e+00)	Acc@1  62.11 ( 59.00)	Acc@5  83.79 ( 81.38)
2021-04-27 02:01:04 INFO     Epoch: [9][2000/2503]	Time  0.638 ( 1.467)	Data  0.005 ( 1.007)	Loss 1.8163e+00 (1.7447e+00)	Acc@1  57.81 ( 59.00)	Acc@5  78.32 ( 81.37)
2021-04-27 02:03:31 INFO     Epoch: [9][2100/2503]	Time  0.632 ( 1.467)	Data  0.000 ( 1.004)	Loss 1.6319e+00 (1.7445e+00)	Acc@1  60.35 ( 59.00)	Acc@5  82.81 ( 81.38)
2021-04-27 02:05:59 INFO     Epoch: [9][2200/2503]	Time  0.631 ( 1.467)	Data  0.000 ( 1.001)	Loss 1.8123e+00 (1.7445e+00)	Acc@1  56.64 ( 59.00)	Acc@5  79.49 ( 81.38)
2021-04-27 02:08:27 INFO     Epoch: [9][2300/2503]	Time  0.630 ( 1.468)	Data  0.037 ( 1.000)	Loss 1.4932e+00 (1.7439e+00)	Acc@1  65.04 ( 59.01)	Acc@5  84.96 ( 81.39)
2021-04-27 02:11:00 INFO     Epoch: [9][2400/2503]	Time  1.314 ( 1.470)	Data  1.094 ( 1.002)	Loss 1.8302e+00 (1.7447e+00)	Acc@1  56.25 ( 58.99)	Acc@5  79.88 ( 81.38)
2021-04-27 02:13:32 INFO     Epoch: [9][2500/2503]	Time  0.633 ( 1.472)	Data  0.000 ( 1.006)	Loss 1.6188e+00 (1.7449e+00)	Acc@1  62.70 ( 58.98)	Acc@5  81.84 ( 81.37)
2021-04-27 02:13:41 INFO     Test: [ 0/98]	Time  6.999 ( 6.999)	Loss 1.6298e+00 (1.6298e+00)	Acc@1  61.13 ( 61.13)	Acc@5  84.57 ( 84.57)
2021-04-27 02:16:24 INFO      * Acc@1 62.090 Acc@5 84.206
