2021-04-24 02:35:07 INFO     All arguments used for this run
    Namespace(arch='vgg11', batch_size=256, data='/home/dataset/ILSVRC/Data/CLS-LOC', dist_backend='nccl', dist_url='tcp://224.66.41.62:23456', epochs=90, evaluate=True, gpu=None, img=256, jitter_val=[], keep_logs=True, lr=0.1, momentum=0.9, multiprocessing_distributed=False, normalize=False, pretrained=True, print_freq=10, rank=-1, resume='', seed=None, start_epoch=0, weight_decay=0.0001, workers=4, world_size=-1)
    
2021-04-24 02:35:08 INFO     => using pre-trained model 'vgg11'
2021-04-24 02:35:29 INFO     Test: [  0/196]	Time 10.101 (10.101)	Loss 2.9418e+00 (2.9418e+00)	Acc@1  36.72 ( 36.72)	Acc@5  63.67 ( 63.67)
2021-04-24 02:35:34 INFO     Test: [ 10/196]	Time  1.043 ( 1.411)	Loss 2.9141e+00 (2.8963e+00)	Acc@1  35.55 ( 35.44)	Acc@5  63.28 ( 63.21)
2021-04-24 02:35:44 INFO     Test: [ 20/196]	Time  0.395 ( 1.209)	Loss 2.9641e+00 (2.9161e+00)	Acc@1  35.94 ( 35.70)	Acc@5  63.28 ( 62.97)
2021-04-24 02:35:56 INFO     Test: [ 30/196]	Time  0.711 ( 1.202)	Loss 2.6385e+00 (2.9109e+00)	Acc@1  40.23 ( 35.80)	Acc@5  66.80 ( 62.70)
2021-04-24 02:36:06 INFO     Test: [ 40/196]	Time  0.398 ( 1.147)	Loss 2.9541e+00 (2.9109e+00)	Acc@1  37.89 ( 36.02)	Acc@5  64.84 ( 62.80)
2021-04-24 02:36:18 INFO     Test: [ 50/196]	Time  0.794 ( 1.153)	Loss 2.8608e+00 (2.9036e+00)	Acc@1  39.45 ( 36.21)	Acc@5  64.84 ( 62.93)
2021-04-24 02:36:27 INFO     Test: [ 60/196]	Time  0.402 ( 1.119)	Loss 2.7207e+00 (2.8865e+00)	Acc@1  39.45 ( 36.43)	Acc@5  66.02 ( 63.29)
2021-04-24 02:36:40 INFO     Test: [ 70/196]	Time  1.853 ( 1.139)	Loss 3.0551e+00 (2.8963e+00)	Acc@1  39.06 ( 36.34)	Acc@5  64.06 ( 63.24)
2021-04-24 02:36:49 INFO     Test: [ 80/196]	Time  0.395 ( 1.113)	Loss 2.7743e+00 (2.8974e+00)	Acc@1  41.02 ( 36.37)	Acc@5  67.19 ( 63.33)
2021-04-24 02:37:01 INFO     Test: [ 90/196]	Time  2.688 ( 1.129)	Loss 2.9437e+00 (2.9007e+00)	Acc@1  38.28 ( 36.38)	Acc@5  63.28 ( 63.36)
2021-04-24 02:37:11 INFO     Test: [100/196]	Time  0.398 ( 1.113)	Loss 2.7154e+00 (2.8949e+00)	Acc@1  34.77 ( 36.34)	Acc@5  63.67 ( 63.46)
2021-04-24 02:37:23 INFO     Test: [110/196]	Time  2.522 ( 1.120)	Loss 3.0474e+00 (2.8989e+00)	Acc@1  31.25 ( 36.31)	Acc@5  61.72 ( 63.38)
2021-04-24 02:37:33 INFO     Test: [120/196]	Time  0.414 ( 1.106)	Loss 2.9547e+00 (2.8958e+00)	Acc@1  34.77 ( 36.29)	Acc@5  59.77 ( 63.32)
2021-04-24 02:37:45 INFO     Test: [130/196]	Time  2.900 ( 1.116)	Loss 2.7714e+00 (2.9002e+00)	Acc@1  37.11 ( 36.27)	Acc@5  67.97 ( 63.25)
2021-04-24 02:37:54 INFO     Test: [140/196]	Time  0.405 ( 1.103)	Loss 3.0163e+00 (2.9036e+00)	Acc@1  33.98 ( 36.21)	Acc@5  60.16 ( 63.19)
2021-04-24 02:38:06 INFO     Test: [150/196]	Time  2.207 ( 1.108)	Loss 2.9812e+00 (2.9070e+00)	Acc@1  32.81 ( 36.20)	Acc@5  62.89 ( 63.16)
2021-04-24 02:38:16 INFO     Test: [160/196]	Time  0.406 ( 1.098)	Loss 2.8740e+00 (2.9101e+00)	Acc@1  39.84 ( 36.14)	Acc@5  61.33 ( 63.08)
2021-04-24 02:38:28 INFO     Test: [170/196]	Time  1.639 ( 1.105)	Loss 2.9421e+00 (2.9114e+00)	Acc@1  38.67 ( 36.14)	Acc@5  65.23 ( 63.05)
2021-04-24 02:38:37 INFO     Test: [180/196]	Time  0.399 ( 1.095)	Loss 2.9279e+00 (2.9102e+00)	Acc@1  35.16 ( 36.20)	Acc@5  63.67 ( 63.08)
2021-04-24 02:38:49 INFO     Test: [190/196]	Time  0.932 ( 1.101)	Loss 2.9090e+00 (2.9083e+00)	Acc@1  33.98 ( 36.23)	Acc@5  62.50 ( 63.08)
2021-04-24 02:38:54 INFO      * Acc@1 36.164 Acc@5 63.070
