2021-04-25 16:25:34 INFO     All arguments used for this run
    Namespace(arch='vgg13', batch_size=256, data='/content/CLS-LOC', dist_backend='nccl', dist_url='tcp://224.66.41.62:23456', epochs=90, evaluate=True, gpu=None, img=256, jitter_val=[], keep_logs=True, lr=0.1, momentum=0.9, multiprocessing_distributed=False, normalize=False, pretrained=True, print_freq=10, rank=-1, resume='', seed=None, start_epoch=0, weight_decay=0.0001, workers=2, world_size=-1)
    
2021-04-25 16:25:34 INFO     => using pre-trained model 'vgg13'
2021-04-25 16:25:54 INFO     Test: [  0/196]	Time 15.296 (15.296)	Loss 2.2971e+00 (2.2971e+00)	Acc@1  48.83 ( 48.83)	Acc@5  71.88 ( 71.88)
2021-04-25 16:26:13 INFO     Test: [ 10/196]	Time  1.197 ( 3.102)	Loss 2.7846e+00 (2.6555e+00)	Acc@1  33.98 ( 41.05)	Acc@5  66.80 ( 67.68)
2021-04-25 16:26:40 INFO     Test: [ 20/196]	Time  1.211 ( 2.925)	Loss 2.6132e+00 (2.6014e+00)	Acc@1  42.58 ( 41.57)	Acc@5  67.58 ( 68.56)
2021-04-25 16:27:06 INFO     Test: [ 30/196]	Time  1.223 ( 2.807)	Loss 2.6983e+00 (2.6063e+00)	Acc@1  44.53 ( 41.26)	Acc@5  66.41 ( 68.30)
2021-04-25 16:27:33 INFO     Test: [ 40/196]	Time  1.245 ( 2.793)	Loss 2.5708e+00 (2.6164e+00)	Acc@1  43.75 ( 41.29)	Acc@5  69.14 ( 68.17)
2021-04-25 16:28:02 INFO     Test: [ 50/196]	Time  1.270 ( 2.805)	Loss 2.5970e+00 (2.6154e+00)	Acc@1  45.70 ( 41.39)	Acc@5  68.36 ( 68.27)
2021-04-25 16:28:29 INFO     Test: [ 60/196]	Time  1.321 ( 2.796)	Loss 2.6249e+00 (2.6092e+00)	Acc@1  41.02 ( 41.37)	Acc@5  69.53 ( 68.31)
2021-04-25 16:28:54 INFO     Test: [ 70/196]	Time  1.315 ( 2.751)	Loss 2.5801e+00 (2.6127e+00)	Acc@1  41.02 ( 41.20)	Acc@5  71.88 ( 68.21)
2021-04-25 16:29:19 INFO     Test: [ 80/196]	Time  1.344 ( 2.719)	Loss 2.4868e+00 (2.6078e+00)	Acc@1  42.19 ( 41.30)	Acc@5  66.80 ( 68.18)
2021-04-25 16:29:43 INFO     Test: [ 90/196]	Time  1.360 ( 2.689)	Loss 2.5225e+00 (2.6085e+00)	Acc@1  42.19 ( 41.41)	Acc@5  67.97 ( 68.19)
2021-04-25 16:30:08 INFO     Test: [100/196]	Time  1.316 ( 2.664)	Loss 2.7081e+00 (2.6156e+00)	Acc@1  41.41 ( 41.39)	Acc@5  63.67 ( 68.03)
2021-04-25 16:30:32 INFO     Test: [110/196]	Time  1.332 ( 2.641)	Loss 2.6321e+00 (2.6173e+00)	Acc@1  42.19 ( 41.48)	Acc@5  67.58 ( 68.01)
2021-04-25 16:30:55 INFO     Test: [120/196]	Time  1.331 ( 2.619)	Loss 2.4132e+00 (2.6180e+00)	Acc@1  41.41 ( 41.49)	Acc@5  73.44 ( 68.07)
2021-04-25 16:31:19 INFO     Test: [130/196]	Time  1.314 ( 2.601)	Loss 2.6204e+00 (2.6230e+00)	Acc@1  43.75 ( 41.37)	Acc@5  68.36 ( 67.99)
2021-04-25 16:31:43 INFO     Test: [140/196]	Time  1.319 ( 2.583)	Loss 2.5076e+00 (2.6203e+00)	Acc@1  42.58 ( 41.40)	Acc@5  67.58 ( 68.00)
2021-04-25 16:32:06 INFO     Test: [150/196]	Time  1.326 ( 2.567)	Loss 2.6223e+00 (2.6253e+00)	Acc@1  40.62 ( 41.33)	Acc@5  70.31 ( 67.94)
2021-04-25 16:32:31 INFO     Test: [160/196]	Time  1.322 ( 2.563)	Loss 2.4454e+00 (2.6199e+00)	Acc@1  42.58 ( 41.38)	Acc@5  71.09 ( 68.06)
2021-04-25 16:32:55 INFO     Test: [170/196]	Time  1.323 ( 2.555)	Loss 2.3131e+00 (2.6202e+00)	Acc@1  47.27 ( 41.44)	Acc@5  74.22 ( 68.06)
2021-04-25 16:33:19 INFO     Test: [180/196]	Time  1.319 ( 2.543)	Loss 2.5446e+00 (2.6193e+00)	Acc@1  40.62 ( 41.46)	Acc@5  67.97 ( 68.06)
2021-04-25 16:33:43 INFO     Test: [190/196]	Time  1.974 ( 2.538)	Loss 2.6942e+00 (2.6190e+00)	Acc@1  42.58 ( 41.51)	Acc@5  67.97 ( 68.04)
2021-04-25 16:33:58 INFO      * Acc@1 41.450 Acc@5 68.024
