2021-04-24 02:43:27 INFO     All arguments used for this run
    Namespace(arch='vgg19', batch_size=256, data='/home/dataset/ILSVRC/Data/CLS-LOC', dist_backend='nccl', dist_url='tcp://224.66.41.62:23456', epochs=90, evaluate=True, gpu=None, img=256, jitter_val=[], keep_logs=True, lr=0.1, momentum=0.9, multiprocessing_distributed=False, normalize=False, pretrained=True, print_freq=10, rank=-1, resume='', seed=None, start_epoch=0, weight_decay=0.0001, workers=4, world_size=-1)
    
2021-04-24 02:43:28 INFO     => using pre-trained model 'vgg19'
2021-04-24 02:44:01 INFO     Test: [  0/196]	Time 21.938 (21.938)	Loss 2.2729e+00 (2.2729e+00)	Acc@1  44.14 ( 44.14)	Acc@5  74.22 ( 74.22)
2021-04-24 02:44:10 INFO     Test: [ 10/196]	Time  0.894 ( 2.817)	Loss 2.3230e+00 (2.3097e+00)	Acc@1  49.61 ( 47.62)	Acc@5  72.27 ( 73.08)
2021-04-24 02:44:20 INFO     Test: [ 20/196]	Time  0.985 ( 1.926)	Loss 2.3018e+00 (2.3222e+00)	Acc@1  49.22 ( 47.69)	Acc@5  74.22 ( 73.23)
2021-04-24 02:44:32 INFO     Test: [ 30/196]	Time  1.312 ( 1.686)	Loss 2.1977e+00 (2.3333e+00)	Acc@1  49.61 ( 47.27)	Acc@5  73.83 ( 73.07)
2021-04-24 02:44:44 INFO     Test: [ 40/196]	Time  1.017 ( 1.567)	Loss 2.2551e+00 (2.3188e+00)	Acc@1  49.61 ( 47.90)	Acc@5  76.95 ( 73.36)
2021-04-24 02:44:55 INFO     Test: [ 50/196]	Time  0.968 ( 1.489)	Loss 2.1871e+00 (2.3120e+00)	Acc@1  48.44 ( 47.95)	Acc@5  77.73 ( 73.53)
2021-04-24 02:45:07 INFO     Test: [ 60/196]	Time  0.955 ( 1.445)	Loss 2.2985e+00 (2.3023e+00)	Acc@1  46.88 ( 48.17)	Acc@5  75.00 ( 73.73)
2021-04-24 02:45:19 INFO     Test: [ 70/196]	Time  1.282 ( 1.407)	Loss 2.2456e+00 (2.3021e+00)	Acc@1  49.61 ( 48.07)	Acc@5  74.61 ( 73.71)
2021-04-24 02:45:32 INFO     Test: [ 80/196]	Time  0.900 ( 1.390)	Loss 2.3275e+00 (2.3000e+00)	Acc@1  44.14 ( 47.92)	Acc@5  72.66 ( 73.72)
2021-04-24 02:45:43 INFO     Test: [ 90/196]	Time  1.049 ( 1.359)	Loss 2.4357e+00 (2.3040e+00)	Acc@1  46.48 ( 47.87)	Acc@5  71.88 ( 73.64)
2021-04-24 02:45:55 INFO     Test: [100/196]	Time  1.108 ( 1.348)	Loss 2.5088e+00 (2.2996e+00)	Acc@1  44.14 ( 48.02)	Acc@5  73.44 ( 73.79)
2021-04-24 02:46:07 INFO     Test: [110/196]	Time  1.317 ( 1.331)	Loss 2.2119e+00 (2.2945e+00)	Acc@1  51.17 ( 48.10)	Acc@5  73.83 ( 73.81)
2021-04-24 02:46:20 INFO     Test: [120/196]	Time  0.979 ( 1.328)	Loss 2.3378e+00 (2.2947e+00)	Acc@1  48.44 ( 48.03)	Acc@5  72.66 ( 73.78)
2021-04-24 02:46:32 INFO     Test: [130/196]	Time  1.179 ( 1.317)	Loss 2.1008e+00 (2.2923e+00)	Acc@1  51.95 ( 48.05)	Acc@5  76.95 ( 73.81)
2021-04-24 02:46:44 INFO     Test: [140/196]	Time  0.962 ( 1.313)	Loss 2.2726e+00 (2.2882e+00)	Acc@1  50.00 ( 48.06)	Acc@5  74.22 ( 73.86)
2021-04-24 02:46:56 INFO     Test: [150/196]	Time  1.000 ( 1.303)	Loss 2.3817e+00 (2.2854e+00)	Acc@1  46.88 ( 47.98)	Acc@5  72.66 ( 73.92)
2021-04-24 02:47:09 INFO     Test: [160/196]	Time  0.972 ( 1.302)	Loss 2.1909e+00 (2.2820e+00)	Acc@1  47.27 ( 48.05)	Acc@5  73.44 ( 73.93)
2021-04-24 02:47:20 INFO     Test: [170/196]	Time  0.961 ( 1.293)	Loss 2.2931e+00 (2.2833e+00)	Acc@1  47.27 ( 47.99)	Acc@5  71.48 ( 73.93)
2021-04-24 02:47:33 INFO     Test: [180/196]	Time  0.972 ( 1.292)	Loss 2.3567e+00 (2.2825e+00)	Acc@1  45.31 ( 47.98)	Acc@5  71.88 ( 73.91)
2021-04-24 02:47:45 INFO     Test: [190/196]	Time  0.995 ( 1.287)	Loss 2.3874e+00 (2.2796e+00)	Acc@1  46.09 ( 47.99)	Acc@5  69.14 ( 73.93)
2021-04-24 02:47:52 INFO      * Acc@1 47.958 Acc@5 73.868
