2021-04-24 02:38:56 INFO     All arguments used for this run
    Namespace(arch='vgg16', batch_size=256, data='/home/dataset/ILSVRC/Data/CLS-LOC', dist_backend='nccl', dist_url='tcp://224.66.41.62:23456', epochs=90, evaluate=True, gpu=None, img=256, jitter_val=[], keep_logs=True, lr=0.1, momentum=0.9, multiprocessing_distributed=False, normalize=False, pretrained=True, print_freq=10, rank=-1, resume='', seed=None, start_epoch=0, weight_decay=0.0001, workers=4, world_size=-1)
    
2021-04-24 02:38:57 INFO     => using pre-trained model 'vgg16'
2021-04-24 02:39:37 INFO     Test: [  0/196]	Time 21.230 (21.230)	Loss 2.2346e+00 (2.2346e+00)	Acc@1  45.31 ( 45.31)	Acc@5  75.00 ( 75.00)
2021-04-24 02:39:45 INFO     Test: [ 10/196]	Time  0.794 ( 2.633)	Loss 2.3437e+00 (2.3742e+00)	Acc@1  49.22 ( 46.63)	Acc@5  71.88 ( 71.84)
2021-04-24 02:39:55 INFO     Test: [ 20/196]	Time  0.828 ( 1.869)	Loss 2.2896e+00 (2.3267e+00)	Acc@1  40.62 ( 46.37)	Acc@5  74.22 ( 73.59)
2021-04-24 02:40:07 INFO     Test: [ 30/196]	Time  2.175 ( 1.656)	Loss 2.2912e+00 (2.3306e+00)	Acc@1  45.31 ( 46.35)	Acc@5  76.56 ( 73.44)
2021-04-24 02:40:18 INFO     Test: [ 40/196]	Time  0.865 ( 1.523)	Loss 2.5952e+00 (2.3336e+00)	Acc@1  43.75 ( 46.32)	Acc@5  68.75 ( 73.54)
2021-04-24 02:40:30 INFO     Test: [ 50/196]	Time  1.398 ( 1.451)	Loss 2.2699e+00 (2.3515e+00)	Acc@1  43.36 ( 45.96)	Acc@5  75.78 ( 73.17)
2021-04-24 02:40:41 INFO     Test: [ 60/196]	Time  0.834 ( 1.398)	Loss 2.4769e+00 (2.3597e+00)	Acc@1  43.36 ( 45.86)	Acc@5  69.92 ( 72.94)
2021-04-24 02:40:53 INFO     Test: [ 70/196]	Time  0.841 ( 1.367)	Loss 2.1722e+00 (2.3544e+00)	Acc@1  47.27 ( 46.07)	Acc@5  78.12 ( 73.07)
2021-04-24 02:41:05 INFO     Test: [ 80/196]	Time  0.767 ( 1.346)	Loss 2.3857e+00 (2.3469e+00)	Acc@1  45.31 ( 46.21)	Acc@5  69.53 ( 73.19)
2021-04-24 02:41:16 INFO     Test: [ 90/196]	Time  1.046 ( 1.321)	Loss 2.1307e+00 (2.3384e+00)	Acc@1  53.12 ( 46.38)	Acc@5  75.39 ( 73.26)
2021-04-24 02:41:28 INFO     Test: [100/196]	Time  0.805 ( 1.313)	Loss 2.3055e+00 (2.3419e+00)	Acc@1  46.88 ( 46.36)	Acc@5  72.66 ( 73.06)
2021-04-24 02:41:40 INFO     Test: [110/196]	Time  1.659 ( 1.301)	Loss 2.5526e+00 (2.3500e+00)	Acc@1  40.23 ( 46.26)	Acc@5  68.36 ( 72.90)
2021-04-24 02:41:52 INFO     Test: [120/196]	Time  0.829 ( 1.293)	Loss 2.2893e+00 (2.3504e+00)	Acc@1  44.14 ( 46.23)	Acc@5  73.44 ( 72.87)
2021-04-24 02:42:04 INFO     Test: [130/196]	Time  1.852 ( 1.287)	Loss 2.2936e+00 (2.3462e+00)	Acc@1  46.09 ( 46.35)	Acc@5  73.83 ( 72.94)
2021-04-24 02:42:16 INFO     Test: [140/196]	Time  0.760 ( 1.281)	Loss 2.4869e+00 (2.3496e+00)	Acc@1  46.09 ( 46.32)	Acc@5  68.75 ( 72.84)
2021-04-24 02:42:28 INFO     Test: [150/196]	Time  1.078 ( 1.274)	Loss 2.4697e+00 (2.3543e+00)	Acc@1  44.14 ( 46.31)	Acc@5  71.88 ( 72.76)
2021-04-24 02:42:41 INFO     Test: [160/196]	Time  0.760 ( 1.274)	Loss 2.5060e+00 (2.3553e+00)	Acc@1  42.97 ( 46.33)	Acc@5  68.36 ( 72.69)
2021-04-24 02:42:52 INFO     Test: [170/196]	Time  1.279 ( 1.269)	Loss 2.3878e+00 (2.3564e+00)	Acc@1  44.92 ( 46.35)	Acc@5  71.88 ( 72.66)
2021-04-24 02:43:05 INFO     Test: [180/196]	Time  0.799 ( 1.269)	Loss 2.2870e+00 (2.3563e+00)	Acc@1  48.44 ( 46.37)	Acc@5  73.83 ( 72.67)
2021-04-24 02:43:17 INFO     Test: [190/196]	Time  1.120 ( 1.262)	Loss 2.4642e+00 (2.3562e+00)	Acc@1  47.66 ( 46.36)	Acc@5  71.09 ( 72.66)
2021-04-24 02:43:24 INFO      * Acc@1 46.326 Acc@5 72.646
